

================================================================
== Vivado HLS Report for 'store_output_2'
================================================================
* Date:           Wed Aug 14 21:11:32 2024

* Version:        2019.2 (Build 2704478 on Wed Nov 06 22:10:23 MST 2019)
* Project:        yolov4
* Solution:       solution1
* Product family: zynq
* Target device:  xc7z020-clg484-1


================================================================
== Performance Estimates
================================================================
+ Timing: 
    * Summary: 
    +--------+---------+----------+------------+
    |  Clock |  Target | Estimated| Uncertainty|
    +--------+---------+----------+------------+
    |ap_clk  | 5.50 ns | 5.039 ns |   0.69 ns  |
    +--------+---------+----------+------------+

+ Latency: 
    * Summary: 
    +---------+---------+----------+----------+-----+-----+---------+
    |  Latency (cycles) |  Latency (absolute) |  Interval | Pipeline|
    |   min   |   max   |    min   |    max   | min | max |   Type  |
    +---------+---------+----------+----------+-----+-----+---------+
    |      701|      701| 3.856 us | 3.856 us |  701|  701|   none  |
    +---------+---------+----------+----------+-----+-----+---------+

    + Detail: 
        * Instance: 
        N/A

        * Loop: 
        +----------+---------+---------+----------+-----------+-----------+------+----------+
        |          |  Latency (cycles) | Iteration|  Initiation Interval  | Trip |          |
        | Loop Name|   min   |   max   |  Latency |  achieved |   target  | Count| Pipelined|
        +----------+---------+---------+----------+-----------+-----------+------+----------+
        |- Loop 1  |      695|      695|        21|          1|          1|   676|    yes   |
        +----------+---------+---------+----------+-----------+-----------+------+----------+

============================================================
+ Verbose Summary: Synthesis Manager
============================================================
InlineROM: 1
ExposeGlobal: 0
============================================================
+ Verbose Summary: CDFG Model
============================================================
IsTopModel: 0
ResetActiveHigh: 1
IsCombinational: 0
IsDatapathOnly: 0
HasWiredReturn: 1
HasMFsm: 0
HasVarLatency: 1
IsPipeline: 0
IsRtlPipelined: 0
IsInstanceOverlapped: 0
IsDontTouch: 0
HasImplIP: 0
IsGatedGlobalClock: 0

+ Individual pipeline summary: 
  * Pipeline-0: initiation interval (II) = 1, depth = 21


============================================================
+ Verbose Summary: Schedule
============================================================
* Number of FSM states : 27
* Pipeline : 1
  Pipeline-0 : II = 1, D = 21, States = { 6 7 8 9 10 11 12 13 14 15 16 17 18 19 20 21 22 23 24 25 26 }
* Dataflow Pipeline: 0

* FSM state transitions: 
1 --> 2 
2 --> 3 
3 --> 4 
4 --> 5 
5 --> 6 
6 --> 7 
7 --> 8 
8 --> 9 
9 --> 27 10 
10 --> 11 
11 --> 12 
12 --> 13 
13 --> 14 
14 --> 15 
15 --> 16 
16 --> 17 
17 --> 18 
18 --> 19 
19 --> 20 
20 --> 21 
21 --> 22 
22 --> 23 
23 --> 24 
24 --> 25 
25 --> 26 
26 --> 6 
27 --> 

* FSM state operations: 

State 1 <SV = 0> <Delay = 3.89>
ST_1 : Operation 28 [1/1] (0.00ns)   --->   "%fsize_read = call i16 @_ssdm_op_Read.ap_auto.i16(i16 %fsize)"   --->   Operation 28 'read' 'fsize_read' <Predicate = true> <Delay = 0.00>
ST_1 : Operation 29 [1/1] (0.00ns)   --->   "%r_read = call i16 @_ssdm_op_Read.ap_auto.i16(i16 %r)"   --->   Operation 29 'read' 'r_read' <Predicate = true> <Delay = 0.00>
ST_1 : Operation 30 [1/1] (0.00ns)   --->   "%zext_ln34 = zext i16 %r_read to i31" [src/maxpool.cpp:34]   --->   Operation 30 'zext' 'zext_ln34' <Predicate = true> <Delay = 0.00>
ST_1 : Operation 31 [1/1] (0.00ns)   --->   "%zext_ln34_1 = zext i16 %fsize_read to i31" [src/maxpool.cpp:34]   --->   Operation 31 'zext' 'zext_ln34_1' <Predicate = true> <Delay = 0.00>
ST_1 : Operation 32 [3/3] (3.89ns) (root node of the DSP)   --->   "%mul_ln34 = mul i31 %zext_ln34_1, %zext_ln34" [src/maxpool.cpp:34]   --->   Operation 32 'mul' 'mul_ln34' <Predicate = true> <Delay = 3.89> <Core = "DSP48">   --->   Core 88 'DSP48' <Latency = 2> <II = 1> <Delay = 3.88> <IPBlock> <Opcode : 'mul' 'add' 'sub' 'select'> <InPorts = 0> <OutPorts = 1> <Sync> <CReg>

State 2 <SV = 1> <Delay = 3.89>
ST_2 : Operation 33 [2/3] (3.89ns) (root node of the DSP)   --->   "%mul_ln34 = mul i31 %zext_ln34_1, %zext_ln34" [src/maxpool.cpp:34]   --->   Operation 33 'mul' 'mul_ln34' <Predicate = true> <Delay = 3.89> <Core = "DSP48">   --->   Core 88 'DSP48' <Latency = 2> <II = 1> <Delay = 3.88> <IPBlock> <Opcode : 'mul' 'add' 'sub' 'select'> <InPorts = 0> <OutPorts = 1> <Sync> <CReg>

State 3 <SV = 2> <Delay = 1.05>
ST_3 : Operation 34 [1/1] (0.00ns)   --->   "%size_read = call i14 @_ssdm_op_Read.ap_auto.i14(i14 %size)"   --->   Operation 34 'read' 'size_read' <Predicate = true> <Delay = 0.00>
ST_3 : Operation 35 [1/1] (0.00ns)   --->   "%n_read = call i16 @_ssdm_op_Read.ap_auto.i16(i16 %n)"   --->   Operation 35 'read' 'n_read' <Predicate = true> <Delay = 0.00>
ST_3 : Operation 36 [1/1] (0.00ns)   --->   "%zext_ln33 = zext i16 %n_read to i30" [src/maxpool.cpp:33]   --->   Operation 36 'zext' 'zext_ln33' <Predicate = true> <Delay = 0.00>
ST_3 : Operation 37 [1/1] (0.00ns)   --->   "%zext_ln33_2 = zext i14 %size_read to i30" [src/maxpool.cpp:33]   --->   Operation 37 'zext' 'zext_ln33_2' <Predicate = true> <Delay = 0.00>
ST_3 : Operation 38 [3/3] (1.05ns) (grouped into DSP with root node base_addr)   --->   "%n_base = mul i30 %zext_ln33_2, %zext_ln33" [src/maxpool.cpp:33]   --->   Operation 38 'mul' 'n_base' <Predicate = true> <Delay = 1.05> <Core = "DSP48">   --->   Core 88 'DSP48' <Latency = 2> <II = 1> <Delay = 3.88> <IPBlock> <Opcode : 'mul' 'add' 'sub' 'select'> <InPorts = 0> <OutPorts = 1> <Sync> <CReg>
ST_3 : Operation 39 [1/3] (0.00ns) (root node of the DSP)   --->   "%mul_ln34 = mul i31 %zext_ln34_1, %zext_ln34" [src/maxpool.cpp:34]   --->   Operation 39 'mul' 'mul_ln34' <Predicate = true> <Delay = 0.00> <Core = "DSP48">   --->   Core 88 'DSP48' <Latency = 2> <II = 1> <Delay = 3.88> <IPBlock> <Opcode : 'mul' 'add' 'sub' 'select'> <InPorts = 0> <OutPorts = 1> <Sync> <CReg>
ST_3 : Operation 40 [1/1] (0.00ns)   --->   "%lshr_ln = call i30 @_ssdm_op_PartSelect.i30.i31.i32.i32(i31 %mul_ln34, i32 1, i32 30)" [src/maxpool.cpp:34]   --->   Operation 40 'partselect' 'lshr_ln' <Predicate = true> <Delay = 0.00>

State 4 <SV = 3> <Delay = 2.49>
ST_4 : Operation 41 [1/1] (0.00ns)   --->   "%c_read = call i16 @_ssdm_op_Read.ap_auto.i16(i16 %c)"   --->   Operation 41 'read' 'c_read' <Predicate = true> <Delay = 0.00>
ST_4 : Operation 42 [2/3] (1.05ns) (grouped into DSP with root node base_addr)   --->   "%n_base = mul i30 %zext_ln33_2, %zext_ln33" [src/maxpool.cpp:33]   --->   Operation 42 'mul' 'n_base' <Predicate = true> <Delay = 1.05> <Core = "DSP48">   --->   Core 88 'DSP48' <Latency = 2> <II = 1> <Delay = 3.88> <IPBlock> <Opcode : 'mul' 'add' 'sub' 'select'> <InPorts = 0> <OutPorts = 1> <Sync> <CReg>
ST_4 : Operation 43 [1/1] (0.00ns)   --->   "%zext_ln34_3 = zext i30 %lshr_ln to i31" [src/maxpool.cpp:34]   --->   Operation 43 'zext' 'zext_ln34_3' <Predicate = true> <Delay = 0.00>
ST_4 : Operation 44 [1/1] (0.00ns)   --->   "%zext_ln35 = zext i16 %c_read to i31" [src/maxpool.cpp:35]   --->   Operation 44 'zext' 'zext_ln35' <Predicate = true> <Delay = 0.00>
ST_4 : Operation 45 [1/1] (2.49ns)   --->   "%add_ln35 = add i31 %zext_ln34_3, %zext_ln35" [src/maxpool.cpp:35]   --->   Operation 45 'add' 'add_ln35' <Predicate = true> <Delay = 2.49> <Core = "AddSub">   --->   Core 14 'AddSub' <Latency = 0> <II = 1> <Delay = 2.49> <FuncUnit> <Opcode : 'add' 'sub'> <InPorts = 2> <OutPorts = 1>

State 5 <SV = 4> <Delay = 3.02>
ST_5 : Operation 46 [1/1] (0.00ns)   --->   "%out_V_offset_read = call i31 @_ssdm_op_Read.ap_auto.i31(i31 %out_V_offset)"   --->   Operation 46 'read' 'out_V_offset_read' <Predicate = true> <Delay = 0.00>
ST_5 : Operation 47 [1/1] (0.00ns)   --->   "call void (...)* @_ssdm_op_SpecInterface(i16* %out_V, [6 x i8]* @p_str334, i32 0, i32 0, [1 x i8]* @p_str132, i32 0, i32 0, [4 x i8]* @p_str435, [6 x i8]* @p_str536, [1 x i8]* @p_str132, i32 16, i32 16, i32 256, i32 256, [1 x i8]* @p_str132, [1 x i8]* @p_str132)"   --->   Operation 47 'specinterface' <Predicate = true> <Delay = 0.00>
ST_5 : Operation 48 [1/1] (0.00ns)   --->   "%zext_ln33_1 = zext i14 %size_read to i17" [src/maxpool.cpp:33]   --->   Operation 48 'zext' 'zext_ln33_1' <Predicate = true> <Delay = 0.00>
ST_5 : Operation 49 [1/3] (0.00ns) (grouped into DSP with root node base_addr)   --->   "%n_base = mul i30 %zext_ln33_2, %zext_ln33" [src/maxpool.cpp:33]   --->   Operation 49 'mul' 'n_base' <Predicate = true> <Delay = 0.00> <Core = "DSP48">   --->   Core 88 'DSP48' <Latency = 2> <II = 1> <Delay = 3.88> <IPBlock> <Opcode : 'mul' 'add' 'sub' 'select'> <InPorts = 0> <OutPorts = 1> <Sync> <CReg>
ST_5 : Operation 50 [1/1] (0.00ns) (grouped into DSP with root node base_addr)   --->   "%zext_ln33_3 = zext i30 %n_base to i31" [src/maxpool.cpp:33]   --->   Operation 50 'zext' 'zext_ln33_3' <Predicate = true> <Delay = 0.00>
ST_5 : Operation 51 [1/1] (0.00ns)   --->   "%zext_ln34_2 = zext i16 %fsize_read to i20" [src/maxpool.cpp:34]   --->   Operation 51 'zext' 'zext_ln34_2' <Predicate = true> <Delay = 0.00>
ST_5 : Operation 52 [1/1] (3.02ns) (root node of the DSP)   --->   "%base_addr = add i31 %add_ln35, %zext_ln33_3" [src/maxpool.cpp:35]   --->   Operation 52 'add' 'base_addr' <Predicate = true> <Delay = 3.02> <Core = "DSP48">   --->   Core 88 'DSP48' <Latency = 2> <II = 1> <Delay = 3.88> <IPBlock> <Opcode : 'mul' 'add' 'sub' 'select'> <InPorts = 0> <OutPorts = 1> <Sync> <CReg>
ST_5 : Operation 53 [1/1] (0.00ns)   --->   "%zext_ln35_1 = zext i31 %base_addr to i32" [src/maxpool.cpp:35]   --->   Operation 53 'zext' 'zext_ln35_1' <Predicate = true> <Delay = 0.00>
ST_5 : Operation 54 [1/1] (0.00ns)   --->   "%zext_ln37 = zext i31 %out_V_offset_read to i33" [src/maxpool.cpp:37]   --->   Operation 54 'zext' 'zext_ln37' <Predicate = true> <Delay = 0.00>
ST_5 : Operation 55 [1/1] (1.76ns)   --->   "br label %.preheader" [src/maxpool.cpp:37]   --->   Operation 55 'br' <Predicate = true> <Delay = 1.76>

State 6 <SV = 5> <Delay = 3.55>
ST_6 : Operation 56 [1/1] (0.00ns)   --->   "%indvar_flatten30 = phi i10 [ 0, %0 ], [ %add_ln37, %BurstBB1 ]" [src/maxpool.cpp:37]   --->   Operation 56 'phi' 'indvar_flatten30' <Predicate = true> <Delay = 0.00>
ST_6 : Operation 57 [1/1] (0.00ns)   --->   "%nn_0 = phi i3 [ 0, %0 ], [ %select_ln41_1, %BurstBB1 ]" [src/maxpool.cpp:41]   --->   Operation 57 'phi' 'nn_0' <Predicate = true> <Delay = 0.00>
ST_6 : Operation 58 [1/1] (0.00ns)   --->   "%indvar_flatten = phi i8 [ 0, %0 ], [ %select_ln38, %BurstBB1 ]" [src/maxpool.cpp:38]   --->   Operation 58 'phi' 'indvar_flatten' <Predicate = true> <Delay = 0.00>
ST_6 : Operation 59 [1/1] (0.00ns)   --->   "%jj_0 = phi i4 [ 0, %0 ], [ %jj, %BurstBB1 ]"   --->   Operation 59 'phi' 'jj_0' <Predicate = true> <Delay = 0.00>
ST_6 : Operation 60 [1/1] (0.00ns)   --->   "%zext_ln41 = zext i3 %nn_0 to i17" [src/maxpool.cpp:41]   --->   Operation 60 'zext' 'zext_ln41' <Predicate = true> <Delay = 0.00>
ST_6 : Operation 61 [3/3] (1.05ns) (grouped into DSP with root node add_ln45)   --->   "%nn_size = mul i17 %zext_ln41, %zext_ln33_1" [src/maxpool.cpp:41]   --->   Operation 61 'mul' 'nn_size' <Predicate = true> <Delay = 1.05> <Core = "DSP48">   --->   Core 88 'DSP48' <Latency = 2> <II = 1> <Delay = 3.88> <IPBlock> <Opcode : 'mul' 'add' 'sub' 'select'> <InPorts = 0> <OutPorts = 1> <Sync> <CReg>
ST_6 : Operation 62 [1/1] (1.77ns)   --->   "%icmp_ln37 = icmp eq i10 %indvar_flatten30, -348" [src/maxpool.cpp:37]   --->   Operation 62 'icmp' 'icmp_ln37' <Predicate = true> <Delay = 1.77> <Core = "Cmp">   --->   Core 25 'Cmp' <Latency = 0> <II = 1> <Delay = 1.36> <FuncUnit> <Opcode : 'icmp'> <InPorts = 2> <OutPorts = 1>
ST_6 : Operation 63 [1/1] (1.73ns)   --->   "%add_ln37 = add i10 %indvar_flatten30, 1" [src/maxpool.cpp:37]   --->   Operation 63 'add' 'add_ln37' <Predicate = true> <Delay = 1.73> <Core = "AddSub">   --->   Core 14 'AddSub' <Latency = 0> <II = 1> <Delay = 2.49> <FuncUnit> <Opcode : 'add' 'sub'> <InPorts = 2> <OutPorts = 1>
ST_6 : Operation 64 [1/1] (1.65ns)   --->   "%nn = add i3 %nn_0, 1" [src/maxpool.cpp:37]   --->   Operation 64 'add' 'nn' <Predicate = (!icmp_ln37)> <Delay = 1.65> <Core = "AddSub">   --->   Core 14 'AddSub' <Latency = 0> <II = 1> <Delay = 2.49> <FuncUnit> <Opcode : 'add' 'sub'> <InPorts = 2> <OutPorts = 1>
ST_6 : Operation 65 [1/1] (1.55ns)   --->   "%icmp_ln38 = icmp eq i8 %indvar_flatten, -87" [src/maxpool.cpp:38]   --->   Operation 65 'icmp' 'icmp_ln38' <Predicate = (!icmp_ln37)> <Delay = 1.55> <Core = "Cmp">   --->   Core 25 'Cmp' <Latency = 0> <II = 1> <Delay = 1.36> <FuncUnit> <Opcode : 'icmp'> <InPorts = 2> <OutPorts = 1>
ST_6 : Operation 66 [1/1] (0.98ns)   --->   "%select_ln41_1 = select i1 %icmp_ln38, i3 %nn, i3 %nn_0" [src/maxpool.cpp:41]   --->   Operation 66 'select' 'select_ln41_1' <Predicate = (!icmp_ln37)> <Delay = 0.98> <Core = "Sel">   --->   Core 26 'Sel' <Latency = 0> <II = 1> <Delay = 1.24> <FuncUnit> <Opcode : 'select'> <InPorts = 3> <OutPorts = 1>
ST_6 : Operation 67 [1/1] (0.00ns) (grouped into LUT with out node and_ln41)   --->   "%xor_ln41 = xor i1 %icmp_ln38, true" [src/maxpool.cpp:41]   --->   Operation 67 'xor' 'xor_ln41' <Predicate = (!icmp_ln37)> <Delay = 0.00> <Core = "LogicGate">   --->   Core 27 'LogicGate' <Latency = 0> <II = 1> <Delay = 0.97> <FuncUnit> <Opcode : 'and' 'or' 'xor'> <InPorts = 2> <OutPorts = 1>
ST_6 : Operation 68 [1/1] (1.30ns)   --->   "%icmp_ln39 = icmp eq i4 %jj_0, -3" [src/maxpool.cpp:39]   --->   Operation 68 'icmp' 'icmp_ln39' <Predicate = (!icmp_ln37)> <Delay = 1.30> <Core = "Cmp">   --->   Core 25 'Cmp' <Latency = 0> <II = 1> <Delay = 1.36> <FuncUnit> <Opcode : 'icmp'> <InPorts = 2> <OutPorts = 1>
ST_6 : Operation 69 [1/1] (0.97ns) (out node of the LUT)   --->   "%and_ln41 = and i1 %icmp_ln39, %xor_ln41" [src/maxpool.cpp:41]   --->   Operation 69 'and' 'and_ln41' <Predicate = (!icmp_ln37)> <Delay = 0.97> <Core = "LogicGate">   --->   Core 27 'LogicGate' <Latency = 0> <II = 1> <Delay = 0.97> <FuncUnit> <Opcode : 'and' 'or' 'xor'> <InPorts = 2> <OutPorts = 1>
ST_6 : Operation 70 [1/1] (0.00ns) (grouped into LUT with out node select_ln43)   --->   "%or_ln43 = or i1 %and_ln41, %icmp_ln38" [src/maxpool.cpp:43]   --->   Operation 70 'or' 'or_ln43' <Predicate = (!icmp_ln37)> <Delay = 0.00> <Core = "LogicGate">   --->   Core 27 'LogicGate' <Latency = 0> <II = 1> <Delay = 0.97> <FuncUnit> <Opcode : 'and' 'or' 'xor'> <InPorts = 2> <OutPorts = 1>
ST_6 : Operation 71 [1/1] (1.02ns) (out node of the LUT)   --->   "%select_ln43 = select i1 %or_ln43, i4 0, i4 %jj_0" [src/maxpool.cpp:43]   --->   Operation 71 'select' 'select_ln43' <Predicate = (!icmp_ln37)> <Delay = 1.02> <Core = "Sel">   --->   Core 26 'Sel' <Latency = 0> <II = 1> <Delay = 1.24> <FuncUnit> <Opcode : 'select'> <InPorts = 3> <OutPorts = 1>
ST_6 : Operation 72 [14/14] (3.10ns)   --->   "%empty = urem i10 %indvar_flatten30, 13" [src/maxpool.cpp:37]   --->   Operation 72 'urem' 'empty' <Predicate = (!icmp_ln37)> <Delay = 3.10> <Core = "DivnS">   --->   Core 23 'DivnS' <Latency = 13> <II = 1> <Delay = 3.10> <FuncUnit> <Opcode : 'sdiv' 'srem' 'udiv' 'urem'> <InPorts = 2> <OutPorts = 1>
ST_6 : Operation 73 [1/1] (1.91ns)   --->   "%add_ln38_1 = add i8 %indvar_flatten, 1" [src/maxpool.cpp:38]   --->   Operation 73 'add' 'add_ln38_1' <Predicate = (!icmp_ln37)> <Delay = 1.91> <Core = "AddSub">   --->   Core 14 'AddSub' <Latency = 0> <II = 1> <Delay = 2.49> <FuncUnit> <Opcode : 'add' 'sub'> <InPorts = 2> <OutPorts = 1>
ST_6 : Operation 74 [1/1] (1.24ns)   --->   "%select_ln38 = select i1 %icmp_ln38, i8 1, i8 %add_ln38_1" [src/maxpool.cpp:38]   --->   Operation 74 'select' 'select_ln38' <Predicate = (!icmp_ln37)> <Delay = 1.24> <Core = "Sel">   --->   Core 26 'Sel' <Latency = 0> <II = 1> <Delay = 1.24> <FuncUnit> <Opcode : 'select'> <InPorts = 3> <OutPorts = 1>

State 7 <SV = 6> <Delay = 5.03>
ST_7 : Operation 75 [1/1] (0.00ns)   --->   "%ii_0 = phi i4 [ 0, %0 ], [ %select_ln43_1, %BurstBB1 ]" [src/maxpool.cpp:43]   --->   Operation 75 'phi' 'ii_0' <Predicate = true> <Delay = 0.00>
ST_7 : Operation 76 [2/3] (1.05ns) (grouped into DSP with root node add_ln45)   --->   "%nn_size = mul i17 %zext_ln41, %zext_ln33_1" [src/maxpool.cpp:41]   --->   Operation 76 'mul' 'nn_size' <Predicate = true> <Delay = 1.05> <Core = "DSP48">   --->   Core 88 'DSP48' <Latency = 2> <II = 1> <Delay = 3.88> <IPBlock> <Opcode : 'mul' 'add' 'sub' 'select'> <InPorts = 0> <OutPorts = 1> <Sync> <CReg>
ST_7 : Operation 77 [1/1] (0.00ns)   --->   "%zext_ln43 = zext i4 %ii_0 to i20" [src/maxpool.cpp:43]   --->   Operation 77 'zext' 'zext_ln43' <Predicate = (!icmp_ln38 & !and_ln41)> <Delay = 0.00>
ST_7 : Operation 78 [2/2] (3.34ns)   --->   "%ii_fsize = mul i20 %zext_ln43, %zext_ln34_2" [src/maxpool.cpp:43]   --->   Operation 78 'mul' 'ii_fsize' <Predicate = (!icmp_ln38 & !and_ln41)> <Delay = 3.34> <Core = "MulnS">   --->   Core 17 'MulnS' <Latency = 1> <II = 1> <Delay = 3.34> <FuncUnit> <Opcode : 'mul'> <InPorts = 2> <OutPorts = 1>
ST_7 : Operation 79 [1/1] (1.02ns)   --->   "%select_ln41 = select i1 %icmp_ln38, i4 0, i4 %ii_0" [src/maxpool.cpp:41]   --->   Operation 79 'select' 'select_ln41' <Predicate = (!icmp_ln37)> <Delay = 1.02> <Core = "Sel">   --->   Core 26 'Sel' <Latency = 0> <II = 1> <Delay = 1.24> <FuncUnit> <Opcode : 'select'> <InPorts = 3> <OutPorts = 1>
ST_7 : Operation 80 [1/1] (0.00ns)   --->   "%zext_ln41_1 = zext i3 %nn to i17" [src/maxpool.cpp:41]   --->   Operation 80 'zext' 'zext_ln41_1' <Predicate = (!icmp_ln37)> <Delay = 0.00>
ST_7 : Operation 81 [3/3] (1.05ns) (grouped into DSP with root node add_ln45_2)   --->   "%mul_ln41_1 = mul i17 %zext_ln41_1, %zext_ln33_1" [src/maxpool.cpp:41]   --->   Operation 81 'mul' 'mul_ln41_1' <Predicate = (!icmp_ln37)> <Delay = 1.05> <Core = "DSP48">   --->   Core 88 'DSP48' <Latency = 2> <II = 1> <Delay = 3.88> <IPBlock> <Opcode : 'mul' 'add' 'sub' 'select'> <InPorts = 0> <OutPorts = 1> <Sync> <CReg>
ST_7 : Operation 82 [1/1] (1.73ns)   --->   "%ii = add i4 %select_ln41, 1" [src/maxpool.cpp:38]   --->   Operation 82 'add' 'ii' <Predicate = (!icmp_ln37)> <Delay = 1.73> <Core = "AddSub">   --->   Core 14 'AddSub' <Latency = 0> <II = 1> <Delay = 2.49> <FuncUnit> <Opcode : 'add' 'sub'> <InPorts = 2> <OutPorts = 1>
ST_7 : Operation 83 [1/1] (1.02ns)   --->   "%select_ln43_1 = select i1 %and_ln41, i4 %ii, i4 %select_ln41" [src/maxpool.cpp:43]   --->   Operation 83 'select' 'select_ln43_1' <Predicate = (!icmp_ln37)> <Delay = 1.02> <Core = "Sel">   --->   Core 26 'Sel' <Latency = 0> <II = 1> <Delay = 1.24> <FuncUnit> <Opcode : 'select'> <InPorts = 3> <OutPorts = 1>
ST_7 : Operation 84 [13/14] (3.10ns)   --->   "%empty = urem i10 %indvar_flatten30, 13" [src/maxpool.cpp:37]   --->   Operation 84 'urem' 'empty' <Predicate = (!icmp_ln37)> <Delay = 3.10> <Core = "DivnS">   --->   Core 23 'DivnS' <Latency = 13> <II = 1> <Delay = 3.10> <FuncUnit> <Opcode : 'sdiv' 'srem' 'udiv' 'urem'> <InPorts = 2> <OutPorts = 1>
ST_7 : Operation 85 [1/1] (1.73ns)   --->   "%jj = add i4 %select_ln43, 1" [src/maxpool.cpp:39]   --->   Operation 85 'add' 'jj' <Predicate = (!icmp_ln37)> <Delay = 1.73> <Core = "AddSub">   --->   Core 14 'AddSub' <Latency = 0> <II = 1> <Delay = 2.49> <FuncUnit> <Opcode : 'add' 'sub'> <InPorts = 2> <OutPorts = 1>
ST_7 : Operation 86 [14/14] (3.10ns)   --->   "%empty_21 = urem i10 %add_ln37, 13" [src/maxpool.cpp:37]   --->   Operation 86 'urem' 'empty_21' <Predicate = (!icmp_ln37)> <Delay = 3.10> <Core = "DivnS">   --->   Core 23 'DivnS' <Latency = 13> <II = 1> <Delay = 3.10> <FuncUnit> <Opcode : 'sdiv' 'srem' 'udiv' 'urem'> <InPorts = 2> <OutPorts = 1>

State 8 <SV = 7> <Delay = 3.34>
ST_8 : Operation 87 [1/3] (0.00ns) (grouped into DSP with root node add_ln45)   --->   "%nn_size = mul i17 %zext_ln41, %zext_ln33_1" [src/maxpool.cpp:41]   --->   Operation 87 'mul' 'nn_size' <Predicate = true> <Delay = 0.00> <Core = "DSP48">   --->   Core 88 'DSP48' <Latency = 2> <II = 1> <Delay = 3.88> <IPBlock> <Opcode : 'mul' 'add' 'sub' 'select'> <InPorts = 0> <OutPorts = 1> <Sync> <CReg>
ST_8 : Operation 88 [1/1] (0.00ns) (grouped into DSP with root node add_ln45)   --->   "%zext_ln45 = zext i17 %nn_size to i32" [src/maxpool.cpp:45]   --->   Operation 88 'zext' 'zext_ln45' <Predicate = true> <Delay = 0.00>
ST_8 : Operation 89 [1/1] (3.02ns) (root node of the DSP)   --->   "%add_ln45 = add i32 %zext_ln45, %zext_ln35_1" [src/maxpool.cpp:45]   --->   Operation 89 'add' 'add_ln45' <Predicate = true> <Delay = 3.02> <Core = "DSP48">   --->   Core 88 'DSP48' <Latency = 2> <II = 1> <Delay = 3.88> <IPBlock> <Opcode : 'mul' 'add' 'sub' 'select'> <InPorts = 0> <OutPorts = 1> <Sync> <CReg>
ST_8 : Operation 90 [1/2] (3.34ns)   --->   "%ii_fsize = mul i20 %zext_ln43, %zext_ln34_2" [src/maxpool.cpp:43]   --->   Operation 90 'mul' 'ii_fsize' <Predicate = (!icmp_ln38 & !and_ln41)> <Delay = 3.34> <Core = "MulnS">   --->   Core 17 'MulnS' <Latency = 1> <II = 1> <Delay = 3.34> <FuncUnit> <Opcode : 'mul'> <InPorts = 2> <OutPorts = 1>
ST_8 : Operation 91 [1/1] (0.00ns)   --->   "%tmp_1 = call i19 @_ssdm_op_PartSelect.i19.i20.i32.i32(i20 %ii_fsize, i32 1, i32 19)" [src/maxpool.cpp:45]   --->   Operation 91 'partselect' 'tmp_1' <Predicate = (!icmp_ln38 & !and_ln41)> <Delay = 0.00>
ST_8 : Operation 92 [1/1] (0.00ns)   --->   "br i1 %icmp_ln37, label %1, label %hls_label_1_begin" [src/maxpool.cpp:37]   --->   Operation 92 'br' <Predicate = true> <Delay = 0.00>
ST_8 : Operation 93 [2/3] (1.05ns) (grouped into DSP with root node add_ln45_2)   --->   "%mul_ln41_1 = mul i17 %zext_ln41_1, %zext_ln33_1" [src/maxpool.cpp:41]   --->   Operation 93 'mul' 'mul_ln41_1' <Predicate = (!icmp_ln37)> <Delay = 1.05> <Core = "DSP48">   --->   Core 88 'DSP48' <Latency = 2> <II = 1> <Delay = 3.88> <IPBlock> <Opcode : 'mul' 'add' 'sub' 'select'> <InPorts = 0> <OutPorts = 1> <Sync> <CReg>
ST_8 : Operation 94 [1/1] (0.00ns)   --->   "%zext_ln43_1 = zext i4 %ii to i20" [src/maxpool.cpp:43]   --->   Operation 94 'zext' 'zext_ln43_1' <Predicate = (!icmp_ln37 & and_ln41)> <Delay = 0.00>
ST_8 : Operation 95 [2/2] (3.34ns)   --->   "%mul_ln43_1 = mul i20 %zext_ln43_1, %zext_ln34_2" [src/maxpool.cpp:43]   --->   Operation 95 'mul' 'mul_ln43_1' <Predicate = (!icmp_ln37 & and_ln41)> <Delay = 3.34> <Core = "MulnS">   --->   Core 17 'MulnS' <Latency = 1> <II = 1> <Delay = 3.34> <FuncUnit> <Opcode : 'mul'> <InPorts = 2> <OutPorts = 1>
ST_8 : Operation 96 [12/14] (3.10ns)   --->   "%empty = urem i10 %indvar_flatten30, 13" [src/maxpool.cpp:37]   --->   Operation 96 'urem' 'empty' <Predicate = (!icmp_ln37)> <Delay = 3.10> <Core = "DivnS">   --->   Core 23 'DivnS' <Latency = 13> <II = 1> <Delay = 3.10> <FuncUnit> <Opcode : 'sdiv' 'srem' 'udiv' 'urem'> <InPorts = 2> <OutPorts = 1>
ST_8 : Operation 97 [13/14] (3.10ns)   --->   "%empty_21 = urem i10 %add_ln37, 13" [src/maxpool.cpp:37]   --->   Operation 97 'urem' 'empty_21' <Predicate = (!icmp_ln37)> <Delay = 3.10> <Core = "DivnS">   --->   Core 23 'DivnS' <Latency = 13> <II = 1> <Delay = 3.10> <FuncUnit> <Opcode : 'sdiv' 'srem' 'udiv' 'urem'> <InPorts = 2> <OutPorts = 1>

State 9 <SV = 8> <Delay = 3.34>
ST_9 : Operation 98 [1/1] (0.00ns)   --->   "%zext_ln45_1 = zext i19 %tmp_1 to i32" [src/maxpool.cpp:45]   --->   Operation 98 'zext' 'zext_ln45_1' <Predicate = (!icmp_ln38 & !and_ln41)> <Delay = 0.00>
ST_9 : Operation 99 [1/1] (2.55ns)   --->   "%add_ln45_1 = add i32 %zext_ln45_1, %add_ln45" [src/maxpool.cpp:45]   --->   Operation 99 'add' 'add_ln45_1' <Predicate = (!icmp_ln38 & !and_ln41)> <Delay = 2.55> <Core = "AddSub">   --->   Core 14 'AddSub' <Latency = 0> <II = 1> <Delay = 2.49> <FuncUnit> <Opcode : 'add' 'sub'> <InPorts = 2> <OutPorts = 1>
ST_9 : Operation 100 [1/3] (0.00ns) (grouped into DSP with root node add_ln45_2)   --->   "%mul_ln41_1 = mul i17 %zext_ln41_1, %zext_ln33_1" [src/maxpool.cpp:41]   --->   Operation 100 'mul' 'mul_ln41_1' <Predicate = (!icmp_ln37)> <Delay = 0.00> <Core = "DSP48">   --->   Core 88 'DSP48' <Latency = 2> <II = 1> <Delay = 3.88> <IPBlock> <Opcode : 'mul' 'add' 'sub' 'select'> <InPorts = 0> <OutPorts = 1> <Sync> <CReg>
ST_9 : Operation 101 [1/1] (0.00ns) (grouped into DSP with root node add_ln45_2)   --->   "%zext_ln45_2 = zext i17 %mul_ln41_1 to i32" [src/maxpool.cpp:45]   --->   Operation 101 'zext' 'zext_ln45_2' <Predicate = (!icmp_ln37)> <Delay = 0.00>
ST_9 : Operation 102 [1/1] (3.02ns) (root node of the DSP)   --->   "%add_ln45_2 = add i32 %zext_ln45_2, %zext_ln35_1" [src/maxpool.cpp:45]   --->   Operation 102 'add' 'add_ln45_2' <Predicate = (!icmp_ln37)> <Delay = 3.02> <Core = "DSP48">   --->   Core 88 'DSP48' <Latency = 2> <II = 1> <Delay = 3.88> <IPBlock> <Opcode : 'mul' 'add' 'sub' 'select'> <InPorts = 0> <OutPorts = 1> <Sync> <CReg>
ST_9 : Operation 103 [1/2] (3.34ns)   --->   "%mul_ln43_1 = mul i20 %zext_ln43_1, %zext_ln34_2" [src/maxpool.cpp:43]   --->   Operation 103 'mul' 'mul_ln43_1' <Predicate = (!icmp_ln37 & and_ln41)> <Delay = 3.34> <Core = "MulnS">   --->   Core 17 'MulnS' <Latency = 1> <II = 1> <Delay = 3.34> <FuncUnit> <Opcode : 'mul'> <InPorts = 2> <OutPorts = 1>
ST_9 : Operation 104 [11/14] (3.10ns)   --->   "%empty = urem i10 %indvar_flatten30, 13" [src/maxpool.cpp:37]   --->   Operation 104 'urem' 'empty' <Predicate = (!icmp_ln37)> <Delay = 3.10> <Core = "DivnS">   --->   Core 23 'DivnS' <Latency = 13> <II = 1> <Delay = 3.10> <FuncUnit> <Opcode : 'sdiv' 'srem' 'udiv' 'urem'> <InPorts = 2> <OutPorts = 1>
ST_9 : Operation 105 [12/14] (3.10ns)   --->   "%empty_21 = urem i10 %add_ln37, 13" [src/maxpool.cpp:37]   --->   Operation 105 'urem' 'empty_21' <Predicate = (!icmp_ln37)> <Delay = 3.10> <Core = "DivnS">   --->   Core 23 'DivnS' <Latency = 13> <II = 1> <Delay = 3.10> <FuncUnit> <Opcode : 'sdiv' 'srem' 'udiv' 'urem'> <InPorts = 2> <OutPorts = 1>

State 10 <SV = 9> <Delay = 3.10>
ST_10 : Operation 106 [1/1] (0.00ns) (grouped into LUT with out node add_ln45_3)   --->   "%select_ln41_2 = select i1 %icmp_ln38, i32 %add_ln45_2, i32 %add_ln45" [src/maxpool.cpp:41]   --->   Operation 106 'select' 'select_ln41_2' <Predicate = (!icmp_ln37 & and_ln41)> <Delay = 0.00> <Core = "Sel">   --->   Core 26 'Sel' <Latency = 0> <II = 1> <Delay = 1.24> <FuncUnit> <Opcode : 'select'> <InPorts = 3> <OutPorts = 1>
ST_10 : Operation 107 [1/1] (0.00ns) (grouped into LUT with out node add_ln45_3)   --->   "%tmp_2 = call i19 @_ssdm_op_PartSelect.i19.i20.i32.i32(i20 %mul_ln43_1, i32 1, i32 19)" [src/maxpool.cpp:45]   --->   Operation 107 'partselect' 'tmp_2' <Predicate = (!icmp_ln37 & and_ln41)> <Delay = 0.00>
ST_10 : Operation 108 [1/1] (0.00ns) (grouped into LUT with out node add_ln45_3)   --->   "%zext_ln45_3 = zext i19 %tmp_2 to i32" [src/maxpool.cpp:45]   --->   Operation 108 'zext' 'zext_ln45_3' <Predicate = (!icmp_ln37 & and_ln41)> <Delay = 0.00>
ST_10 : Operation 109 [1/1] (2.55ns) (out node of the LUT)   --->   "%add_ln45_3 = add i32 %zext_ln45_3, %select_ln41_2" [src/maxpool.cpp:45]   --->   Operation 109 'add' 'add_ln45_3' <Predicate = (!icmp_ln37 & and_ln41)> <Delay = 2.55> <Core = "AddSub">   --->   Core 14 'AddSub' <Latency = 0> <II = 1> <Delay = 2.49> <FuncUnit> <Opcode : 'add' 'sub'> <InPorts = 2> <OutPorts = 1>
ST_10 : Operation 110 [10/14] (3.10ns)   --->   "%empty = urem i10 %indvar_flatten30, 13" [src/maxpool.cpp:37]   --->   Operation 110 'urem' 'empty' <Predicate = (!icmp_ln37)> <Delay = 3.10> <Core = "DivnS">   --->   Core 23 'DivnS' <Latency = 13> <II = 1> <Delay = 3.10> <FuncUnit> <Opcode : 'sdiv' 'srem' 'udiv' 'urem'> <InPorts = 2> <OutPorts = 1>
ST_10 : Operation 111 [11/14] (3.10ns)   --->   "%empty_21 = urem i10 %add_ln37, 13" [src/maxpool.cpp:37]   --->   Operation 111 'urem' 'empty_21' <Predicate = (!icmp_ln37)> <Delay = 3.10> <Core = "DivnS">   --->   Core 23 'DivnS' <Latency = 13> <II = 1> <Delay = 3.10> <FuncUnit> <Opcode : 'sdiv' 'srem' 'udiv' 'urem'> <InPorts = 2> <OutPorts = 1>

State 11 <SV = 10> <Delay = 3.10>
ST_11 : Operation 112 [1/1] (0.00ns) (grouped into LUT with out node add_ln203_6)   --->   "%select_ln41_3 = select i1 %icmp_ln38, i32 %add_ln45_2, i32 %add_ln45_1" [src/maxpool.cpp:41]   --->   Operation 112 'select' 'select_ln41_3' <Predicate = (!icmp_ln37 & !and_ln41)> <Delay = 0.00> <Core = "Sel">   --->   Core 26 'Sel' <Latency = 0> <II = 1> <Delay = 1.24> <FuncUnit> <Opcode : 'select'> <InPorts = 3> <OutPorts = 1>
ST_11 : Operation 113 [1/1] (0.00ns) (grouped into LUT with out node add_ln203_6)   --->   "%select_ln43_2 = select i1 %and_ln41, i32 %add_ln45_3, i32 %select_ln41_3" [src/maxpool.cpp:43]   --->   Operation 113 'select' 'select_ln43_2' <Predicate = (!icmp_ln37)> <Delay = 0.00> <Core = "Sel">   --->   Core 26 'Sel' <Latency = 0> <II = 1> <Delay = 1.24> <FuncUnit> <Opcode : 'select'> <InPorts = 3> <OutPorts = 1>
ST_11 : Operation 114 [1/1] (0.00ns) (grouped into LUT with out node add_ln203_6)   --->   "%zext_ln43_3 = zext i32 %select_ln43_2 to i33" [src/maxpool.cpp:43]   --->   Operation 114 'zext' 'zext_ln43_3' <Predicate = (!icmp_ln37)> <Delay = 0.00>
ST_11 : Operation 115 [1/1] (2.55ns) (out node of the LUT)   --->   "%add_ln203_6 = add i33 %zext_ln37, %zext_ln43_3" [src/maxpool.cpp:45]   --->   Operation 115 'add' 'add_ln203_6' <Predicate = (!icmp_ln37)> <Delay = 2.55> <Core = "AddSub">   --->   Core 14 'AddSub' <Latency = 0> <II = 1> <Delay = 2.49> <FuncUnit> <Opcode : 'add' 'sub'> <InPorts = 2> <OutPorts = 1>
ST_11 : Operation 116 [1/1] (0.00ns)   --->   "%zext_ln203_12 = zext i33 %add_ln203_6 to i64" [src/maxpool.cpp:45]   --->   Operation 116 'zext' 'zext_ln203_12' <Predicate = (!icmp_ln37)> <Delay = 0.00>
ST_11 : Operation 117 [1/1] (0.00ns)   --->   "%out_V_addr = getelementptr i16* %out_V, i64 %zext_ln203_12" [src/maxpool.cpp:45]   --->   Operation 117 'getelementptr' 'out_V_addr' <Predicate = (!icmp_ln37)> <Delay = 0.00>
ST_11 : Operation 118 [9/14] (3.10ns)   --->   "%empty = urem i10 %indvar_flatten30, 13" [src/maxpool.cpp:37]   --->   Operation 118 'urem' 'empty' <Predicate = (!icmp_ln37)> <Delay = 3.10> <Core = "DivnS">   --->   Core 23 'DivnS' <Latency = 13> <II = 1> <Delay = 3.10> <FuncUnit> <Opcode : 'sdiv' 'srem' 'udiv' 'urem'> <InPorts = 2> <OutPorts = 1>
ST_11 : Operation 119 [10/14] (3.10ns)   --->   "%empty_21 = urem i10 %add_ln37, 13" [src/maxpool.cpp:37]   --->   Operation 119 'urem' 'empty_21' <Predicate = (!icmp_ln37)> <Delay = 3.10> <Core = "DivnS">   --->   Core 23 'DivnS' <Latency = 13> <II = 1> <Delay = 3.10> <FuncUnit> <Opcode : 'sdiv' 'srem' 'udiv' 'urem'> <InPorts = 2> <OutPorts = 1>

State 12 <SV = 11> <Delay = 3.10>
ST_12 : Operation 120 [8/14] (3.10ns)   --->   "%empty = urem i10 %indvar_flatten30, 13" [src/maxpool.cpp:37]   --->   Operation 120 'urem' 'empty' <Predicate = (!icmp_ln37)> <Delay = 3.10> <Core = "DivnS">   --->   Core 23 'DivnS' <Latency = 13> <II = 1> <Delay = 3.10> <FuncUnit> <Opcode : 'sdiv' 'srem' 'udiv' 'urem'> <InPorts = 2> <OutPorts = 1>
ST_12 : Operation 121 [9/14] (3.10ns)   --->   "%empty_21 = urem i10 %add_ln37, 13" [src/maxpool.cpp:37]   --->   Operation 121 'urem' 'empty_21' <Predicate = (!icmp_ln37)> <Delay = 3.10> <Core = "DivnS">   --->   Core 23 'DivnS' <Latency = 13> <II = 1> <Delay = 3.10> <FuncUnit> <Opcode : 'sdiv' 'srem' 'udiv' 'urem'> <InPorts = 2> <OutPorts = 1>

State 13 <SV = 12> <Delay = 3.10>
ST_13 : Operation 122 [7/14] (3.10ns)   --->   "%empty = urem i10 %indvar_flatten30, 13" [src/maxpool.cpp:37]   --->   Operation 122 'urem' 'empty' <Predicate = (!icmp_ln37)> <Delay = 3.10> <Core = "DivnS">   --->   Core 23 'DivnS' <Latency = 13> <II = 1> <Delay = 3.10> <FuncUnit> <Opcode : 'sdiv' 'srem' 'udiv' 'urem'> <InPorts = 2> <OutPorts = 1>
ST_13 : Operation 123 [8/14] (3.10ns)   --->   "%empty_21 = urem i10 %add_ln37, 13" [src/maxpool.cpp:37]   --->   Operation 123 'urem' 'empty_21' <Predicate = (!icmp_ln37)> <Delay = 3.10> <Core = "DivnS">   --->   Core 23 'DivnS' <Latency = 13> <II = 1> <Delay = 3.10> <FuncUnit> <Opcode : 'sdiv' 'srem' 'udiv' 'urem'> <InPorts = 2> <OutPorts = 1>

State 14 <SV = 13> <Delay = 3.10>
ST_14 : Operation 124 [1/1] (0.00ns)   --->   "%zext_ln203 = zext i3 %select_ln41_1 to i7" [src/maxpool.cpp:45]   --->   Operation 124 'zext' 'zext_ln203' <Predicate = (!icmp_ln37)> <Delay = 0.00>
ST_14 : Operation 125 [3/3] (1.05ns) (grouped into DSP with root node add_ln203)   --->   "%mul_ln203 = mul i7 %zext_ln203, 13" [src/maxpool.cpp:45]   --->   Operation 125 'mul' 'mul_ln203' <Predicate = (!icmp_ln37)> <Delay = 1.05> <Core = "DSP48">   --->   Core 88 'DSP48' <Latency = 2> <II = 1> <Delay = 3.88> <IPBlock> <Opcode : 'mul' 'add' 'sub' 'select'> <InPorts = 0> <OutPorts = 1> <Sync> <CReg>
ST_14 : Operation 126 [6/14] (3.10ns)   --->   "%empty = urem i10 %indvar_flatten30, 13" [src/maxpool.cpp:37]   --->   Operation 126 'urem' 'empty' <Predicate = (!icmp_ln37)> <Delay = 3.10> <Core = "DivnS">   --->   Core 23 'DivnS' <Latency = 13> <II = 1> <Delay = 3.10> <FuncUnit> <Opcode : 'sdiv' 'srem' 'udiv' 'urem'> <InPorts = 2> <OutPorts = 1>
ST_14 : Operation 127 [7/14] (3.10ns)   --->   "%empty_21 = urem i10 %add_ln37, 13" [src/maxpool.cpp:37]   --->   Operation 127 'urem' 'empty_21' <Predicate = (!icmp_ln37)> <Delay = 3.10> <Core = "DivnS">   --->   Core 23 'DivnS' <Latency = 13> <II = 1> <Delay = 3.10> <FuncUnit> <Opcode : 'sdiv' 'srem' 'udiv' 'urem'> <InPorts = 2> <OutPorts = 1>

State 15 <SV = 14> <Delay = 3.10>
ST_15 : Operation 128 [2/3] (1.05ns) (grouped into DSP with root node add_ln203)   --->   "%mul_ln203 = mul i7 %zext_ln203, 13" [src/maxpool.cpp:45]   --->   Operation 128 'mul' 'mul_ln203' <Predicate = (!icmp_ln37)> <Delay = 1.05> <Core = "DSP48">   --->   Core 88 'DSP48' <Latency = 2> <II = 1> <Delay = 3.88> <IPBlock> <Opcode : 'mul' 'add' 'sub' 'select'> <InPorts = 0> <OutPorts = 1> <Sync> <CReg>
ST_15 : Operation 129 [5/14] (3.10ns)   --->   "%empty = urem i10 %indvar_flatten30, 13" [src/maxpool.cpp:37]   --->   Operation 129 'urem' 'empty' <Predicate = (!icmp_ln37)> <Delay = 3.10> <Core = "DivnS">   --->   Core 23 'DivnS' <Latency = 13> <II = 1> <Delay = 3.10> <FuncUnit> <Opcode : 'sdiv' 'srem' 'udiv' 'urem'> <InPorts = 2> <OutPorts = 1>
ST_15 : Operation 130 [6/14] (3.10ns)   --->   "%empty_21 = urem i10 %add_ln37, 13" [src/maxpool.cpp:37]   --->   Operation 130 'urem' 'empty_21' <Predicate = (!icmp_ln37)> <Delay = 3.10> <Core = "DivnS">   --->   Core 23 'DivnS' <Latency = 13> <II = 1> <Delay = 3.10> <FuncUnit> <Opcode : 'sdiv' 'srem' 'udiv' 'urem'> <InPorts = 2> <OutPorts = 1>

State 16 <SV = 15> <Delay = 4.07>
ST_16 : Operation 131 [1/3] (0.00ns) (grouped into DSP with root node add_ln203)   --->   "%mul_ln203 = mul i7 %zext_ln203, 13" [src/maxpool.cpp:45]   --->   Operation 131 'mul' 'mul_ln203' <Predicate = (!icmp_ln37)> <Delay = 0.00> <Core = "DSP48">   --->   Core 88 'DSP48' <Latency = 2> <II = 1> <Delay = 3.88> <IPBlock> <Opcode : 'mul' 'add' 'sub' 'select'> <InPorts = 0> <OutPorts = 1> <Sync> <CReg>
ST_16 : Operation 132 [1/1] (0.00ns)   --->   "%zext_ln43_2 = zext i4 %select_ln43_1 to i7" [src/maxpool.cpp:43]   --->   Operation 132 'zext' 'zext_ln43_2' <Predicate = (!icmp_ln37)> <Delay = 0.00>
ST_16 : Operation 133 [1/1] (3.02ns) (root node of the DSP)   --->   "%add_ln203 = add i7 %mul_ln203, %zext_ln43_2" [src/maxpool.cpp:45]   --->   Operation 133 'add' 'add_ln203' <Predicate = (!icmp_ln37)> <Delay = 3.02> <Core = "DSP48">   --->   Core 88 'DSP48' <Latency = 2> <II = 1> <Delay = 3.88> <IPBlock> <Opcode : 'mul' 'add' 'sub' 'select'> <InPorts = 0> <OutPorts = 1> <Sync> <CReg>
ST_16 : Operation 134 [1/1] (0.00ns)   --->   "%zext_ln203_10 = zext i7 %add_ln203 to i11" [src/maxpool.cpp:45]   --->   Operation 134 'zext' 'zext_ln203_10' <Predicate = (!icmp_ln37)> <Delay = 0.00>
ST_16 : Operation 135 [3/3] (1.05ns) (grouped into DSP with root node add_ln203_5)   --->   "%mul_ln203_1 = mul i11 %zext_ln203_10, 13" [src/maxpool.cpp:45]   --->   Operation 135 'mul' 'mul_ln203_1' <Predicate = (!icmp_ln37)> <Delay = 1.05> <Core = "DSP48">   --->   Core 88 'DSP48' <Latency = 2> <II = 1> <Delay = 3.88> <IPBlock> <Opcode : 'mul' 'add' 'sub' 'select'> <InPorts = 0> <OutPorts = 1> <Sync> <CReg>
ST_16 : Operation 136 [4/14] (3.10ns)   --->   "%empty = urem i10 %indvar_flatten30, 13" [src/maxpool.cpp:37]   --->   Operation 136 'urem' 'empty' <Predicate = (!icmp_ln37)> <Delay = 3.10> <Core = "DivnS">   --->   Core 23 'DivnS' <Latency = 13> <II = 1> <Delay = 3.10> <FuncUnit> <Opcode : 'sdiv' 'srem' 'udiv' 'urem'> <InPorts = 2> <OutPorts = 1>
ST_16 : Operation 137 [5/14] (3.10ns)   --->   "%empty_21 = urem i10 %add_ln37, 13" [src/maxpool.cpp:37]   --->   Operation 137 'urem' 'empty_21' <Predicate = (!icmp_ln37)> <Delay = 3.10> <Core = "DivnS">   --->   Core 23 'DivnS' <Latency = 13> <II = 1> <Delay = 3.10> <FuncUnit> <Opcode : 'sdiv' 'srem' 'udiv' 'urem'> <InPorts = 2> <OutPorts = 1>

State 17 <SV = 16> <Delay = 3.10>
ST_17 : Operation 138 [2/3] (1.05ns) (grouped into DSP with root node add_ln203_5)   --->   "%mul_ln203_1 = mul i11 %zext_ln203_10, 13" [src/maxpool.cpp:45]   --->   Operation 138 'mul' 'mul_ln203_1' <Predicate = (!icmp_ln37)> <Delay = 1.05> <Core = "DSP48">   --->   Core 88 'DSP48' <Latency = 2> <II = 1> <Delay = 3.88> <IPBlock> <Opcode : 'mul' 'add' 'sub' 'select'> <InPorts = 0> <OutPorts = 1> <Sync> <CReg>
ST_17 : Operation 139 [3/14] (3.10ns)   --->   "%empty = urem i10 %indvar_flatten30, 13" [src/maxpool.cpp:37]   --->   Operation 139 'urem' 'empty' <Predicate = (!icmp_ln37)> <Delay = 3.10> <Core = "DivnS">   --->   Core 23 'DivnS' <Latency = 13> <II = 1> <Delay = 3.10> <FuncUnit> <Opcode : 'sdiv' 'srem' 'udiv' 'urem'> <InPorts = 2> <OutPorts = 1>
ST_17 : Operation 140 [4/14] (3.10ns)   --->   "%empty_21 = urem i10 %add_ln37, 13" [src/maxpool.cpp:37]   --->   Operation 140 'urem' 'empty_21' <Predicate = (!icmp_ln37)> <Delay = 3.10> <Core = "DivnS">   --->   Core 23 'DivnS' <Latency = 13> <II = 1> <Delay = 3.10> <FuncUnit> <Opcode : 'sdiv' 'srem' 'udiv' 'urem'> <InPorts = 2> <OutPorts = 1>

State 18 <SV = 17> <Delay = 3.10>
ST_18 : Operation 141 [1/3] (0.00ns) (grouped into DSP with root node add_ln203_5)   --->   "%mul_ln203_1 = mul i11 %zext_ln203_10, 13" [src/maxpool.cpp:45]   --->   Operation 141 'mul' 'mul_ln203_1' <Predicate = (!icmp_ln37)> <Delay = 0.00> <Core = "DSP48">   --->   Core 88 'DSP48' <Latency = 2> <II = 1> <Delay = 3.88> <IPBlock> <Opcode : 'mul' 'add' 'sub' 'select'> <InPorts = 0> <OutPorts = 1> <Sync> <CReg>
ST_18 : Operation 142 [1/1] (0.00ns)   --->   "%zext_ln203_11 = zext i4 %select_ln43 to i11" [src/maxpool.cpp:45]   --->   Operation 142 'zext' 'zext_ln203_11' <Predicate = (!icmp_ln37)> <Delay = 0.00>
ST_18 : Operation 143 [1/1] (3.02ns) (root node of the DSP)   --->   "%add_ln203_5 = add i11 %mul_ln203_1, %zext_ln203_11" [src/maxpool.cpp:45]   --->   Operation 143 'add' 'add_ln203_5' <Predicate = (!icmp_ln37)> <Delay = 3.02> <Core = "DSP48">   --->   Core 88 'DSP48' <Latency = 2> <II = 1> <Delay = 3.88> <IPBlock> <Opcode : 'mul' 'add' 'sub' 'select'> <InPorts = 0> <OutPorts = 1> <Sync> <CReg>
ST_18 : Operation 144 [2/14] (3.10ns)   --->   "%empty = urem i10 %indvar_flatten30, 13" [src/maxpool.cpp:37]   --->   Operation 144 'urem' 'empty' <Predicate = (!icmp_ln37)> <Delay = 3.10> <Core = "DivnS">   --->   Core 23 'DivnS' <Latency = 13> <II = 1> <Delay = 3.10> <FuncUnit> <Opcode : 'sdiv' 'srem' 'udiv' 'urem'> <InPorts = 2> <OutPorts = 1>
ST_18 : Operation 145 [3/14] (3.10ns)   --->   "%empty_21 = urem i10 %add_ln37, 13" [src/maxpool.cpp:37]   --->   Operation 145 'urem' 'empty_21' <Predicate = (!icmp_ln37)> <Delay = 3.10> <Core = "DivnS">   --->   Core 23 'DivnS' <Latency = 13> <II = 1> <Delay = 3.10> <FuncUnit> <Opcode : 'sdiv' 'srem' 'udiv' 'urem'> <InPorts = 2> <OutPorts = 1>

State 19 <SV = 18> <Delay = 4.46>
ST_19 : Operation 146 [1/1] (0.00ns)   --->   "%sext_ln203 = sext i11 %add_ln203_5 to i64" [src/maxpool.cpp:45]   --->   Operation 146 'sext' 'sext_ln203' <Predicate = (!icmp_ln37)> <Delay = 0.00>
ST_19 : Operation 147 [1/1] (0.00ns)   --->   "%fm_out_buff_V_addr = getelementptr [676 x i16]* %fm_out_buff_V, i64 0, i64 %sext_ln203" [src/maxpool.cpp:45]   --->   Operation 147 'getelementptr' 'fm_out_buff_V_addr' <Predicate = (!icmp_ln37)> <Delay = 0.00>
ST_19 : Operation 148 [2/2] (3.25ns)   --->   "%fm_out_buff_V_load = load i16* %fm_out_buff_V_addr, align 2" [src/maxpool.cpp:45]   --->   Operation 148 'load' 'fm_out_buff_V_load' <Predicate = (!icmp_ln37)> <Delay = 3.25> <Core = "RAM">   --->   Core 37 'RAM' <Latency = 1> <II = 1> <Delay = 3.25> <Storage> <Opcode : 'load' 'store'> <Ports = 2> <Width = 16> <Depth = 676> <RAM>
ST_19 : Operation 149 [1/14] (3.10ns)   --->   "%empty = urem i10 %indvar_flatten30, 13" [src/maxpool.cpp:37]   --->   Operation 149 'urem' 'empty' <Predicate = (!icmp_ln37)> <Delay = 3.10> <Core = "DivnS">   --->   Core 23 'DivnS' <Latency = 13> <II = 1> <Delay = 3.10> <FuncUnit> <Opcode : 'sdiv' 'srem' 'udiv' 'urem'> <InPorts = 2> <OutPorts = 1>
ST_19 : Operation 150 [1/1] (1.36ns)   --->   "%empty_19 = icmp eq i10 %empty, 0" [src/maxpool.cpp:37]   --->   Operation 150 'icmp' 'empty_19' <Predicate = (!icmp_ln37)> <Delay = 1.36> <Core = "Cmp">   --->   Core 25 'Cmp' <Latency = 0> <II = 1> <Delay = 1.36> <FuncUnit> <Opcode : 'icmp'> <InPorts = 2> <OutPorts = 1>
ST_19 : Operation 151 [1/1] (0.00ns)   --->   "br i1 %empty_19, label %ReqBB, label %hls_label_1_end" [src/maxpool.cpp:37]   --->   Operation 151 'br' <Predicate = (!icmp_ln37)> <Delay = 0.00>
ST_19 : Operation 152 [2/14] (3.10ns)   --->   "%empty_21 = urem i10 %add_ln37, 13" [src/maxpool.cpp:37]   --->   Operation 152 'urem' 'empty_21' <Predicate = (!icmp_ln37)> <Delay = 3.10> <Core = "DivnS">   --->   Core 23 'DivnS' <Latency = 13> <II = 1> <Delay = 3.10> <FuncUnit> <Opcode : 'sdiv' 'srem' 'udiv' 'urem'> <InPorts = 2> <OutPorts = 1>

State 20 <SV = 19> <Delay = 4.81>
ST_20 : Operation 153 [1/2] (3.25ns)   --->   "%fm_out_buff_V_load = load i16* %fm_out_buff_V_addr, align 2" [src/maxpool.cpp:45]   --->   Operation 153 'load' 'fm_out_buff_V_load' <Predicate = (!icmp_ln37)> <Delay = 3.25> <Core = "RAM">   --->   Core 37 'RAM' <Latency = 1> <II = 1> <Delay = 3.25> <Storage> <Opcode : 'load' 'store'> <Ports = 2> <Width = 16> <Depth = 676> <RAM>
ST_20 : Operation 154 [1/1] (4.81ns)   --->   "%out_V_addr_6_wr_req = call i1 @_ssdm_op_WriteReq.m_axi.i16P(i16* %out_V_addr, i32 13)" [src/maxpool.cpp:45]   --->   Operation 154 'writereq' 'out_V_addr_6_wr_req' <Predicate = (empty_19)> <Delay = 4.81> <Core = "m_axi">   --->   Core 9 'm_axi' <Latency = 6> <II = 1> <Delay = 1.00> <Adapter> <Opcode : 'read' 'write' 'readreq' 'writereq' 'writeresp'>
ST_20 : Operation 155 [1/1] (0.00ns)   --->   "br label %hls_label_1_end"   --->   Operation 155 'br' <Predicate = (empty_19)> <Delay = 0.00>
ST_20 : Operation 156 [1/14] (3.10ns)   --->   "%empty_21 = urem i10 %add_ln37, 13" [src/maxpool.cpp:37]   --->   Operation 156 'urem' 'empty_21' <Predicate = (!icmp_ln37)> <Delay = 3.10> <Core = "DivnS">   --->   Core 23 'DivnS' <Latency = 13> <II = 1> <Delay = 3.10> <FuncUnit> <Opcode : 'sdiv' 'srem' 'udiv' 'urem'> <InPorts = 2> <OutPorts = 1>
ST_20 : Operation 157 [1/1] (1.36ns)   --->   "%empty_22 = icmp eq i10 %empty_21, 0" [src/maxpool.cpp:37]   --->   Operation 157 'icmp' 'empty_22' <Predicate = (!icmp_ln37)> <Delay = 1.36> <Core = "Cmp">   --->   Core 25 'Cmp' <Latency = 0> <II = 1> <Delay = 1.36> <FuncUnit> <Opcode : 'icmp'> <InPorts = 2> <OutPorts = 1>
ST_20 : Operation 158 [1/1] (0.00ns)   --->   "br i1 %empty_22, label %RespBB, label %BurstBB1" [src/maxpool.cpp:37]   --->   Operation 158 'br' <Predicate = (!icmp_ln37)> <Delay = 0.00>

State 21 <SV = 20> <Delay = 4.81>
ST_21 : Operation 159 [1/1] (4.81ns)   --->   "call void @_ssdm_op_Write.m_axi.i16P(i16* %out_V_addr, i16 %fm_out_buff_V_load, i2 -1)" [src/maxpool.cpp:45]   --->   Operation 159 'write' <Predicate = (!icmp_ln37)> <Delay = 4.81> <Core = "m_axi">   --->   Core 9 'm_axi' <Latency = 6> <II = 1> <Delay = 1.00> <Adapter> <Opcode : 'read' 'write' 'readreq' 'writereq' 'writeresp'>

State 22 <SV = 21> <Delay = 4.81>
ST_22 : Operation 160 [5/5] (4.81ns)   --->   "%out_V_addr_6_wr_resp = call i1 @_ssdm_op_WriteResp.m_axi.i16P(i16* %out_V_addr)" [src/maxpool.cpp:45]   --->   Operation 160 'writeresp' 'out_V_addr_6_wr_resp' <Predicate = (empty_22)> <Delay = 4.81> <Core = "m_axi">   --->   Core 9 'm_axi' <Latency = 6> <II = 1> <Delay = 1.00> <Adapter> <Opcode : 'read' 'write' 'readreq' 'writereq' 'writeresp'>

State 23 <SV = 22> <Delay = 4.81>
ST_23 : Operation 161 [4/5] (4.81ns)   --->   "%out_V_addr_6_wr_resp = call i1 @_ssdm_op_WriteResp.m_axi.i16P(i16* %out_V_addr)" [src/maxpool.cpp:45]   --->   Operation 161 'writeresp' 'out_V_addr_6_wr_resp' <Predicate = (empty_22)> <Delay = 4.81> <Core = "m_axi">   --->   Core 9 'm_axi' <Latency = 6> <II = 1> <Delay = 1.00> <Adapter> <Opcode : 'read' 'write' 'readreq' 'writereq' 'writeresp'>

State 24 <SV = 23> <Delay = 4.81>
ST_24 : Operation 162 [3/5] (4.81ns)   --->   "%out_V_addr_6_wr_resp = call i1 @_ssdm_op_WriteResp.m_axi.i16P(i16* %out_V_addr)" [src/maxpool.cpp:45]   --->   Operation 162 'writeresp' 'out_V_addr_6_wr_resp' <Predicate = (empty_22)> <Delay = 4.81> <Core = "m_axi">   --->   Core 9 'm_axi' <Latency = 6> <II = 1> <Delay = 1.00> <Adapter> <Opcode : 'read' 'write' 'readreq' 'writereq' 'writeresp'>

State 25 <SV = 24> <Delay = 4.81>
ST_25 : Operation 163 [2/5] (4.81ns)   --->   "%out_V_addr_6_wr_resp = call i1 @_ssdm_op_WriteResp.m_axi.i16P(i16* %out_V_addr)" [src/maxpool.cpp:45]   --->   Operation 163 'writeresp' 'out_V_addr_6_wr_resp' <Predicate = (empty_22)> <Delay = 4.81> <Core = "m_axi">   --->   Core 9 'm_axi' <Latency = 6> <II = 1> <Delay = 1.00> <Adapter> <Opcode : 'read' 'write' 'readreq' 'writereq' 'writeresp'>

State 26 <SV = 25> <Delay = 4.81>
ST_26 : Operation 164 [1/1] (0.00ns)   --->   "call void (...)* @_ssdm_op_SpecLoopTripCount(i64 676, i64 676, i64 676)"   --->   Operation 164 'speclooptripcount' <Predicate = (!icmp_ln37)> <Delay = 0.00>
ST_26 : Operation 165 [1/1] (0.00ns)   --->   "%tmp = call i32 (...)* @_ssdm_op_SpecRegionBegin([12 x i8]* @p_str324)" [src/maxpool.cpp:39]   --->   Operation 165 'specregionbegin' 'tmp' <Predicate = (!icmp_ln37)> <Delay = 0.00>
ST_26 : Operation 166 [1/1] (0.00ns)   --->   "call void (...)* @_ssdm_op_SpecPipeline(i32 1, i32 1, i32 1, i32 0, [1 x i8]* @p_str122) nounwind" [src/maxpool.cpp:40]   --->   Operation 166 'specpipeline' <Predicate = (!icmp_ln37)> <Delay = 0.00>
ST_26 : Operation 167 [1/1] (0.00ns)   --->   "%empty_20 = call i32 (...)* @_ssdm_op_SpecRegionEnd([12 x i8]* @p_str324, i32 %tmp)" [src/maxpool.cpp:46]   --->   Operation 167 'specregionend' 'empty_20' <Predicate = (!icmp_ln37)> <Delay = 0.00>
ST_26 : Operation 168 [1/5] (4.81ns)   --->   "%out_V_addr_6_wr_resp = call i1 @_ssdm_op_WriteResp.m_axi.i16P(i16* %out_V_addr)" [src/maxpool.cpp:45]   --->   Operation 168 'writeresp' 'out_V_addr_6_wr_resp' <Predicate = (empty_22)> <Delay = 4.81> <Core = "m_axi">   --->   Core 9 'm_axi' <Latency = 6> <II = 1> <Delay = 1.00> <Adapter> <Opcode : 'read' 'write' 'readreq' 'writereq' 'writeresp'>
ST_26 : Operation 169 [1/1] (0.00ns)   --->   "br label %BurstBB1"   --->   Operation 169 'br' <Predicate = (empty_22)> <Delay = 0.00>
ST_26 : Operation 170 [1/1] (0.00ns)   --->   "br label %.preheader" [src/maxpool.cpp:39]   --->   Operation 170 'br' <Predicate = (!icmp_ln37)> <Delay = 0.00>

State 27 <SV = 9> <Delay = 0.00>
ST_27 : Operation 171 [1/1] (0.00ns)   --->   "ret void" [src/maxpool.cpp:47]   --->   Operation 171 'ret' <Predicate = true> <Delay = 0.00>


============================================================
+ Verbose Summary: Timing violations
============================================================
Target clock period: 5.5ns, clock uncertainty: 0.688ns.

 <State 1>: 3.89ns
The critical path consists of the following:
	wire read on port 'fsize' [10]  (0 ns)
	'mul' operation of DSP[24] ('mul_ln34', src/maxpool.cpp:34) [24]  (3.89 ns)

 <State 2>: 3.89ns
The critical path consists of the following:
	'mul' operation of DSP[24] ('mul_ln34', src/maxpool.cpp:34) [24]  (3.89 ns)

 <State 3>: 1.05ns
The critical path consists of the following:
	wire read on port 'size' [9]  (0 ns)
	'mul' operation of DSP[29] ('n_base', src/maxpool.cpp:33) [19]  (1.05 ns)

 <State 4>: 2.49ns
The critical path consists of the following:
	wire read on port 'c' [11]  (0 ns)
	'add' operation ('add_ln35', src/maxpool.cpp:35) [28]  (2.49 ns)

 <State 5>: 3.02ns
The critical path consists of the following:
	'mul' operation of DSP[29] ('n_base', src/maxpool.cpp:33) [19]  (0 ns)
	'add' operation of DSP[29] ('base_addr', src/maxpool.cpp:35) [29]  (3.02 ns)

 <State 6>: 3.55ns
The critical path consists of the following:
	'phi' operation ('indvar_flatten', src/maxpool.cpp:38) with incoming values : ('select_ln38', src/maxpool.cpp:38) [36]  (0 ns)
	'icmp' operation ('icmp_ln38', src/maxpool.cpp:38) [54]  (1.55 ns)
	'xor' operation ('xor_ln41', src/maxpool.cpp:41) [65]  (0 ns)
	'and' operation ('and_ln41', src/maxpool.cpp:41) [67]  (0.978 ns)
	'or' operation ('or_ln43', src/maxpool.cpp:43) [69]  (0 ns)
	'select' operation ('select_ln43', src/maxpool.cpp:43) [70]  (1.02 ns)

 <State 7>: 5.04ns
The critical path consists of the following:
	'add' operation ('jj', src/maxpool.cpp:39) [102]  (1.74 ns)
	'phi' operation ('jj') with incoming values : ('jj', src/maxpool.cpp:39) [38]  (0 ns)
	'icmp' operation ('icmp_ln39', src/maxpool.cpp:39) [66]  (1.3 ns)
	'and' operation ('and_ln41', src/maxpool.cpp:41) [67]  (0.978 ns)
	'or' operation ('or_ln43', src/maxpool.cpp:43) [69]  (0 ns)
	'select' operation ('select_ln43', src/maxpool.cpp:43) [70]  (1.02 ns)

 <State 8>: 3.35ns
The critical path consists of the following:
	'mul' operation ('ii_fsize', src/maxpool.cpp:43) [44]  (3.35 ns)

 <State 9>: 3.35ns
The critical path consists of the following:
	'mul' operation ('mul_ln43_1', src/maxpool.cpp:43) [72]  (3.35 ns)

 <State 10>: 3.1ns
The critical path consists of the following:
	'urem' operation ('empty', src/maxpool.cpp:37) [93]  (3.1 ns)

 <State 11>: 3.1ns
The critical path consists of the following:
	'urem' operation ('empty', src/maxpool.cpp:37) [93]  (3.1 ns)

 <State 12>: 3.1ns
The critical path consists of the following:
	'urem' operation ('empty', src/maxpool.cpp:37) [93]  (3.1 ns)

 <State 13>: 3.1ns
The critical path consists of the following:
	'urem' operation ('empty', src/maxpool.cpp:37) [93]  (3.1 ns)

 <State 14>: 3.1ns
The critical path consists of the following:
	'urem' operation ('empty', src/maxpool.cpp:37) [93]  (3.1 ns)

 <State 15>: 3.1ns
The critical path consists of the following:
	'urem' operation ('empty', src/maxpool.cpp:37) [93]  (3.1 ns)

 <State 16>: 4.07ns
The critical path consists of the following:
	'mul' operation of DSP[75] ('mul_ln203', src/maxpool.cpp:45) [60]  (0 ns)
	'add' operation of DSP[75] ('add_ln203', src/maxpool.cpp:45) [75]  (3.02 ns)
	'mul' operation of DSP[86] ('mul_ln203_1', src/maxpool.cpp:45) [77]  (1.05 ns)

 <State 17>: 3.1ns
The critical path consists of the following:
	'urem' operation ('empty', src/maxpool.cpp:37) [93]  (3.1 ns)

 <State 18>: 3.1ns
The critical path consists of the following:
	'urem' operation ('empty', src/maxpool.cpp:37) [93]  (3.1 ns)

 <State 19>: 4.46ns
The critical path consists of the following:
	'urem' operation ('empty', src/maxpool.cpp:37) [93]  (3.1 ns)
	'icmp' operation ('empty_19', src/maxpool.cpp:37) [94]  (1.36 ns)

 <State 20>: 4.81ns
The critical path consists of the following:
	bus request on port 'out_V' (src/maxpool.cpp:45) [97]  (4.81 ns)

 <State 21>: 4.81ns
The critical path consists of the following:
	bus write on port 'out_V' (src/maxpool.cpp:45) [100]  (4.81 ns)

 <State 22>: 4.81ns
The critical path consists of the following:
	bus access on port 'out_V' (src/maxpool.cpp:45) [109]  (4.81 ns)

 <State 23>: 4.81ns
The critical path consists of the following:
	bus access on port 'out_V' (src/maxpool.cpp:45) [109]  (4.81 ns)

 <State 24>: 4.81ns
The critical path consists of the following:
	bus access on port 'out_V' (src/maxpool.cpp:45) [109]  (4.81 ns)

 <State 25>: 4.81ns
The critical path consists of the following:
	bus access on port 'out_V' (src/maxpool.cpp:45) [109]  (4.81 ns)

 <State 26>: 4.81ns
The critical path consists of the following:
	bus access on port 'out_V' (src/maxpool.cpp:45) [109]  (4.81 ns)

 <State 27>: 0ns
The critical path consists of the following:


============================================================
+ Verbose Summary: Binding
============================================================
N/A
* FSMD analyzer results:
  - Output states:
 - Input state : 
  - Chain level:
	State 1
	State 2
	State 3
	State 4
	State 5
	State 6
	State 7
	State 8
	State 9
	State 10
	State 11
	State 12
	State 13
	State 14
	State 15
	State 16
	State 17
	State 18
	State 19
	State 20
	State 21
	State 22
	State 23
	State 24
	State 25
	State 26
	State 27


============================================================
+ Verbose Summary: Datapath Resource usage 
============================================================
N/A
