

================================================================
== Vivado HLS Report for 'load_input_2'
================================================================
* Date:           Sun Apr 16 12:48:02 2023

* Version:        2019.2 (Build 2704478 on Wed Nov 06 22:10:23 MST 2019)
* Project:        top
* Solution:       solution1
* Product family: zynq
* Target device:  xc7z020-clg484-1


================================================================
== Performance Estimates
================================================================
+ Timing: 
    * Summary: 
    +--------+---------+----------+------------+
    |  Clock |  Target | Estimated| Uncertainty|
    +--------+---------+----------+------------+
    |ap_clk  | 5.50 ns | 5.337 ns |   0.69 ns  |
    +--------+---------+----------+------------+

+ Latency: 
    * Summary: 
    +---------+---------+-----------+-----------+------+------+---------+
    |  Latency (cycles) |   Latency (absolute)  |   Interval  | Pipeline|
    |   min   |   max   |    min    |    max    |  min |  max |   Type  |
    +---------+---------+-----------+-----------+------+------+---------+
    |     2732|     2732| 15.026 us | 15.026 us |  2732|  2732|   none  |
    +---------+---------+-----------+-----------+------+------+---------+

    + Detail: 
        * Instance: 
        N/A

        * Loop: 
        +----------+---------+---------+----------+-----------+-----------+------+----------+
        |          |  Latency (cycles) | Iteration|  Initiation Interval  | Trip |          |
        | Loop Name|   min   |   max   |  Latency |  achieved |   target  | Count| Pipelined|
        +----------+---------+---------+----------+-----------+-----------+------+----------+
        |- Loop 1  |     2727|     2727|        25|          1|          1|  2704|    yes   |
        +----------+---------+---------+----------+-----------+-----------+------+----------+

============================================================
+ Verbose Summary: Synthesis Manager
============================================================
InlineROM: 1
ExposeGlobal: 0
============================================================
+ Verbose Summary: CDFG Model
============================================================
IsTopModel: 0
ResetActiveHigh: 1
IsCombinational: 0
IsDatapathOnly: 0
HasWiredReturn: 1
HasMFsm: 0
HasVarLatency: 1
IsPipeline: 0
IsRtlPipelined: 0
IsInstanceOverlapped: 0
IsDontTouch: 0
HasImplIP: 0
IsGatedGlobalClock: 0

+ Individual pipeline summary: 
  * Pipeline-0: initiation interval (II) = 1, depth = 25


============================================================
+ Verbose Summary: Schedule
============================================================
* Number of FSM states : 30
* Pipeline : 1
  Pipeline-0 : II = 1, D = 25, States = { 5 6 7 8 9 10 11 12 13 14 15 16 17 18 19 20 21 22 23 24 25 26 27 28 29 }
* Dataflow Pipeline: 0

* FSM state transitions: 
1 --> 2 
2 --> 3 
3 --> 4 
4 --> 5 
5 --> 6 
6 --> 7 
7 --> 8 
8 --> 9 
9 --> 30 10 
10 --> 11 
11 --> 12 
12 --> 13 
13 --> 14 
14 --> 15 
15 --> 16 
16 --> 17 
17 --> 18 
18 --> 19 
19 --> 20 
20 --> 21 
21 --> 22 
22 --> 23 
23 --> 24 
24 --> 25 
25 --> 26 
26 --> 27 
27 --> 28 
28 --> 29 
29 --> 5 
30 --> 

* FSM state operations: 

State 1 <SV = 0> <Delay = 1.05>
ST_1 : Operation 31 [1/1] (0.00ns)   --->   "%fsize_read = call i16 @_ssdm_op_Read.ap_auto.i16(i16 %fsize)"   --->   Operation 31 'read' 'fsize_read' <Predicate = true> <Delay = 0.00>
ST_1 : Operation 32 [1/1] (0.00ns)   --->   "%r_read = call i16 @_ssdm_op_Read.ap_auto.i16(i16 %r)"   --->   Operation 32 'read' 'r_read' <Predicate = true> <Delay = 0.00>
ST_1 : Operation 33 [1/1] (0.00ns)   --->   "%zext_ln10_1 = zext i16 %fsize_read to i31" [src/maxpool.cpp:10]   --->   Operation 33 'zext' 'zext_ln10_1' <Predicate = true> <Delay = 0.00>
ST_1 : Operation 34 [1/1] (0.00ns)   --->   "%zext_ln10_2 = zext i16 %r_read to i31" [src/maxpool.cpp:10]   --->   Operation 34 'zext' 'zext_ln10_2' <Predicate = true> <Delay = 0.00>
ST_1 : Operation 35 [3/3] (1.05ns) (grouped into DSP with root node tmp2)   --->   "%mul_ln10 = mul i31 %zext_ln10_2, %zext_ln10_1" [src/maxpool.cpp:10]   --->   Operation 35 'mul' 'mul_ln10' <Predicate = true> <Delay = 1.05> <Core = "DSP48">   --->   Core 88 'DSP48' <Latency = 2> <II = 1> <Delay = 3.88> <IPBlock> <Opcode : 'mul' 'add' 'sub' 'select'> <InPorts = 0> <OutPorts = 1> <Sync> <CReg>

State 2 <SV = 1> <Delay = 1.05>
ST_2 : Operation 36 [1/1] (0.00ns)   --->   "%size_read = call i16 @_ssdm_op_Read.ap_auto.i16(i16 %size)"   --->   Operation 36 'read' 'size_read' <Predicate = true> <Delay = 0.00>
ST_2 : Operation 37 [1/1] (0.00ns)   --->   "%n_read = call i16 @_ssdm_op_Read.ap_auto.i16(i16 %n)"   --->   Operation 37 'read' 'n_read' <Predicate = true> <Delay = 0.00>
ST_2 : Operation 38 [1/1] (0.00ns)   --->   "%zext_ln9 = zext i16 %n_read to i32" [src/maxpool.cpp:9]   --->   Operation 38 'zext' 'zext_ln9' <Predicate = true> <Delay = 0.00>
ST_2 : Operation 39 [1/1] (0.00ns)   --->   "%zext_ln9_1 = zext i16 %size_read to i32" [src/maxpool.cpp:9]   --->   Operation 39 'zext' 'zext_ln9_1' <Predicate = true> <Delay = 0.00>
ST_2 : Operation 40 [3/3] (1.05ns) (grouped into DSP with root node base_addr)   --->   "%n_base = mul nsw i32 %zext_ln9, %zext_ln9_1" [src/maxpool.cpp:9]   --->   Operation 40 'mul' 'n_base' <Predicate = true> <Delay = 1.05> <Core = "DSP48">   --->   Core 88 'DSP48' <Latency = 2> <II = 1> <Delay = 3.88> <IPBlock> <Opcode : 'mul' 'add' 'sub' 'select'> <InPorts = 0> <OutPorts = 1> <Sync> <CReg>
ST_2 : Operation 41 [2/3] (1.05ns) (grouped into DSP with root node tmp2)   --->   "%mul_ln10 = mul i31 %zext_ln10_2, %zext_ln10_1" [src/maxpool.cpp:10]   --->   Operation 41 'mul' 'mul_ln10' <Predicate = true> <Delay = 1.05> <Core = "DSP48">   --->   Core 88 'DSP48' <Latency = 2> <II = 1> <Delay = 3.88> <IPBlock> <Opcode : 'mul' 'add' 'sub' 'select'> <InPorts = 0> <OutPorts = 1> <Sync> <CReg>

State 3 <SV = 2> <Delay = 3.02>
ST_3 : Operation 42 [1/1] (0.00ns)   --->   "%c_read = call i16 @_ssdm_op_Read.ap_auto.i16(i16 %c)"   --->   Operation 42 'read' 'c_read' <Predicate = true> <Delay = 0.00>
ST_3 : Operation 43 [2/3] (1.05ns) (grouped into DSP with root node base_addr)   --->   "%n_base = mul nsw i32 %zext_ln9, %zext_ln9_1" [src/maxpool.cpp:9]   --->   Operation 43 'mul' 'n_base' <Predicate = true> <Delay = 1.05> <Core = "DSP48">   --->   Core 88 'DSP48' <Latency = 2> <II = 1> <Delay = 3.88> <IPBlock> <Opcode : 'mul' 'add' 'sub' 'select'> <InPorts = 0> <OutPorts = 1> <Sync> <CReg>
ST_3 : Operation 44 [1/3] (0.00ns) (grouped into DSP with root node tmp2)   --->   "%mul_ln10 = mul i31 %zext_ln10_2, %zext_ln10_1" [src/maxpool.cpp:10]   --->   Operation 44 'mul' 'mul_ln10' <Predicate = true> <Delay = 0.00> <Core = "DSP48">   --->   Core 88 'DSP48' <Latency = 2> <II = 1> <Delay = 3.88> <IPBlock> <Opcode : 'mul' 'add' 'sub' 'select'> <InPorts = 0> <OutPorts = 1> <Sync> <CReg>
ST_3 : Operation 45 [1/1] (0.00ns)   --->   "%empty = zext i16 %c_read to i31"   --->   Operation 45 'zext' 'empty' <Predicate = true> <Delay = 0.00>
ST_3 : Operation 46 [1/1] (3.02ns) (root node of the DSP)   --->   "%tmp2 = add i31 %mul_ln10, %empty" [src/maxpool.cpp:10]   --->   Operation 46 'add' 'tmp2' <Predicate = true> <Delay = 3.02> <Core = "DSP48">   --->   Core 88 'DSP48' <Latency = 2> <II = 1> <Delay = 3.88> <IPBlock> <Opcode : 'mul' 'add' 'sub' 'select'> <InPorts = 0> <OutPorts = 1> <Sync> <CReg>

State 4 <SV = 3> <Delay = 3.02>
ST_4 : Operation 47 [1/1] (0.00ns)   --->   "%in_V_offset_read = call i31 @_ssdm_op_Read.ap_auto.i31(i31 %in_V_offset)"   --->   Operation 47 'read' 'in_V_offset_read' <Predicate = true> <Delay = 0.00>
ST_4 : Operation 48 [1/1] (0.00ns)   --->   "call void (...)* @_ssdm_op_SpecInterface(i16* %in_V, [6 x i8]* @p_str334, i32 0, i32 0, [1 x i8]* @p_str132, i32 0, i32 60000, [4 x i8]* @p_str435, [6 x i8]* @p_str536, [1 x i8]* @p_str132, i32 16, i32 16, i32 256, i32 256, [1 x i8]* @p_str132, [1 x i8]* @p_str132)"   --->   Operation 48 'specinterface' <Predicate = true> <Delay = 0.00>
ST_4 : Operation 49 [1/1] (0.00ns)   --->   "%zext_ln9_2 = zext i16 %size_read to i19" [src/maxpool.cpp:9]   --->   Operation 49 'zext' 'zext_ln9_2' <Predicate = true> <Delay = 0.00>
ST_4 : Operation 50 [1/3] (0.00ns) (grouped into DSP with root node base_addr)   --->   "%n_base = mul nsw i32 %zext_ln9, %zext_ln9_1" [src/maxpool.cpp:9]   --->   Operation 50 'mul' 'n_base' <Predicate = true> <Delay = 0.00> <Core = "DSP48">   --->   Core 88 'DSP48' <Latency = 2> <II = 1> <Delay = 3.88> <IPBlock> <Opcode : 'mul' 'add' 'sub' 'select'> <InPorts = 0> <OutPorts = 1> <Sync> <CReg>
ST_4 : Operation 51 [1/1] (0.00ns)   --->   "%zext_ln10 = zext i16 %fsize_read to i21" [src/maxpool.cpp:10]   --->   Operation 51 'zext' 'zext_ln10' <Predicate = true> <Delay = 0.00>
ST_4 : Operation 52 [1/1] (0.00ns)   --->   "%tmp5 = call i32 @_ssdm_op_BitConcatenate.i32.i31.i1(i31 %tmp2, i1 false)" [src/maxpool.cpp:10]   --->   Operation 52 'bitconcatenate' 'tmp5' <Predicate = true> <Delay = 0.00>
ST_4 : Operation 53 [1/1] (3.02ns) (root node of the DSP)   --->   "%base_addr = add nsw i32 %n_base, %tmp5" [src/maxpool.cpp:14]   --->   Operation 53 'add' 'base_addr' <Predicate = true> <Delay = 3.02> <Core = "DSP48">   --->   Core 88 'DSP48' <Latency = 2> <II = 1> <Delay = 3.88> <IPBlock> <Opcode : 'mul' 'add' 'sub' 'select'> <InPorts = 0> <OutPorts = 1> <Sync> <CReg>
ST_4 : Operation 54 [1/1] (0.00ns)   --->   "%sext_ln16 = sext i32 %base_addr to i33" [src/maxpool.cpp:16]   --->   Operation 54 'sext' 'sext_ln16' <Predicate = true> <Delay = 0.00>
ST_4 : Operation 55 [1/1] (0.00ns)   --->   "%zext_ln16 = zext i31 %in_V_offset_read to i34" [src/maxpool.cpp:16]   --->   Operation 55 'zext' 'zext_ln16' <Predicate = true> <Delay = 0.00>
ST_4 : Operation 56 [1/1] (1.76ns)   --->   "br label %.preheader" [src/maxpool.cpp:16]   --->   Operation 56 'br' <Predicate = true> <Delay = 1.76>

State 5 <SV = 4> <Delay = 3.35>
ST_5 : Operation 57 [1/1] (0.00ns)   --->   "%indvar_flatten26 = phi i12 [ 0, %0 ], [ %add_ln16, %hls_label_0_end ]" [src/maxpool.cpp:16]   --->   Operation 57 'phi' 'indvar_flatten26' <Predicate = true> <Delay = 0.00>
ST_5 : Operation 58 [1/1] (0.00ns)   --->   "%indvar_flatten = phi i10 [ 0, %0 ], [ %select_ln17, %hls_label_0_end ]" [src/maxpool.cpp:17]   --->   Operation 58 'phi' 'indvar_flatten' <Predicate = true> <Delay = 0.00>
ST_5 : Operation 59 [1/1] (1.99ns)   --->   "%icmp_ln16 = icmp eq i12 %indvar_flatten26, -1392" [src/maxpool.cpp:16]   --->   Operation 59 'icmp' 'icmp_ln16' <Predicate = true> <Delay = 1.99> <Core = "Cmp">   --->   Core 25 'Cmp' <Latency = 0> <II = 1> <Delay = 1.42> <FuncUnit> <Opcode : 'icmp'> <InPorts = 2> <OutPorts = 1>
ST_5 : Operation 60 [1/1] (1.54ns)   --->   "%add_ln16 = add i12 %indvar_flatten26, 1" [src/maxpool.cpp:16]   --->   Operation 60 'add' 'add_ln16' <Predicate = true> <Delay = 1.54> <Core = "AddSub">   --->   Core 14 'AddSub' <Latency = 0> <II = 1> <Delay = 1.73> <FuncUnit> <Opcode : 'add' 'sub'> <InPorts = 2> <OutPorts = 1>
ST_5 : Operation 61 [1/1] (1.77ns)   --->   "%icmp_ln17 = icmp eq i10 %indvar_flatten, -348" [src/maxpool.cpp:17]   --->   Operation 61 'icmp' 'icmp_ln17' <Predicate = (!icmp_ln16)> <Delay = 1.77> <Core = "Cmp">   --->   Core 25 'Cmp' <Latency = 0> <II = 1> <Delay = 1.42> <FuncUnit> <Opcode : 'icmp'> <InPorts = 2> <OutPorts = 1>
ST_5 : Operation 62 [16/16] (3.35ns)   --->   "%empty_36 = urem i12 %indvar_flatten26, 26" [src/maxpool.cpp:16]   --->   Operation 62 'urem' 'empty_36' <Predicate = (!icmp_ln16)> <Delay = 3.35> <Core = "DivnS">   --->   Core 23 'DivnS' <Latency = 15> <II = 1> <Delay = 3.35> <FuncUnit> <Opcode : 'sdiv' 'srem' 'udiv' 'urem'> <InPorts = 2> <OutPorts = 1>
ST_5 : Operation 63 [1/1] (1.73ns)   --->   "%add_ln17_1 = add i10 %indvar_flatten, 1" [src/maxpool.cpp:17]   --->   Operation 63 'add' 'add_ln17_1' <Predicate = (!icmp_ln16)> <Delay = 1.73> <Core = "AddSub">   --->   Core 14 'AddSub' <Latency = 0> <II = 1> <Delay = 1.73> <FuncUnit> <Opcode : 'add' 'sub'> <InPorts = 2> <OutPorts = 1>
ST_5 : Operation 64 [1/1] (0.68ns)   --->   "%select_ln17 = select i1 %icmp_ln17, i10 1, i10 %add_ln17_1" [src/maxpool.cpp:17]   --->   Operation 64 'select' 'select_ln17' <Predicate = (!icmp_ln16)> <Delay = 0.68> <Core = "Sel">   --->   Core 26 'Sel' <Latency = 0> <II = 1> <Delay = 0.68> <FuncUnit> <Opcode : 'select'> <InPorts = 3> <OutPorts = 1>

State 6 <SV = 5> <Delay = 4.21>
ST_6 : Operation 65 [1/1] (0.00ns)   --->   "%nn_0 = phi i3 [ 0, %0 ], [ %select_ln20_1, %hls_label_0_end ]" [src/maxpool.cpp:20]   --->   Operation 65 'phi' 'nn_0' <Predicate = true> <Delay = 0.00>
ST_6 : Operation 66 [1/1] (0.00ns)   --->   "%ii_0 = phi i5 [ 0, %0 ], [ %select_ln22_2, %hls_label_0_end ]" [src/maxpool.cpp:22]   --->   Operation 66 'phi' 'ii_0' <Predicate = true> <Delay = 0.00>
ST_6 : Operation 67 [1/1] (0.00ns)   --->   "%jj_0 = phi i5 [ 0, %0 ], [ %jj, %hls_label_0_end ]"   --->   Operation 67 'phi' 'jj_0' <Predicate = true> <Delay = 0.00>
ST_6 : Operation 68 [1/1] (0.00ns)   --->   "%zext_ln20 = zext i3 %nn_0 to i19" [src/maxpool.cpp:20]   --->   Operation 68 'zext' 'zext_ln20' <Predicate = true> <Delay = 0.00>
ST_6 : Operation 69 [3/3] (1.05ns) (grouped into DSP with root node add_ln24)   --->   "%nn_size = mul i19 %zext_ln9_2, %zext_ln20" [src/maxpool.cpp:20]   --->   Operation 69 'mul' 'nn_size' <Predicate = true> <Delay = 1.05> <Core = "DSP48">   --->   Core 88 'DSP48' <Latency = 2> <II = 1> <Delay = 3.88> <IPBlock> <Opcode : 'mul' 'add' 'sub' 'select'> <InPorts = 0> <OutPorts = 1> <Sync> <CReg>
ST_6 : Operation 70 [1/1] (0.00ns)   --->   "%zext_ln22 = zext i5 %ii_0 to i21" [src/maxpool.cpp:22]   --->   Operation 70 'zext' 'zext_ln22' <Predicate = true> <Delay = 0.00>
ST_6 : Operation 71 [3/3] (3.89ns) (root node of the DSP)   --->   "%ii_fsize = mul i21 %zext_ln10, %zext_ln22" [src/maxpool.cpp:22]   --->   Operation 71 'mul' 'ii_fsize' <Predicate = true> <Delay = 3.89> <Core = "DSP48">   --->   Core 88 'DSP48' <Latency = 2> <II = 1> <Delay = 3.88> <IPBlock> <Opcode : 'mul' 'add' 'sub' 'select'> <InPorts = 0> <OutPorts = 1> <Sync> <CReg>
ST_6 : Operation 72 [1/1] (1.65ns)   --->   "%nn = add i3 %nn_0, 1" [src/maxpool.cpp:16]   --->   Operation 72 'add' 'nn' <Predicate = (!icmp_ln16)> <Delay = 1.65> <Core = "AddSub">   --->   Core 14 'AddSub' <Latency = 0> <II = 1> <Delay = 1.73> <FuncUnit> <Opcode : 'add' 'sub'> <InPorts = 2> <OutPorts = 1>
ST_6 : Operation 73 [1/1] (1.21ns)   --->   "%select_ln20 = select i1 %icmp_ln17, i5 0, i5 %ii_0" [src/maxpool.cpp:20]   --->   Operation 73 'select' 'select_ln20' <Predicate = (!icmp_ln16)> <Delay = 1.21> <Core = "Sel">   --->   Core 26 'Sel' <Latency = 0> <II = 1> <Delay = 0.68> <FuncUnit> <Opcode : 'select'> <InPorts = 3> <OutPorts = 1>
ST_6 : Operation 74 [1/1] (0.98ns)   --->   "%select_ln20_1 = select i1 %icmp_ln17, i3 %nn, i3 %nn_0" [src/maxpool.cpp:20]   --->   Operation 74 'select' 'select_ln20_1' <Predicate = (!icmp_ln16)> <Delay = 0.98> <Core = "Sel">   --->   Core 26 'Sel' <Latency = 0> <II = 1> <Delay = 0.68> <FuncUnit> <Opcode : 'select'> <InPorts = 3> <OutPorts = 1>
ST_6 : Operation 75 [1/1] (0.00ns) (grouped into LUT with out node and_ln20)   --->   "%xor_ln20 = xor i1 %icmp_ln17, true" [src/maxpool.cpp:20]   --->   Operation 75 'xor' 'xor_ln20' <Predicate = (!icmp_ln16)> <Delay = 0.00> <Core = "LogicGate">   --->   Core 27 'LogicGate' <Latency = 0> <II = 1> <Delay = 0.97> <FuncUnit> <Opcode : 'and' 'or' 'xor'> <InPorts = 2> <OutPorts = 1>
ST_6 : Operation 76 [1/1] (1.36ns)   --->   "%icmp_ln18 = icmp eq i5 %jj_0, -6" [src/maxpool.cpp:18]   --->   Operation 76 'icmp' 'icmp_ln18' <Predicate = (!icmp_ln16)> <Delay = 1.36> <Core = "Cmp">   --->   Core 25 'Cmp' <Latency = 0> <II = 1> <Delay = 1.42> <FuncUnit> <Opcode : 'icmp'> <InPorts = 2> <OutPorts = 1>
ST_6 : Operation 77 [1/1] (0.97ns) (out node of the LUT)   --->   "%and_ln20 = and i1 %icmp_ln18, %xor_ln20" [src/maxpool.cpp:20]   --->   Operation 77 'and' 'and_ln20' <Predicate = (!icmp_ln16)> <Delay = 0.97> <Core = "LogicGate">   --->   Core 27 'LogicGate' <Latency = 0> <II = 1> <Delay = 0.97> <FuncUnit> <Opcode : 'and' 'or' 'xor'> <InPorts = 2> <OutPorts = 1>
ST_6 : Operation 78 [1/1] (1.78ns)   --->   "%ii = add i5 %select_ln20, 1" [src/maxpool.cpp:17]   --->   Operation 78 'add' 'ii' <Predicate = (!icmp_ln16)> <Delay = 1.78> <Core = "AddSub">   --->   Core 14 'AddSub' <Latency = 0> <II = 1> <Delay = 1.73> <FuncUnit> <Opcode : 'add' 'sub'> <InPorts = 2> <OutPorts = 1>
ST_6 : Operation 79 [1/1] (0.00ns) (grouped into LUT with out node select_ln22)   --->   "%or_ln22 = or i1 %and_ln20, %icmp_ln17" [src/maxpool.cpp:22]   --->   Operation 79 'or' 'or_ln22' <Predicate = (!icmp_ln16)> <Delay = 0.00> <Core = "LogicGate">   --->   Core 27 'LogicGate' <Latency = 0> <II = 1> <Delay = 0.97> <FuncUnit> <Opcode : 'and' 'or' 'xor'> <InPorts = 2> <OutPorts = 1>
ST_6 : Operation 80 [1/1] (1.21ns) (out node of the LUT)   --->   "%select_ln22 = select i1 %or_ln22, i5 0, i5 %jj_0" [src/maxpool.cpp:22]   --->   Operation 80 'select' 'select_ln22' <Predicate = (!icmp_ln16)> <Delay = 1.21> <Core = "Sel">   --->   Core 26 'Sel' <Latency = 0> <II = 1> <Delay = 0.68> <FuncUnit> <Opcode : 'select'> <InPorts = 3> <OutPorts = 1>
ST_6 : Operation 81 [1/1] (1.21ns)   --->   "%select_ln22_2 = select i1 %and_ln20, i5 %ii, i5 %select_ln20" [src/maxpool.cpp:22]   --->   Operation 81 'select' 'select_ln22_2' <Predicate = (!icmp_ln16)> <Delay = 1.21> <Core = "Sel">   --->   Core 26 'Sel' <Latency = 0> <II = 1> <Delay = 0.68> <FuncUnit> <Opcode : 'select'> <InPorts = 3> <OutPorts = 1>
ST_6 : Operation 82 [15/16] (3.35ns)   --->   "%empty_36 = urem i12 %indvar_flatten26, 26" [src/maxpool.cpp:16]   --->   Operation 82 'urem' 'empty_36' <Predicate = (!icmp_ln16)> <Delay = 3.35> <Core = "DivnS">   --->   Core 23 'DivnS' <Latency = 15> <II = 1> <Delay = 3.35> <FuncUnit> <Opcode : 'sdiv' 'srem' 'udiv' 'urem'> <InPorts = 2> <OutPorts = 1>

State 7 <SV = 6> <Delay = 5.33>
ST_7 : Operation 83 [2/3] (1.05ns) (grouped into DSP with root node add_ln24)   --->   "%nn_size = mul i19 %zext_ln9_2, %zext_ln20" [src/maxpool.cpp:20]   --->   Operation 83 'mul' 'nn_size' <Predicate = true> <Delay = 1.05> <Core = "DSP48">   --->   Core 88 'DSP48' <Latency = 2> <II = 1> <Delay = 3.88> <IPBlock> <Opcode : 'mul' 'add' 'sub' 'select'> <InPorts = 0> <OutPorts = 1> <Sync> <CReg>
ST_7 : Operation 84 [2/3] (3.89ns) (root node of the DSP)   --->   "%ii_fsize = mul i21 %zext_ln10, %zext_ln22" [src/maxpool.cpp:22]   --->   Operation 84 'mul' 'ii_fsize' <Predicate = true> <Delay = 3.89> <Core = "DSP48">   --->   Core 88 'DSP48' <Latency = 2> <II = 1> <Delay = 3.88> <IPBlock> <Opcode : 'mul' 'add' 'sub' 'select'> <InPorts = 0> <OutPorts = 1> <Sync> <CReg>
ST_7 : Operation 85 [1/1] (0.00ns)   --->   "br i1 %icmp_ln16, label %1, label %hls_label_0_begin" [src/maxpool.cpp:16]   --->   Operation 85 'br' <Predicate = true> <Delay = 0.00>
ST_7 : Operation 86 [1/1] (0.00ns)   --->   "%zext_ln20_1 = zext i3 %nn to i19" [src/maxpool.cpp:20]   --->   Operation 86 'zext' 'zext_ln20_1' <Predicate = (!icmp_ln16)> <Delay = 0.00>
ST_7 : Operation 87 [3/3] (1.05ns) (grouped into DSP with root node add_ln24_2)   --->   "%mul_ln20_1 = mul i19 %zext_ln9_2, %zext_ln20_1" [src/maxpool.cpp:20]   --->   Operation 87 'mul' 'mul_ln20_1' <Predicate = (!icmp_ln16)> <Delay = 1.05> <Core = "DSP48">   --->   Core 88 'DSP48' <Latency = 2> <II = 1> <Delay = 3.88> <IPBlock> <Opcode : 'mul' 'add' 'sub' 'select'> <InPorts = 0> <OutPorts = 1> <Sync> <CReg>
ST_7 : Operation 88 [1/1] (0.00ns)   --->   "%zext_ln203 = zext i3 %select_ln20_1 to i8" [src/maxpool.cpp:24]   --->   Operation 88 'zext' 'zext_ln203' <Predicate = (!icmp_ln16)> <Delay = 0.00>
ST_7 : Operation 89 [3/3] (1.05ns) (grouped into DSP with root node add_ln203)   --->   "%mul_ln203 = mul i8 %zext_ln203, 26" [src/maxpool.cpp:24]   --->   Operation 89 'mul' 'mul_ln203' <Predicate = (!icmp_ln16)> <Delay = 1.05> <Core = "DSP48">   --->   Core 88 'DSP48' <Latency = 2> <II = 1> <Delay = 3.88> <IPBlock> <Opcode : 'mul' 'add' 'sub' 'select'> <InPorts = 0> <OutPorts = 1> <Sync> <CReg>
ST_7 : Operation 90 [1/1] (0.00ns)   --->   "%zext_ln22_1 = zext i5 %ii to i21" [src/maxpool.cpp:22]   --->   Operation 90 'zext' 'zext_ln22_1' <Predicate = (!icmp_ln16)> <Delay = 0.00>
ST_7 : Operation 91 [3/3] (3.89ns) (root node of the DSP)   --->   "%mul_ln22_1 = mul i21 %zext_ln10, %zext_ln22_1" [src/maxpool.cpp:22]   --->   Operation 91 'mul' 'mul_ln22_1' <Predicate = (!icmp_ln16)> <Delay = 3.89> <Core = "DSP48">   --->   Core 88 'DSP48' <Latency = 2> <II = 1> <Delay = 3.88> <IPBlock> <Opcode : 'mul' 'add' 'sub' 'select'> <InPorts = 0> <OutPorts = 1> <Sync> <CReg>
ST_7 : Operation 92 [14/16] (3.35ns)   --->   "%empty_36 = urem i12 %indvar_flatten26, 26" [src/maxpool.cpp:16]   --->   Operation 92 'urem' 'empty_36' <Predicate = (!icmp_ln16)> <Delay = 3.35> <Core = "DivnS">   --->   Core 23 'DivnS' <Latency = 15> <II = 1> <Delay = 3.35> <FuncUnit> <Opcode : 'sdiv' 'srem' 'udiv' 'urem'> <InPorts = 2> <OutPorts = 1>
ST_7 : Operation 93 [1/1] (1.78ns)   --->   "%jj = add i5 %select_ln22, 1" [src/maxpool.cpp:18]   --->   Operation 93 'add' 'jj' <Predicate = (!icmp_ln16)> <Delay = 1.78> <Core = "AddSub">   --->   Core 14 'AddSub' <Latency = 0> <II = 1> <Delay = 1.73> <FuncUnit> <Opcode : 'add' 'sub'> <InPorts = 2> <OutPorts = 1>

State 8 <SV = 7> <Delay = 3.89>
ST_8 : Operation 94 [1/3] (0.00ns) (grouped into DSP with root node add_ln24)   --->   "%nn_size = mul i19 %zext_ln9_2, %zext_ln20" [src/maxpool.cpp:20]   --->   Operation 94 'mul' 'nn_size' <Predicate = true> <Delay = 0.00> <Core = "DSP48">   --->   Core 88 'DSP48' <Latency = 2> <II = 1> <Delay = 3.88> <IPBlock> <Opcode : 'mul' 'add' 'sub' 'select'> <InPorts = 0> <OutPorts = 1> <Sync> <CReg>
ST_8 : Operation 95 [1/1] (0.00ns) (grouped into DSP with root node add_ln24)   --->   "%zext_ln17 = zext i19 %nn_size to i33" [src/maxpool.cpp:17]   --->   Operation 95 'zext' 'zext_ln17' <Predicate = true> <Delay = 0.00>
ST_8 : Operation 96 [1/1] (3.02ns) (root node of the DSP)   --->   "%add_ln24 = add i33 %zext_ln17, %sext_ln16" [src/maxpool.cpp:24]   --->   Operation 96 'add' 'add_ln24' <Predicate = true> <Delay = 3.02> <Core = "DSP48">   --->   Core 88 'DSP48' <Latency = 2> <II = 1> <Delay = 3.88> <IPBlock> <Opcode : 'mul' 'add' 'sub' 'select'> <InPorts = 0> <OutPorts = 1> <Sync> <CReg>
ST_8 : Operation 97 [1/3] (0.00ns) (root node of the DSP)   --->   "%ii_fsize = mul i21 %zext_ln10, %zext_ln22" [src/maxpool.cpp:22]   --->   Operation 97 'mul' 'ii_fsize' <Predicate = true> <Delay = 0.00> <Core = "DSP48">   --->   Core 88 'DSP48' <Latency = 2> <II = 1> <Delay = 3.88> <IPBlock> <Opcode : 'mul' 'add' 'sub' 'select'> <InPorts = 0> <OutPorts = 1> <Sync> <CReg>
ST_8 : Operation 98 [2/3] (1.05ns) (grouped into DSP with root node add_ln24_2)   --->   "%mul_ln20_1 = mul i19 %zext_ln9_2, %zext_ln20_1" [src/maxpool.cpp:20]   --->   Operation 98 'mul' 'mul_ln20_1' <Predicate = (!icmp_ln16)> <Delay = 1.05> <Core = "DSP48">   --->   Core 88 'DSP48' <Latency = 2> <II = 1> <Delay = 3.88> <IPBlock> <Opcode : 'mul' 'add' 'sub' 'select'> <InPorts = 0> <OutPorts = 1> <Sync> <CReg>
ST_8 : Operation 99 [2/3] (1.05ns) (grouped into DSP with root node add_ln203)   --->   "%mul_ln203 = mul i8 %zext_ln203, 26" [src/maxpool.cpp:24]   --->   Operation 99 'mul' 'mul_ln203' <Predicate = (!icmp_ln16)> <Delay = 1.05> <Core = "DSP48">   --->   Core 88 'DSP48' <Latency = 2> <II = 1> <Delay = 3.88> <IPBlock> <Opcode : 'mul' 'add' 'sub' 'select'> <InPorts = 0> <OutPorts = 1> <Sync> <CReg>
ST_8 : Operation 100 [2/3] (3.89ns) (root node of the DSP)   --->   "%mul_ln22_1 = mul i21 %zext_ln10, %zext_ln22_1" [src/maxpool.cpp:22]   --->   Operation 100 'mul' 'mul_ln22_1' <Predicate = (!icmp_ln16)> <Delay = 3.89> <Core = "DSP48">   --->   Core 88 'DSP48' <Latency = 2> <II = 1> <Delay = 3.88> <IPBlock> <Opcode : 'mul' 'add' 'sub' 'select'> <InPorts = 0> <OutPorts = 1> <Sync> <CReg>
ST_8 : Operation 101 [13/16] (3.35ns)   --->   "%empty_36 = urem i12 %indvar_flatten26, 26" [src/maxpool.cpp:16]   --->   Operation 101 'urem' 'empty_36' <Predicate = (!icmp_ln16)> <Delay = 3.35> <Core = "DivnS">   --->   Core 23 'DivnS' <Latency = 15> <II = 1> <Delay = 3.35> <FuncUnit> <Opcode : 'sdiv' 'srem' 'udiv' 'urem'> <InPorts = 2> <OutPorts = 1>

State 9 <SV = 8> <Delay = 4.07>
ST_9 : Operation 102 [1/1] (0.00ns)   --->   "%zext_ln24 = zext i21 %ii_fsize to i33" [src/maxpool.cpp:24]   --->   Operation 102 'zext' 'zext_ln24' <Predicate = (!icmp_ln17 & !and_ln20)> <Delay = 0.00>
ST_9 : Operation 103 [1/1] (2.59ns)   --->   "%add_ln24_1 = add i33 %zext_ln24, %add_ln24" [src/maxpool.cpp:24]   --->   Operation 103 'add' 'add_ln24_1' <Predicate = (!icmp_ln17 & !and_ln20)> <Delay = 2.59> <Core = "AddSub">   --->   Core 14 'AddSub' <Latency = 0> <II = 1> <Delay = 1.73> <FuncUnit> <Opcode : 'add' 'sub'> <InPorts = 2> <OutPorts = 1>
ST_9 : Operation 104 [1/3] (0.00ns) (grouped into DSP with root node add_ln24_2)   --->   "%mul_ln20_1 = mul i19 %zext_ln9_2, %zext_ln20_1" [src/maxpool.cpp:20]   --->   Operation 104 'mul' 'mul_ln20_1' <Predicate = (!icmp_ln16)> <Delay = 0.00> <Core = "DSP48">   --->   Core 88 'DSP48' <Latency = 2> <II = 1> <Delay = 3.88> <IPBlock> <Opcode : 'mul' 'add' 'sub' 'select'> <InPorts = 0> <OutPorts = 1> <Sync> <CReg>
ST_9 : Operation 105 [1/3] (0.00ns) (grouped into DSP with root node add_ln203)   --->   "%mul_ln203 = mul i8 %zext_ln203, 26" [src/maxpool.cpp:24]   --->   Operation 105 'mul' 'mul_ln203' <Predicate = (!icmp_ln16)> <Delay = 0.00> <Core = "DSP48">   --->   Core 88 'DSP48' <Latency = 2> <II = 1> <Delay = 3.88> <IPBlock> <Opcode : 'mul' 'add' 'sub' 'select'> <InPorts = 0> <OutPorts = 1> <Sync> <CReg>
ST_9 : Operation 106 [1/1] (0.00ns) (grouped into DSP with root node add_ln24_2)   --->   "%zext_ln17_1 = zext i19 %mul_ln20_1 to i33" [src/maxpool.cpp:17]   --->   Operation 106 'zext' 'zext_ln17_1' <Predicate = (!icmp_ln16)> <Delay = 0.00>
ST_9 : Operation 107 [1/1] (3.02ns) (root node of the DSP)   --->   "%add_ln24_2 = add i33 %zext_ln17_1, %sext_ln16" [src/maxpool.cpp:24]   --->   Operation 107 'add' 'add_ln24_2' <Predicate = (!icmp_ln16)> <Delay = 3.02> <Core = "DSP48">   --->   Core 88 'DSP48' <Latency = 2> <II = 1> <Delay = 3.88> <IPBlock> <Opcode : 'mul' 'add' 'sub' 'select'> <InPorts = 0> <OutPorts = 1> <Sync> <CReg>
ST_9 : Operation 108 [1/3] (0.00ns) (root node of the DSP)   --->   "%mul_ln22_1 = mul i21 %zext_ln10, %zext_ln22_1" [src/maxpool.cpp:22]   --->   Operation 108 'mul' 'mul_ln22_1' <Predicate = (!icmp_ln16)> <Delay = 0.00> <Core = "DSP48">   --->   Core 88 'DSP48' <Latency = 2> <II = 1> <Delay = 3.88> <IPBlock> <Opcode : 'mul' 'add' 'sub' 'select'> <InPorts = 0> <OutPorts = 1> <Sync> <CReg>
ST_9 : Operation 109 [1/1] (0.00ns)   --->   "%zext_ln22_2 = zext i5 %select_ln22_2 to i8" [src/maxpool.cpp:22]   --->   Operation 109 'zext' 'zext_ln22_2' <Predicate = (!icmp_ln16)> <Delay = 0.00>
ST_9 : Operation 110 [1/1] (3.02ns) (root node of the DSP)   --->   "%add_ln203 = add i8 %zext_ln22_2, %mul_ln203" [src/maxpool.cpp:24]   --->   Operation 110 'add' 'add_ln203' <Predicate = (!icmp_ln16)> <Delay = 3.02> <Core = "DSP48">   --->   Core 88 'DSP48' <Latency = 2> <II = 1> <Delay = 3.88> <IPBlock> <Opcode : 'mul' 'add' 'sub' 'select'> <InPorts = 0> <OutPorts = 1> <Sync> <CReg>
ST_9 : Operation 111 [1/1] (0.00ns)   --->   "%zext_ln203_22 = zext i8 %add_ln203 to i13" [src/maxpool.cpp:24]   --->   Operation 111 'zext' 'zext_ln203_22' <Predicate = (!icmp_ln16)> <Delay = 0.00>
ST_9 : Operation 112 [3/3] (1.05ns) (grouped into DSP with root node add_ln203_14)   --->   "%mul_ln203_2 = mul i13 %zext_ln203_22, 26" [src/maxpool.cpp:24]   --->   Operation 112 'mul' 'mul_ln203_2' <Predicate = (!icmp_ln16)> <Delay = 1.05> <Core = "DSP48">   --->   Core 88 'DSP48' <Latency = 2> <II = 1> <Delay = 3.88> <IPBlock> <Opcode : 'mul' 'add' 'sub' 'select'> <InPorts = 0> <OutPorts = 1> <Sync> <CReg>
ST_9 : Operation 113 [12/16] (3.35ns)   --->   "%empty_36 = urem i12 %indvar_flatten26, 26" [src/maxpool.cpp:16]   --->   Operation 113 'urem' 'empty_36' <Predicate = (!icmp_ln16)> <Delay = 3.35> <Core = "DivnS">   --->   Core 23 'DivnS' <Latency = 15> <II = 1> <Delay = 3.35> <FuncUnit> <Opcode : 'sdiv' 'srem' 'udiv' 'urem'> <InPorts = 2> <OutPorts = 1>

State 10 <SV = 9> <Delay = 3.35>
ST_10 : Operation 114 [1/1] (0.00ns) (grouped into LUT with out node add_ln24_3)   --->   "%select_ln20_2 = select i1 %icmp_ln17, i33 %add_ln24_2, i33 %add_ln24" [src/maxpool.cpp:20]   --->   Operation 114 'select' 'select_ln20_2' <Predicate = (!icmp_ln16 & and_ln20)> <Delay = 0.00> <Core = "Sel">   --->   Core 26 'Sel' <Latency = 0> <II = 1> <Delay = 0.68> <FuncUnit> <Opcode : 'select'> <InPorts = 3> <OutPorts = 1>
ST_10 : Operation 115 [1/1] (0.00ns) (grouped into LUT with out node select_ln22_1)   --->   "%select_ln20_3 = select i1 %icmp_ln17, i21 0, i21 %ii_fsize" [src/maxpool.cpp:20]   --->   Operation 115 'select' 'select_ln20_3' <Predicate = (!icmp_ln16 & !and_ln20)> <Delay = 0.00> <Core = "Sel">   --->   Core 26 'Sel' <Latency = 0> <II = 1> <Delay = 0.68> <FuncUnit> <Opcode : 'select'> <InPorts = 3> <OutPorts = 1>
ST_10 : Operation 116 [1/1] (0.70ns) (out node of the LUT)   --->   "%select_ln22_1 = select i1 %and_ln20, i21 %mul_ln22_1, i21 %select_ln20_3" [src/maxpool.cpp:22]   --->   Operation 116 'select' 'select_ln22_1' <Predicate = (!icmp_ln16)> <Delay = 0.70> <Core = "Sel">   --->   Core 26 'Sel' <Latency = 0> <II = 1> <Delay = 0.68> <FuncUnit> <Opcode : 'select'> <InPorts = 3> <OutPorts = 1>
ST_10 : Operation 117 [2/3] (1.05ns) (grouped into DSP with root node add_ln203_14)   --->   "%mul_ln203_2 = mul i13 %zext_ln203_22, 26" [src/maxpool.cpp:24]   --->   Operation 117 'mul' 'mul_ln203_2' <Predicate = (!icmp_ln16)> <Delay = 1.05> <Core = "DSP48">   --->   Core 88 'DSP48' <Latency = 2> <II = 1> <Delay = 3.88> <IPBlock> <Opcode : 'mul' 'add' 'sub' 'select'> <InPorts = 0> <OutPorts = 1> <Sync> <CReg>
ST_10 : Operation 118 [1/1] (0.00ns) (grouped into LUT with out node add_ln24_3)   --->   "%zext_ln24_1 = zext i21 %mul_ln22_1 to i33" [src/maxpool.cpp:24]   --->   Operation 118 'zext' 'zext_ln24_1' <Predicate = (!icmp_ln16 & and_ln20)> <Delay = 0.00>
ST_10 : Operation 119 [1/1] (2.59ns) (out node of the LUT)   --->   "%add_ln24_3 = add i33 %zext_ln24_1, %select_ln20_2" [src/maxpool.cpp:24]   --->   Operation 119 'add' 'add_ln24_3' <Predicate = (!icmp_ln16 & and_ln20)> <Delay = 2.59> <Core = "AddSub">   --->   Core 14 'AddSub' <Latency = 0> <II = 1> <Delay = 1.73> <FuncUnit> <Opcode : 'add' 'sub'> <InPorts = 2> <OutPorts = 1>
ST_10 : Operation 120 [1/1] (0.00ns)   --->   "call void (...)* @_ssdm_op_SpecFUCore(i21 %select_ln22_1, [1 x i8]* @p_str122, [8 x i8]* @p_str223, [1 x i8]* @p_str122, i32 -1, [1 x i8]* @p_str122, [1 x i8]* @p_str122, [1 x i8]* @p_str122, [1 x i8]* @p_str122, [1 x i8]* @p_str122)" [src/maxpool.cpp:23]   --->   Operation 120 'specfucore' <Predicate = (!icmp_ln16)> <Delay = 0.00>
ST_10 : Operation 121 [11/16] (3.35ns)   --->   "%empty_36 = urem i12 %indvar_flatten26, 26" [src/maxpool.cpp:16]   --->   Operation 121 'urem' 'empty_36' <Predicate = (!icmp_ln16)> <Delay = 3.35> <Core = "DivnS">   --->   Core 23 'DivnS' <Latency = 15> <II = 1> <Delay = 3.35> <FuncUnit> <Opcode : 'sdiv' 'srem' 'udiv' 'urem'> <InPorts = 2> <OutPorts = 1>

State 11 <SV = 10> <Delay = 3.35>
ST_11 : Operation 122 [1/3] (0.00ns) (grouped into DSP with root node add_ln203_14)   --->   "%mul_ln203_2 = mul i13 %zext_ln203_22, 26" [src/maxpool.cpp:24]   --->   Operation 122 'mul' 'mul_ln203_2' <Predicate = (!icmp_ln16)> <Delay = 0.00> <Core = "DSP48">   --->   Core 88 'DSP48' <Latency = 2> <II = 1> <Delay = 3.88> <IPBlock> <Opcode : 'mul' 'add' 'sub' 'select'> <InPorts = 0> <OutPorts = 1> <Sync> <CReg>
ST_11 : Operation 123 [1/1] (0.00ns) (grouped into LUT with out node add_ln203_15)   --->   "%select_ln20_4 = select i1 %icmp_ln17, i33 %add_ln24_2, i33 %add_ln24_1" [src/maxpool.cpp:20]   --->   Operation 123 'select' 'select_ln20_4' <Predicate = (!icmp_ln16 & !and_ln20)> <Delay = 0.00> <Core = "Sel">   --->   Core 26 'Sel' <Latency = 0> <II = 1> <Delay = 0.68> <FuncUnit> <Opcode : 'select'> <InPorts = 3> <OutPorts = 1>
ST_11 : Operation 124 [1/1] (0.00ns) (grouped into LUT with out node add_ln203_15)   --->   "%select_ln22_3 = select i1 %and_ln20, i33 %add_ln24_3, i33 %select_ln20_4" [src/maxpool.cpp:22]   --->   Operation 124 'select' 'select_ln22_3' <Predicate = (!icmp_ln16)> <Delay = 0.00> <Core = "Sel">   --->   Core 26 'Sel' <Latency = 0> <II = 1> <Delay = 0.68> <FuncUnit> <Opcode : 'select'> <InPorts = 3> <OutPorts = 1>
ST_11 : Operation 125 [1/1] (0.00ns) (grouped into LUT with out node add_ln203_15)   --->   "%sext_ln17 = sext i33 %select_ln22_3 to i34" [src/maxpool.cpp:17]   --->   Operation 125 'sext' 'sext_ln17' <Predicate = (!icmp_ln16)> <Delay = 0.00>
ST_11 : Operation 126 [1/1] (0.00ns)   --->   "%zext_ln203_23 = zext i5 %select_ln22 to i13" [src/maxpool.cpp:24]   --->   Operation 126 'zext' 'zext_ln203_23' <Predicate = (!icmp_ln16)> <Delay = 0.00>
ST_11 : Operation 127 [1/1] (3.02ns) (root node of the DSP)   --->   "%add_ln203_14 = add i13 %zext_ln203_23, %mul_ln203_2" [src/maxpool.cpp:24]   --->   Operation 127 'add' 'add_ln203_14' <Predicate = (!icmp_ln16)> <Delay = 3.02> <Core = "DSP48">   --->   Core 88 'DSP48' <Latency = 2> <II = 1> <Delay = 3.88> <IPBlock> <Opcode : 'mul' 'add' 'sub' 'select'> <InPorts = 0> <OutPorts = 1> <Sync> <CReg>
ST_11 : Operation 128 [1/1] (0.00ns)   --->   "%sext_ln203 = sext i13 %add_ln203_14 to i64" [src/maxpool.cpp:24]   --->   Operation 128 'sext' 'sext_ln203' <Predicate = (!icmp_ln16)> <Delay = 0.00>
ST_11 : Operation 129 [1/1] (0.00ns)   --->   "%fm_in_buff_V_addr = getelementptr [2704 x i16]* %fm_in_buff_V, i64 0, i64 %sext_ln203" [src/maxpool.cpp:24]   --->   Operation 129 'getelementptr' 'fm_in_buff_V_addr' <Predicate = (!icmp_ln16)> <Delay = 0.00>
ST_11 : Operation 130 [1/1] (2.59ns) (out node of the LUT)   --->   "%add_ln203_15 = add i34 %sext_ln17, %zext_ln16" [src/maxpool.cpp:24]   --->   Operation 130 'add' 'add_ln203_15' <Predicate = (!icmp_ln16)> <Delay = 2.59> <Core = "AddSub">   --->   Core 14 'AddSub' <Latency = 0> <II = 1> <Delay = 1.73> <FuncUnit> <Opcode : 'add' 'sub'> <InPorts = 2> <OutPorts = 1>
ST_11 : Operation 131 [1/1] (0.00ns)   --->   "%sext_ln203_5 = sext i34 %add_ln203_15 to i64" [src/maxpool.cpp:24]   --->   Operation 131 'sext' 'sext_ln203_5' <Predicate = (!icmp_ln16)> <Delay = 0.00>
ST_11 : Operation 132 [1/1] (0.00ns)   --->   "%in_V_addr = getelementptr i16* %in_V, i64 %sext_ln203_5" [src/maxpool.cpp:24]   --->   Operation 132 'getelementptr' 'in_V_addr' <Predicate = (!icmp_ln16)> <Delay = 0.00>
ST_11 : Operation 133 [10/16] (3.35ns)   --->   "%empty_36 = urem i12 %indvar_flatten26, 26" [src/maxpool.cpp:16]   --->   Operation 133 'urem' 'empty_36' <Predicate = (!icmp_ln16)> <Delay = 3.35> <Core = "DivnS">   --->   Core 23 'DivnS' <Latency = 15> <II = 1> <Delay = 3.35> <FuncUnit> <Opcode : 'sdiv' 'srem' 'udiv' 'urem'> <InPorts = 2> <OutPorts = 1>

State 12 <SV = 11> <Delay = 3.35>
ST_12 : Operation 134 [9/16] (3.35ns)   --->   "%empty_36 = urem i12 %indvar_flatten26, 26" [src/maxpool.cpp:16]   --->   Operation 134 'urem' 'empty_36' <Predicate = (!icmp_ln16)> <Delay = 3.35> <Core = "DivnS">   --->   Core 23 'DivnS' <Latency = 15> <II = 1> <Delay = 3.35> <FuncUnit> <Opcode : 'sdiv' 'srem' 'udiv' 'urem'> <InPorts = 2> <OutPorts = 1>

State 13 <SV = 12> <Delay = 3.35>
ST_13 : Operation 135 [8/16] (3.35ns)   --->   "%empty_36 = urem i12 %indvar_flatten26, 26" [src/maxpool.cpp:16]   --->   Operation 135 'urem' 'empty_36' <Predicate = (!icmp_ln16)> <Delay = 3.35> <Core = "DivnS">   --->   Core 23 'DivnS' <Latency = 15> <II = 1> <Delay = 3.35> <FuncUnit> <Opcode : 'sdiv' 'srem' 'udiv' 'urem'> <InPorts = 2> <OutPorts = 1>

State 14 <SV = 13> <Delay = 3.35>
ST_14 : Operation 136 [7/16] (3.35ns)   --->   "%empty_36 = urem i12 %indvar_flatten26, 26" [src/maxpool.cpp:16]   --->   Operation 136 'urem' 'empty_36' <Predicate = (!icmp_ln16)> <Delay = 3.35> <Core = "DivnS">   --->   Core 23 'DivnS' <Latency = 15> <II = 1> <Delay = 3.35> <FuncUnit> <Opcode : 'sdiv' 'srem' 'udiv' 'urem'> <InPorts = 2> <OutPorts = 1>

State 15 <SV = 14> <Delay = 3.35>
ST_15 : Operation 137 [6/16] (3.35ns)   --->   "%empty_36 = urem i12 %indvar_flatten26, 26" [src/maxpool.cpp:16]   --->   Operation 137 'urem' 'empty_36' <Predicate = (!icmp_ln16)> <Delay = 3.35> <Core = "DivnS">   --->   Core 23 'DivnS' <Latency = 15> <II = 1> <Delay = 3.35> <FuncUnit> <Opcode : 'sdiv' 'srem' 'udiv' 'urem'> <InPorts = 2> <OutPorts = 1>

State 16 <SV = 15> <Delay = 3.35>
ST_16 : Operation 138 [5/16] (3.35ns)   --->   "%empty_36 = urem i12 %indvar_flatten26, 26" [src/maxpool.cpp:16]   --->   Operation 138 'urem' 'empty_36' <Predicate = (!icmp_ln16)> <Delay = 3.35> <Core = "DivnS">   --->   Core 23 'DivnS' <Latency = 15> <II = 1> <Delay = 3.35> <FuncUnit> <Opcode : 'sdiv' 'srem' 'udiv' 'urem'> <InPorts = 2> <OutPorts = 1>

State 17 <SV = 16> <Delay = 3.35>
ST_17 : Operation 139 [4/16] (3.35ns)   --->   "%empty_36 = urem i12 %indvar_flatten26, 26" [src/maxpool.cpp:16]   --->   Operation 139 'urem' 'empty_36' <Predicate = (!icmp_ln16)> <Delay = 3.35> <Core = "DivnS">   --->   Core 23 'DivnS' <Latency = 15> <II = 1> <Delay = 3.35> <FuncUnit> <Opcode : 'sdiv' 'srem' 'udiv' 'urem'> <InPorts = 2> <OutPorts = 1>

State 18 <SV = 17> <Delay = 3.35>
ST_18 : Operation 140 [3/16] (3.35ns)   --->   "%empty_36 = urem i12 %indvar_flatten26, 26" [src/maxpool.cpp:16]   --->   Operation 140 'urem' 'empty_36' <Predicate = (!icmp_ln16)> <Delay = 3.35> <Core = "DivnS">   --->   Core 23 'DivnS' <Latency = 15> <II = 1> <Delay = 3.35> <FuncUnit> <Opcode : 'sdiv' 'srem' 'udiv' 'urem'> <InPorts = 2> <OutPorts = 1>

State 19 <SV = 18> <Delay = 3.35>
ST_19 : Operation 141 [2/16] (3.35ns)   --->   "%empty_36 = urem i12 %indvar_flatten26, 26" [src/maxpool.cpp:16]   --->   Operation 141 'urem' 'empty_36' <Predicate = (!icmp_ln16)> <Delay = 3.35> <Core = "DivnS">   --->   Core 23 'DivnS' <Latency = 15> <II = 1> <Delay = 3.35> <FuncUnit> <Opcode : 'sdiv' 'srem' 'udiv' 'urem'> <InPorts = 2> <OutPorts = 1>

State 20 <SV = 19> <Delay = 4.78>
ST_20 : Operation 142 [1/16] (3.35ns)   --->   "%empty_36 = urem i12 %indvar_flatten26, 26" [src/maxpool.cpp:16]   --->   Operation 142 'urem' 'empty_36' <Predicate = (!icmp_ln16)> <Delay = 3.35> <Core = "DivnS">   --->   Core 23 'DivnS' <Latency = 15> <II = 1> <Delay = 3.35> <FuncUnit> <Opcode : 'sdiv' 'srem' 'udiv' 'urem'> <InPorts = 2> <OutPorts = 1>
ST_20 : Operation 143 [1/1] (1.42ns)   --->   "%empty_37 = icmp eq i12 %empty_36, 0" [src/maxpool.cpp:16]   --->   Operation 143 'icmp' 'empty_37' <Predicate = (!icmp_ln16)> <Delay = 1.42> <Core = "Cmp">   --->   Core 25 'Cmp' <Latency = 0> <II = 1> <Delay = 1.42> <FuncUnit> <Opcode : 'icmp'> <InPorts = 2> <OutPorts = 1>
ST_20 : Operation 144 [1/1] (0.00ns)   --->   "br i1 %empty_37, label %ReqBB, label %hls_label_0_end" [src/maxpool.cpp:16]   --->   Operation 144 'br' <Predicate = (!icmp_ln16)> <Delay = 0.00>

State 21 <SV = 20> <Delay = 4.81>
ST_21 : Operation 145 [7/7] (4.81ns)   --->   "%in_V_addr_1_rd_req = call i1 @_ssdm_op_ReadReq.m_axi.i16P(i16* %in_V_addr, i32 26)" [src/maxpool.cpp:24]   --->   Operation 145 'readreq' 'in_V_addr_1_rd_req' <Predicate = (empty_37)> <Delay = 4.81> <Core = "m_axi">   --->   Core 9 'm_axi' <Latency = 6> <II = 1> <Delay = 1.00> <Adapter> <Opcode : 'read' 'write' 'readreq' 'writereq' 'writeresp'>

State 22 <SV = 21> <Delay = 4.81>
ST_22 : Operation 146 [6/7] (4.81ns)   --->   "%in_V_addr_1_rd_req = call i1 @_ssdm_op_ReadReq.m_axi.i16P(i16* %in_V_addr, i32 26)" [src/maxpool.cpp:24]   --->   Operation 146 'readreq' 'in_V_addr_1_rd_req' <Predicate = (empty_37)> <Delay = 4.81> <Core = "m_axi">   --->   Core 9 'm_axi' <Latency = 6> <II = 1> <Delay = 1.00> <Adapter> <Opcode : 'read' 'write' 'readreq' 'writereq' 'writeresp'>

State 23 <SV = 22> <Delay = 4.81>
ST_23 : Operation 147 [5/7] (4.81ns)   --->   "%in_V_addr_1_rd_req = call i1 @_ssdm_op_ReadReq.m_axi.i16P(i16* %in_V_addr, i32 26)" [src/maxpool.cpp:24]   --->   Operation 147 'readreq' 'in_V_addr_1_rd_req' <Predicate = (empty_37)> <Delay = 4.81> <Core = "m_axi">   --->   Core 9 'm_axi' <Latency = 6> <II = 1> <Delay = 1.00> <Adapter> <Opcode : 'read' 'write' 'readreq' 'writereq' 'writeresp'>

State 24 <SV = 23> <Delay = 4.81>
ST_24 : Operation 148 [4/7] (4.81ns)   --->   "%in_V_addr_1_rd_req = call i1 @_ssdm_op_ReadReq.m_axi.i16P(i16* %in_V_addr, i32 26)" [src/maxpool.cpp:24]   --->   Operation 148 'readreq' 'in_V_addr_1_rd_req' <Predicate = (empty_37)> <Delay = 4.81> <Core = "m_axi">   --->   Core 9 'm_axi' <Latency = 6> <II = 1> <Delay = 1.00> <Adapter> <Opcode : 'read' 'write' 'readreq' 'writereq' 'writeresp'>

State 25 <SV = 24> <Delay = 4.81>
ST_25 : Operation 149 [3/7] (4.81ns)   --->   "%in_V_addr_1_rd_req = call i1 @_ssdm_op_ReadReq.m_axi.i16P(i16* %in_V_addr, i32 26)" [src/maxpool.cpp:24]   --->   Operation 149 'readreq' 'in_V_addr_1_rd_req' <Predicate = (empty_37)> <Delay = 4.81> <Core = "m_axi">   --->   Core 9 'm_axi' <Latency = 6> <II = 1> <Delay = 1.00> <Adapter> <Opcode : 'read' 'write' 'readreq' 'writereq' 'writeresp'>

State 26 <SV = 25> <Delay = 4.81>
ST_26 : Operation 150 [2/7] (4.81ns)   --->   "%in_V_addr_1_rd_req = call i1 @_ssdm_op_ReadReq.m_axi.i16P(i16* %in_V_addr, i32 26)" [src/maxpool.cpp:24]   --->   Operation 150 'readreq' 'in_V_addr_1_rd_req' <Predicate = (empty_37)> <Delay = 4.81> <Core = "m_axi">   --->   Core 9 'm_axi' <Latency = 6> <II = 1> <Delay = 1.00> <Adapter> <Opcode : 'read' 'write' 'readreq' 'writereq' 'writeresp'>

State 27 <SV = 26> <Delay = 4.81>
ST_27 : Operation 151 [1/7] (4.81ns)   --->   "%in_V_addr_1_rd_req = call i1 @_ssdm_op_ReadReq.m_axi.i16P(i16* %in_V_addr, i32 26)" [src/maxpool.cpp:24]   --->   Operation 151 'readreq' 'in_V_addr_1_rd_req' <Predicate = (empty_37)> <Delay = 4.81> <Core = "m_axi">   --->   Core 9 'm_axi' <Latency = 6> <II = 1> <Delay = 1.00> <Adapter> <Opcode : 'read' 'write' 'readreq' 'writereq' 'writeresp'>

State 28 <SV = 27> <Delay = 4.81>
ST_28 : Operation 152 [1/1] (4.81ns)   --->   "%in_V_addr_read = call i16 @_ssdm_op_Read.m_axi.i16P(i16* %in_V_addr)" [src/maxpool.cpp:24]   --->   Operation 152 'read' 'in_V_addr_read' <Predicate = (!icmp_ln16)> <Delay = 4.81> <Core = "m_axi">   --->   Core 9 'm_axi' <Latency = 6> <II = 1> <Delay = 1.00> <Adapter> <Opcode : 'read' 'write' 'readreq' 'writereq' 'writeresp'>

State 29 <SV = 28> <Delay = 3.25>
ST_29 : Operation 153 [1/1] (0.00ns)   --->   "call void (...)* @_ssdm_op_SpecLoopTripCount(i64 2704, i64 2704, i64 2704)"   --->   Operation 153 'speclooptripcount' <Predicate = (!icmp_ln16)> <Delay = 0.00>
ST_29 : Operation 154 [1/1] (0.00ns)   --->   "%tmp = call i32 (...)* @_ssdm_op_SpecRegionBegin([12 x i8]* @p_str21)" [src/maxpool.cpp:18]   --->   Operation 154 'specregionbegin' 'tmp' <Predicate = (!icmp_ln16)> <Delay = 0.00>
ST_29 : Operation 155 [1/1] (0.00ns)   --->   "call void (...)* @_ssdm_op_SpecPipeline(i32 1, i32 1, i32 1, i32 0, [1 x i8]* @p_str122) nounwind" [src/maxpool.cpp:19]   --->   Operation 155 'specpipeline' <Predicate = (!icmp_ln16)> <Delay = 0.00>
ST_29 : Operation 156 [1/1] (0.00ns)   --->   "br label %hls_label_0_end"   --->   Operation 156 'br' <Predicate = (empty_37)> <Delay = 0.00>
ST_29 : Operation 157 [1/1] (3.25ns)   --->   "store i16 %in_V_addr_read, i16* %fm_in_buff_V_addr, align 2" [src/maxpool.cpp:24]   --->   Operation 157 'store' <Predicate = (!icmp_ln16)> <Delay = 3.25> <Core = "RAM">   --->   Core 37 'RAM' <Latency = 1> <II = 1> <Delay = 3.25> <Storage> <Opcode : 'load' 'store'> <Ports = 2> <Width = 16> <Depth = 2704> <RAM>
ST_29 : Operation 158 [1/1] (0.00ns)   --->   "%empty_38 = call i32 (...)* @_ssdm_op_SpecRegionEnd([12 x i8]* @p_str21, i32 %tmp)" [src/maxpool.cpp:26]   --->   Operation 158 'specregionend' 'empty_38' <Predicate = (!icmp_ln16)> <Delay = 0.00>
ST_29 : Operation 159 [1/1] (0.00ns)   --->   "br label %.preheader" [src/maxpool.cpp:18]   --->   Operation 159 'br' <Predicate = (!icmp_ln16)> <Delay = 0.00>

State 30 <SV = 9> <Delay = 0.00>
ST_30 : Operation 160 [1/1] (0.00ns)   --->   "ret void" [src/maxpool.cpp:29]   --->   Operation 160 'ret' <Predicate = true> <Delay = 0.00>


============================================================
+ Verbose Summary: Timing violations
============================================================
Target clock period: 5.5ns, clock uncertainty: 0.688ns.

 <State 1>: 1.05ns
The critical path consists of the following:
	wire read on port 'fsize' [10]  (0 ns)
	'mul' operation of DSP[25] ('mul_ln10', src/maxpool.cpp:10) [23]  (1.05 ns)

 <State 2>: 1.05ns
The critical path consists of the following:
	wire read on port 'size' [9]  (0 ns)
	'mul' operation of DSP[27] ('n_base', src/maxpool.cpp:9) [19]  (1.05 ns)

 <State 3>: 3.02ns
The critical path consists of the following:
	wire read on port 'c' [11]  (0 ns)
	'add' operation of DSP[25] ('tmp2', src/maxpool.cpp:10) [25]  (3.02 ns)

 <State 4>: 3.02ns
The critical path consists of the following:
	'mul' operation of DSP[27] ('n_base', src/maxpool.cpp:9) [19]  (0 ns)
	'add' operation of DSP[27] ('base_addr', src/maxpool.cpp:14) [27]  (3.02 ns)

 <State 5>: 3.36ns
The critical path consists of the following:
	'phi' operation ('indvar_flatten26', src/maxpool.cpp:16) with incoming values : ('add_ln16', src/maxpool.cpp:16) [32]  (0 ns)
	'urem' operation ('empty_36', src/maxpool.cpp:16) [91]  (3.36 ns)

 <State 6>: 4.21ns
The critical path consists of the following:
	'phi' operation ('ii_0', src/maxpool.cpp:22) with incoming values : ('select_ln22_2', src/maxpool.cpp:22) [35]  (0 ns)
	'select' operation ('select_ln20', src/maxpool.cpp:20) [52]  (1.22 ns)
	'add' operation ('ii', src/maxpool.cpp:17) [65]  (1.78 ns)
	'select' operation ('select_ln22_2', src/maxpool.cpp:22) [71]  (1.22 ns)

 <State 7>: 5.34ns
The critical path consists of the following:
	'add' operation ('jj', src/maxpool.cpp:18) [101]  (1.78 ns)
	'phi' operation ('jj') with incoming values : ('jj', src/maxpool.cpp:18) [36]  (0 ns)
	'icmp' operation ('icmp_ln18', src/maxpool.cpp:18) [63]  (1.36 ns)
	'and' operation ('and_ln20', src/maxpool.cpp:20) [64]  (0.978 ns)
	'or' operation ('or_ln22', src/maxpool.cpp:22) [66]  (0 ns)
	'select' operation ('select_ln22', src/maxpool.cpp:22) [67]  (1.22 ns)

 <State 8>: 3.89ns
The critical path consists of the following:
	'mul' operation of DSP[69] ('mul_ln22_1', src/maxpool.cpp:22) [69]  (3.89 ns)

 <State 9>: 4.07ns
The critical path consists of the following:
	'mul' operation of DSP[73] ('mul_ln203', src/maxpool.cpp:24) [57]  (0 ns)
	'add' operation of DSP[73] ('add_ln203', src/maxpool.cpp:24) [73]  (3.02 ns)
	'mul' operation of DSP[85] ('mul_ln203_2', src/maxpool.cpp:24) [75]  (1.05 ns)

 <State 10>: 3.36ns
The critical path consists of the following:
	'urem' operation ('empty_36', src/maxpool.cpp:16) [91]  (3.36 ns)

 <State 11>: 3.36ns
The critical path consists of the following:
	'urem' operation ('empty_36', src/maxpool.cpp:16) [91]  (3.36 ns)

 <State 12>: 3.36ns
The critical path consists of the following:
	'urem' operation ('empty_36', src/maxpool.cpp:16) [91]  (3.36 ns)

 <State 13>: 3.36ns
The critical path consists of the following:
	'urem' operation ('empty_36', src/maxpool.cpp:16) [91]  (3.36 ns)

 <State 14>: 3.36ns
The critical path consists of the following:
	'urem' operation ('empty_36', src/maxpool.cpp:16) [91]  (3.36 ns)

 <State 15>: 3.36ns
The critical path consists of the following:
	'urem' operation ('empty_36', src/maxpool.cpp:16) [91]  (3.36 ns)

 <State 16>: 3.36ns
The critical path consists of the following:
	'urem' operation ('empty_36', src/maxpool.cpp:16) [91]  (3.36 ns)

 <State 17>: 3.36ns
The critical path consists of the following:
	'urem' operation ('empty_36', src/maxpool.cpp:16) [91]  (3.36 ns)

 <State 18>: 3.36ns
The critical path consists of the following:
	'urem' operation ('empty_36', src/maxpool.cpp:16) [91]  (3.36 ns)

 <State 19>: 3.36ns
The critical path consists of the following:
	'urem' operation ('empty_36', src/maxpool.cpp:16) [91]  (3.36 ns)

 <State 20>: 4.78ns
The critical path consists of the following:
	'urem' operation ('empty_36', src/maxpool.cpp:16) [91]  (3.36 ns)
	'icmp' operation ('empty_37', src/maxpool.cpp:16) [92]  (1.43 ns)

 <State 21>: 4.81ns
The critical path consists of the following:
	bus request on port 'in_V' (src/maxpool.cpp:24) [95]  (4.81 ns)

 <State 22>: 4.81ns
The critical path consists of the following:
	bus request on port 'in_V' (src/maxpool.cpp:24) [95]  (4.81 ns)

 <State 23>: 4.81ns
The critical path consists of the following:
	bus request on port 'in_V' (src/maxpool.cpp:24) [95]  (4.81 ns)

 <State 24>: 4.81ns
The critical path consists of the following:
	bus request on port 'in_V' (src/maxpool.cpp:24) [95]  (4.81 ns)

 <State 25>: 4.81ns
The critical path consists of the following:
	bus request on port 'in_V' (src/maxpool.cpp:24) [95]  (4.81 ns)

 <State 26>: 4.81ns
The critical path consists of the following:
	bus request on port 'in_V' (src/maxpool.cpp:24) [95]  (4.81 ns)

 <State 27>: 4.81ns
The critical path consists of the following:
	bus request on port 'in_V' (src/maxpool.cpp:24) [95]  (4.81 ns)

 <State 28>: 4.81ns
The critical path consists of the following:
	bus read on port 'in_V' (src/maxpool.cpp:24) [98]  (4.81 ns)

 <State 29>: 3.25ns
The critical path consists of the following:
	'store' operation ('store_ln24', src/maxpool.cpp:24) of variable 'in_V_addr_read', src/maxpool.cpp:24 on array 'fm_in_buff_V' [99]  (3.25 ns)

 <State 30>: 0ns
The critical path consists of the following:


============================================================
+ Verbose Summary: Binding
============================================================
N/A
* FSMD analyzer results:
  - Output states:
 - Input state : 
  - Chain level:
	State 1
	State 2
	State 3
	State 4
	State 5
	State 6
	State 7
	State 8
	State 9
	State 10
	State 11
	State 12
	State 13
	State 14
	State 15
	State 16
	State 17
	State 18
	State 19
	State 20
	State 21
	State 22
	State 23
	State 24
	State 25
	State 26
	State 27
	State 28
	State 29
	State 30


============================================================
+ Verbose Summary: Datapath Resource usage 
============================================================
N/A
