

================================================================
== Vivado HLS Report for 'maxpool'
================================================================
* Date:           Sun Apr 16 12:48:05 2023

* Version:        2019.2 (Build 2704478 on Wed Nov 06 22:10:23 MST 2019)
* Project:        top
* Solution:       solution1
* Product family: zynq
* Target device:  xc7z020-clg484-1


================================================================
== Performance Estimates
================================================================
+ Timing: 
    * Summary: 
    +--------+---------+----------+------------+
    |  Clock |  Target | Estimated| Uncertainty|
    +--------+---------+----------+------------+
    |ap_clk  | 5.50 ns | 5.337 ns |   0.69 ns  |
    +--------+---------+----------+------------+

+ Latency: 
    * Summary: 
    +---------+---------+----------+----------+-----+-----+---------+
    |  Latency (cycles) |  Latency (absolute) |  Interval | Pipeline|
    |   min   |   max   |    min   |    max   | min | max |   Type  |
    +---------+---------+----------+----------+-----+-----+---------+
    |        ?|        ?|         ?|         ?|    ?|    ?|   none  |
    +---------+---------+----------+----------+-----+-----+---------+

    + Detail: 
        * Instance: 
        N/A

        * Loop: 
        +-----------------+---------+---------+----------+-----------+-----------+------+----------+
        |                 |  Latency (cycles) | Iteration|  Initiation Interval  | Trip |          |
        |    Loop Name    |   min   |   max   |  Latency |  achieved |   target  | Count| Pipelined|
        +-----------------+---------+---------+----------+-----------+-----------+------+----------+
        |- Loop 1         |        ?|        ?|         ?|          -|          -|     ?|    no    |
        | + Loop 1.1      |        ?|        ?|         ?|          -|          -|     ?|    no    |
        |  ++ Loop 1.1.1  |        ?|        ?|      6158|          -|          -|     ?|    no    |
        +-----------------+---------+---------+----------+-----------+-----------+------+----------+

============================================================
+ Verbose Summary: Synthesis Manager
============================================================
InlineROM: 1
ExposeGlobal: 0
============================================================
+ Verbose Summary: CDFG Model
============================================================
IsTopModel: 0
ResetActiveHigh: 1
IsCombinational: 0
IsDatapathOnly: 0
HasWiredReturn: 1
HasMFsm: 0
HasVarLatency: 1
IsPipeline: 0
IsRtlPipelined: 0
IsInstanceOverlapped: 0
IsDontTouch: 0
HasImplIP: 0
IsGatedGlobalClock: 0


============================================================
+ Verbose Summary: Schedule
============================================================
* Number of FSM states : 13
* Pipeline : 0
* Dataflow Pipeline: 0

* FSM state transitions: 
1 --> 2 
2 --> 3 
3 --> 4 
4 --> 5 
5 --> 6 
6 --> 7 
7 --> 8 6 
8 --> 9 7 
9 --> 10 
10 --> 11 
11 --> 12 
12 --> 13 
13 --> 8 

* FSM state operations: 

State 1 <SV = 0> <Delay = 3.95>
ST_1 : Operation 14 [1/1] (0.00ns)   --->   "%h_read = call i32 @_ssdm_op_Read.ap_auto.i32(i32 %h)"   --->   Operation 14 'read' 'h_read' <Predicate = true> <Delay = 0.00>
ST_1 : Operation 15 [1/1] (0.00ns)   --->   "%fm_in_buff_V = alloca [2704 x i16], align 2" [src/maxpool.cpp:75]   --->   Operation 15 'alloca' 'fm_in_buff_V' <Predicate = true> <Delay = 0.00>
ST_1 : Operation 16 [1/1] (0.00ns)   --->   "%fm_out_buff_V = alloca [676 x i16], align 2" [src/maxpool.cpp:76]   --->   Operation 16 'alloca' 'fm_out_buff_V' <Predicate = true> <Delay = 0.00>
ST_1 : Operation 17 [5/5] (3.95ns)   --->   "%mul_ln77 = mul nsw i32 %h_read, %h_read" [src/maxpool.cpp:77]   --->   Operation 17 'mul' 'mul_ln77' <Predicate = true> <Delay = 3.95> <Core = "MulnS">   --->   Core 17 'MulnS' <Latency = 4> <II = 1> <Delay = 3.95> <FuncUnit> <Opcode : 'mul'> <InPorts = 2> <OutPorts = 1>
ST_1 : Operation 18 [1/1] (0.00ns)   --->   "%tmp = call i1 @_ssdm_op_BitSelect.i1.i32.i32(i32 %h_read, i32 31)" [src/maxpool.cpp:79]   --->   Operation 18 'bitselect' 'tmp' <Predicate = true> <Delay = 0.00>
ST_1 : Operation 19 [1/1] (2.55ns)   --->   "%sub_ln79 = sub i32 0, %h_read" [src/maxpool.cpp:79]   --->   Operation 19 'sub' 'sub_ln79' <Predicate = true> <Delay = 2.55> <Core = "AddSub">   --->   Core 14 'AddSub' <Latency = 0> <II = 1> <Delay = 2.07> <FuncUnit> <Opcode : 'add' 'sub'> <InPorts = 2> <OutPorts = 1>
ST_1 : Operation 20 [1/1] (0.00ns)   --->   "%lshr_ln79_1 = call i31 @_ssdm_op_PartSelect.i31.i32.i32.i32(i32 %sub_ln79, i32 1, i32 31)" [src/maxpool.cpp:79]   --->   Operation 20 'partselect' 'lshr_ln79_1' <Predicate = true> <Delay = 0.00>
ST_1 : Operation 21 [1/1] (0.00ns)   --->   "%lshr_ln79_2 = call i31 @_ssdm_op_PartSelect.i31.i32.i32.i32(i32 %h_read, i32 1, i32 31)" [src/maxpool.cpp:79]   --->   Operation 21 'partselect' 'lshr_ln79_2' <Predicate = true> <Delay = 0.00>
ST_1 : Operation 22 [1/1] (0.00ns)   --->   "%trunc_ln81 = trunc i32 %h_read to i16" [src/maxpool.cpp:81]   --->   Operation 22 'trunc' 'trunc_ln81' <Predicate = true> <Delay = 0.00>

State 2 <SV = 1> <Delay = 3.95>
ST_2 : Operation 23 [4/5] (3.95ns)   --->   "%mul_ln77 = mul nsw i32 %h_read, %h_read" [src/maxpool.cpp:77]   --->   Operation 23 'mul' 'mul_ln77' <Predicate = true> <Delay = 3.95> <Core = "MulnS">   --->   Core 17 'MulnS' <Latency = 4> <II = 1> <Delay = 3.95> <FuncUnit> <Opcode : 'mul'> <InPorts = 2> <OutPorts = 1>
ST_2 : Operation 24 [1/1] (0.00ns)   --->   "%zext_ln79_1 = zext i31 %lshr_ln79_1 to i32" [src/maxpool.cpp:79]   --->   Operation 24 'zext' 'zext_ln79_1' <Predicate = (tmp)> <Delay = 0.00>
ST_2 : Operation 25 [1/1] (2.52ns)   --->   "%sub_ln79_1 = sub i32 0, %zext_ln79_1" [src/maxpool.cpp:79]   --->   Operation 25 'sub' 'sub_ln79_1' <Predicate = (tmp)> <Delay = 2.52> <Core = "AddSub">   --->   Core 14 'AddSub' <Latency = 0> <II = 1> <Delay = 2.07> <FuncUnit> <Opcode : 'add' 'sub'> <InPorts = 2> <OutPorts = 1>
ST_2 : Operation 26 [1/1] (0.00ns)   --->   "%zext_ln79_2 = zext i31 %lshr_ln79_2 to i32" [src/maxpool.cpp:79]   --->   Operation 26 'zext' 'zext_ln79_2' <Predicate = (!tmp)> <Delay = 0.00>
ST_2 : Operation 27 [1/1] (0.69ns)   --->   "%select_ln79 = select i1 %tmp, i32 %sub_ln79_1, i32 %zext_ln79_2" [src/maxpool.cpp:79]   --->   Operation 27 'select' 'select_ln79' <Predicate = true> <Delay = 0.69> <Core = "Sel">   --->   Core 26 'Sel' <Latency = 0> <II = 1> <Delay = 0.69> <FuncUnit> <Opcode : 'select'> <InPorts = 3> <OutPorts = 1>

State 3 <SV = 2> <Delay = 3.95>
ST_3 : Operation 28 [3/5] (3.95ns)   --->   "%mul_ln77 = mul nsw i32 %h_read, %h_read" [src/maxpool.cpp:77]   --->   Operation 28 'mul' 'mul_ln77' <Predicate = true> <Delay = 3.95> <Core = "MulnS">   --->   Core 17 'MulnS' <Latency = 4> <II = 1> <Delay = 3.95> <FuncUnit> <Opcode : 'mul'> <InPorts = 2> <OutPorts = 1>

State 4 <SV = 3> <Delay = 3.95>
ST_4 : Operation 29 [2/5] (3.95ns)   --->   "%mul_ln77 = mul nsw i32 %h_read, %h_read" [src/maxpool.cpp:77]   --->   Operation 29 'mul' 'mul_ln77' <Predicate = true> <Delay = 3.95> <Core = "MulnS">   --->   Core 17 'MulnS' <Latency = 4> <II = 1> <Delay = 3.95> <FuncUnit> <Opcode : 'mul'> <InPorts = 2> <OutPorts = 1>

State 5 <SV = 4> <Delay = 3.95>
ST_5 : Operation 30 [1/1] (0.00ns)   --->   "%ch_read = call i32 @_ssdm_op_Read.ap_auto.i32(i32 %ch)"   --->   Operation 30 'read' 'ch_read' <Predicate = true> <Delay = 0.00>
ST_5 : Operation 31 [1/1] (0.00ns)   --->   "%out_V_offset_read = call i31 @_ssdm_op_Read.ap_auto.i31(i31 %out_V_offset)"   --->   Operation 31 'read' 'out_V_offset_read' <Predicate = true> <Delay = 0.00>
ST_5 : Operation 32 [1/1] (0.00ns)   --->   "%in_V_offset_read = call i31 @_ssdm_op_Read.ap_auto.i31(i31 %in_V_offset)"   --->   Operation 32 'read' 'in_V_offset_read' <Predicate = true> <Delay = 0.00>
ST_5 : Operation 33 [1/1] (0.00ns)   --->   "call void (...)* @_ssdm_op_SpecInterface(i16* %in_V, [6 x i8]* @p_str334, i32 0, i32 0, [1 x i8]* @p_str132, i32 0, i32 0, [4 x i8]* @p_str435, [6 x i8]* @p_str536, [1 x i8]* @p_str132, i32 16, i32 16, i32 256, i32 256, [1 x i8]* @p_str132, [1 x i8]* @p_str132)"   --->   Operation 33 'specinterface' <Predicate = true> <Delay = 0.00>
ST_5 : Operation 34 [1/1] (0.00ns)   --->   "call void (...)* @_ssdm_op_SpecInterface(i16* %in_V, [6 x i8]* @p_str334, i32 0, i32 0, [1 x i8]* @p_str132, i32 0, i32 60000, [4 x i8]* @p_str435, [6 x i8]* @p_str536, [1 x i8]* @p_str132, i32 16, i32 16, i32 256, i32 256, [1 x i8]* @p_str132, [1 x i8]* @p_str132)"   --->   Operation 34 'specinterface' <Predicate = true> <Delay = 0.00>
ST_5 : Operation 35 [1/5] (3.95ns)   --->   "%mul_ln77 = mul nsw i32 %h_read, %h_read" [src/maxpool.cpp:77]   --->   Operation 35 'mul' 'mul_ln77' <Predicate = true> <Delay = 3.95> <Core = "MulnS">   --->   Core 17 'MulnS' <Latency = 4> <II = 1> <Delay = 3.95> <FuncUnit> <Opcode : 'mul'> <InPorts = 2> <OutPorts = 1>
ST_5 : Operation 36 [1/1] (0.00ns)   --->   "%size = trunc i32 %mul_ln77 to i16" [src/maxpool.cpp:77]   --->   Operation 36 'trunc' 'size' <Predicate = true> <Delay = 0.00>
ST_5 : Operation 37 [1/1] (0.00ns)   --->   "%trunc_ln6 = call i14 @_ssdm_op_PartSelect.i14.i32.i32.i32(i32 %mul_ln77, i32 2, i32 15)" [src/maxpool.cpp:83]   --->   Operation 37 'partselect' 'trunc_ln6' <Predicate = true> <Delay = 0.00>
ST_5 : Operation 38 [1/1] (1.76ns)   --->   "br label %0" [src/maxpool.cpp:78]   --->   Operation 38 'br' <Predicate = true> <Delay = 1.76>

State 6 <SV = 5> <Delay = 2.47>
ST_6 : Operation 39 [1/1] (0.00ns)   --->   "%n_0 = phi i16 [ 0, %arrayctor.loop7.preheader ], [ %n, %3 ]"   --->   Operation 39 'phi' 'n_0' <Predicate = true> <Delay = 0.00>
ST_6 : Operation 40 [1/1] (0.00ns)   --->   "%zext_ln78 = zext i16 %n_0 to i32" [src/maxpool.cpp:78]   --->   Operation 40 'zext' 'zext_ln78' <Predicate = true> <Delay = 0.00>
ST_6 : Operation 41 [1/1] (2.47ns)   --->   "%icmp_ln78 = icmp slt i32 %zext_ln78, %ch_read" [src/maxpool.cpp:78]   --->   Operation 41 'icmp' 'icmp_ln78' <Predicate = true> <Delay = 2.47> <Core = "Cmp">   --->   Core 25 'Cmp' <Latency = 0> <II = 1> <Delay = 2.47> <FuncUnit> <Opcode : 'icmp'> <InPorts = 2> <OutPorts = 1>
ST_6 : Operation 42 [1/1] (0.00ns)   --->   "br i1 %icmp_ln78, label %.preheader8.preheader, label %4" [src/maxpool.cpp:78]   --->   Operation 42 'br' <Predicate = true> <Delay = 0.00>
ST_6 : Operation 43 [1/1] (1.76ns)   --->   "br label %.preheader8" [src/maxpool.cpp:79]   --->   Operation 43 'br' <Predicate = (icmp_ln78)> <Delay = 1.76>
ST_6 : Operation 44 [1/1] (0.00ns)   --->   "ret void" [src/maxpool.cpp:85]   --->   Operation 44 'ret' <Predicate = (!icmp_ln78)> <Delay = 0.00>

State 7 <SV = 6> <Delay = 2.47>
ST_7 : Operation 45 [1/1] (0.00ns)   --->   "%i_0 = phi i16 [ %i, %2 ], [ 0, %.preheader8.preheader ]"   --->   Operation 45 'phi' 'i_0' <Predicate = true> <Delay = 0.00>
ST_7 : Operation 46 [1/1] (0.00ns)   --->   "%zext_ln79 = zext i16 %i_0 to i32" [src/maxpool.cpp:79]   --->   Operation 46 'zext' 'zext_ln79' <Predicate = true> <Delay = 0.00>
ST_7 : Operation 47 [1/1] (2.47ns)   --->   "%icmp_ln79 = icmp slt i32 %zext_ln79, %select_ln79" [src/maxpool.cpp:79]   --->   Operation 47 'icmp' 'icmp_ln79' <Predicate = true> <Delay = 2.47> <Core = "Cmp">   --->   Core 25 'Cmp' <Latency = 0> <II = 1> <Delay = 2.47> <FuncUnit> <Opcode : 'icmp'> <InPorts = 2> <OutPorts = 1>
ST_7 : Operation 48 [1/1] (0.00ns)   --->   "br i1 %icmp_ln79, label %.preheader.preheader, label %3" [src/maxpool.cpp:79]   --->   Operation 48 'br' <Predicate = true> <Delay = 0.00>
ST_7 : Operation 49 [1/1] (1.76ns)   --->   "br label %.preheader" [src/maxpool.cpp:80]   --->   Operation 49 'br' <Predicate = (icmp_ln79)> <Delay = 1.76>
ST_7 : Operation 50 [1/1] (2.07ns)   --->   "%n = add i16 %n_0, 4" [src/maxpool.cpp:78]   --->   Operation 50 'add' 'n' <Predicate = (!icmp_ln79)> <Delay = 2.07> <Core = "AddSub">   --->   Core 14 'AddSub' <Latency = 0> <II = 1> <Delay = 2.07> <FuncUnit> <Opcode : 'add' 'sub'> <InPorts = 2> <OutPorts = 1>
ST_7 : Operation 51 [1/1] (0.00ns)   --->   "br label %0" [src/maxpool.cpp:78]   --->   Operation 51 'br' <Predicate = (!icmp_ln79)> <Delay = 0.00>

State 8 <SV = 7> <Delay = 3.02>
ST_8 : Operation 52 [1/1] (0.00ns)   --->   "%j_0 = phi i16 [ %j, %1 ], [ 0, %.preheader.preheader ]"   --->   Operation 52 'phi' 'j_0' <Predicate = true> <Delay = 0.00>
ST_8 : Operation 53 [1/1] (0.00ns)   --->   "%zext_ln80 = zext i16 %j_0 to i32" [src/maxpool.cpp:80]   --->   Operation 53 'zext' 'zext_ln80' <Predicate = true> <Delay = 0.00>
ST_8 : Operation 54 [1/1] (2.47ns)   --->   "%icmp_ln80 = icmp slt i32 %zext_ln80, %select_ln79" [src/maxpool.cpp:80]   --->   Operation 54 'icmp' 'icmp_ln80' <Predicate = true> <Delay = 2.47> <Core = "Cmp">   --->   Core 25 'Cmp' <Latency = 0> <II = 1> <Delay = 2.47> <FuncUnit> <Opcode : 'icmp'> <InPorts = 2> <OutPorts = 1>
ST_8 : Operation 55 [1/1] (0.00ns)   --->   "br i1 %icmp_ln80, label %1, label %2" [src/maxpool.cpp:80]   --->   Operation 55 'br' <Predicate = true> <Delay = 0.00>
ST_8 : Operation 56 [2/2] (3.02ns)   --->   "call fastcc void @load_input.2(i16* %in_V, i31 %in_V_offset_read, [2704 x i16]* nocapture %fm_in_buff_V, i16 zeroext %n_0, i16 zeroext %i_0, i16 zeroext %j_0, i16 zeroext %trunc_ln81, i16 zeroext %size)" [src/maxpool.cpp:81]   --->   Operation 56 'call' <Predicate = (icmp_ln80)> <Delay = 3.02> <CoreType = "Generic">   --->   Core 0 '' <Latency = 0> <II = 1> <Delay = 1.00> <Generic> <Opcode : >
ST_8 : Operation 57 [1/1] (2.07ns)   --->   "%i = add i16 %i_0, 13" [src/maxpool.cpp:79]   --->   Operation 57 'add' 'i' <Predicate = (!icmp_ln80)> <Delay = 2.07> <Core = "AddSub">   --->   Core 14 'AddSub' <Latency = 0> <II = 1> <Delay = 2.07> <FuncUnit> <Opcode : 'add' 'sub'> <InPorts = 2> <OutPorts = 1>
ST_8 : Operation 58 [1/1] (0.00ns)   --->   "br label %.preheader8" [src/maxpool.cpp:79]   --->   Operation 58 'br' <Predicate = (!icmp_ln80)> <Delay = 0.00>

State 9 <SV = 8> <Delay = 0.00>
ST_9 : Operation 59 [1/2] (0.00ns)   --->   "call fastcc void @load_input.2(i16* %in_V, i31 %in_V_offset_read, [2704 x i16]* nocapture %fm_in_buff_V, i16 zeroext %n_0, i16 zeroext %i_0, i16 zeroext %j_0, i16 zeroext %trunc_ln81, i16 zeroext %size)" [src/maxpool.cpp:81]   --->   Operation 59 'call' <Predicate = true> <Delay = 0.00> <CoreType = "Generic">   --->   Core 0 '' <Latency = 0> <II = 1> <Delay = 1.00> <Generic> <Opcode : >

State 10 <SV = 9> <Delay = 0.00>
ST_10 : Operation 60 [2/2] (0.00ns)   --->   "call fastcc void @compute.2([2704 x i16]* %fm_in_buff_V, [676 x i16]* %fm_out_buff_V)" [src/maxpool.cpp:82]   --->   Operation 60 'call' <Predicate = true> <Delay = 0.00> <CoreType = "Generic">   --->   Core 0 '' <Latency = 0> <II = 1> <Delay = 1.00> <Generic> <Opcode : >

State 11 <SV = 10> <Delay = 0.00>
ST_11 : Operation 61 [1/2] (0.00ns)   --->   "call fastcc void @compute.2([2704 x i16]* %fm_in_buff_V, [676 x i16]* %fm_out_buff_V)" [src/maxpool.cpp:82]   --->   Operation 61 'call' <Predicate = true> <Delay = 0.00> <CoreType = "Generic">   --->   Core 0 '' <Latency = 0> <II = 1> <Delay = 1.00> <Generic> <Opcode : >

State 12 <SV = 11> <Delay = 3.89>
ST_12 : Operation 62 [2/2] (3.89ns)   --->   "call fastcc void @store_output.2(i16* %in_V, i31 %out_V_offset_read, [676 x i16]* nocapture %fm_out_buff_V, i16 %n_0, i16 %i_0, i16 %j_0, i16 %trunc_ln81, i14 %trunc_ln6)" [src/maxpool.cpp:83]   --->   Operation 62 'call' <Predicate = true> <Delay = 3.89> <CoreType = "Generic">   --->   Core 0 '' <Latency = 0> <II = 1> <Delay = 1.00> <Generic> <Opcode : >
ST_12 : Operation 63 [1/1] (2.07ns)   --->   "%j = add i16 %j_0, 13" [src/maxpool.cpp:80]   --->   Operation 63 'add' 'j' <Predicate = true> <Delay = 2.07> <Core = "AddSub">   --->   Core 14 'AddSub' <Latency = 0> <II = 1> <Delay = 2.07> <FuncUnit> <Opcode : 'add' 'sub'> <InPorts = 2> <OutPorts = 1>

State 13 <SV = 12> <Delay = 0.00>
ST_13 : Operation 64 [1/2] (0.00ns)   --->   "call fastcc void @store_output.2(i16* %in_V, i31 %out_V_offset_read, [676 x i16]* nocapture %fm_out_buff_V, i16 %n_0, i16 %i_0, i16 %j_0, i16 %trunc_ln81, i14 %trunc_ln6)" [src/maxpool.cpp:83]   --->   Operation 64 'call' <Predicate = true> <Delay = 0.00> <CoreType = "Generic">   --->   Core 0 '' <Latency = 0> <II = 1> <Delay = 1.00> <Generic> <Opcode : >
ST_13 : Operation 65 [1/1] (0.00ns)   --->   "br label %.preheader" [src/maxpool.cpp:80]   --->   Operation 65 'br' <Predicate = true> <Delay = 0.00>


============================================================
+ Verbose Summary: Timing violations
============================================================
Target clock period: 5.5ns, clock uncertainty: 0.688ns.

 <State 1>: 3.95ns
The critical path consists of the following:
	wire read on port 'h' [6]  (0 ns)
	'mul' operation ('mul_ln77', src/maxpool.cpp:77) [14]  (3.95 ns)

 <State 2>: 3.95ns
The critical path consists of the following:
	'mul' operation ('mul_ln77', src/maxpool.cpp:77) [14]  (3.95 ns)

 <State 3>: 3.95ns
The critical path consists of the following:
	'mul' operation ('mul_ln77', src/maxpool.cpp:77) [14]  (3.95 ns)

 <State 4>: 3.95ns
The critical path consists of the following:
	'mul' operation ('mul_ln77', src/maxpool.cpp:77) [14]  (3.95 ns)

 <State 5>: 3.95ns
The critical path consists of the following:
	'mul' operation ('mul_ln77', src/maxpool.cpp:77) [14]  (3.95 ns)

 <State 6>: 2.47ns
The critical path consists of the following:
	'phi' operation ('n') with incoming values : ('n', src/maxpool.cpp:78) [28]  (0 ns)
	'icmp' operation ('icmp_ln78', src/maxpool.cpp:78) [30]  (2.47 ns)

 <State 7>: 2.47ns
The critical path consists of the following:
	'phi' operation ('i') with incoming values : ('i', src/maxpool.cpp:79) [35]  (0 ns)
	'icmp' operation ('icmp_ln79', src/maxpool.cpp:79) [37]  (2.47 ns)

 <State 8>: 3.02ns
The critical path consists of the following:
	'phi' operation ('j') with incoming values : ('j', src/maxpool.cpp:80) [42]  (0 ns)
	'call' operation ('call_ln81', src/maxpool.cpp:81) to 'load_input.2' [47]  (3.02 ns)

 <State 9>: 0ns
The critical path consists of the following:

 <State 10>: 0ns
The critical path consists of the following:

 <State 11>: 0ns
The critical path consists of the following:

 <State 12>: 3.89ns
The critical path consists of the following:
	'call' operation ('call_ln83', src/maxpool.cpp:83) to 'store_output.2' [49]  (3.89 ns)

 <State 13>: 0ns
The critical path consists of the following:


============================================================
+ Verbose Summary: Binding
============================================================
N/A
* FSMD analyzer results:
  - Output states:
 - Input state : 
  - Chain level:
	State 1
	State 2
	State 3
	State 4
	State 5
	State 6
	State 7
	State 8
	State 9
	State 10
	State 11
	State 12
	State 13


============================================================
+ Verbose Summary: Datapath Resource usage 
============================================================
N/A
