

================================================================
== Vivado HLS Report for 'store_output_1'
================================================================
* Date:           Sun Apr 16 12:48:20 2023

* Version:        2019.2 (Build 2704478 on Wed Nov 06 22:10:23 MST 2019)
* Project:        top
* Solution:       solution1
* Product family: zynq
* Target device:  xc7z020-clg484-1


================================================================
== Performance Estimates
================================================================
+ Timing: 
    * Summary: 
    +--------+---------+----------+------------+
    |  Clock |  Target | Estimated| Uncertainty|
    +--------+---------+----------+------------+
    |ap_clk  | 5.50 ns | 4.812 ns |   0.69 ns  |
    +--------+---------+----------+------------+

+ Latency: 
    * Summary: 
    +---------+---------+----------+----------+-----+-----+---------+
    |  Latency (cycles) |  Latency (absolute) |  Interval | Pipeline|
    |   min   |   max   |    min   |    max   | min | max |   Type  |
    +---------+---------+----------+----------+-----+-----+---------+
    |        ?|        ?|         ?|         ?|    ?|    ?|   none  |
    +---------+---------+----------+----------+-----+-----+---------+

    + Detail: 
        * Instance: 
        N/A

        * Loop: 
        +----------+---------+---------+----------+-----------+-----------+------+----------+
        |          |  Latency (cycles) | Iteration|  Initiation Interval  | Trip |          |
        | Loop Name|   min   |   max   |  Latency |  achieved |   target  | Count| Pipelined|
        +----------+---------+---------+----------+-----------+-----------+------+----------+
        |- Loop 1  |        ?|        ?|        36|          1|          1|     ?|    yes   |
        +----------+---------+---------+----------+-----------+-----------+------+----------+

============================================================
+ Verbose Summary: Synthesis Manager
============================================================
InlineROM: 1
ExposeGlobal: 0
============================================================
+ Verbose Summary: CDFG Model
============================================================
IsTopModel: 0
ResetActiveHigh: 1
IsCombinational: 0
IsDatapathOnly: 0
HasWiredReturn: 1
HasMFsm: 0
HasVarLatency: 1
IsPipeline: 0
IsRtlPipelined: 0
IsInstanceOverlapped: 0
IsDontTouch: 0
HasImplIP: 0
IsGatedGlobalClock: 0

+ Individual pipeline summary: 
  * Pipeline-0: initiation interval (II) = 1, depth = 36


============================================================
+ Verbose Summary: Schedule
============================================================
* Number of FSM states : 41
* Pipeline : 1
  Pipeline-0 : II = 1, D = 36, States = { 5 6 7 8 9 10 11 12 13 14 15 16 17 18 19 20 21 22 23 24 25 26 27 28 29 30 31 32 33 34 35 36 37 38 39 40 }
* Dataflow Pipeline: 0

* FSM state transitions: 
1 --> 2 
2 --> 3 
3 --> 4 
4 --> 5 
5 --> 41 6 
6 --> 7 
7 --> 8 
8 --> 9 
9 --> 10 
10 --> 11 
11 --> 12 
12 --> 13 
13 --> 14 
14 --> 15 
15 --> 16 
16 --> 17 
17 --> 18 
18 --> 19 
19 --> 20 
20 --> 21 
21 --> 22 
22 --> 23 
23 --> 24 
24 --> 25 
25 --> 26 
26 --> 27 
27 --> 28 
28 --> 29 
29 --> 30 
30 --> 31 
31 --> 32 
32 --> 33 
33 --> 34 
34 --> 35 
35 --> 36 
36 --> 37 
37 --> 38 
38 --> 39 
39 --> 40 
40 --> 5 
41 --> 

* FSM state operations: 

State 1 <SV = 0> <Delay = 4.28>
ST_1 : Operation 42 [1/1] (0.00ns)   --->   "%ch_out_read = call i16 @_ssdm_op_Read.ap_auto.i16(i16 %ch_out)"   --->   Operation 42 'read' 'ch_out_read' <Predicate = true> <Delay = 0.00>
ST_1 : Operation 43 [1/1] (0.00ns)   --->   "%m_read = call i16 @_ssdm_op_Read.ap_auto.i16(i16 %m)"   --->   Operation 43 'read' 'm_read' <Predicate = true> <Delay = 0.00>
ST_1 : Operation 44 [1/1] (0.00ns)   --->   "%zext_ln84 = zext i16 %ch_out_read to i17" [src/pwconv.cpp:84]   --->   Operation 44 'zext' 'zext_ln84' <Predicate = true> <Delay = 0.00>
ST_1 : Operation 45 [1/1] (0.00ns)   --->   "%zext_ln84_1 = zext i16 %m_read to i17" [src/pwconv.cpp:84]   --->   Operation 45 'zext' 'zext_ln84_1' <Predicate = true> <Delay = 0.00>
ST_1 : Operation 46 [1/1] (2.07ns)   --->   "%sub_ln84 = sub i17 %zext_ln84, %zext_ln84_1" [src/pwconv.cpp:84]   --->   Operation 46 'sub' 'sub_ln84' <Predicate = true> <Delay = 2.07> <Core = "AddSub">   --->   Core 14 'AddSub' <Latency = 0> <II = 1> <Delay = 2.07> <FuncUnit> <Opcode : 'add' 'sub'> <InPorts = 2> <OutPorts = 1>
ST_1 : Operation 47 [1/1] (0.00ns)   --->   "%tmp_3 = call i14 @_ssdm_op_PartSelect.i14.i17.i32.i32(i17 %sub_ln84, i32 3, i32 16)" [src/pwconv.cpp:84]   --->   Operation 47 'partselect' 'tmp_3' <Predicate = true> <Delay = 0.00>
ST_1 : Operation 48 [1/1] (2.20ns)   --->   "%icmp_ln84 = icmp slt i14 %tmp_3, 1" [src/pwconv.cpp:84]   --->   Operation 48 'icmp' 'icmp_ln84' <Predicate = true> <Delay = 2.20> <Core = "Cmp">   --->   Core 25 'Cmp' <Latency = 0> <II = 1> <Delay = 2.47> <FuncUnit> <Opcode : 'icmp'> <InPorts = 2> <OutPorts = 1>
ST_1 : Operation 49 [1/1] (2.07ns)   --->   "%sub_ln84_1 = sub i16 %ch_out_read, %m_read" [src/pwconv.cpp:84]   --->   Operation 49 'sub' 'sub_ln84_1' <Predicate = true> <Delay = 2.07> <Core = "AddSub">   --->   Core 14 'AddSub' <Latency = 0> <II = 1> <Delay = 2.07> <FuncUnit> <Opcode : 'add' 'sub'> <InPorts = 2> <OutPorts = 1>

State 2 <SV = 1> <Delay = 4.69>
ST_2 : Operation 50 [1/1] (0.00ns)   --->   "%fm_size_read = call i16 @_ssdm_op_Read.ap_auto.i16(i16 %fm_size)"   --->   Operation 50 'read' 'fm_size_read' <Predicate = true> <Delay = 0.00>
ST_2 : Operation 51 [1/1] (0.00ns)   --->   "%zext_ln301 = zext i16 %fm_size_read to i18" [src/pwconv.cpp:82]   --->   Operation 51 'zext' 'zext_ln301' <Predicate = true> <Delay = 0.00>
ST_2 : Operation 52 [3/3] (3.89ns) (root node of the DSP)   --->   "%size_V = mul i18 %zext_ln301, %zext_ln301" [src/pwconv.cpp:82]   --->   Operation 52 'mul' 'size_V' <Predicate = true> <Delay = 3.89> <Core = "DSP48">   --->   Core 88 'DSP48' <Latency = 2> <II = 1> <Delay = 3.89> <IPBlock> <Opcode : 'mul' 'add' 'sub' 'select'> <InPorts = 0> <OutPorts = 1> <Sync> <CReg>
ST_2 : Operation 53 [1/1] (0.80ns)   --->   "%num = select i1 %icmp_ln84, i16 %sub_ln84_1, i16 8" [src/pwconv.cpp:84]   --->   Operation 53 'select' 'num' <Predicate = true> <Delay = 0.80> <Core = "Sel">   --->   Core 26 'Sel' <Latency = 0> <II = 1> <Delay = 0.80> <FuncUnit> <Opcode : 'select'> <InPorts = 3> <OutPorts = 1>
ST_2 : Operation 54 [1/1] (0.00ns)   --->   "%cast = zext i16 %num to i24" [src/pwconv.cpp:84]   --->   Operation 54 'zext' 'cast' <Predicate = true> <Delay = 0.00>
ST_2 : Operation 55 [3/3] (3.89ns) (root node of the DSP)   --->   "%bound = mul i24 %cast, 169" [src/pwconv.cpp:84]   --->   Operation 55 'mul' 'bound' <Predicate = true> <Delay = 3.89> <Core = "DSP48">   --->   Core 88 'DSP48' <Latency = 2> <II = 1> <Delay = 3.89> <IPBlock> <Opcode : 'mul' 'add' 'sub' 'select'> <InPorts = 0> <OutPorts = 1> <Sync> <CReg>

State 3 <SV = 2> <Delay = 3.89>
ST_3 : Operation 56 [2/3] (3.89ns) (root node of the DSP)   --->   "%size_V = mul i18 %zext_ln301, %zext_ln301" [src/pwconv.cpp:82]   --->   Operation 56 'mul' 'size_V' <Predicate = true> <Delay = 3.89> <Core = "DSP48">   --->   Core 88 'DSP48' <Latency = 2> <II = 1> <Delay = 3.89> <IPBlock> <Opcode : 'mul' 'add' 'sub' 'select'> <InPorts = 0> <OutPorts = 1> <Sync> <CReg>
ST_3 : Operation 57 [2/3] (3.89ns) (root node of the DSP)   --->   "%bound = mul i24 %cast, 169" [src/pwconv.cpp:84]   --->   Operation 57 'mul' 'bound' <Predicate = true> <Delay = 3.89> <Core = "DSP48">   --->   Core 88 'DSP48' <Latency = 2> <II = 1> <Delay = 3.89> <IPBlock> <Opcode : 'mul' 'add' 'sub' 'select'> <InPorts = 0> <OutPorts = 1> <Sync> <CReg>

State 4 <SV = 3> <Delay = 2.47>
ST_4 : Operation 58 [1/1] (0.00ns)   --->   "%ACT_read = call i32 @_ssdm_op_Read.ap_auto.i32(i32 %ACT)"   --->   Operation 58 'read' 'ACT_read' <Predicate = true> <Delay = 0.00>
ST_4 : Operation 59 [1/1] (0.00ns)   --->   "%basePixAddr_read = call i16 @_ssdm_op_Read.ap_auto.i16(i16 %basePixAddr)"   --->   Operation 59 'read' 'basePixAddr_read' <Predicate = true> <Delay = 0.00>
ST_4 : Operation 60 [1/1] (0.00ns)   --->   "%fm_out_V_offset_read = call i31 @_ssdm_op_Read.ap_auto.i31(i31 %fm_out_V_offset)"   --->   Operation 60 'read' 'fm_out_V_offset_read' <Predicate = true> <Delay = 0.00>
ST_4 : Operation 61 [1/1] (0.00ns)   --->   "call void (...)* @_ssdm_op_SpecInterface(i16* %fm_out_V, [6 x i8]* @p_str334, i32 0, i32 0, [1 x i8]* @p_str132, i32 0, i32 0, [4 x i8]* @p_str435, [6 x i8]* @p_str536, [1 x i8]* @p_str132, i32 16, i32 16, i32 256, i32 256, [1 x i8]* @p_str132, [1 x i8]* @p_str132)"   --->   Operation 61 'specinterface' <Predicate = true> <Delay = 0.00>
ST_4 : Operation 62 [1/3] (0.00ns) (root node of the DSP)   --->   "%size_V = mul i18 %zext_ln301, %zext_ln301" [src/pwconv.cpp:82]   --->   Operation 62 'mul' 'size_V' <Predicate = true> <Delay = 0.00> <Core = "DSP48">   --->   Core 88 'DSP48' <Latency = 2> <II = 1> <Delay = 3.89> <IPBlock> <Opcode : 'mul' 'add' 'sub' 'select'> <InPorts = 0> <OutPorts = 1> <Sync> <CReg>
ST_4 : Operation 63 [1/1] (2.47ns)   --->   "%icmp_ln90 = icmp eq i32 %ACT_read, 1" [src/pwconv.cpp:90]   --->   Operation 63 'icmp' 'icmp_ln90' <Predicate = true> <Delay = 2.47> <Core = "Cmp">   --->   Core 25 'Cmp' <Latency = 0> <II = 1> <Delay = 2.47> <FuncUnit> <Opcode : 'icmp'> <InPorts = 2> <OutPorts = 1>
ST_4 : Operation 64 [1/1] (0.00ns)   --->   "%zext_ln96 = zext i18 %size_V to i35" [src/pwconv.cpp:96]   --->   Operation 64 'zext' 'zext_ln96' <Predicate = true> <Delay = 0.00>
ST_4 : Operation 65 [1/1] (0.00ns)   --->   "%zext_ln96_1 = zext i16 %basePixAddr_read to i35" [src/pwconv.cpp:96]   --->   Operation 65 'zext' 'zext_ln96_1' <Predicate = true> <Delay = 0.00>
ST_4 : Operation 66 [1/3] (0.00ns) (root node of the DSP)   --->   "%bound = mul i24 %cast, 169" [src/pwconv.cpp:84]   --->   Operation 66 'mul' 'bound' <Predicate = true> <Delay = 0.00> <Core = "DSP48">   --->   Core 88 'DSP48' <Latency = 2> <II = 1> <Delay = 3.89> <IPBlock> <Opcode : 'mul' 'add' 'sub' 'select'> <InPorts = 0> <OutPorts = 1> <Sync> <CReg>
ST_4 : Operation 67 [1/1] (0.00ns)   --->   "%zext_ln85 = zext i31 %fm_out_V_offset_read to i36" [src/pwconv.cpp:85]   --->   Operation 67 'zext' 'zext_ln85' <Predicate = true> <Delay = 0.00>
ST_4 : Operation 68 [1/1] (1.76ns)   --->   "br label %.preheader" [src/pwconv.cpp:85]   --->   Operation 68 'br' <Predicate = true> <Delay = 1.76>

State 5 <SV = 4> <Delay = 4.71>
ST_5 : Operation 69 [1/1] (0.00ns)   --->   "%indvar_flatten = phi i24 [ 0, %0 ], [ %add_ln85, %BurstBB1 ]" [src/pwconv.cpp:85]   --->   Operation 69 'phi' 'indvar_flatten' <Predicate = true> <Delay = 0.00>
ST_5 : Operation 70 [1/1] (0.00ns)   --->   "%mm_0 = phi i16 [ 0, %0 ], [ %select_ln96_1, %BurstBB1 ]" [src/pwconv.cpp:96]   --->   Operation 70 'phi' 'mm_0' <Predicate = true> <Delay = 0.00>
ST_5 : Operation 71 [1/1] (0.00ns)   --->   "%i_0 = phi i8 [ 0, %0 ], [ %i, %BurstBB1 ]"   --->   Operation 71 'phi' 'i_0' <Predicate = true> <Delay = 0.00>
ST_5 : Operation 72 [1/1] (2.45ns)   --->   "%icmp_ln85 = icmp eq i24 %indvar_flatten, %bound" [src/pwconv.cpp:85]   --->   Operation 72 'icmp' 'icmp_ln85' <Predicate = true> <Delay = 2.45> <Core = "Cmp">   --->   Core 25 'Cmp' <Latency = 0> <II = 1> <Delay = 2.47> <FuncUnit> <Opcode : 'icmp'> <InPorts = 2> <OutPorts = 1>
ST_5 : Operation 73 [1/1] (2.31ns)   --->   "%add_ln85 = add i24 %indvar_flatten, 1" [src/pwconv.cpp:85]   --->   Operation 73 'add' 'add_ln85' <Predicate = true> <Delay = 2.31> <Core = "AddSub">   --->   Core 14 'AddSub' <Latency = 0> <II = 1> <Delay = 2.07> <FuncUnit> <Opcode : 'add' 'sub'> <InPorts = 2> <OutPorts = 1>
ST_5 : Operation 74 [1/1] (0.00ns)   --->   "br i1 %icmp_ln85, label %2, label %hls_label_5_begin" [src/pwconv.cpp:85]   --->   Operation 74 'br' <Predicate = true> <Delay = 0.00>
ST_5 : Operation 75 [1/1] (2.07ns)   --->   "%mm = add i16 1, %mm_0" [src/pwconv.cpp:85]   --->   Operation 75 'add' 'mm' <Predicate = (!icmp_ln85)> <Delay = 2.07> <Core = "AddSub">   --->   Core 14 'AddSub' <Latency = 0> <II = 1> <Delay = 2.07> <FuncUnit> <Opcode : 'add' 'sub'> <InPorts = 2> <OutPorts = 1>
ST_5 : Operation 76 [1/1] (1.55ns)   --->   "%icmp_ln86 = icmp eq i8 %i_0, -87" [src/pwconv.cpp:86]   --->   Operation 76 'icmp' 'icmp_ln86' <Predicate = (!icmp_ln85)> <Delay = 1.55> <Core = "Cmp">   --->   Core 25 'Cmp' <Latency = 0> <II = 1> <Delay = 2.47> <FuncUnit> <Opcode : 'icmp'> <InPorts = 2> <OutPorts = 1>
ST_5 : Operation 77 [1/1] (1.24ns)   --->   "%select_ln96 = select i1 %icmp_ln86, i8 0, i8 %i_0" [src/pwconv.cpp:96]   --->   Operation 77 'select' 'select_ln96' <Predicate = (!icmp_ln85)> <Delay = 1.24> <Core = "Sel">   --->   Core 26 'Sel' <Latency = 0> <II = 1> <Delay = 0.80> <FuncUnit> <Opcode : 'select'> <InPorts = 3> <OutPorts = 1>
ST_5 : Operation 78 [1/1] (0.80ns)   --->   "%select_ln96_1 = select i1 %icmp_ln86, i16 %mm, i16 %mm_0" [src/pwconv.cpp:96]   --->   Operation 78 'select' 'select_ln96_1' <Predicate = (!icmp_ln85)> <Delay = 0.80> <Core = "Sel">   --->   Core 26 'Sel' <Latency = 0> <II = 1> <Delay = 0.80> <FuncUnit> <Opcode : 'select'> <InPorts = 3> <OutPorts = 1>
ST_5 : Operation 79 [1/1] (0.00ns)   --->   "%trunc_ln96 = trunc i16 %select_ln96_1 to i3" [src/pwconv.cpp:96]   --->   Operation 79 'trunc' 'trunc_ln96' <Predicate = (!icmp_ln85)> <Delay = 0.00>
ST_5 : Operation 80 [28/28] (4.10ns)   --->   "%empty = urem i24 %indvar_flatten, 169" [src/pwconv.cpp:85]   --->   Operation 80 'urem' 'empty' <Predicate = (!icmp_ln85)> <Delay = 4.10> <Core = "DivnS">   --->   Core 23 'DivnS' <Latency = 27> <II = 1> <Delay = 4.10> <FuncUnit> <Opcode : 'sdiv' 'srem' 'udiv' 'urem'> <InPorts = 2> <OutPorts = 1>
ST_5 : Operation 81 [1/1] (1.91ns)   --->   "%i = add i8 %select_ln96, 1" [src/pwconv.cpp:86]   --->   Operation 81 'add' 'i' <Predicate = (!icmp_ln85)> <Delay = 1.91> <Core = "AddSub">   --->   Core 14 'AddSub' <Latency = 0> <II = 1> <Delay = 2.07> <FuncUnit> <Opcode : 'add' 'sub'> <InPorts = 2> <OutPorts = 1>

State 6 <SV = 5> <Delay = 4.10>
ST_6 : Operation 82 [1/1] (0.00ns)   --->   "%zext_ln96_2 = zext i16 %select_ln96_1 to i17" [src/pwconv.cpp:96]   --->   Operation 82 'zext' 'zext_ln96_2' <Predicate = (!icmp_ln85)> <Delay = 0.00>
ST_6 : Operation 83 [1/1] (2.07ns)   --->   "%add_ln96 = add i17 %zext_ln96_2, %zext_ln84_1" [src/pwconv.cpp:96]   --->   Operation 83 'add' 'add_ln96' <Predicate = (!icmp_ln85)> <Delay = 2.07> <Core = "AddSub">   --->   Core 14 'AddSub' <Latency = 0> <II = 1> <Delay = 2.07> <FuncUnit> <Opcode : 'add' 'sub'> <InPorts = 2> <OutPorts = 1>
ST_6 : Operation 84 [1/1] (0.00ns)   --->   "%zext_ln96_3 = zext i17 %add_ln96 to i35" [src/pwconv.cpp:96]   --->   Operation 84 'zext' 'zext_ln96_3' <Predicate = (!icmp_ln85)> <Delay = 0.00>
ST_6 : Operation 85 [3/3] (1.05ns) (grouped into DSP with root node add_ln96_1)   --->   "%mul_ln96 = mul i35 %zext_ln96, %zext_ln96_3" [src/pwconv.cpp:96]   --->   Operation 85 'mul' 'mul_ln96' <Predicate = (!icmp_ln85)> <Delay = 1.05> <Core = "DSP48">   --->   Core 88 'DSP48' <Latency = 2> <II = 1> <Delay = 3.89> <IPBlock> <Opcode : 'mul' 'add' 'sub' 'select'> <InPorts = 0> <OutPorts = 1> <Sync> <CReg>
ST_6 : Operation 86 [27/28] (4.10ns)   --->   "%empty = urem i24 %indvar_flatten, 169" [src/pwconv.cpp:85]   --->   Operation 86 'urem' 'empty' <Predicate = true> <Delay = 4.10> <Core = "DivnS">   --->   Core 23 'DivnS' <Latency = 27> <II = 1> <Delay = 4.10> <FuncUnit> <Opcode : 'sdiv' 'srem' 'udiv' 'urem'> <InPorts = 2> <OutPorts = 1>
ST_6 : Operation 87 [28/28] (4.10ns)   --->   "%empty_25 = urem i24 %add_ln85, 169" [src/pwconv.cpp:85]   --->   Operation 87 'urem' 'empty_25' <Predicate = (!icmp_ln85)> <Delay = 4.10> <Core = "DivnS">   --->   Core 23 'DivnS' <Latency = 27> <II = 1> <Delay = 4.10> <FuncUnit> <Opcode : 'sdiv' 'srem' 'udiv' 'urem'> <InPorts = 2> <OutPorts = 1>

State 7 <SV = 6> <Delay = 4.10>
ST_7 : Operation 88 [2/3] (1.05ns) (grouped into DSP with root node add_ln96_1)   --->   "%mul_ln96 = mul i35 %zext_ln96, %zext_ln96_3" [src/pwconv.cpp:96]   --->   Operation 88 'mul' 'mul_ln96' <Predicate = (!icmp_ln85)> <Delay = 1.05> <Core = "DSP48">   --->   Core 88 'DSP48' <Latency = 2> <II = 1> <Delay = 3.89> <IPBlock> <Opcode : 'mul' 'add' 'sub' 'select'> <InPorts = 0> <OutPorts = 1> <Sync> <CReg>
ST_7 : Operation 89 [26/28] (4.10ns)   --->   "%empty = urem i24 %indvar_flatten, 169" [src/pwconv.cpp:85]   --->   Operation 89 'urem' 'empty' <Predicate = true> <Delay = 4.10> <Core = "DivnS">   --->   Core 23 'DivnS' <Latency = 27> <II = 1> <Delay = 4.10> <FuncUnit> <Opcode : 'sdiv' 'srem' 'udiv' 'urem'> <InPorts = 2> <OutPorts = 1>
ST_7 : Operation 90 [27/28] (4.10ns)   --->   "%empty_25 = urem i24 %add_ln85, 169" [src/pwconv.cpp:85]   --->   Operation 90 'urem' 'empty_25' <Predicate = (!icmp_ln85)> <Delay = 4.10> <Core = "DivnS">   --->   Core 23 'DivnS' <Latency = 27> <II = 1> <Delay = 4.10> <FuncUnit> <Opcode : 'sdiv' 'srem' 'udiv' 'urem'> <InPorts = 2> <OutPorts = 1>

State 8 <SV = 7> <Delay = 4.10>
ST_8 : Operation 91 [1/3] (0.00ns) (grouped into DSP with root node add_ln96_1)   --->   "%mul_ln96 = mul i35 %zext_ln96, %zext_ln96_3" [src/pwconv.cpp:96]   --->   Operation 91 'mul' 'mul_ln96' <Predicate = (!icmp_ln85)> <Delay = 0.00> <Core = "DSP48">   --->   Core 88 'DSP48' <Latency = 2> <II = 1> <Delay = 3.89> <IPBlock> <Opcode : 'mul' 'add' 'sub' 'select'> <InPorts = 0> <OutPorts = 1> <Sync> <CReg>
ST_8 : Operation 92 [1/1] (3.02ns) (root node of the DSP)   --->   "%add_ln96_1 = add i35 %mul_ln96, %zext_ln96_1" [src/pwconv.cpp:96]   --->   Operation 92 'add' 'add_ln96_1' <Predicate = (!icmp_ln85)> <Delay = 3.02> <Core = "DSP48">   --->   Core 88 'DSP48' <Latency = 2> <II = 1> <Delay = 3.89> <IPBlock> <Opcode : 'mul' 'add' 'sub' 'select'> <InPorts = 0> <OutPorts = 1> <Sync> <CReg>
ST_8 : Operation 93 [25/28] (4.10ns)   --->   "%empty = urem i24 %indvar_flatten, 169" [src/pwconv.cpp:85]   --->   Operation 93 'urem' 'empty' <Predicate = true> <Delay = 4.10> <Core = "DivnS">   --->   Core 23 'DivnS' <Latency = 27> <II = 1> <Delay = 4.10> <FuncUnit> <Opcode : 'sdiv' 'srem' 'udiv' 'urem'> <InPorts = 2> <OutPorts = 1>
ST_8 : Operation 94 [26/28] (4.10ns)   --->   "%empty_25 = urem i24 %add_ln85, 169" [src/pwconv.cpp:85]   --->   Operation 94 'urem' 'empty_25' <Predicate = (!icmp_ln85)> <Delay = 4.10> <Core = "DivnS">   --->   Core 23 'DivnS' <Latency = 27> <II = 1> <Delay = 4.10> <FuncUnit> <Opcode : 'sdiv' 'srem' 'udiv' 'urem'> <InPorts = 2> <OutPorts = 1>

State 9 <SV = 8> <Delay = 4.10>
ST_9 : Operation 95 [1/1] (0.00ns)   --->   "%zext_ln86 = zext i35 %add_ln96_1 to i36" [src/pwconv.cpp:86]   --->   Operation 95 'zext' 'zext_ln86' <Predicate = (!icmp_ln85)> <Delay = 0.00>
ST_9 : Operation 96 [1/1] (2.67ns)   --->   "%add_ln203 = add i36 %zext_ln86, %zext_ln85" [src/pwconv.cpp:96]   --->   Operation 96 'add' 'add_ln203' <Predicate = true> <Delay = 2.67> <Core = "AddSub">   --->   Core 14 'AddSub' <Latency = 0> <II = 1> <Delay = 2.07> <FuncUnit> <Opcode : 'add' 'sub'> <InPorts = 2> <OutPorts = 1>
ST_9 : Operation 97 [1/1] (0.00ns)   --->   "%zext_ln203 = zext i36 %add_ln203 to i64" [src/pwconv.cpp:96]   --->   Operation 97 'zext' 'zext_ln203' <Predicate = true> <Delay = 0.00>
ST_9 : Operation 98 [1/1] (0.00ns)   --->   "%fm_out_V_addr = getelementptr i16* %fm_out_V, i64 %zext_ln203" [src/pwconv.cpp:96]   --->   Operation 98 'getelementptr' 'fm_out_V_addr' <Predicate = true> <Delay = 0.00>
ST_9 : Operation 99 [24/28] (4.10ns)   --->   "%empty = urem i24 %indvar_flatten, 169" [src/pwconv.cpp:85]   --->   Operation 99 'urem' 'empty' <Predicate = true> <Delay = 4.10> <Core = "DivnS">   --->   Core 23 'DivnS' <Latency = 27> <II = 1> <Delay = 4.10> <FuncUnit> <Opcode : 'sdiv' 'srem' 'udiv' 'urem'> <InPorts = 2> <OutPorts = 1>
ST_9 : Operation 100 [25/28] (4.10ns)   --->   "%empty_25 = urem i24 %add_ln85, 169" [src/pwconv.cpp:85]   --->   Operation 100 'urem' 'empty_25' <Predicate = (!icmp_ln85)> <Delay = 4.10> <Core = "DivnS">   --->   Core 23 'DivnS' <Latency = 27> <II = 1> <Delay = 4.10> <FuncUnit> <Opcode : 'sdiv' 'srem' 'udiv' 'urem'> <InPorts = 2> <OutPorts = 1>

State 10 <SV = 9> <Delay = 4.10>
ST_10 : Operation 101 [23/28] (4.10ns)   --->   "%empty = urem i24 %indvar_flatten, 169" [src/pwconv.cpp:85]   --->   Operation 101 'urem' 'empty' <Predicate = true> <Delay = 4.10> <Core = "DivnS">   --->   Core 23 'DivnS' <Latency = 27> <II = 1> <Delay = 4.10> <FuncUnit> <Opcode : 'sdiv' 'srem' 'udiv' 'urem'> <InPorts = 2> <OutPorts = 1>
ST_10 : Operation 102 [24/28] (4.10ns)   --->   "%empty_25 = urem i24 %add_ln85, 169" [src/pwconv.cpp:85]   --->   Operation 102 'urem' 'empty_25' <Predicate = (!icmp_ln85)> <Delay = 4.10> <Core = "DivnS">   --->   Core 23 'DivnS' <Latency = 27> <II = 1> <Delay = 4.10> <FuncUnit> <Opcode : 'sdiv' 'srem' 'udiv' 'urem'> <InPorts = 2> <OutPorts = 1>

State 11 <SV = 10> <Delay = 4.10>
ST_11 : Operation 103 [22/28] (4.10ns)   --->   "%empty = urem i24 %indvar_flatten, 169" [src/pwconv.cpp:85]   --->   Operation 103 'urem' 'empty' <Predicate = true> <Delay = 4.10> <Core = "DivnS">   --->   Core 23 'DivnS' <Latency = 27> <II = 1> <Delay = 4.10> <FuncUnit> <Opcode : 'sdiv' 'srem' 'udiv' 'urem'> <InPorts = 2> <OutPorts = 1>
ST_11 : Operation 104 [23/28] (4.10ns)   --->   "%empty_25 = urem i24 %add_ln85, 169" [src/pwconv.cpp:85]   --->   Operation 104 'urem' 'empty_25' <Predicate = (!icmp_ln85)> <Delay = 4.10> <Core = "DivnS">   --->   Core 23 'DivnS' <Latency = 27> <II = 1> <Delay = 4.10> <FuncUnit> <Opcode : 'sdiv' 'srem' 'udiv' 'urem'> <InPorts = 2> <OutPorts = 1>

State 12 <SV = 11> <Delay = 4.10>
ST_12 : Operation 105 [21/28] (4.10ns)   --->   "%empty = urem i24 %indvar_flatten, 169" [src/pwconv.cpp:85]   --->   Operation 105 'urem' 'empty' <Predicate = true> <Delay = 4.10> <Core = "DivnS">   --->   Core 23 'DivnS' <Latency = 27> <II = 1> <Delay = 4.10> <FuncUnit> <Opcode : 'sdiv' 'srem' 'udiv' 'urem'> <InPorts = 2> <OutPorts = 1>
ST_12 : Operation 106 [22/28] (4.10ns)   --->   "%empty_25 = urem i24 %add_ln85, 169" [src/pwconv.cpp:85]   --->   Operation 106 'urem' 'empty_25' <Predicate = (!icmp_ln85)> <Delay = 4.10> <Core = "DivnS">   --->   Core 23 'DivnS' <Latency = 27> <II = 1> <Delay = 4.10> <FuncUnit> <Opcode : 'sdiv' 'srem' 'udiv' 'urem'> <InPorts = 2> <OutPorts = 1>

State 13 <SV = 12> <Delay = 4.10>
ST_13 : Operation 107 [20/28] (4.10ns)   --->   "%empty = urem i24 %indvar_flatten, 169" [src/pwconv.cpp:85]   --->   Operation 107 'urem' 'empty' <Predicate = true> <Delay = 4.10> <Core = "DivnS">   --->   Core 23 'DivnS' <Latency = 27> <II = 1> <Delay = 4.10> <FuncUnit> <Opcode : 'sdiv' 'srem' 'udiv' 'urem'> <InPorts = 2> <OutPorts = 1>
ST_13 : Operation 108 [21/28] (4.10ns)   --->   "%empty_25 = urem i24 %add_ln85, 169" [src/pwconv.cpp:85]   --->   Operation 108 'urem' 'empty_25' <Predicate = (!icmp_ln85)> <Delay = 4.10> <Core = "DivnS">   --->   Core 23 'DivnS' <Latency = 27> <II = 1> <Delay = 4.10> <FuncUnit> <Opcode : 'sdiv' 'srem' 'udiv' 'urem'> <InPorts = 2> <OutPorts = 1>

State 14 <SV = 13> <Delay = 4.10>
ST_14 : Operation 109 [19/28] (4.10ns)   --->   "%empty = urem i24 %indvar_flatten, 169" [src/pwconv.cpp:85]   --->   Operation 109 'urem' 'empty' <Predicate = true> <Delay = 4.10> <Core = "DivnS">   --->   Core 23 'DivnS' <Latency = 27> <II = 1> <Delay = 4.10> <FuncUnit> <Opcode : 'sdiv' 'srem' 'udiv' 'urem'> <InPorts = 2> <OutPorts = 1>
ST_14 : Operation 110 [20/28] (4.10ns)   --->   "%empty_25 = urem i24 %add_ln85, 169" [src/pwconv.cpp:85]   --->   Operation 110 'urem' 'empty_25' <Predicate = (!icmp_ln85)> <Delay = 4.10> <Core = "DivnS">   --->   Core 23 'DivnS' <Latency = 27> <II = 1> <Delay = 4.10> <FuncUnit> <Opcode : 'sdiv' 'srem' 'udiv' 'urem'> <InPorts = 2> <OutPorts = 1>

State 15 <SV = 14> <Delay = 4.10>
ST_15 : Operation 111 [18/28] (4.10ns)   --->   "%empty = urem i24 %indvar_flatten, 169" [src/pwconv.cpp:85]   --->   Operation 111 'urem' 'empty' <Predicate = true> <Delay = 4.10> <Core = "DivnS">   --->   Core 23 'DivnS' <Latency = 27> <II = 1> <Delay = 4.10> <FuncUnit> <Opcode : 'sdiv' 'srem' 'udiv' 'urem'> <InPorts = 2> <OutPorts = 1>
ST_15 : Operation 112 [19/28] (4.10ns)   --->   "%empty_25 = urem i24 %add_ln85, 169" [src/pwconv.cpp:85]   --->   Operation 112 'urem' 'empty_25' <Predicate = (!icmp_ln85)> <Delay = 4.10> <Core = "DivnS">   --->   Core 23 'DivnS' <Latency = 27> <II = 1> <Delay = 4.10> <FuncUnit> <Opcode : 'sdiv' 'srem' 'udiv' 'urem'> <InPorts = 2> <OutPorts = 1>

State 16 <SV = 15> <Delay = 4.10>
ST_16 : Operation 113 [17/28] (4.10ns)   --->   "%empty = urem i24 %indvar_flatten, 169" [src/pwconv.cpp:85]   --->   Operation 113 'urem' 'empty' <Predicate = true> <Delay = 4.10> <Core = "DivnS">   --->   Core 23 'DivnS' <Latency = 27> <II = 1> <Delay = 4.10> <FuncUnit> <Opcode : 'sdiv' 'srem' 'udiv' 'urem'> <InPorts = 2> <OutPorts = 1>
ST_16 : Operation 114 [18/28] (4.10ns)   --->   "%empty_25 = urem i24 %add_ln85, 169" [src/pwconv.cpp:85]   --->   Operation 114 'urem' 'empty_25' <Predicate = (!icmp_ln85)> <Delay = 4.10> <Core = "DivnS">   --->   Core 23 'DivnS' <Latency = 27> <II = 1> <Delay = 4.10> <FuncUnit> <Opcode : 'sdiv' 'srem' 'udiv' 'urem'> <InPorts = 2> <OutPorts = 1>

State 17 <SV = 16> <Delay = 4.10>
ST_17 : Operation 115 [16/28] (4.10ns)   --->   "%empty = urem i24 %indvar_flatten, 169" [src/pwconv.cpp:85]   --->   Operation 115 'urem' 'empty' <Predicate = true> <Delay = 4.10> <Core = "DivnS">   --->   Core 23 'DivnS' <Latency = 27> <II = 1> <Delay = 4.10> <FuncUnit> <Opcode : 'sdiv' 'srem' 'udiv' 'urem'> <InPorts = 2> <OutPorts = 1>
ST_17 : Operation 116 [17/28] (4.10ns)   --->   "%empty_25 = urem i24 %add_ln85, 169" [src/pwconv.cpp:85]   --->   Operation 116 'urem' 'empty_25' <Predicate = (!icmp_ln85)> <Delay = 4.10> <Core = "DivnS">   --->   Core 23 'DivnS' <Latency = 27> <II = 1> <Delay = 4.10> <FuncUnit> <Opcode : 'sdiv' 'srem' 'udiv' 'urem'> <InPorts = 2> <OutPorts = 1>

State 18 <SV = 17> <Delay = 4.10>
ST_18 : Operation 117 [15/28] (4.10ns)   --->   "%empty = urem i24 %indvar_flatten, 169" [src/pwconv.cpp:85]   --->   Operation 117 'urem' 'empty' <Predicate = true> <Delay = 4.10> <Core = "DivnS">   --->   Core 23 'DivnS' <Latency = 27> <II = 1> <Delay = 4.10> <FuncUnit> <Opcode : 'sdiv' 'srem' 'udiv' 'urem'> <InPorts = 2> <OutPorts = 1>
ST_18 : Operation 118 [16/28] (4.10ns)   --->   "%empty_25 = urem i24 %add_ln85, 169" [src/pwconv.cpp:85]   --->   Operation 118 'urem' 'empty_25' <Predicate = (!icmp_ln85)> <Delay = 4.10> <Core = "DivnS">   --->   Core 23 'DivnS' <Latency = 27> <II = 1> <Delay = 4.10> <FuncUnit> <Opcode : 'sdiv' 'srem' 'udiv' 'urem'> <InPorts = 2> <OutPorts = 1>

State 19 <SV = 18> <Delay = 4.10>
ST_19 : Operation 119 [14/28] (4.10ns)   --->   "%empty = urem i24 %indvar_flatten, 169" [src/pwconv.cpp:85]   --->   Operation 119 'urem' 'empty' <Predicate = true> <Delay = 4.10> <Core = "DivnS">   --->   Core 23 'DivnS' <Latency = 27> <II = 1> <Delay = 4.10> <FuncUnit> <Opcode : 'sdiv' 'srem' 'udiv' 'urem'> <InPorts = 2> <OutPorts = 1>
ST_19 : Operation 120 [15/28] (4.10ns)   --->   "%empty_25 = urem i24 %add_ln85, 169" [src/pwconv.cpp:85]   --->   Operation 120 'urem' 'empty_25' <Predicate = (!icmp_ln85)> <Delay = 4.10> <Core = "DivnS">   --->   Core 23 'DivnS' <Latency = 27> <II = 1> <Delay = 4.10> <FuncUnit> <Opcode : 'sdiv' 'srem' 'udiv' 'urem'> <InPorts = 2> <OutPorts = 1>

State 20 <SV = 19> <Delay = 4.10>
ST_20 : Operation 121 [13/28] (4.10ns)   --->   "%empty = urem i24 %indvar_flatten, 169" [src/pwconv.cpp:85]   --->   Operation 121 'urem' 'empty' <Predicate = true> <Delay = 4.10> <Core = "DivnS">   --->   Core 23 'DivnS' <Latency = 27> <II = 1> <Delay = 4.10> <FuncUnit> <Opcode : 'sdiv' 'srem' 'udiv' 'urem'> <InPorts = 2> <OutPorts = 1>
ST_20 : Operation 122 [14/28] (4.10ns)   --->   "%empty_25 = urem i24 %add_ln85, 169" [src/pwconv.cpp:85]   --->   Operation 122 'urem' 'empty_25' <Predicate = (!icmp_ln85)> <Delay = 4.10> <Core = "DivnS">   --->   Core 23 'DivnS' <Latency = 27> <II = 1> <Delay = 4.10> <FuncUnit> <Opcode : 'sdiv' 'srem' 'udiv' 'urem'> <InPorts = 2> <OutPorts = 1>

State 21 <SV = 20> <Delay = 4.10>
ST_21 : Operation 123 [12/28] (4.10ns)   --->   "%empty = urem i24 %indvar_flatten, 169" [src/pwconv.cpp:85]   --->   Operation 123 'urem' 'empty' <Predicate = true> <Delay = 4.10> <Core = "DivnS">   --->   Core 23 'DivnS' <Latency = 27> <II = 1> <Delay = 4.10> <FuncUnit> <Opcode : 'sdiv' 'srem' 'udiv' 'urem'> <InPorts = 2> <OutPorts = 1>
ST_21 : Operation 124 [13/28] (4.10ns)   --->   "%empty_25 = urem i24 %add_ln85, 169" [src/pwconv.cpp:85]   --->   Operation 124 'urem' 'empty_25' <Predicate = (!icmp_ln85)> <Delay = 4.10> <Core = "DivnS">   --->   Core 23 'DivnS' <Latency = 27> <II = 1> <Delay = 4.10> <FuncUnit> <Opcode : 'sdiv' 'srem' 'udiv' 'urem'> <InPorts = 2> <OutPorts = 1>

State 22 <SV = 21> <Delay = 4.10>
ST_22 : Operation 125 [11/28] (4.10ns)   --->   "%empty = urem i24 %indvar_flatten, 169" [src/pwconv.cpp:85]   --->   Operation 125 'urem' 'empty' <Predicate = true> <Delay = 4.10> <Core = "DivnS">   --->   Core 23 'DivnS' <Latency = 27> <II = 1> <Delay = 4.10> <FuncUnit> <Opcode : 'sdiv' 'srem' 'udiv' 'urem'> <InPorts = 2> <OutPorts = 1>
ST_22 : Operation 126 [12/28] (4.10ns)   --->   "%empty_25 = urem i24 %add_ln85, 169" [src/pwconv.cpp:85]   --->   Operation 126 'urem' 'empty_25' <Predicate = (!icmp_ln85)> <Delay = 4.10> <Core = "DivnS">   --->   Core 23 'DivnS' <Latency = 27> <II = 1> <Delay = 4.10> <FuncUnit> <Opcode : 'sdiv' 'srem' 'udiv' 'urem'> <InPorts = 2> <OutPorts = 1>

State 23 <SV = 22> <Delay = 4.10>
ST_23 : Operation 127 [10/28] (4.10ns)   --->   "%empty = urem i24 %indvar_flatten, 169" [src/pwconv.cpp:85]   --->   Operation 127 'urem' 'empty' <Predicate = true> <Delay = 4.10> <Core = "DivnS">   --->   Core 23 'DivnS' <Latency = 27> <II = 1> <Delay = 4.10> <FuncUnit> <Opcode : 'sdiv' 'srem' 'udiv' 'urem'> <InPorts = 2> <OutPorts = 1>
ST_23 : Operation 128 [11/28] (4.10ns)   --->   "%empty_25 = urem i24 %add_ln85, 169" [src/pwconv.cpp:85]   --->   Operation 128 'urem' 'empty_25' <Predicate = (!icmp_ln85)> <Delay = 4.10> <Core = "DivnS">   --->   Core 23 'DivnS' <Latency = 27> <II = 1> <Delay = 4.10> <FuncUnit> <Opcode : 'sdiv' 'srem' 'udiv' 'urem'> <InPorts = 2> <OutPorts = 1>

State 24 <SV = 23> <Delay = 4.10>
ST_24 : Operation 129 [9/28] (4.10ns)   --->   "%empty = urem i24 %indvar_flatten, 169" [src/pwconv.cpp:85]   --->   Operation 129 'urem' 'empty' <Predicate = true> <Delay = 4.10> <Core = "DivnS">   --->   Core 23 'DivnS' <Latency = 27> <II = 1> <Delay = 4.10> <FuncUnit> <Opcode : 'sdiv' 'srem' 'udiv' 'urem'> <InPorts = 2> <OutPorts = 1>
ST_24 : Operation 130 [10/28] (4.10ns)   --->   "%empty_25 = urem i24 %add_ln85, 169" [src/pwconv.cpp:85]   --->   Operation 130 'urem' 'empty_25' <Predicate = (!icmp_ln85)> <Delay = 4.10> <Core = "DivnS">   --->   Core 23 'DivnS' <Latency = 27> <II = 1> <Delay = 4.10> <FuncUnit> <Opcode : 'sdiv' 'srem' 'udiv' 'urem'> <InPorts = 2> <OutPorts = 1>

State 25 <SV = 24> <Delay = 4.10>
ST_25 : Operation 131 [8/28] (4.10ns)   --->   "%empty = urem i24 %indvar_flatten, 169" [src/pwconv.cpp:85]   --->   Operation 131 'urem' 'empty' <Predicate = true> <Delay = 4.10> <Core = "DivnS">   --->   Core 23 'DivnS' <Latency = 27> <II = 1> <Delay = 4.10> <FuncUnit> <Opcode : 'sdiv' 'srem' 'udiv' 'urem'> <InPorts = 2> <OutPorts = 1>
ST_25 : Operation 132 [9/28] (4.10ns)   --->   "%empty_25 = urem i24 %add_ln85, 169" [src/pwconv.cpp:85]   --->   Operation 132 'urem' 'empty_25' <Predicate = (!icmp_ln85)> <Delay = 4.10> <Core = "DivnS">   --->   Core 23 'DivnS' <Latency = 27> <II = 1> <Delay = 4.10> <FuncUnit> <Opcode : 'sdiv' 'srem' 'udiv' 'urem'> <InPorts = 2> <OutPorts = 1>

State 26 <SV = 25> <Delay = 4.10>
ST_26 : Operation 133 [7/28] (4.10ns)   --->   "%empty = urem i24 %indvar_flatten, 169" [src/pwconv.cpp:85]   --->   Operation 133 'urem' 'empty' <Predicate = true> <Delay = 4.10> <Core = "DivnS">   --->   Core 23 'DivnS' <Latency = 27> <II = 1> <Delay = 4.10> <FuncUnit> <Opcode : 'sdiv' 'srem' 'udiv' 'urem'> <InPorts = 2> <OutPorts = 1>
ST_26 : Operation 134 [8/28] (4.10ns)   --->   "%empty_25 = urem i24 %add_ln85, 169" [src/pwconv.cpp:85]   --->   Operation 134 'urem' 'empty_25' <Predicate = (!icmp_ln85)> <Delay = 4.10> <Core = "DivnS">   --->   Core 23 'DivnS' <Latency = 27> <II = 1> <Delay = 4.10> <FuncUnit> <Opcode : 'sdiv' 'srem' 'udiv' 'urem'> <InPorts = 2> <OutPorts = 1>

State 27 <SV = 26> <Delay = 4.10>
ST_27 : Operation 135 [1/1] (0.00ns)   --->   "%zext_ln89 = zext i8 %select_ln96 to i64" [src/pwconv.cpp:89]   --->   Operation 135 'zext' 'zext_ln89' <Predicate = (!icmp_ln85)> <Delay = 0.00>
ST_27 : Operation 136 [1/1] (0.00ns)   --->   "%fm_out_buff_0_V_add = getelementptr [169 x i16]* %fm_out_buff_0_V, i64 0, i64 %zext_ln89" [src/pwconv.cpp:89]   --->   Operation 136 'getelementptr' 'fm_out_buff_0_V_add' <Predicate = (!icmp_ln85)> <Delay = 0.00>
ST_27 : Operation 137 [2/2] (3.25ns)   --->   "%fm_out_buff_0_V_loa = load i16* %fm_out_buff_0_V_add, align 2" [src/pwconv.cpp:89]   --->   Operation 137 'load' 'fm_out_buff_0_V_loa' <Predicate = (!icmp_ln85)> <Delay = 3.25> <Core = "RAM">   --->   Core 37 'RAM' <Latency = 1> <II = 1> <Delay = 3.25> <Storage> <Opcode : 'load' 'store'> <Ports = 2> <Width = 16> <Depth = 169> <RAM>
ST_27 : Operation 138 [1/1] (0.00ns)   --->   "%fm_out_buff_1_V_add = getelementptr [169 x i16]* %fm_out_buff_1_V, i64 0, i64 %zext_ln89" [src/pwconv.cpp:89]   --->   Operation 138 'getelementptr' 'fm_out_buff_1_V_add' <Predicate = (!icmp_ln85)> <Delay = 0.00>
ST_27 : Operation 139 [2/2] (3.25ns)   --->   "%fm_out_buff_1_V_loa = load i16* %fm_out_buff_1_V_add, align 2" [src/pwconv.cpp:89]   --->   Operation 139 'load' 'fm_out_buff_1_V_loa' <Predicate = (!icmp_ln85)> <Delay = 3.25> <Core = "RAM">   --->   Core 37 'RAM' <Latency = 1> <II = 1> <Delay = 3.25> <Storage> <Opcode : 'load' 'store'> <Ports = 2> <Width = 16> <Depth = 169> <RAM>
ST_27 : Operation 140 [1/1] (0.00ns)   --->   "%fm_out_buff_2_V_add = getelementptr [169 x i16]* %fm_out_buff_2_V, i64 0, i64 %zext_ln89" [src/pwconv.cpp:89]   --->   Operation 140 'getelementptr' 'fm_out_buff_2_V_add' <Predicate = (!icmp_ln85)> <Delay = 0.00>
ST_27 : Operation 141 [2/2] (3.25ns)   --->   "%fm_out_buff_2_V_loa = load i16* %fm_out_buff_2_V_add, align 2" [src/pwconv.cpp:89]   --->   Operation 141 'load' 'fm_out_buff_2_V_loa' <Predicate = (!icmp_ln85)> <Delay = 3.25> <Core = "RAM">   --->   Core 37 'RAM' <Latency = 1> <II = 1> <Delay = 3.25> <Storage> <Opcode : 'load' 'store'> <Ports = 2> <Width = 16> <Depth = 169> <RAM>
ST_27 : Operation 142 [1/1] (0.00ns)   --->   "%fm_out_buff_3_V_add = getelementptr [169 x i16]* %fm_out_buff_3_V, i64 0, i64 %zext_ln89" [src/pwconv.cpp:89]   --->   Operation 142 'getelementptr' 'fm_out_buff_3_V_add' <Predicate = (!icmp_ln85)> <Delay = 0.00>
ST_27 : Operation 143 [2/2] (3.25ns)   --->   "%fm_out_buff_3_V_loa = load i16* %fm_out_buff_3_V_add, align 2" [src/pwconv.cpp:89]   --->   Operation 143 'load' 'fm_out_buff_3_V_loa' <Predicate = (!icmp_ln85)> <Delay = 3.25> <Core = "RAM">   --->   Core 37 'RAM' <Latency = 1> <II = 1> <Delay = 3.25> <Storage> <Opcode : 'load' 'store'> <Ports = 2> <Width = 16> <Depth = 169> <RAM>
ST_27 : Operation 144 [1/1] (0.00ns)   --->   "%fm_out_buff_4_V_add = getelementptr [169 x i16]* %fm_out_buff_4_V, i64 0, i64 %zext_ln89" [src/pwconv.cpp:89]   --->   Operation 144 'getelementptr' 'fm_out_buff_4_V_add' <Predicate = (!icmp_ln85)> <Delay = 0.00>
ST_27 : Operation 145 [2/2] (3.25ns)   --->   "%fm_out_buff_4_V_loa = load i16* %fm_out_buff_4_V_add, align 2" [src/pwconv.cpp:89]   --->   Operation 145 'load' 'fm_out_buff_4_V_loa' <Predicate = (!icmp_ln85)> <Delay = 3.25> <Core = "RAM">   --->   Core 37 'RAM' <Latency = 1> <II = 1> <Delay = 3.25> <Storage> <Opcode : 'load' 'store'> <Ports = 2> <Width = 16> <Depth = 169> <RAM>
ST_27 : Operation 146 [1/1] (0.00ns)   --->   "%fm_out_buff_5_V_add = getelementptr [169 x i16]* %fm_out_buff_5_V, i64 0, i64 %zext_ln89" [src/pwconv.cpp:89]   --->   Operation 146 'getelementptr' 'fm_out_buff_5_V_add' <Predicate = (!icmp_ln85)> <Delay = 0.00>
ST_27 : Operation 147 [2/2] (3.25ns)   --->   "%fm_out_buff_5_V_loa = load i16* %fm_out_buff_5_V_add, align 2" [src/pwconv.cpp:89]   --->   Operation 147 'load' 'fm_out_buff_5_V_loa' <Predicate = (!icmp_ln85)> <Delay = 3.25> <Core = "RAM">   --->   Core 37 'RAM' <Latency = 1> <II = 1> <Delay = 3.25> <Storage> <Opcode : 'load' 'store'> <Ports = 2> <Width = 16> <Depth = 169> <RAM>
ST_27 : Operation 148 [1/1] (0.00ns)   --->   "%fm_out_buff_6_V_add = getelementptr [169 x i16]* %fm_out_buff_6_V, i64 0, i64 %zext_ln89" [src/pwconv.cpp:89]   --->   Operation 148 'getelementptr' 'fm_out_buff_6_V_add' <Predicate = (!icmp_ln85)> <Delay = 0.00>
ST_27 : Operation 149 [2/2] (3.25ns)   --->   "%fm_out_buff_6_V_loa = load i16* %fm_out_buff_6_V_add, align 2" [src/pwconv.cpp:89]   --->   Operation 149 'load' 'fm_out_buff_6_V_loa' <Predicate = (!icmp_ln85)> <Delay = 3.25> <Core = "RAM">   --->   Core 37 'RAM' <Latency = 1> <II = 1> <Delay = 3.25> <Storage> <Opcode : 'load' 'store'> <Ports = 2> <Width = 16> <Depth = 169> <RAM>
ST_27 : Operation 150 [1/1] (0.00ns)   --->   "%fm_out_buff_7_V_add = getelementptr [169 x i16]* %fm_out_buff_7_V, i64 0, i64 %zext_ln89" [src/pwconv.cpp:89]   --->   Operation 150 'getelementptr' 'fm_out_buff_7_V_add' <Predicate = (!icmp_ln85)> <Delay = 0.00>
ST_27 : Operation 151 [2/2] (3.25ns)   --->   "%fm_out_buff_7_V_loa = load i16* %fm_out_buff_7_V_add, align 2" [src/pwconv.cpp:89]   --->   Operation 151 'load' 'fm_out_buff_7_V_loa' <Predicate = (!icmp_ln85)> <Delay = 3.25> <Core = "RAM">   --->   Core 37 'RAM' <Latency = 1> <II = 1> <Delay = 3.25> <Storage> <Opcode : 'load' 'store'> <Ports = 2> <Width = 16> <Depth = 169> <RAM>
ST_27 : Operation 152 [6/28] (4.10ns)   --->   "%empty = urem i24 %indvar_flatten, 169" [src/pwconv.cpp:85]   --->   Operation 152 'urem' 'empty' <Predicate = true> <Delay = 4.10> <Core = "DivnS">   --->   Core 23 'DivnS' <Latency = 27> <II = 1> <Delay = 4.10> <FuncUnit> <Opcode : 'sdiv' 'srem' 'udiv' 'urem'> <InPorts = 2> <OutPorts = 1>
ST_27 : Operation 153 [7/28] (4.10ns)   --->   "%empty_25 = urem i24 %add_ln85, 169" [src/pwconv.cpp:85]   --->   Operation 153 'urem' 'empty_25' <Predicate = (!icmp_ln85)> <Delay = 4.10> <Core = "DivnS">   --->   Core 23 'DivnS' <Latency = 27> <II = 1> <Delay = 4.10> <FuncUnit> <Opcode : 'sdiv' 'srem' 'udiv' 'urem'> <InPorts = 2> <OutPorts = 1>

State 28 <SV = 27> <Delay = 4.10>
ST_28 : Operation 154 [1/2] (3.25ns)   --->   "%fm_out_buff_0_V_loa = load i16* %fm_out_buff_0_V_add, align 2" [src/pwconv.cpp:89]   --->   Operation 154 'load' 'fm_out_buff_0_V_loa' <Predicate = (!icmp_ln85)> <Delay = 3.25> <Core = "RAM">   --->   Core 37 'RAM' <Latency = 1> <II = 1> <Delay = 3.25> <Storage> <Opcode : 'load' 'store'> <Ports = 2> <Width = 16> <Depth = 169> <RAM>
ST_28 : Operation 155 [1/2] (3.25ns)   --->   "%fm_out_buff_1_V_loa = load i16* %fm_out_buff_1_V_add, align 2" [src/pwconv.cpp:89]   --->   Operation 155 'load' 'fm_out_buff_1_V_loa' <Predicate = (!icmp_ln85)> <Delay = 3.25> <Core = "RAM">   --->   Core 37 'RAM' <Latency = 1> <II = 1> <Delay = 3.25> <Storage> <Opcode : 'load' 'store'> <Ports = 2> <Width = 16> <Depth = 169> <RAM>
ST_28 : Operation 156 [1/2] (3.25ns)   --->   "%fm_out_buff_2_V_loa = load i16* %fm_out_buff_2_V_add, align 2" [src/pwconv.cpp:89]   --->   Operation 156 'load' 'fm_out_buff_2_V_loa' <Predicate = (!icmp_ln85)> <Delay = 3.25> <Core = "RAM">   --->   Core 37 'RAM' <Latency = 1> <II = 1> <Delay = 3.25> <Storage> <Opcode : 'load' 'store'> <Ports = 2> <Width = 16> <Depth = 169> <RAM>
ST_28 : Operation 157 [1/2] (3.25ns)   --->   "%fm_out_buff_3_V_loa = load i16* %fm_out_buff_3_V_add, align 2" [src/pwconv.cpp:89]   --->   Operation 157 'load' 'fm_out_buff_3_V_loa' <Predicate = (!icmp_ln85)> <Delay = 3.25> <Core = "RAM">   --->   Core 37 'RAM' <Latency = 1> <II = 1> <Delay = 3.25> <Storage> <Opcode : 'load' 'store'> <Ports = 2> <Width = 16> <Depth = 169> <RAM>
ST_28 : Operation 158 [1/2] (3.25ns)   --->   "%fm_out_buff_4_V_loa = load i16* %fm_out_buff_4_V_add, align 2" [src/pwconv.cpp:89]   --->   Operation 158 'load' 'fm_out_buff_4_V_loa' <Predicate = (!icmp_ln85)> <Delay = 3.25> <Core = "RAM">   --->   Core 37 'RAM' <Latency = 1> <II = 1> <Delay = 3.25> <Storage> <Opcode : 'load' 'store'> <Ports = 2> <Width = 16> <Depth = 169> <RAM>
ST_28 : Operation 159 [1/2] (3.25ns)   --->   "%fm_out_buff_5_V_loa = load i16* %fm_out_buff_5_V_add, align 2" [src/pwconv.cpp:89]   --->   Operation 159 'load' 'fm_out_buff_5_V_loa' <Predicate = (!icmp_ln85)> <Delay = 3.25> <Core = "RAM">   --->   Core 37 'RAM' <Latency = 1> <II = 1> <Delay = 3.25> <Storage> <Opcode : 'load' 'store'> <Ports = 2> <Width = 16> <Depth = 169> <RAM>
ST_28 : Operation 160 [1/2] (3.25ns)   --->   "%fm_out_buff_6_V_loa = load i16* %fm_out_buff_6_V_add, align 2" [src/pwconv.cpp:89]   --->   Operation 160 'load' 'fm_out_buff_6_V_loa' <Predicate = (!icmp_ln85)> <Delay = 3.25> <Core = "RAM">   --->   Core 37 'RAM' <Latency = 1> <II = 1> <Delay = 3.25> <Storage> <Opcode : 'load' 'store'> <Ports = 2> <Width = 16> <Depth = 169> <RAM>
ST_28 : Operation 161 [1/2] (3.25ns)   --->   "%fm_out_buff_7_V_loa = load i16* %fm_out_buff_7_V_add, align 2" [src/pwconv.cpp:89]   --->   Operation 161 'load' 'fm_out_buff_7_V_loa' <Predicate = (!icmp_ln85)> <Delay = 3.25> <Core = "RAM">   --->   Core 37 'RAM' <Latency = 1> <II = 1> <Delay = 3.25> <Storage> <Opcode : 'load' 'store'> <Ports = 2> <Width = 16> <Depth = 169> <RAM>
ST_28 : Operation 162 [5/28] (4.10ns)   --->   "%empty = urem i24 %indvar_flatten, 169" [src/pwconv.cpp:85]   --->   Operation 162 'urem' 'empty' <Predicate = true> <Delay = 4.10> <Core = "DivnS">   --->   Core 23 'DivnS' <Latency = 27> <II = 1> <Delay = 4.10> <FuncUnit> <Opcode : 'sdiv' 'srem' 'udiv' 'urem'> <InPorts = 2> <OutPorts = 1>
ST_28 : Operation 163 [6/28] (4.10ns)   --->   "%empty_25 = urem i24 %add_ln85, 169" [src/pwconv.cpp:85]   --->   Operation 163 'urem' 'empty_25' <Predicate = (!icmp_ln85)> <Delay = 4.10> <Core = "DivnS">   --->   Core 23 'DivnS' <Latency = 27> <II = 1> <Delay = 4.10> <FuncUnit> <Opcode : 'sdiv' 'srem' 'udiv' 'urem'> <InPorts = 2> <OutPorts = 1>

State 29 <SV = 28> <Delay = 4.10>
ST_29 : Operation 164 [1/1] (2.47ns)   --->   "%tmp2_V_2 = call i16 @_ssdm_op_Mux.ap_auto.8i16.i3(i16 %fm_out_buff_0_V_loa, i16 %fm_out_buff_1_V_loa, i16 %fm_out_buff_2_V_loa, i16 %fm_out_buff_3_V_loa, i16 %fm_out_buff_4_V_loa, i16 %fm_out_buff_5_V_loa, i16 %fm_out_buff_6_V_loa, i16 %fm_out_buff_7_V_loa, i3 %trunc_ln96)" [src/pwconv.cpp:89]   --->   Operation 164 'mux' 'tmp2_V_2' <Predicate = (!icmp_ln85)> <Delay = 2.47> <Core = "MuxnS">   --->   Core 31 'MuxnS' <Latency = 0> <II = 1> <Delay = 2.47> <FuncUnit> <Opcode : 'mux'> <InPorts = 2> <OutPorts = 1>
ST_29 : Operation 165 [1/1] (1.76ns)   --->   "br i1 %icmp_ln90, label %1, label %hls_label_5_end" [src/pwconv.cpp:90]   --->   Operation 165 'br' <Predicate = (!icmp_ln85)> <Delay = 1.76>
ST_29 : Operation 166 [4/28] (4.10ns)   --->   "%empty = urem i24 %indvar_flatten, 169" [src/pwconv.cpp:85]   --->   Operation 166 'urem' 'empty' <Predicate = true> <Delay = 4.10> <Core = "DivnS">   --->   Core 23 'DivnS' <Latency = 27> <II = 1> <Delay = 4.10> <FuncUnit> <Opcode : 'sdiv' 'srem' 'udiv' 'urem'> <InPorts = 2> <OutPorts = 1>
ST_29 : Operation 167 [5/28] (4.10ns)   --->   "%empty_25 = urem i24 %add_ln85, 169" [src/pwconv.cpp:85]   --->   Operation 167 'urem' 'empty_25' <Predicate = (!icmp_ln85)> <Delay = 4.10> <Core = "DivnS">   --->   Core 23 'DivnS' <Latency = 27> <II = 1> <Delay = 4.10> <FuncUnit> <Opcode : 'sdiv' 'srem' 'udiv' 'urem'> <InPorts = 2> <OutPorts = 1>

State 30 <SV = 29> <Delay = 4.10>
ST_30 : Operation 168 [1/1] (0.00ns)   --->   "%sext_ln1116 = sext i16 %tmp2_V_2 to i23" [src/pwconv.cpp:9->src/pwconv.cpp:91]   --->   Operation 168 'sext' 'sext_ln1116' <Predicate = (!icmp_ln85 & icmp_ln90)> <Delay = 0.00>
ST_30 : Operation 169 [3/3] (3.89ns) (root node of the DSP)   --->   "%r_V = mul i23 51, %sext_ln1116" [src/pwconv.cpp:9->src/pwconv.cpp:91]   --->   Operation 169 'mul' 'r_V' <Predicate = (!icmp_ln85 & icmp_ln90)> <Delay = 3.89> <Core = "DSP48">   --->   Core 88 'DSP48' <Latency = 2> <II = 1> <Delay = 3.89> <IPBlock> <Opcode : 'mul' 'add' 'sub' 'select'> <InPorts = 0> <OutPorts = 1> <Sync> <CReg>
ST_30 : Operation 170 [3/28] (4.10ns)   --->   "%empty = urem i24 %indvar_flatten, 169" [src/pwconv.cpp:85]   --->   Operation 170 'urem' 'empty' <Predicate = true> <Delay = 4.10> <Core = "DivnS">   --->   Core 23 'DivnS' <Latency = 27> <II = 1> <Delay = 4.10> <FuncUnit> <Opcode : 'sdiv' 'srem' 'udiv' 'urem'> <InPorts = 2> <OutPorts = 1>
ST_30 : Operation 171 [4/28] (4.10ns)   --->   "%empty_25 = urem i24 %add_ln85, 169" [src/pwconv.cpp:85]   --->   Operation 171 'urem' 'empty_25' <Predicate = (!icmp_ln85)> <Delay = 4.10> <Core = "DivnS">   --->   Core 23 'DivnS' <Latency = 27> <II = 1> <Delay = 4.10> <FuncUnit> <Opcode : 'sdiv' 'srem' 'udiv' 'urem'> <InPorts = 2> <OutPorts = 1>

State 31 <SV = 30> <Delay = 4.10>
ST_31 : Operation 172 [2/3] (3.89ns) (root node of the DSP)   --->   "%r_V = mul i23 51, %sext_ln1116" [src/pwconv.cpp:9->src/pwconv.cpp:91]   --->   Operation 172 'mul' 'r_V' <Predicate = (!icmp_ln85 & icmp_ln90)> <Delay = 3.89> <Core = "DSP48">   --->   Core 88 'DSP48' <Latency = 2> <II = 1> <Delay = 3.89> <IPBlock> <Opcode : 'mul' 'add' 'sub' 'select'> <InPorts = 0> <OutPorts = 1> <Sync> <CReg>
ST_31 : Operation 173 [2/28] (4.10ns)   --->   "%empty = urem i24 %indvar_flatten, 169" [src/pwconv.cpp:85]   --->   Operation 173 'urem' 'empty' <Predicate = true> <Delay = 4.10> <Core = "DivnS">   --->   Core 23 'DivnS' <Latency = 27> <II = 1> <Delay = 4.10> <FuncUnit> <Opcode : 'sdiv' 'srem' 'udiv' 'urem'> <InPorts = 2> <OutPorts = 1>
ST_31 : Operation 174 [3/28] (4.10ns)   --->   "%empty_25 = urem i24 %add_ln85, 169" [src/pwconv.cpp:85]   --->   Operation 174 'urem' 'empty_25' <Predicate = (!icmp_ln85)> <Delay = 4.10> <Core = "DivnS">   --->   Core 23 'DivnS' <Latency = 27> <II = 1> <Delay = 4.10> <FuncUnit> <Opcode : 'sdiv' 'srem' 'udiv' 'urem'> <InPorts = 2> <OutPorts = 1>

State 32 <SV = 31> <Delay = 4.10>
ST_32 : Operation 175 [1/3] (0.00ns) (root node of the DSP)   --->   "%r_V = mul i23 51, %sext_ln1116" [src/pwconv.cpp:9->src/pwconv.cpp:91]   --->   Operation 175 'mul' 'r_V' <Predicate = (!icmp_ln85 & icmp_ln90)> <Delay = 0.00> <Core = "DSP48">   --->   Core 88 'DSP48' <Latency = 2> <II = 1> <Delay = 3.89> <IPBlock> <Opcode : 'mul' 'add' 'sub' 'select'> <InPorts = 0> <OutPorts = 1> <Sync> <CReg>
ST_32 : Operation 176 [1/1] (0.00ns)   --->   "%p_Result_s = call i1 @_ssdm_op_BitSelect.i1.i23.i32(i23 %r_V, i32 21)" [src/pwconv.cpp:9->src/pwconv.cpp:91]   --->   Operation 176 'bitselect' 'p_Result_s' <Predicate = (!icmp_ln85 & icmp_ln90)> <Delay = 0.00>
ST_32 : Operation 177 [1/1] (0.00ns)   --->   "%trunc_ln1 = call i14 @_ssdm_op_PartSelect.i14.i23.i32.i32(i23 %r_V, i32 9, i32 22)" [src/pwconv.cpp:9->src/pwconv.cpp:91]   --->   Operation 177 'partselect' 'trunc_ln1' <Predicate = (!icmp_ln85 & icmp_ln90)> <Delay = 0.00>
ST_32 : Operation 178 [1/1] (0.00ns)   --->   "%p_Result_1 = call i1 @_ssdm_op_BitSelect.i1.i23.i32(i23 %r_V, i32 22)" [src/pwconv.cpp:9->src/pwconv.cpp:91]   --->   Operation 178 'bitselect' 'p_Result_1' <Predicate = (!icmp_ln85 & icmp_ln90)> <Delay = 0.00>
ST_32 : Operation 179 [1/1] (0.00ns)   --->   "%tmp_6 = call i1 @_ssdm_op_BitSelect.i1.i23.i32(i23 %r_V, i32 8)" [src/pwconv.cpp:9->src/pwconv.cpp:91]   --->   Operation 179 'bitselect' 'tmp_6' <Predicate = (!icmp_ln85 & icmp_ln90)> <Delay = 0.00>
ST_32 : Operation 180 [1/1] (0.00ns)   --->   "%Range2_all_ones = call i1 @_ssdm_op_BitSelect.i1.i23.i32(i23 %r_V, i32 22)" [src/pwconv.cpp:9->src/pwconv.cpp:91]   --->   Operation 180 'bitselect' 'Range2_all_ones' <Predicate = (!icmp_ln85 & icmp_ln90)> <Delay = 0.00>
ST_32 : Operation 181 [1/28] (4.10ns)   --->   "%empty = urem i24 %indvar_flatten, 169" [src/pwconv.cpp:85]   --->   Operation 181 'urem' 'empty' <Predicate = true> <Delay = 4.10> <Core = "DivnS">   --->   Core 23 'DivnS' <Latency = 27> <II = 1> <Delay = 4.10> <FuncUnit> <Opcode : 'sdiv' 'srem' 'udiv' 'urem'> <InPorts = 2> <OutPorts = 1>
ST_32 : Operation 182 [2/28] (4.10ns)   --->   "%empty_25 = urem i24 %add_ln85, 169" [src/pwconv.cpp:85]   --->   Operation 182 'urem' 'empty_25' <Predicate = (!icmp_ln85)> <Delay = 4.10> <Core = "DivnS">   --->   Core 23 'DivnS' <Latency = 27> <II = 1> <Delay = 4.10> <FuncUnit> <Opcode : 'sdiv' 'srem' 'udiv' 'urem'> <InPorts = 2> <OutPorts = 1>

State 33 <SV = 32> <Delay = 4.10>
ST_33 : Operation 183 [1/1] (2.42ns)   --->   "%icmp_ln1494 = icmp sgt i16 %tmp2_V_2, 0" [src/pwconv.cpp:5->src/pwconv.cpp:91]   --->   Operation 183 'icmp' 'icmp_ln1494' <Predicate = (!icmp_ln85 & icmp_ln90)> <Delay = 2.42> <Core = "Cmp">   --->   Core 25 'Cmp' <Latency = 0> <II = 1> <Delay = 2.47> <FuncUnit> <Opcode : 'icmp'> <InPorts = 2> <OutPorts = 1>
ST_33 : Operation 184 [1/1] (0.00ns)   --->   "%sext_ln713 = sext i14 %trunc_ln1 to i15" [src/pwconv.cpp:9->src/pwconv.cpp:91]   --->   Operation 184 'sext' 'sext_ln713' <Predicate = (!icmp_ln85 & icmp_ln90)> <Delay = 0.00>
ST_33 : Operation 185 [1/1] (0.00ns)   --->   "%zext_ln415 = zext i1 %tmp_6 to i15" [src/pwconv.cpp:9->src/pwconv.cpp:91]   --->   Operation 185 'zext' 'zext_ln415' <Predicate = (!icmp_ln85 & icmp_ln90)> <Delay = 0.00>
ST_33 : Operation 186 [1/1] (1.81ns)   --->   "%p_Val2_1 = add i15 %zext_ln415, %sext_ln713" [src/pwconv.cpp:9->src/pwconv.cpp:91]   --->   Operation 186 'add' 'p_Val2_1' <Predicate = (!icmp_ln85 & icmp_ln90)> <Delay = 1.81> <Core = "AddSub">   --->   Core 14 'AddSub' <Latency = 0> <II = 1> <Delay = 2.07> <FuncUnit> <Opcode : 'add' 'sub'> <InPorts = 2> <OutPorts = 1>
ST_33 : Operation 187 [1/1] (0.00ns)   --->   "%tmp_7 = call i1 @_ssdm_op_BitSelect.i1.i15.i32(i15 %p_Val2_1, i32 14)" [src/pwconv.cpp:9->src/pwconv.cpp:91]   --->   Operation 187 'bitselect' 'tmp_7' <Predicate = (!icmp_ln85 & icmp_ln90)> <Delay = 0.00>
ST_33 : Operation 188 [1/1] (0.00ns) (grouped into LUT with out node carry_1)   --->   "%xor_ln416_1 = xor i1 %tmp_7, true" [src/pwconv.cpp:9->src/pwconv.cpp:91]   --->   Operation 188 'xor' 'xor_ln416_1' <Predicate = (!icmp_ln85 & icmp_ln90)> <Delay = 0.00> <Core = "LogicGate">   --->   Core 27 'LogicGate' <Latency = 0> <II = 1> <Delay = 0.97> <FuncUnit> <Opcode : 'and' 'or' 'xor'> <InPorts = 2> <OutPorts = 1>
ST_33 : Operation 189 [1/1] (0.97ns) (out node of the LUT)   --->   "%carry_1 = and i1 %p_Result_1, %xor_ln416_1" [src/pwconv.cpp:9->src/pwconv.cpp:91]   --->   Operation 189 'and' 'carry_1' <Predicate = (!icmp_ln85 & icmp_ln90)> <Delay = 0.97> <Core = "LogicGate">   --->   Core 27 'LogicGate' <Latency = 0> <II = 1> <Delay = 0.97> <FuncUnit> <Opcode : 'and' 'or' 'xor'> <InPorts = 2> <OutPorts = 1>
ST_33 : Operation 190 [1/1] (0.00ns)   --->   "%p_Result_2 = call i1 @_ssdm_op_BitSelect.i1.i15.i32(i15 %p_Val2_1, i32 14)" [src/pwconv.cpp:9->src/pwconv.cpp:91]   --->   Operation 190 'bitselect' 'p_Result_2' <Predicate = (!icmp_ln85 & icmp_ln90)> <Delay = 0.00>
ST_33 : Operation 191 [1/1] (0.00ns) (grouped into LUT with out node and_ln786)   --->   "%tmp_10 = call i1 @_ssdm_op_BitSelect.i1.i23.i32(i23 %r_V, i32 21)" [src/pwconv.cpp:9->src/pwconv.cpp:91]   --->   Operation 191 'bitselect' 'tmp_10' <Predicate = (!icmp_ln85 & icmp_ln90)> <Delay = 0.00>
ST_33 : Operation 192 [1/1] (0.00ns) (grouped into LUT with out node and_ln786)   --->   "%xor_ln779 = xor i1 %tmp_10, true" [src/pwconv.cpp:9->src/pwconv.cpp:91]   --->   Operation 192 'xor' 'xor_ln779' <Predicate = (!icmp_ln85 & icmp_ln90)> <Delay = 0.00> <Core = "LogicGate">   --->   Core 27 'LogicGate' <Latency = 0> <II = 1> <Delay = 0.97> <FuncUnit> <Opcode : 'and' 'or' 'xor'> <InPorts = 2> <OutPorts = 1>
ST_33 : Operation 193 [1/1] (0.00ns) (grouped into LUT with out node and_ln786)   --->   "%xor_ln416_2 = xor i1 %p_Result_1, true" [src/pwconv.cpp:9->src/pwconv.cpp:91]   --->   Operation 193 'xor' 'xor_ln416_2' <Predicate = (!icmp_ln85 & icmp_ln90)> <Delay = 0.00> <Core = "LogicGate">   --->   Core 27 'LogicGate' <Latency = 0> <II = 1> <Delay = 0.97> <FuncUnit> <Opcode : 'and' 'or' 'xor'> <InPorts = 2> <OutPorts = 1>
ST_33 : Operation 194 [1/1] (0.00ns) (grouped into LUT with out node and_ln786)   --->   "%or_ln416_1 = or i1 %tmp_7, %xor_ln416_2" [src/pwconv.cpp:9->src/pwconv.cpp:91]   --->   Operation 194 'or' 'or_ln416_1' <Predicate = (!icmp_ln85 & icmp_ln90)> <Delay = 0.00> <Core = "LogicGate">   --->   Core 27 'LogicGate' <Latency = 0> <II = 1> <Delay = 0.97> <FuncUnit> <Opcode : 'and' 'or' 'xor'> <InPorts = 2> <OutPorts = 1>
ST_33 : Operation 195 [1/1] (0.00ns) (grouped into LUT with out node and_ln786)   --->   "%or_ln416 = or i1 %or_ln416_1, %xor_ln779" [src/pwconv.cpp:9->src/pwconv.cpp:91]   --->   Operation 195 'or' 'or_ln416' <Predicate = (!icmp_ln85 & icmp_ln90)> <Delay = 0.00> <Core = "LogicGate">   --->   Core 27 'LogicGate' <Latency = 0> <II = 1> <Delay = 0.97> <FuncUnit> <Opcode : 'and' 'or' 'xor'> <InPorts = 2> <OutPorts = 1>
ST_33 : Operation 196 [1/1] (0.00ns) (grouped into LUT with out node and_ln786)   --->   "%deleted_ones = and i1 %Range2_all_ones, %or_ln416" [src/pwconv.cpp:9->src/pwconv.cpp:91]   --->   Operation 196 'and' 'deleted_ones' <Predicate = (!icmp_ln85 & icmp_ln90)> <Delay = 0.00> <Core = "LogicGate">   --->   Core 27 'LogicGate' <Latency = 0> <II = 1> <Delay = 0.97> <FuncUnit> <Opcode : 'and' 'or' 'xor'> <InPorts = 2> <OutPorts = 1>
ST_33 : Operation 197 [1/1] (0.97ns)   --->   "%and_ln781 = and i1 %carry_1, %Range2_all_ones" [src/pwconv.cpp:9->src/pwconv.cpp:91]   --->   Operation 197 'and' 'and_ln781' <Predicate = (!icmp_ln85 & icmp_ln90)> <Delay = 0.97> <Core = "LogicGate">   --->   Core 27 'LogicGate' <Latency = 0> <II = 1> <Delay = 0.97> <FuncUnit> <Opcode : 'and' 'or' 'xor'> <InPorts = 2> <OutPorts = 1>
ST_33 : Operation 198 [1/1] (0.97ns) (out node of the LUT)   --->   "%and_ln786 = and i1 %p_Result_2, %deleted_ones" [src/pwconv.cpp:9->src/pwconv.cpp:91]   --->   Operation 198 'and' 'and_ln786' <Predicate = (!icmp_ln85 & icmp_ln90)> <Delay = 0.97> <Core = "LogicGate">   --->   Core 27 'LogicGate' <Latency = 0> <II = 1> <Delay = 0.97> <FuncUnit> <Opcode : 'and' 'or' 'xor'> <InPorts = 2> <OutPorts = 1>
ST_33 : Operation 199 [1/1] (1.66ns)   --->   "%empty_23 = icmp eq i24 %empty, 0" [src/pwconv.cpp:85]   --->   Operation 199 'icmp' 'empty_23' <Predicate = true> <Delay = 1.66> <Core = "Cmp">   --->   Core 25 'Cmp' <Latency = 0> <II = 1> <Delay = 2.47> <FuncUnit> <Opcode : 'icmp'> <InPorts = 2> <OutPorts = 1>
ST_33 : Operation 200 [1/1] (0.00ns)   --->   "br i1 %empty_23, label %ReqBB, label %hls_label_5_end1" [src/pwconv.cpp:85]   --->   Operation 200 'br' <Predicate = true> <Delay = 0.00>
ST_33 : Operation 201 [1/28] (4.10ns)   --->   "%empty_25 = urem i24 %add_ln85, 169" [src/pwconv.cpp:85]   --->   Operation 201 'urem' 'empty_25' <Predicate = (!icmp_ln85)> <Delay = 4.10> <Core = "DivnS">   --->   Core 23 'DivnS' <Latency = 27> <II = 1> <Delay = 4.10> <FuncUnit> <Opcode : 'sdiv' 'srem' 'udiv' 'urem'> <InPorts = 2> <OutPorts = 1>

State 34 <SV = 33> <Delay = 4.81>
ST_34 : Operation 202 [1/1] (0.00ns)   --->   "%sext_ln415 = sext i15 %p_Val2_1 to i16" [src/pwconv.cpp:9->src/pwconv.cpp:91]   --->   Operation 202 'sext' 'sext_ln415' <Predicate = (!icmp_ln85 & icmp_ln90)> <Delay = 0.00>
ST_34 : Operation 203 [1/1] (0.00ns) (grouped into LUT with out node select_ln340)   --->   "%xor_ln785 = xor i1 %Range2_all_ones, %carry_1" [src/pwconv.cpp:9->src/pwconv.cpp:91]   --->   Operation 203 'xor' 'xor_ln785' <Predicate = (!icmp_ln85 & icmp_ln90)> <Delay = 0.00> <Core = "LogicGate">   --->   Core 27 'LogicGate' <Latency = 0> <II = 1> <Delay = 0.97> <FuncUnit> <Opcode : 'and' 'or' 'xor'> <InPorts = 2> <OutPorts = 1>
ST_34 : Operation 204 [1/1] (0.00ns) (grouped into LUT with out node select_ln340)   --->   "%or_ln785 = or i1 %p_Result_2, %xor_ln785" [src/pwconv.cpp:9->src/pwconv.cpp:91]   --->   Operation 204 'or' 'or_ln785' <Predicate = (!icmp_ln85 & icmp_ln90)> <Delay = 0.00> <Core = "LogicGate">   --->   Core 27 'LogicGate' <Latency = 0> <II = 1> <Delay = 0.97> <FuncUnit> <Opcode : 'and' 'or' 'xor'> <InPorts = 2> <OutPorts = 1>
ST_34 : Operation 205 [1/1] (0.97ns)   --->   "%xor_ln785_1 = xor i1 %p_Result_s, true" [src/pwconv.cpp:9->src/pwconv.cpp:91]   --->   Operation 205 'xor' 'xor_ln785_1' <Predicate = (!icmp_ln85 & icmp_ln90)> <Delay = 0.97> <Core = "LogicGate">   --->   Core 27 'LogicGate' <Latency = 0> <II = 1> <Delay = 0.97> <FuncUnit> <Opcode : 'and' 'or' 'xor'> <InPorts = 2> <OutPorts = 1>
ST_34 : Operation 206 [1/1] (0.00ns) (grouped into LUT with out node select_ln340)   --->   "%overflow = and i1 %or_ln785, %xor_ln785_1" [src/pwconv.cpp:9->src/pwconv.cpp:91]   --->   Operation 206 'and' 'overflow' <Predicate = (!icmp_ln85 & icmp_ln90)> <Delay = 0.00> <Core = "LogicGate">   --->   Core 27 'LogicGate' <Latency = 0> <II = 1> <Delay = 0.97> <FuncUnit> <Opcode : 'and' 'or' 'xor'> <InPorts = 2> <OutPorts = 1>
ST_34 : Operation 207 [1/1] (0.00ns) (grouped into LUT with out node underflow)   --->   "%or_ln786 = or i1 %and_ln781, %and_ln786" [src/pwconv.cpp:9->src/pwconv.cpp:91]   --->   Operation 207 'or' 'or_ln786' <Predicate = (!icmp_ln85 & icmp_ln90)> <Delay = 0.00> <Core = "LogicGate">   --->   Core 27 'LogicGate' <Latency = 0> <II = 1> <Delay = 0.97> <FuncUnit> <Opcode : 'and' 'or' 'xor'> <InPorts = 2> <OutPorts = 1>
ST_34 : Operation 208 [1/1] (0.00ns) (grouped into LUT with out node underflow)   --->   "%xor_ln786 = xor i1 %or_ln786, true" [src/pwconv.cpp:9->src/pwconv.cpp:91]   --->   Operation 208 'xor' 'xor_ln786' <Predicate = (!icmp_ln85 & icmp_ln90)> <Delay = 0.00> <Core = "LogicGate">   --->   Core 27 'LogicGate' <Latency = 0> <II = 1> <Delay = 0.97> <FuncUnit> <Opcode : 'and' 'or' 'xor'> <InPorts = 2> <OutPorts = 1>
ST_34 : Operation 209 [1/1] (0.97ns) (out node of the LUT)   --->   "%underflow = and i1 %p_Result_s, %xor_ln786" [src/pwconv.cpp:9->src/pwconv.cpp:91]   --->   Operation 209 'and' 'underflow' <Predicate = (!icmp_ln85 & icmp_ln90)> <Delay = 0.97> <Core = "LogicGate">   --->   Core 27 'LogicGate' <Latency = 0> <II = 1> <Delay = 0.97> <FuncUnit> <Opcode : 'and' 'or' 'xor'> <InPorts = 2> <OutPorts = 1>
ST_34 : Operation 210 [1/1] (0.00ns) (grouped into LUT with out node select_ln340)   --->   "%or_ln340 = or i1 %underflow, %overflow" [src/pwconv.cpp:9->src/pwconv.cpp:91]   --->   Operation 210 'or' 'or_ln340' <Predicate = (!icmp_ln85 & icmp_ln90)> <Delay = 0.00> <Core = "LogicGate">   --->   Core 27 'LogicGate' <Latency = 0> <II = 1> <Delay = 0.97> <FuncUnit> <Opcode : 'and' 'or' 'xor'> <InPorts = 2> <OutPorts = 1>
ST_34 : Operation 211 [1/1] (0.00ns) (grouped into LUT with out node and_ln340)   --->   "%or_ln340_1 = or i1 %and_ln786, %xor_ln785_1" [src/pwconv.cpp:9->src/pwconv.cpp:91]   --->   Operation 211 'or' 'or_ln340_1' <Predicate = (!icmp_ln85 & icmp_ln90)> <Delay = 0.00> <Core = "LogicGate">   --->   Core 27 'LogicGate' <Latency = 0> <II = 1> <Delay = 0.97> <FuncUnit> <Opcode : 'and' 'or' 'xor'> <InPorts = 2> <OutPorts = 1>
ST_34 : Operation 212 [1/1] (0.00ns) (grouped into LUT with out node and_ln340)   --->   "%or_ln340_2 = or i1 %or_ln340_1, %and_ln781" [src/pwconv.cpp:9->src/pwconv.cpp:91]   --->   Operation 212 'or' 'or_ln340_2' <Predicate = (!icmp_ln85 & icmp_ln90)> <Delay = 0.00> <Core = "LogicGate">   --->   Core 27 'LogicGate' <Latency = 0> <II = 1> <Delay = 0.97> <FuncUnit> <Opcode : 'and' 'or' 'xor'> <InPorts = 2> <OutPorts = 1>
ST_34 : Operation 213 [1/1] (0.97ns) (out node of the LUT)   --->   "%select_ln340 = select i1 %or_ln340, i16 32767, i16 %sext_ln415" [src/pwconv.cpp:9->src/pwconv.cpp:91]   --->   Operation 213 'select' 'select_ln340' <Predicate = (!icmp_ln85 & icmp_ln90)> <Delay = 0.97> <Core = "Sel">   --->   Core 26 'Sel' <Latency = 0> <II = 1> <Delay = 0.80> <FuncUnit> <Opcode : 'select'> <InPorts = 3> <OutPorts = 1>
ST_34 : Operation 214 [1/1] (0.00ns) (grouped into LUT with out node tmp2_V)   --->   "%select_ln388 = select i1 %underflow, i16 -32768, i16 %sext_ln415" [src/pwconv.cpp:9->src/pwconv.cpp:91]   --->   Operation 214 'select' 'select_ln388' <Predicate = (!icmp_ln85 & icmp_ln90 & !icmp_ln1494)> <Delay = 0.00> <Core = "Sel">   --->   Core 26 'Sel' <Latency = 0> <II = 1> <Delay = 0.80> <FuncUnit> <Opcode : 'select'> <InPorts = 3> <OutPorts = 1>
ST_34 : Operation 215 [1/1] (0.00ns) (grouped into LUT with out node tmp2_V)   --->   "%select_ln1494 = select i1 %icmp_ln1494, i16 %tmp2_V_2, i16 %select_ln388" [src/pwconv.cpp:5->src/pwconv.cpp:91]   --->   Operation 215 'select' 'select_ln1494' <Predicate = (!icmp_ln85 & icmp_ln90)> <Delay = 0.00> <Core = "Sel">   --->   Core 26 'Sel' <Latency = 0> <II = 1> <Delay = 0.80> <FuncUnit> <Opcode : 'select'> <InPorts = 3> <OutPorts = 1>
ST_34 : Operation 216 [1/1] (0.00ns) (grouped into LUT with out node and_ln340)   --->   "%xor_ln1494 = xor i1 %icmp_ln1494, true" [src/pwconv.cpp:5->src/pwconv.cpp:91]   --->   Operation 216 'xor' 'xor_ln1494' <Predicate = (!icmp_ln85 & icmp_ln90)> <Delay = 0.00> <Core = "LogicGate">   --->   Core 27 'LogicGate' <Latency = 0> <II = 1> <Delay = 0.97> <FuncUnit> <Opcode : 'and' 'or' 'xor'> <InPorts = 2> <OutPorts = 1>
ST_34 : Operation 217 [1/1] (0.97ns) (out node of the LUT)   --->   "%and_ln340 = and i1 %or_ln340_2, %xor_ln1494" [src/pwconv.cpp:9->src/pwconv.cpp:91]   --->   Operation 217 'and' 'and_ln340' <Predicate = (!icmp_ln85 & icmp_ln90)> <Delay = 0.97> <Core = "LogicGate">   --->   Core 27 'LogicGate' <Latency = 0> <II = 1> <Delay = 0.97> <FuncUnit> <Opcode : 'and' 'or' 'xor'> <InPorts = 2> <OutPorts = 1>
ST_34 : Operation 218 [1/1] (0.80ns) (out node of the LUT)   --->   "%tmp2_V = select i1 %and_ln340, i16 %select_ln340, i16 %select_ln1494" [src/pwconv.cpp:9->src/pwconv.cpp:91]   --->   Operation 218 'select' 'tmp2_V' <Predicate = (!icmp_ln85 & icmp_ln90)> <Delay = 0.80> <Core = "Sel">   --->   Core 26 'Sel' <Latency = 0> <II = 1> <Delay = 0.80> <FuncUnit> <Opcode : 'select'> <InPorts = 3> <OutPorts = 1>
ST_34 : Operation 219 [1/1] (1.76ns)   --->   "br label %hls_label_5_end" [src/pwconv.cpp:92]   --->   Operation 219 'br' <Predicate = (!icmp_ln85 & icmp_ln90)> <Delay = 1.76>
ST_34 : Operation 220 [1/1] (4.81ns)   --->   "%fm_out_V_addr_1_wr_r = call i1 @_ssdm_op_WriteReq.m_axi.i16P(i16* %fm_out_V_addr, i32 169)" [src/pwconv.cpp:96]   --->   Operation 220 'writereq' 'fm_out_V_addr_1_wr_r' <Predicate = (empty_23)> <Delay = 4.81> <Core = "m_axi">   --->   Core 9 'm_axi' <Latency = 6> <II = 1> <Delay = 1.00> <Adapter> <Opcode : 'read' 'write' 'readreq' 'writereq' 'writeresp'>
ST_34 : Operation 221 [1/1] (0.00ns)   --->   "br label %hls_label_5_end1"   --->   Operation 221 'br' <Predicate = (empty_23)> <Delay = 0.00>
ST_34 : Operation 222 [1/1] (1.66ns)   --->   "%empty_26 = icmp eq i24 %empty_25, 0" [src/pwconv.cpp:85]   --->   Operation 222 'icmp' 'empty_26' <Predicate = (!icmp_ln85)> <Delay = 1.66> <Core = "Cmp">   --->   Core 25 'Cmp' <Latency = 0> <II = 1> <Delay = 2.47> <FuncUnit> <Opcode : 'icmp'> <InPorts = 2> <OutPorts = 1>
ST_34 : Operation 223 [1/1] (0.00ns)   --->   "br i1 %empty_26, label %RespBB, label %BurstBB1" [src/pwconv.cpp:85]   --->   Operation 223 'br' <Predicate = (!icmp_ln85)> <Delay = 0.00>

State 35 <SV = 34> <Delay = 4.81>
ST_35 : Operation 224 [1/1] (0.00ns)   --->   "%tmp = call i32 (...)* @_ssdm_op_SpecRegionBegin([12 x i8]* @p_str717)" [src/pwconv.cpp:86]   --->   Operation 224 'specregionbegin' 'tmp' <Predicate = (!icmp_ln85)> <Delay = 0.00>
ST_35 : Operation 225 [1/1] (0.00ns)   --->   "call void (...)* @_ssdm_op_SpecPipeline(i32 1, i32 1, i32 1, i32 0, [1 x i8]* @p_str111) nounwind" [src/pwconv.cpp:87]   --->   Operation 225 'specpipeline' <Predicate = (!icmp_ln85)> <Delay = 0.00>
ST_35 : Operation 226 [1/1] (0.00ns)   --->   "%p_051_0 = phi i16 [ %tmp2_V, %1 ], [ %tmp2_V_2, %hls_label_5_begin ]"   --->   Operation 226 'phi' 'p_051_0' <Predicate = true> <Delay = 0.00>
ST_35 : Operation 227 [1/1] (4.81ns)   --->   "call void @_ssdm_op_Write.m_axi.i16P(i16* %fm_out_V_addr, i16 %p_051_0, i2 -1)" [src/pwconv.cpp:96]   --->   Operation 227 'write' <Predicate = (!icmp_ln85)> <Delay = 4.81> <Core = "m_axi">   --->   Core 9 'm_axi' <Latency = 6> <II = 1> <Delay = 1.00> <Adapter> <Opcode : 'read' 'write' 'readreq' 'writereq' 'writeresp'>
ST_35 : Operation 228 [1/1] (0.00ns)   --->   "%empty_24 = call i32 (...)* @_ssdm_op_SpecRegionEnd([12 x i8]* @p_str717, i32 %tmp)" [src/pwconv.cpp:97]   --->   Operation 228 'specregionend' 'empty_24' <Predicate = (!icmp_ln85)> <Delay = 0.00>

State 36 <SV = 35> <Delay = 4.81>
ST_36 : Operation 229 [5/5] (4.81ns)   --->   "%fm_out_V_addr_1_wr_r_1 = call i1 @_ssdm_op_WriteResp.m_axi.i16P(i16* %fm_out_V_addr)" [src/pwconv.cpp:96]   --->   Operation 229 'writeresp' 'fm_out_V_addr_1_wr_r_1' <Predicate = (empty_26)> <Delay = 4.81> <Core = "m_axi">   --->   Core 9 'm_axi' <Latency = 6> <II = 1> <Delay = 1.00> <Adapter> <Opcode : 'read' 'write' 'readreq' 'writereq' 'writeresp'>

State 37 <SV = 36> <Delay = 4.81>
ST_37 : Operation 230 [4/5] (4.81ns)   --->   "%fm_out_V_addr_1_wr_r_1 = call i1 @_ssdm_op_WriteResp.m_axi.i16P(i16* %fm_out_V_addr)" [src/pwconv.cpp:96]   --->   Operation 230 'writeresp' 'fm_out_V_addr_1_wr_r_1' <Predicate = (empty_26)> <Delay = 4.81> <Core = "m_axi">   --->   Core 9 'm_axi' <Latency = 6> <II = 1> <Delay = 1.00> <Adapter> <Opcode : 'read' 'write' 'readreq' 'writereq' 'writeresp'>

State 38 <SV = 37> <Delay = 4.81>
ST_38 : Operation 231 [3/5] (4.81ns)   --->   "%fm_out_V_addr_1_wr_r_1 = call i1 @_ssdm_op_WriteResp.m_axi.i16P(i16* %fm_out_V_addr)" [src/pwconv.cpp:96]   --->   Operation 231 'writeresp' 'fm_out_V_addr_1_wr_r_1' <Predicate = (empty_26)> <Delay = 4.81> <Core = "m_axi">   --->   Core 9 'm_axi' <Latency = 6> <II = 1> <Delay = 1.00> <Adapter> <Opcode : 'read' 'write' 'readreq' 'writereq' 'writeresp'>

State 39 <SV = 38> <Delay = 4.81>
ST_39 : Operation 232 [2/5] (4.81ns)   --->   "%fm_out_V_addr_1_wr_r_1 = call i1 @_ssdm_op_WriteResp.m_axi.i16P(i16* %fm_out_V_addr)" [src/pwconv.cpp:96]   --->   Operation 232 'writeresp' 'fm_out_V_addr_1_wr_r_1' <Predicate = (empty_26)> <Delay = 4.81> <Core = "m_axi">   --->   Core 9 'm_axi' <Latency = 6> <II = 1> <Delay = 1.00> <Adapter> <Opcode : 'read' 'write' 'readreq' 'writereq' 'writeresp'>

State 40 <SV = 39> <Delay = 4.81>
ST_40 : Operation 233 [1/5] (4.81ns)   --->   "%fm_out_V_addr_1_wr_r_1 = call i1 @_ssdm_op_WriteResp.m_axi.i16P(i16* %fm_out_V_addr)" [src/pwconv.cpp:96]   --->   Operation 233 'writeresp' 'fm_out_V_addr_1_wr_r_1' <Predicate = (empty_26)> <Delay = 4.81> <Core = "m_axi">   --->   Core 9 'm_axi' <Latency = 6> <II = 1> <Delay = 1.00> <Adapter> <Opcode : 'read' 'write' 'readreq' 'writereq' 'writeresp'>
ST_40 : Operation 234 [1/1] (0.00ns)   --->   "br label %BurstBB1"   --->   Operation 234 'br' <Predicate = (empty_26)> <Delay = 0.00>
ST_40 : Operation 235 [1/1] (0.00ns)   --->   "br label %.preheader" [src/pwconv.cpp:86]   --->   Operation 235 'br' <Predicate = (!icmp_ln85)> <Delay = 0.00>

State 41 <SV = 5> <Delay = 0.00>
ST_41 : Operation 236 [1/1] (0.00ns)   --->   "ret void" [src/pwconv.cpp:98]   --->   Operation 236 'ret' <Predicate = true> <Delay = 0.00>


============================================================
+ Verbose Summary: Timing violations
============================================================
Target clock period: 5.5ns, clock uncertainty: 0.688ns.

 <State 1>: 4.29ns
The critical path consists of the following:
	wire read on port 'ch_out' [17]  (0 ns)
	'sub' operation ('sub_ln84', src/pwconv.cpp:84) [27]  (2.08 ns)
	'icmp' operation ('icmp_ln84', src/pwconv.cpp:84) [29]  (2.21 ns)

 <State 2>: 4.7ns
The critical path consists of the following:
	'select' operation ('num', src/pwconv.cpp:84) [31]  (0.805 ns)
	'mul' operation of DSP[36] ('bound', src/pwconv.cpp:84) [36]  (3.89 ns)

 <State 3>: 3.89ns
The critical path consists of the following:
	'mul' operation of DSP[24] ('size.V', src/pwconv.cpp:82) [24]  (3.89 ns)

 <State 4>: 2.47ns
The critical path consists of the following:
	wire read on port 'ACT' [16]  (0 ns)
	'icmp' operation ('icmp_ln90', src/pwconv.cpp:90) [32]  (2.47 ns)

 <State 5>: 4.71ns
The critical path consists of the following:
	'phi' operation ('i') with incoming values : ('i', src/pwconv.cpp:86) [42]  (0 ns)
	'icmp' operation ('icmp_ln86', src/pwconv.cpp:86) [48]  (1.55 ns)
	'select' operation ('select_ln96', src/pwconv.cpp:96) [49]  (1.25 ns)
	'add' operation ('i', src/pwconv.cpp:86) [135]  (1.92 ns)

 <State 6>: 4.1ns
The critical path consists of the following:
	'urem' operation ('empty', src/pwconv.cpp:85) [126]  (4.1 ns)

 <State 7>: 4.1ns
The critical path consists of the following:
	'urem' operation ('empty', src/pwconv.cpp:85) [126]  (4.1 ns)

 <State 8>: 4.1ns
The critical path consists of the following:
	'urem' operation ('empty', src/pwconv.cpp:85) [126]  (4.1 ns)

 <State 9>: 4.1ns
The critical path consists of the following:
	'urem' operation ('empty', src/pwconv.cpp:85) [126]  (4.1 ns)

 <State 10>: 4.1ns
The critical path consists of the following:
	'urem' operation ('empty', src/pwconv.cpp:85) [126]  (4.1 ns)

 <State 11>: 4.1ns
The critical path consists of the following:
	'urem' operation ('empty', src/pwconv.cpp:85) [126]  (4.1 ns)

 <State 12>: 4.1ns
The critical path consists of the following:
	'urem' operation ('empty', src/pwconv.cpp:85) [126]  (4.1 ns)

 <State 13>: 4.1ns
The critical path consists of the following:
	'urem' operation ('empty', src/pwconv.cpp:85) [126]  (4.1 ns)

 <State 14>: 4.1ns
The critical path consists of the following:
	'urem' operation ('empty', src/pwconv.cpp:85) [126]  (4.1 ns)

 <State 15>: 4.1ns
The critical path consists of the following:
	'urem' operation ('empty', src/pwconv.cpp:85) [126]  (4.1 ns)

 <State 16>: 4.1ns
The critical path consists of the following:
	'urem' operation ('empty', src/pwconv.cpp:85) [126]  (4.1 ns)

 <State 17>: 4.1ns
The critical path consists of the following:
	'urem' operation ('empty', src/pwconv.cpp:85) [126]  (4.1 ns)

 <State 18>: 4.1ns
The critical path consists of the following:
	'urem' operation ('empty', src/pwconv.cpp:85) [126]  (4.1 ns)

 <State 19>: 4.1ns
The critical path consists of the following:
	'urem' operation ('empty', src/pwconv.cpp:85) [126]  (4.1 ns)

 <State 20>: 4.1ns
The critical path consists of the following:
	'urem' operation ('empty', src/pwconv.cpp:85) [126]  (4.1 ns)

 <State 21>: 4.1ns
The critical path consists of the following:
	'urem' operation ('empty', src/pwconv.cpp:85) [126]  (4.1 ns)

 <State 22>: 4.1ns
The critical path consists of the following:
	'urem' operation ('empty', src/pwconv.cpp:85) [126]  (4.1 ns)

 <State 23>: 4.1ns
The critical path consists of the following:
	'urem' operation ('empty', src/pwconv.cpp:85) [126]  (4.1 ns)

 <State 24>: 4.1ns
The critical path consists of the following:
	'urem' operation ('empty', src/pwconv.cpp:85) [126]  (4.1 ns)

 <State 25>: 4.1ns
The critical path consists of the following:
	'urem' operation ('empty', src/pwconv.cpp:85) [126]  (4.1 ns)

 <State 26>: 4.1ns
The critical path consists of the following:
	'urem' operation ('empty', src/pwconv.cpp:85) [126]  (4.1 ns)

 <State 27>: 4.1ns
The critical path consists of the following:
	'urem' operation ('empty', src/pwconv.cpp:85) [126]  (4.1 ns)

 <State 28>: 4.1ns
The critical path consists of the following:
	'urem' operation ('empty', src/pwconv.cpp:85) [126]  (4.1 ns)

 <State 29>: 4.1ns
The critical path consists of the following:
	'urem' operation ('empty', src/pwconv.cpp:85) [126]  (4.1 ns)

 <State 30>: 4.1ns
The critical path consists of the following:
	'urem' operation ('empty', src/pwconv.cpp:85) [126]  (4.1 ns)

 <State 31>: 4.1ns
The critical path consists of the following:
	'urem' operation ('empty', src/pwconv.cpp:85) [126]  (4.1 ns)

 <State 32>: 4.1ns
The critical path consists of the following:
	'urem' operation ('empty', src/pwconv.cpp:85) [126]  (4.1 ns)

 <State 33>: 4.1ns
The critical path consists of the following:
	'urem' operation ('empty_25', src/pwconv.cpp:85) [136]  (4.1 ns)

 <State 34>: 4.81ns
The critical path consists of the following:
	bus request on port 'fm_out_V' (src/pwconv.cpp:96) [130]  (4.81 ns)

 <State 35>: 4.81ns
The critical path consists of the following:
	'phi' operation ('tmp2.V') with incoming values : ('tmp2.V', src/pwconv.cpp:89) ('tmp2.V', src/pwconv.cpp:9->src/pwconv.cpp:91) [122]  (0 ns)
	bus write on port 'fm_out_V' (src/pwconv.cpp:96) [133]  (4.81 ns)

 <State 36>: 4.81ns
The critical path consists of the following:
	bus access on port 'fm_out_V' (src/pwconv.cpp:96) [140]  (4.81 ns)

 <State 37>: 4.81ns
The critical path consists of the following:
	bus access on port 'fm_out_V' (src/pwconv.cpp:96) [140]  (4.81 ns)

 <State 38>: 4.81ns
The critical path consists of the following:
	bus access on port 'fm_out_V' (src/pwconv.cpp:96) [140]  (4.81 ns)

 <State 39>: 4.81ns
The critical path consists of the following:
	bus access on port 'fm_out_V' (src/pwconv.cpp:96) [140]  (4.81 ns)

 <State 40>: 4.81ns
The critical path consists of the following:
	bus access on port 'fm_out_V' (src/pwconv.cpp:96) [140]  (4.81 ns)

 <State 41>: 0ns
The critical path consists of the following:


============================================================
+ Verbose Summary: Binding
============================================================
N/A
* FSMD analyzer results:
  - Output states:
 - Input state : 
  - Chain level:
	State 1
	State 2
	State 3
	State 4
	State 5
	State 6
	State 7
	State 8
	State 9
	State 10
	State 11
	State 12
	State 13
	State 14
	State 15
	State 16
	State 17
	State 18
	State 19
	State 20
	State 21
	State 22
	State 23
	State 24
	State 25
	State 26
	State 27
	State 28
	State 29
	State 30
	State 31
	State 32
	State 33
	State 34
	State 35
	State 36
	State 37
	State 38
	State 39
	State 40
	State 41


============================================================
+ Verbose Summary: Datapath Resource usage 
============================================================
N/A
