

================================================================
== Vivado HLS Report for 'upsample'
================================================================
* Date:           Sun Apr 16 12:48:00 2023

* Version:        2019.2 (Build 2704478 on Wed Nov 06 22:10:23 MST 2019)
* Project:        top
* Solution:       solution1
* Product family: zynq
* Target device:  xc7z020-clg484-1


================================================================
== Performance Estimates
================================================================
+ Timing: 
    * Summary: 
    +--------+---------+----------+------------+
    |  Clock |  Target | Estimated| Uncertainty|
    +--------+---------+----------+------------+
    |ap_clk  | 5.50 ns | 4.812 ns |   0.69 ns  |
    +--------+---------+----------+------------+

+ Latency: 
    * Summary: 
    +---------+---------+----------+----------+-------+-------+---------+
    |  Latency (cycles) |  Latency (absolute) |    Interval   | Pipeline|
    |   min   |   max   |    min   |    max   |  min  |  max  |   Type  |
    +---------+---------+----------+----------+-------+-------+---------+
    |    86547|    86547| 0.476 ms | 0.476 ms |  86547|  86547|   none  |
    +---------+---------+----------+----------+-------+-------+---------+

    + Detail: 
        * Instance: 
        N/A

        * Loop: 
        +----------+---------+---------+----------+-----------+-----------+-------+----------+
        |          |  Latency (cycles) | Iteration|  Initiation Interval  |  Trip |          |
        | Loop Name|   min   |   max   |  Latency |  achieved |   target  | Count | Pipelined|
        +----------+---------+---------+----------+-----------+-----------+-------+----------+
        |- Loop 1  |    86545|    86545|        22|          4|          1|  21632|    yes   |
        +----------+---------+---------+----------+-----------+-----------+-------+----------+

============================================================
+ Verbose Summary: Synthesis Manager
============================================================
InlineROM: 1
ExposeGlobal: 0
============================================================
+ Verbose Summary: CDFG Model
============================================================
IsTopModel: 0
ResetActiveHigh: 1
IsCombinational: 0
IsDatapathOnly: 0
HasWiredReturn: 1
HasMFsm: 0
HasVarLatency: 1
IsPipeline: 0
IsRtlPipelined: 0
IsInstanceOverlapped: 0
IsDontTouch: 0
HasImplIP: 0
IsGatedGlobalClock: 0

+ Individual pipeline summary: 
  * Pipeline-0: initiation interval (II) = 4, depth = 22


============================================================
+ Verbose Summary: Schedule
============================================================
* Number of FSM states : 24
* Pipeline : 1
  Pipeline-0 : II = 4, D = 22, States = { 2 3 4 5 6 7 8 9 10 11 12 13 14 15 16 17 18 19 20 21 22 23 }
* Dataflow Pipeline: 0

* FSM state transitions: 
1 --> 2 
2 --> 3 
3 --> 4 
4 --> 5 
5 --> 6 
6 --> 7 
7 --> 8 
8 --> 9 
9 --> 10 
10 --> 11 
11 --> 12 
12 --> 24 13 
13 --> 14 
14 --> 15 
15 --> 16 
16 --> 17 
17 --> 18 
18 --> 19 
19 --> 20 
20 --> 21 
21 --> 22 
22 --> 23 
23 --> 2 
24 --> 

* FSM state operations: 

State 1 <SV = 0> <Delay = 1.76>
ST_1 : Operation 25 [1/1] (0.00ns)   --->   "%out_V_offset_read = call i31 @_ssdm_op_Read.ap_auto.i31(i31 %out_V_offset)"   --->   Operation 25 'read' 'out_V_offset_read' <Predicate = true> <Delay = 0.00>
ST_1 : Operation 26 [1/1] (0.00ns)   --->   "%in_V_offset_read = call i31 @_ssdm_op_Read.ap_auto.i31(i31 %in_V_offset)"   --->   Operation 26 'read' 'in_V_offset_read' <Predicate = true> <Delay = 0.00>
ST_1 : Operation 27 [1/1] (0.00ns)   --->   "%out_V_offset_cast = zext i31 %out_V_offset_read to i32"   --->   Operation 27 'zext' 'out_V_offset_cast' <Predicate = true> <Delay = 0.00>
ST_1 : Operation 28 [1/1] (0.00ns)   --->   "%in_V_offset_cast = zext i31 %in_V_offset_read to i32"   --->   Operation 28 'zext' 'in_V_offset_cast' <Predicate = true> <Delay = 0.00>
ST_1 : Operation 29 [1/1] (0.00ns)   --->   "call void (...)* @_ssdm_op_SpecInterface(i16* %in_V, [6 x i8]* @p_str334, i32 0, i32 0, [1 x i8]* @p_str132, i32 0, i32 0, [4 x i8]* @p_str435, [6 x i8]* @p_str536, [1 x i8]* @p_str132, i32 16, i32 16, i32 256, i32 256, [1 x i8]* @p_str132, [1 x i8]* @p_str132)"   --->   Operation 29 'specinterface' <Predicate = true> <Delay = 0.00>
ST_1 : Operation 30 [1/1] (0.00ns)   --->   "call void (...)* @_ssdm_op_SpecInterface(i16* %in_V, [6 x i8]* @p_str334, i32 0, i32 0, [1 x i8]* @p_str132, i32 0, i32 60000, [4 x i8]* @p_str435, [6 x i8]* @p_str536, [1 x i8]* @p_str132, i32 16, i32 16, i32 256, i32 256, [1 x i8]* @p_str132, [1 x i8]* @p_str132)"   --->   Operation 30 'specinterface' <Predicate = true> <Delay = 0.00>
ST_1 : Operation 31 [1/1] (1.76ns)   --->   "br label %.preheader" [src/upsample.cpp:7]   --->   Operation 31 'br' <Predicate = true> <Delay = 1.76>

State 2 <SV = 1> <Delay = 4.35>
ST_2 : Operation 32 [1/1] (0.00ns)   --->   "%indvar_flatten30 = phi i15 [ 0, %0 ], [ %add_ln7, %hls_label_0 ]" [src/upsample.cpp:7]   --->   Operation 32 'phi' 'indvar_flatten30' <Predicate = true> <Delay = 0.00>
ST_2 : Operation 33 [1/1] (0.00ns)   --->   "%n_0 = phi i8 [ 0, %0 ], [ %select_ln13_1, %hls_label_0 ]" [src/upsample.cpp:13]   --->   Operation 33 'phi' 'n_0' <Predicate = true> <Delay = 0.00>
ST_2 : Operation 34 [1/1] (0.00ns)   --->   "%indvar_flatten = phi i8 [ 0, %0 ], [ %select_ln8_1, %hls_label_0 ]" [src/upsample.cpp:8]   --->   Operation 34 'phi' 'indvar_flatten' <Predicate = true> <Delay = 0.00>
ST_2 : Operation 35 [1/1] (0.00ns)   --->   "%i_0 = phi i4 [ 0, %0 ], [ %select_ln8, %hls_label_0 ]" [src/upsample.cpp:8]   --->   Operation 35 'phi' 'i_0' <Predicate = true> <Delay = 0.00>
ST_2 : Operation 36 [1/1] (0.00ns)   --->   "%j_0 = phi i4 [ 0, %0 ], [ %j, %hls_label_0 ]"   --->   Operation 36 'phi' 'j_0' <Predicate = true> <Delay = 0.00>
ST_2 : Operation 37 [1/1] (0.00ns)   --->   "%zext_ln13 = zext i8 %n_0 to i15" [src/upsample.cpp:13]   --->   Operation 37 'zext' 'zext_ln13' <Predicate = true> <Delay = 0.00>
ST_2 : Operation 38 [1/1] (4.35ns)   --->   "%mul_ln13 = mul i15 %zext_ln13, 169" [src/upsample.cpp:13]   --->   Operation 38 'mul' 'mul_ln13' <Predicate = true> <Delay = 4.35> <Core = "Mul">   --->   Core 16 'Mul' <Latency = 0> <II = 1> <Delay = 3.74> <FuncUnit> <Opcode : 'mul'> <InPorts = 2> <OutPorts = 1>
ST_2 : Operation 39 [1/1] (0.00ns)   --->   "%zext_ln11 = zext i4 %i_0 to i9" [src/upsample.cpp:11]   --->   Operation 39 'zext' 'zext_ln11' <Predicate = true> <Delay = 0.00>
ST_2 : Operation 40 [3/3] (1.05ns) (grouped into DSP with root node rd_base_addr)   --->   "%mul_ln13_1 = mul i9 %zext_ln11, 13" [src/upsample.cpp:13]   --->   Operation 40 'mul' 'mul_ln13_1' <Predicate = true> <Delay = 1.05> <Core = "DSP48">   --->   Core 88 'DSP48' <Latency = 2> <II = 1> <Delay = 3.88> <IPBlock> <Opcode : 'mul' 'add' 'sub' 'select'> <InPorts = 0> <OutPorts = 1> <Sync> <CReg>
ST_2 : Operation 41 [1/1] (2.31ns)   --->   "%icmp_ln7 = icmp eq i15 %indvar_flatten30, -11136" [src/upsample.cpp:7]   --->   Operation 41 'icmp' 'icmp_ln7' <Predicate = true> <Delay = 2.31> <Core = "Cmp">   --->   Core 25 'Cmp' <Latency = 0> <II = 1> <Delay = 1.30> <FuncUnit> <Opcode : 'icmp'> <InPorts = 2> <OutPorts = 1>
ST_2 : Operation 42 [1/1] (1.91ns)   --->   "%n = add i8 %n_0, 1" [src/upsample.cpp:7]   --->   Operation 42 'add' 'n' <Predicate = (!icmp_ln7)> <Delay = 1.91> <Core = "AddSub">   --->   Core 14 'AddSub' <Latency = 0> <II = 1> <Delay = 1.91> <FuncUnit> <Opcode : 'add' 'sub'> <InPorts = 2> <OutPorts = 1>
ST_2 : Operation 43 [1/1] (1.55ns)   --->   "%icmp_ln8 = icmp eq i8 %indvar_flatten, -87" [src/upsample.cpp:8]   --->   Operation 43 'icmp' 'icmp_ln8' <Predicate = (!icmp_ln7)> <Delay = 1.55> <Core = "Cmp">   --->   Core 25 'Cmp' <Latency = 0> <II = 1> <Delay = 1.30> <FuncUnit> <Opcode : 'icmp'> <InPorts = 2> <OutPorts = 1>
ST_2 : Operation 44 [1/1] (0.00ns) (grouped into LUT with out node and_ln13)   --->   "%xor_ln13 = xor i1 %icmp_ln8, true" [src/upsample.cpp:13]   --->   Operation 44 'xor' 'xor_ln13' <Predicate = (!icmp_ln7)> <Delay = 0.00> <Core = "LogicGate">   --->   Core 27 'LogicGate' <Latency = 0> <II = 1> <Delay = 0.97> <FuncUnit> <Opcode : 'and' 'or' 'xor'> <InPorts = 2> <OutPorts = 1>
ST_2 : Operation 45 [1/1] (1.30ns)   --->   "%icmp_ln9 = icmp eq i4 %j_0, -3" [src/upsample.cpp:9]   --->   Operation 45 'icmp' 'icmp_ln9' <Predicate = (!icmp_ln7)> <Delay = 1.30> <Core = "Cmp">   --->   Core 25 'Cmp' <Latency = 0> <II = 1> <Delay = 1.30> <FuncUnit> <Opcode : 'icmp'> <InPorts = 2> <OutPorts = 1>
ST_2 : Operation 46 [1/1] (0.97ns) (out node of the LUT)   --->   "%and_ln13 = and i1 %icmp_ln9, %xor_ln13" [src/upsample.cpp:13]   --->   Operation 46 'and' 'and_ln13' <Predicate = (!icmp_ln7)> <Delay = 0.97> <Core = "LogicGate">   --->   Core 27 'LogicGate' <Latency = 0> <II = 1> <Delay = 0.97> <FuncUnit> <Opcode : 'and' 'or' 'xor'> <InPorts = 2> <OutPorts = 1>

State 3 <SV = 2> <Delay = 4.35>
ST_3 : Operation 47 [2/3] (1.05ns) (grouped into DSP with root node rd_base_addr)   --->   "%mul_ln13_1 = mul i9 %zext_ln11, 13" [src/upsample.cpp:13]   --->   Operation 47 'mul' 'mul_ln13_1' <Predicate = true> <Delay = 1.05> <Core = "DSP48">   --->   Core 88 'DSP48' <Latency = 2> <II = 1> <Delay = 3.88> <IPBlock> <Opcode : 'mul' 'add' 'sub' 'select'> <InPorts = 0> <OutPorts = 1> <Sync> <CReg>
ST_3 : Operation 48 [1/1] (1.02ns)   --->   "%select_ln13 = select i1 %icmp_ln8, i4 0, i4 %i_0" [src/upsample.cpp:13]   --->   Operation 48 'select' 'select_ln13' <Predicate = (!icmp_ln7)> <Delay = 1.02> <Core = "Sel">   --->   Core 26 'Sel' <Latency = 0> <II = 1> <Delay = 1.24> <FuncUnit> <Opcode : 'select'> <InPorts = 3> <OutPorts = 1>
ST_3 : Operation 49 [1/1] (0.00ns)   --->   "%zext_ln13_2 = zext i8 %n to i15" [src/upsample.cpp:13]   --->   Operation 49 'zext' 'zext_ln13_2' <Predicate = (!icmp_ln7)> <Delay = 0.00>
ST_3 : Operation 50 [1/1] (4.35ns)   --->   "%mul_ln13_3 = mul i15 %zext_ln13_2, 169" [src/upsample.cpp:13]   --->   Operation 50 'mul' 'mul_ln13_3' <Predicate = (!icmp_ln7)> <Delay = 4.35> <Core = "Mul">   --->   Core 16 'Mul' <Latency = 0> <II = 1> <Delay = 3.74> <FuncUnit> <Opcode : 'mul'> <InPorts = 2> <OutPorts = 1>
ST_3 : Operation 51 [1/1] (1.73ns)   --->   "%i = add i4 %select_ln13, 1" [src/upsample.cpp:8]   --->   Operation 51 'add' 'i' <Predicate = (!icmp_ln7)> <Delay = 1.73> <Core = "AddSub">   --->   Core 14 'AddSub' <Latency = 0> <II = 1> <Delay = 1.91> <FuncUnit> <Opcode : 'add' 'sub'> <InPorts = 2> <OutPorts = 1>
ST_3 : Operation 52 [1/1] (0.00ns)   --->   "%zext_ln11_1 = zext i4 %i to i9" [src/upsample.cpp:11]   --->   Operation 52 'zext' 'zext_ln11_1' <Predicate = (!icmp_ln7 & and_ln13)> <Delay = 0.00>
ST_3 : Operation 53 [3/3] (1.05ns) (grouped into DSP with root node add_ln13_1)   --->   "%mul_ln13_4 = mul i9 %zext_ln11_1, 13" [src/upsample.cpp:13]   --->   Operation 53 'mul' 'mul_ln13_4' <Predicate = (!icmp_ln7 & and_ln13)> <Delay = 1.05> <Core = "DSP48">   --->   Core 88 'DSP48' <Latency = 2> <II = 1> <Delay = 3.88> <IPBlock> <Opcode : 'mul' 'add' 'sub' 'select'> <InPorts = 0> <OutPorts = 1> <Sync> <CReg>

State 4 <SV = 3> <Delay = 3.02>
ST_4 : Operation 54 [1/3] (0.00ns) (grouped into DSP with root node rd_base_addr)   --->   "%mul_ln13_1 = mul i9 %zext_ln11, 13" [src/upsample.cpp:13]   --->   Operation 54 'mul' 'mul_ln13_1' <Predicate = true> <Delay = 0.00> <Core = "DSP48">   --->   Core 88 'DSP48' <Latency = 2> <II = 1> <Delay = 3.88> <IPBlock> <Opcode : 'mul' 'add' 'sub' 'select'> <InPorts = 0> <OutPorts = 1> <Sync> <CReg>
ST_4 : Operation 55 [1/1] (0.00ns) (grouped into DSP with root node rd_base_addr)   --->   "%zext_ln13_1 = zext i9 %mul_ln13_1 to i15" [src/upsample.cpp:13]   --->   Operation 55 'zext' 'zext_ln13_1' <Predicate = (!icmp_ln8 & !and_ln13)> <Delay = 0.00>
ST_4 : Operation 56 [1/1] (3.02ns) (root node of the DSP)   --->   "%rd_base_addr = add i15 %mul_ln13, %zext_ln13_1" [src/upsample.cpp:13]   --->   Operation 56 'add' 'rd_base_addr' <Predicate = (!icmp_ln8 & !and_ln13)> <Delay = 3.02> <Core = "DSP48">   --->   Core 88 'DSP48' <Latency = 2> <II = 1> <Delay = 3.88> <IPBlock> <Opcode : 'mul' 'add' 'sub' 'select'> <InPorts = 0> <OutPorts = 1> <Sync> <CReg>
ST_4 : Operation 57 [1/1] (1.24ns)   --->   "%select_ln13_1 = select i1 %icmp_ln8, i8 %n, i8 %n_0" [src/upsample.cpp:13]   --->   Operation 57 'select' 'select_ln13_1' <Predicate = (!icmp_ln7)> <Delay = 1.24> <Core = "Sel">   --->   Core 26 'Sel' <Latency = 0> <II = 1> <Delay = 1.24> <FuncUnit> <Opcode : 'select'> <InPorts = 3> <OutPorts = 1>
ST_4 : Operation 58 [1/1] (0.00ns)   --->   "%zext_ln13_3 = zext i8 %select_ln13_1 to i17" [src/upsample.cpp:13]   --->   Operation 58 'zext' 'zext_ln13_3' <Predicate = (!icmp_ln7)> <Delay = 0.00>
ST_4 : Operation 59 [3/3] (1.05ns) (grouped into DSP with root node add_ln11)   --->   "%mul_ln13_2 = mul i17 %zext_ln13_3, 676" [src/upsample.cpp:13]   --->   Operation 59 'mul' 'mul_ln13_2' <Predicate = (!icmp_ln7)> <Delay = 1.05> <Core = "DSP48">   --->   Core 88 'DSP48' <Latency = 2> <II = 1> <Delay = 3.88> <IPBlock> <Opcode : 'mul' 'add' 'sub' 'select'> <InPorts = 0> <OutPorts = 1> <Sync> <CReg>
ST_4 : Operation 60 [2/3] (1.05ns) (grouped into DSP with root node add_ln13_1)   --->   "%mul_ln13_4 = mul i9 %zext_ln11_1, 13" [src/upsample.cpp:13]   --->   Operation 60 'mul' 'mul_ln13_4' <Predicate = (!icmp_ln7 & and_ln13)> <Delay = 1.05> <Core = "DSP48">   --->   Core 88 'DSP48' <Latency = 2> <II = 1> <Delay = 3.88> <IPBlock> <Opcode : 'mul' 'add' 'sub' 'select'> <InPorts = 0> <OutPorts = 1> <Sync> <CReg>

State 5 <SV = 4> <Delay = 3.77>
ST_5 : Operation 61 [1/1] (1.94ns)   --->   "%add_ln7 = add i15 %indvar_flatten30, 1" [src/upsample.cpp:7]   --->   Operation 61 'add' 'add_ln7' <Predicate = true> <Delay = 1.94> <Core = "AddSub">   --->   Core 14 'AddSub' <Latency = 0> <II = 1> <Delay = 1.91> <FuncUnit> <Opcode : 'add' 'sub'> <InPorts = 2> <OutPorts = 1>
ST_5 : Operation 62 [2/3] (1.05ns) (grouped into DSP with root node add_ln11)   --->   "%mul_ln13_2 = mul i17 %zext_ln13_3, 676" [src/upsample.cpp:13]   --->   Operation 62 'mul' 'mul_ln13_2' <Predicate = (!icmp_ln7)> <Delay = 1.05> <Core = "DSP48">   --->   Core 88 'DSP48' <Latency = 2> <II = 1> <Delay = 3.88> <IPBlock> <Opcode : 'mul' 'add' 'sub' 'select'> <InPorts = 0> <OutPorts = 1> <Sync> <CReg>
ST_5 : Operation 63 [1/1] (0.75ns)   --->   "%select_ln13_2 = select i1 %icmp_ln8, i15 %mul_ln13_3, i15 %mul_ln13" [src/upsample.cpp:13]   --->   Operation 63 'select' 'select_ln13_2' <Predicate = (!icmp_ln7 & and_ln13)> <Delay = 0.75> <Core = "Sel">   --->   Core 26 'Sel' <Latency = 0> <II = 1> <Delay = 1.24> <FuncUnit> <Opcode : 'select'> <InPorts = 3> <OutPorts = 1>
ST_5 : Operation 64 [1/1] (0.00ns) (grouped into LUT with out node select_ln11)   --->   "%or_ln11 = or i1 %and_ln13, %icmp_ln8" [src/upsample.cpp:11]   --->   Operation 64 'or' 'or_ln11' <Predicate = (!icmp_ln7)> <Delay = 0.00> <Core = "LogicGate">   --->   Core 27 'LogicGate' <Latency = 0> <II = 1> <Delay = 0.97> <FuncUnit> <Opcode : 'and' 'or' 'xor'> <InPorts = 2> <OutPorts = 1>
ST_5 : Operation 65 [1/1] (1.02ns) (out node of the LUT)   --->   "%select_ln11 = select i1 %or_ln11, i4 0, i4 %j_0" [src/upsample.cpp:11]   --->   Operation 65 'select' 'select_ln11' <Predicate = (!icmp_ln7)> <Delay = 1.02> <Core = "Sel">   --->   Core 26 'Sel' <Latency = 0> <II = 1> <Delay = 1.24> <FuncUnit> <Opcode : 'select'> <InPorts = 3> <OutPorts = 1>
ST_5 : Operation 66 [1/3] (0.00ns) (grouped into DSP with root node add_ln13_1)   --->   "%mul_ln13_4 = mul i9 %zext_ln11_1, 13" [src/upsample.cpp:13]   --->   Operation 66 'mul' 'mul_ln13_4' <Predicate = (!icmp_ln7 & and_ln13)> <Delay = 0.00> <Core = "DSP48">   --->   Core 88 'DSP48' <Latency = 2> <II = 1> <Delay = 3.88> <IPBlock> <Opcode : 'mul' 'add' 'sub' 'select'> <InPorts = 0> <OutPorts = 1> <Sync> <CReg>
ST_5 : Operation 67 [1/1] (0.00ns) (grouped into DSP with root node add_ln13_1)   --->   "%zext_ln13_4 = zext i9 %mul_ln13_4 to i15" [src/upsample.cpp:13]   --->   Operation 67 'zext' 'zext_ln13_4' <Predicate = (!icmp_ln7 & and_ln13)> <Delay = 0.00>
ST_5 : Operation 68 [1/1] (3.02ns) (root node of the DSP)   --->   "%add_ln13_1 = add i15 %select_ln13_2, %zext_ln13_4" [src/upsample.cpp:13]   --->   Operation 68 'add' 'add_ln13_1' <Predicate = (!icmp_ln7 & and_ln13)> <Delay = 3.02> <Core = "DSP48">   --->   Core 88 'DSP48' <Latency = 2> <II = 1> <Delay = 3.88> <IPBlock> <Opcode : 'mul' 'add' 'sub' 'select'> <InPorts = 0> <OutPorts = 1> <Sync> <CReg>
ST_5 : Operation 69 [1/1] (1.02ns)   --->   "%select_ln8 = select i1 %and_ln13, i4 %i, i4 %select_ln13" [src/upsample.cpp:8]   --->   Operation 69 'select' 'select_ln8' <Predicate = (!icmp_ln7)> <Delay = 1.02> <Core = "Sel">   --->   Core 26 'Sel' <Latency = 0> <II = 1> <Delay = 1.24> <FuncUnit> <Opcode : 'select'> <InPorts = 3> <OutPorts = 1>
ST_5 : Operation 70 [1/1] (1.73ns)   --->   "%j = add i4 %select_ln11, 1" [src/upsample.cpp:9]   --->   Operation 70 'add' 'j' <Predicate = (!icmp_ln7)> <Delay = 1.73> <Core = "AddSub">   --->   Core 14 'AddSub' <Latency = 0> <II = 1> <Delay = 1.91> <FuncUnit> <Opcode : 'add' 'sub'> <InPorts = 2> <OutPorts = 1>
ST_5 : Operation 71 [1/1] (1.91ns)   --->   "%add_ln8_1 = add i8 %indvar_flatten, 1" [src/upsample.cpp:8]   --->   Operation 71 'add' 'add_ln8_1' <Predicate = (!icmp_ln7 & !icmp_ln8)> <Delay = 1.91> <Core = "AddSub">   --->   Core 14 'AddSub' <Latency = 0> <II = 1> <Delay = 1.91> <FuncUnit> <Opcode : 'add' 'sub'> <InPorts = 2> <OutPorts = 1>
ST_5 : Operation 72 [1/1] (1.24ns)   --->   "%select_ln8_1 = select i1 %icmp_ln8, i8 1, i8 %add_ln8_1" [src/upsample.cpp:8]   --->   Operation 72 'select' 'select_ln8_1' <Predicate = (!icmp_ln7)> <Delay = 1.24> <Core = "Sel">   --->   Core 26 'Sel' <Latency = 0> <II = 1> <Delay = 1.24> <FuncUnit> <Opcode : 'select'> <InPorts = 3> <OutPorts = 1>

State 6 <SV = 5> <Delay = 4.46>
ST_6 : Operation 73 [1/3] (0.00ns) (grouped into DSP with root node add_ln11)   --->   "%mul_ln13_2 = mul i17 %zext_ln13_3, 676" [src/upsample.cpp:13]   --->   Operation 73 'mul' 'mul_ln13_2' <Predicate = (!icmp_ln7)> <Delay = 0.00> <Core = "DSP48">   --->   Core 88 'DSP48' <Latency = 2> <II = 1> <Delay = 3.88> <IPBlock> <Opcode : 'mul' 'add' 'sub' 'select'> <InPorts = 0> <OutPorts = 1> <Sync> <CReg>
ST_6 : Operation 74 [1/1] (0.00ns) (grouped into LUT with out node add_ln15)   --->   "%select_ln13_4 = select i1 %icmp_ln8, i15 %mul_ln13_3, i15 %rd_base_addr" [src/upsample.cpp:13]   --->   Operation 74 'select' 'select_ln13_4' <Predicate = (!icmp_ln7 & !and_ln13)> <Delay = 0.00> <Core = "Sel">   --->   Core 26 'Sel' <Latency = 0> <II = 1> <Delay = 1.24> <FuncUnit> <Opcode : 'select'> <InPorts = 3> <OutPorts = 1>
ST_6 : Operation 75 [1/1] (0.00ns) (grouped into LUT with out node add_ln15)   --->   "%select_ln11_2 = select i1 %and_ln13, i15 %add_ln13_1, i15 %select_ln13_4" [src/upsample.cpp:11]   --->   Operation 75 'select' 'select_ln11_2' <Predicate = (!icmp_ln7)> <Delay = 0.00> <Core = "Sel">   --->   Core 26 'Sel' <Latency = 0> <II = 1> <Delay = 1.24> <FuncUnit> <Opcode : 'select'> <InPorts = 3> <OutPorts = 1>
ST_6 : Operation 76 [1/1] (0.00ns)   --->   "%shl_ln = call i5 @_ssdm_op_BitConcatenate.i5.i4.i1(i4 %select_ln11, i1 false)" [src/upsample.cpp:11]   --->   Operation 76 'bitconcatenate' 'shl_ln' <Predicate = (!icmp_ln7)> <Delay = 0.00>
ST_6 : Operation 77 [1/1] (0.00ns)   --->   "%zext_ln11_4 = zext i5 %shl_ln to i17" [src/upsample.cpp:11]   --->   Operation 77 'zext' 'zext_ln11_4' <Predicate = (!icmp_ln7)> <Delay = 0.00>
ST_6 : Operation 78 [1/1] (3.02ns) (root node of the DSP)   --->   "%add_ln11 = add i17 %mul_ln13_2, %zext_ln11_4" [src/upsample.cpp:11]   --->   Operation 78 'add' 'add_ln11' <Predicate = (!icmp_ln7)> <Delay = 3.02> <Core = "DSP48">   --->   Core 88 'DSP48' <Latency = 2> <II = 1> <Delay = 3.88> <IPBlock> <Opcode : 'mul' 'add' 'sub' 'select'> <InPorts = 0> <OutPorts = 1> <Sync> <CReg>
ST_6 : Operation 79 [1/1] (0.00ns) (grouped into LUT with out node add_ln15)   --->   "%zext_ln15 = zext i4 %select_ln11 to i15" [src/upsample.cpp:15]   --->   Operation 79 'zext' 'zext_ln15' <Predicate = (!icmp_ln7)> <Delay = 0.00>
ST_6 : Operation 80 [1/1] (1.94ns) (out node of the LUT)   --->   "%add_ln15 = add i15 %select_ln11_2, %zext_ln15" [src/upsample.cpp:15]   --->   Operation 80 'add' 'add_ln15' <Predicate = (!icmp_ln7)> <Delay = 1.94> <Core = "AddSub">   --->   Core 14 'AddSub' <Latency = 0> <II = 1> <Delay = 1.91> <FuncUnit> <Opcode : 'add' 'sub'> <InPorts = 2> <OutPorts = 1>
ST_6 : Operation 81 [1/1] (0.00ns)   --->   "%zext_ln203 = zext i15 %add_ln15 to i32" [src/upsample.cpp:15]   --->   Operation 81 'zext' 'zext_ln203' <Predicate = (!icmp_ln7)> <Delay = 0.00>
ST_6 : Operation 82 [1/1] (2.52ns)   --->   "%add_ln203 = add i32 %zext_ln203, %in_V_offset_cast" [src/upsample.cpp:15]   --->   Operation 82 'add' 'add_ln203' <Predicate = (!icmp_ln7)> <Delay = 2.52> <Core = "AddSub">   --->   Core 14 'AddSub' <Latency = 0> <II = 1> <Delay = 1.91> <FuncUnit> <Opcode : 'add' 'sub'> <InPorts = 2> <OutPorts = 1>
ST_6 : Operation 83 [1/1] (0.00ns)   --->   "%zext_ln203_1 = zext i32 %add_ln203 to i64" [src/upsample.cpp:15]   --->   Operation 83 'zext' 'zext_ln203_1' <Predicate = (!icmp_ln7)> <Delay = 0.00>
ST_6 : Operation 84 [1/1] (0.00ns)   --->   "%out_V_addr = getelementptr i16* %in_V, i64 %zext_ln203_1" [src/upsample.cpp:15]   --->   Operation 84 'getelementptr' 'out_V_addr' <Predicate = (!icmp_ln7)> <Delay = 0.00>

State 7 <SV = 6> <Delay = 4.81>
ST_7 : Operation 85 [7/7] (4.81ns)   --->   "%tmp_V_req = call i1 @_ssdm_op_ReadReq.m_axi.i16P(i16* %out_V_addr, i32 1)" [src/upsample.cpp:15]   --->   Operation 85 'readreq' 'tmp_V_req' <Predicate = (!icmp_ln7)> <Delay = 4.81> <Core = "m_axi">   --->   Core 9 'm_axi' <Latency = 6> <II = 1> <Delay = 1.00> <Adapter> <Opcode : 'read' 'write' 'readreq' 'writereq' 'writeresp'>

State 8 <SV = 7> <Delay = 4.81>
ST_8 : Operation 86 [6/7] (4.81ns)   --->   "%tmp_V_req = call i1 @_ssdm_op_ReadReq.m_axi.i16P(i16* %out_V_addr, i32 1)" [src/upsample.cpp:15]   --->   Operation 86 'readreq' 'tmp_V_req' <Predicate = (!icmp_ln7)> <Delay = 4.81> <Core = "m_axi">   --->   Core 9 'm_axi' <Latency = 6> <II = 1> <Delay = 1.00> <Adapter> <Opcode : 'read' 'write' 'readreq' 'writereq' 'writeresp'>

State 9 <SV = 8> <Delay = 4.81>
ST_9 : Operation 87 [1/1] (0.00ns)   --->   "%zext_ln11_2 = zext i4 %i to i10" [src/upsample.cpp:11]   --->   Operation 87 'zext' 'zext_ln11_2' <Predicate = (!icmp_ln7 & and_ln13)> <Delay = 0.00>
ST_9 : Operation 88 [1/1] (3.74ns)   --->   "%mul_ln11 = mul i10 %zext_ln11_2, 52" [src/upsample.cpp:11]   --->   Operation 88 'mul' 'mul_ln11' <Predicate = (!icmp_ln7 & and_ln13)> <Delay = 3.74> <Core = "Mul">   --->   Core 16 'Mul' <Latency = 0> <II = 1> <Delay = 3.74> <FuncUnit> <Opcode : 'mul'> <InPorts = 2> <OutPorts = 1>
ST_9 : Operation 89 [5/7] (4.81ns)   --->   "%tmp_V_req = call i1 @_ssdm_op_ReadReq.m_axi.i16P(i16* %out_V_addr, i32 1)" [src/upsample.cpp:15]   --->   Operation 89 'readreq' 'tmp_V_req' <Predicate = (!icmp_ln7)> <Delay = 4.81> <Core = "m_axi">   --->   Core 9 'm_axi' <Latency = 6> <II = 1> <Delay = 1.00> <Adapter> <Opcode : 'read' 'write' 'readreq' 'writereq' 'writeresp'>

State 10 <SV = 9> <Delay = 4.81>
ST_10 : Operation 90 [4/7] (4.81ns)   --->   "%tmp_V_req = call i1 @_ssdm_op_ReadReq.m_axi.i16P(i16* %out_V_addr, i32 1)" [src/upsample.cpp:15]   --->   Operation 90 'readreq' 'tmp_V_req' <Predicate = (!icmp_ln7)> <Delay = 4.81> <Core = "m_axi">   --->   Core 9 'm_axi' <Latency = 6> <II = 1> <Delay = 1.00> <Adapter> <Opcode : 'read' 'write' 'readreq' 'writereq' 'writeresp'>

State 11 <SV = 10> <Delay = 4.81>
ST_11 : Operation 91 [3/7] (4.81ns)   --->   "%tmp_V_req = call i1 @_ssdm_op_ReadReq.m_axi.i16P(i16* %out_V_addr, i32 1)" [src/upsample.cpp:15]   --->   Operation 91 'readreq' 'tmp_V_req' <Predicate = (!icmp_ln7)> <Delay = 4.81> <Core = "m_axi">   --->   Core 9 'm_axi' <Latency = 6> <II = 1> <Delay = 1.00> <Adapter> <Opcode : 'read' 'write' 'readreq' 'writereq' 'writeresp'>

State 12 <SV = 11> <Delay = 4.81>
ST_12 : Operation 92 [1/1] (0.00ns)   --->   "%zext_ln13_5 = zext i4 %i_0 to i10" [src/upsample.cpp:13]   --->   Operation 92 'zext' 'zext_ln13_5' <Predicate = (!icmp_ln8 & !and_ln13)> <Delay = 0.00>
ST_12 : Operation 93 [1/1] (3.74ns)   --->   "%mul_ln13_5 = mul i10 %zext_ln13_5, 52" [src/upsample.cpp:13]   --->   Operation 93 'mul' 'mul_ln13_5' <Predicate = (!icmp_ln8 & !and_ln13)> <Delay = 3.74> <Core = "Mul">   --->   Core 16 'Mul' <Latency = 0> <II = 1> <Delay = 3.74> <FuncUnit> <Opcode : 'mul'> <InPorts = 2> <OutPorts = 1>
ST_12 : Operation 94 [1/1] (0.00ns)   --->   "br i1 %icmp_ln7, label %1, label %hls_label_0" [src/upsample.cpp:7]   --->   Operation 94 'br' <Predicate = true> <Delay = 0.00>
ST_12 : Operation 95 [2/7] (4.81ns)   --->   "%tmp_V_req = call i1 @_ssdm_op_ReadReq.m_axi.i16P(i16* %out_V_addr, i32 1)" [src/upsample.cpp:15]   --->   Operation 95 'readreq' 'tmp_V_req' <Predicate = (!icmp_ln7)> <Delay = 4.81> <Core = "m_axi">   --->   Core 9 'm_axi' <Latency = 6> <II = 1> <Delay = 1.00> <Adapter> <Opcode : 'read' 'write' 'readreq' 'writereq' 'writeresp'>

State 13 <SV = 12> <Delay = 4.81>
ST_13 : Operation 96 [1/1] (0.00ns) (grouped into LUT with out node wr_base_addr)   --->   "%select_ln13_3 = select i1 %icmp_ln8, i10 0, i10 %mul_ln13_5" [src/upsample.cpp:13]   --->   Operation 96 'select' 'select_ln13_3' <Predicate = (!icmp_ln7 & !and_ln13)> <Delay = 0.00> <Core = "Sel">   --->   Core 26 'Sel' <Latency = 0> <II = 1> <Delay = 1.24> <FuncUnit> <Opcode : 'select'> <InPorts = 3> <OutPorts = 1>
ST_13 : Operation 97 [1/1] (0.00ns) (grouped into LUT with out node wr_base_addr)   --->   "%select_ln11_1 = select i1 %and_ln13, i10 %mul_ln11, i10 %select_ln13_3" [src/upsample.cpp:11]   --->   Operation 97 'select' 'select_ln11_1' <Predicate = (!icmp_ln7)> <Delay = 0.00> <Core = "Sel">   --->   Core 26 'Sel' <Latency = 0> <II = 1> <Delay = 1.24> <FuncUnit> <Opcode : 'select'> <InPorts = 3> <OutPorts = 1>
ST_13 : Operation 98 [1/1] (0.00ns) (grouped into LUT with out node wr_base_addr)   --->   "%zext_ln11_3 = zext i10 %select_ln11_1 to i17" [src/upsample.cpp:11]   --->   Operation 98 'zext' 'zext_ln11_3' <Predicate = (!icmp_ln7)> <Delay = 0.00>
ST_13 : Operation 99 [1/1] (2.10ns) (out node of the LUT)   --->   "%wr_base_addr = add i17 %add_ln11, %zext_ln11_3" [src/upsample.cpp:11]   --->   Operation 99 'add' 'wr_base_addr' <Predicate = (!icmp_ln7)> <Delay = 2.10> <Core = "AddSub">   --->   Core 14 'AddSub' <Latency = 0> <II = 1> <Delay = 1.91> <FuncUnit> <Opcode : 'add' 'sub'> <InPorts = 2> <OutPorts = 1>
ST_13 : Operation 100 [1/7] (4.81ns)   --->   "%tmp_V_req = call i1 @_ssdm_op_ReadReq.m_axi.i16P(i16* %out_V_addr, i32 1)" [src/upsample.cpp:15]   --->   Operation 100 'readreq' 'tmp_V_req' <Predicate = (!icmp_ln7)> <Delay = 4.81> <Core = "m_axi">   --->   Core 9 'm_axi' <Latency = 6> <II = 1> <Delay = 1.00> <Adapter> <Opcode : 'read' 'write' 'readreq' 'writereq' 'writeresp'>
ST_13 : Operation 101 [1/1] (0.00ns)   --->   "%zext_ln203_2 = zext i17 %wr_base_addr to i32" [src/upsample.cpp:16]   --->   Operation 101 'zext' 'zext_ln203_2' <Predicate = (!icmp_ln7)> <Delay = 0.00>
ST_13 : Operation 102 [1/1] (2.52ns)   --->   "%add_ln203_1 = add i32 %zext_ln203_2, %out_V_offset_cast" [src/upsample.cpp:16]   --->   Operation 102 'add' 'add_ln203_1' <Predicate = (!icmp_ln7)> <Delay = 2.52> <Core = "AddSub">   --->   Core 14 'AddSub' <Latency = 0> <II = 1> <Delay = 1.91> <FuncUnit> <Opcode : 'add' 'sub'> <InPorts = 2> <OutPorts = 1>
ST_13 : Operation 103 [1/1] (0.00ns)   --->   "%zext_ln203_3 = zext i32 %add_ln203_1 to i64" [src/upsample.cpp:16]   --->   Operation 103 'zext' 'zext_ln203_3' <Predicate = (!icmp_ln7)> <Delay = 0.00>
ST_13 : Operation 104 [1/1] (0.00ns)   --->   "%out_V_addr_1 = getelementptr i16* %in_V, i64 %zext_ln203_3" [src/upsample.cpp:16]   --->   Operation 104 'getelementptr' 'out_V_addr_1' <Predicate = (!icmp_ln7)> <Delay = 0.00>

State 14 <SV = 13> <Delay = 4.81>
ST_14 : Operation 105 [1/1] (4.81ns)   --->   "%tmp_V = call i16 @_ssdm_op_Read.m_axi.i16P(i16* %out_V_addr)" [src/upsample.cpp:15]   --->   Operation 105 'read' 'tmp_V' <Predicate = (!icmp_ln7)> <Delay = 4.81> <Core = "m_axi">   --->   Core 9 'm_axi' <Latency = 6> <II = 1> <Delay = 1.00> <Adapter> <Opcode : 'read' 'write' 'readreq' 'writereq' 'writeresp'>
ST_14 : Operation 106 [1/1] (4.81ns)   --->   "%out_V_addr_2_req = call i1 @_ssdm_op_WriteReq.m_axi.i16P(i16* %out_V_addr_1, i32 1)" [src/upsample.cpp:16]   --->   Operation 106 'writereq' 'out_V_addr_2_req' <Predicate = (!icmp_ln7)> <Delay = 4.81> <Core = "m_axi">   --->   Core 9 'm_axi' <Latency = 6> <II = 1> <Delay = 1.00> <Adapter> <Opcode : 'read' 'write' 'readreq' 'writereq' 'writeresp'>
ST_14 : Operation 107 [1/1] (0.00ns) (grouped into LUT with out node add_ln203_2)   --->   "%or_ln17 = or i17 %wr_base_addr, 1" [src/upsample.cpp:17]   --->   Operation 107 'or' 'or_ln17' <Predicate = (!icmp_ln7)> <Delay = 0.00>
ST_14 : Operation 108 [1/1] (0.00ns) (grouped into LUT with out node add_ln203_2)   --->   "%zext_ln203_4 = zext i17 %or_ln17 to i32" [src/upsample.cpp:17]   --->   Operation 108 'zext' 'zext_ln203_4' <Predicate = (!icmp_ln7)> <Delay = 0.00>
ST_14 : Operation 109 [1/1] (2.52ns) (out node of the LUT)   --->   "%add_ln203_2 = add i32 %zext_ln203_4, %out_V_offset_cast" [src/upsample.cpp:17]   --->   Operation 109 'add' 'add_ln203_2' <Predicate = (!icmp_ln7)> <Delay = 2.52> <Core = "AddSub">   --->   Core 14 'AddSub' <Latency = 0> <II = 1> <Delay = 1.91> <FuncUnit> <Opcode : 'add' 'sub'> <InPorts = 2> <OutPorts = 1>
ST_14 : Operation 110 [1/1] (0.00ns)   --->   "%zext_ln203_5 = zext i32 %add_ln203_2 to i64" [src/upsample.cpp:17]   --->   Operation 110 'zext' 'zext_ln203_5' <Predicate = (!icmp_ln7)> <Delay = 0.00>
ST_14 : Operation 111 [1/1] (0.00ns)   --->   "%out_V_addr_2 = getelementptr i16* %in_V, i64 %zext_ln203_5" [src/upsample.cpp:17]   --->   Operation 111 'getelementptr' 'out_V_addr_2' <Predicate = (!icmp_ln7)> <Delay = 0.00>
ST_14 : Operation 112 [1/1] (2.10ns)   --->   "%add_ln18 = add i17 %wr_base_addr, 26" [src/upsample.cpp:18]   --->   Operation 112 'add' 'add_ln18' <Predicate = (!icmp_ln7)> <Delay = 2.10> <Core = "AddSub">   --->   Core 14 'AddSub' <Latency = 0> <II = 1> <Delay = 1.91> <FuncUnit> <Opcode : 'add' 'sub'> <InPorts = 2> <OutPorts = 1>
ST_14 : Operation 113 [1/1] (0.00ns)   --->   "%zext_ln203_6 = zext i17 %add_ln18 to i32" [src/upsample.cpp:18]   --->   Operation 113 'zext' 'zext_ln203_6' <Predicate = (!icmp_ln7)> <Delay = 0.00>
ST_14 : Operation 114 [1/1] (2.52ns)   --->   "%add_ln203_3 = add i32 %zext_ln203_6, %out_V_offset_cast" [src/upsample.cpp:18]   --->   Operation 114 'add' 'add_ln203_3' <Predicate = (!icmp_ln7)> <Delay = 2.52> <Core = "AddSub">   --->   Core 14 'AddSub' <Latency = 0> <II = 1> <Delay = 1.91> <FuncUnit> <Opcode : 'add' 'sub'> <InPorts = 2> <OutPorts = 1>
ST_14 : Operation 115 [1/1] (0.00ns)   --->   "%zext_ln203_7 = zext i32 %add_ln203_3 to i64" [src/upsample.cpp:18]   --->   Operation 115 'zext' 'zext_ln203_7' <Predicate = (!icmp_ln7)> <Delay = 0.00>
ST_14 : Operation 116 [1/1] (0.00ns)   --->   "%out_V_addr_3 = getelementptr i16* %in_V, i64 %zext_ln203_7" [src/upsample.cpp:18]   --->   Operation 116 'getelementptr' 'out_V_addr_3' <Predicate = (!icmp_ln7)> <Delay = 0.00>
ST_14 : Operation 117 [1/1] (2.10ns)   --->   "%add_ln19 = add i17 %wr_base_addr, 27" [src/upsample.cpp:19]   --->   Operation 117 'add' 'add_ln19' <Predicate = (!icmp_ln7)> <Delay = 2.10> <Core = "AddSub">   --->   Core 14 'AddSub' <Latency = 0> <II = 1> <Delay = 1.91> <FuncUnit> <Opcode : 'add' 'sub'> <InPorts = 2> <OutPorts = 1>
ST_14 : Operation 118 [1/1] (0.00ns)   --->   "%zext_ln203_8 = zext i17 %add_ln19 to i32" [src/upsample.cpp:19]   --->   Operation 118 'zext' 'zext_ln203_8' <Predicate = (!icmp_ln7)> <Delay = 0.00>
ST_14 : Operation 119 [1/1] (2.52ns)   --->   "%add_ln203_4 = add i32 %zext_ln203_8, %out_V_offset_cast" [src/upsample.cpp:19]   --->   Operation 119 'add' 'add_ln203_4' <Predicate = (!icmp_ln7)> <Delay = 2.52> <Core = "AddSub">   --->   Core 14 'AddSub' <Latency = 0> <II = 1> <Delay = 1.91> <FuncUnit> <Opcode : 'add' 'sub'> <InPorts = 2> <OutPorts = 1>
ST_14 : Operation 120 [1/1] (0.00ns)   --->   "%zext_ln203_9 = zext i32 %add_ln203_4 to i64" [src/upsample.cpp:19]   --->   Operation 120 'zext' 'zext_ln203_9' <Predicate = (!icmp_ln7)> <Delay = 0.00>
ST_14 : Operation 121 [1/1] (0.00ns)   --->   "%out_V_addr_4 = getelementptr i16* %in_V, i64 %zext_ln203_9" [src/upsample.cpp:19]   --->   Operation 121 'getelementptr' 'out_V_addr_4' <Predicate = (!icmp_ln7)> <Delay = 0.00>

State 15 <SV = 14> <Delay = 4.81>
ST_15 : Operation 122 [1/1] (4.81ns)   --->   "call void @_ssdm_op_Write.m_axi.i16P(i16* %out_V_addr_1, i16 %tmp_V, i2 -1)" [src/upsample.cpp:16]   --->   Operation 122 'write' <Predicate = (!icmp_ln7)> <Delay = 4.81> <Core = "m_axi">   --->   Core 9 'm_axi' <Latency = 6> <II = 1> <Delay = 1.00> <Adapter> <Opcode : 'read' 'write' 'readreq' 'writereq' 'writeresp'>
ST_15 : Operation 123 [1/1] (4.81ns)   --->   "%out_V_addr_3_req = call i1 @_ssdm_op_WriteReq.m_axi.i16P(i16* %out_V_addr_2, i32 1)" [src/upsample.cpp:17]   --->   Operation 123 'writereq' 'out_V_addr_3_req' <Predicate = (!icmp_ln7)> <Delay = 4.81> <Core = "m_axi">   --->   Core 9 'm_axi' <Latency = 6> <II = 1> <Delay = 1.00> <Adapter> <Opcode : 'read' 'write' 'readreq' 'writereq' 'writeresp'>

State 16 <SV = 15> <Delay = 4.81>
ST_16 : Operation 124 [5/5] (4.81ns)   --->   "%out_V_addr_2_resp = call i1 @_ssdm_op_WriteResp.m_axi.i16P(i16* %out_V_addr_1)" [src/upsample.cpp:16]   --->   Operation 124 'writeresp' 'out_V_addr_2_resp' <Predicate = (!icmp_ln7)> <Delay = 4.81> <Core = "m_axi">   --->   Core 9 'm_axi' <Latency = 6> <II = 1> <Delay = 1.00> <Adapter> <Opcode : 'read' 'write' 'readreq' 'writereq' 'writeresp'>
ST_16 : Operation 125 [1/1] (4.81ns)   --->   "call void @_ssdm_op_Write.m_axi.i16P(i16* %out_V_addr_2, i16 %tmp_V, i2 -1)" [src/upsample.cpp:17]   --->   Operation 125 'write' <Predicate = (!icmp_ln7)> <Delay = 4.81> <Core = "m_axi">   --->   Core 9 'm_axi' <Latency = 6> <II = 1> <Delay = 1.00> <Adapter> <Opcode : 'read' 'write' 'readreq' 'writereq' 'writeresp'>
ST_16 : Operation 126 [1/1] (4.81ns)   --->   "%out_V_addr_4_req = call i1 @_ssdm_op_WriteReq.m_axi.i16P(i16* %out_V_addr_3, i32 1)" [src/upsample.cpp:18]   --->   Operation 126 'writereq' 'out_V_addr_4_req' <Predicate = (!icmp_ln7)> <Delay = 4.81> <Core = "m_axi">   --->   Core 9 'm_axi' <Latency = 6> <II = 1> <Delay = 1.00> <Adapter> <Opcode : 'read' 'write' 'readreq' 'writereq' 'writeresp'>

State 17 <SV = 16> <Delay = 4.81>
ST_17 : Operation 127 [4/5] (4.81ns)   --->   "%out_V_addr_2_resp = call i1 @_ssdm_op_WriteResp.m_axi.i16P(i16* %out_V_addr_1)" [src/upsample.cpp:16]   --->   Operation 127 'writeresp' 'out_V_addr_2_resp' <Predicate = (!icmp_ln7)> <Delay = 4.81> <Core = "m_axi">   --->   Core 9 'm_axi' <Latency = 6> <II = 1> <Delay = 1.00> <Adapter> <Opcode : 'read' 'write' 'readreq' 'writereq' 'writeresp'>
ST_17 : Operation 128 [5/5] (4.81ns)   --->   "%out_V_addr_3_resp = call i1 @_ssdm_op_WriteResp.m_axi.i16P(i16* %out_V_addr_2)" [src/upsample.cpp:17]   --->   Operation 128 'writeresp' 'out_V_addr_3_resp' <Predicate = (!icmp_ln7)> <Delay = 4.81> <Core = "m_axi">   --->   Core 9 'm_axi' <Latency = 6> <II = 1> <Delay = 1.00> <Adapter> <Opcode : 'read' 'write' 'readreq' 'writereq' 'writeresp'>
ST_17 : Operation 129 [1/1] (4.81ns)   --->   "call void @_ssdm_op_Write.m_axi.i16P(i16* %out_V_addr_3, i16 %tmp_V, i2 -1)" [src/upsample.cpp:18]   --->   Operation 129 'write' <Predicate = (!icmp_ln7)> <Delay = 4.81> <Core = "m_axi">   --->   Core 9 'm_axi' <Latency = 6> <II = 1> <Delay = 1.00> <Adapter> <Opcode : 'read' 'write' 'readreq' 'writereq' 'writeresp'>
ST_17 : Operation 130 [1/1] (4.81ns)   --->   "%out_V_addr_5_req = call i1 @_ssdm_op_WriteReq.m_axi.i16P(i16* %out_V_addr_4, i32 1)" [src/upsample.cpp:19]   --->   Operation 130 'writereq' 'out_V_addr_5_req' <Predicate = (!icmp_ln7)> <Delay = 4.81> <Core = "m_axi">   --->   Core 9 'm_axi' <Latency = 6> <II = 1> <Delay = 1.00> <Adapter> <Opcode : 'read' 'write' 'readreq' 'writereq' 'writeresp'>

State 18 <SV = 17> <Delay = 4.81>
ST_18 : Operation 131 [3/5] (4.81ns)   --->   "%out_V_addr_2_resp = call i1 @_ssdm_op_WriteResp.m_axi.i16P(i16* %out_V_addr_1)" [src/upsample.cpp:16]   --->   Operation 131 'writeresp' 'out_V_addr_2_resp' <Predicate = (!icmp_ln7)> <Delay = 4.81> <Core = "m_axi">   --->   Core 9 'm_axi' <Latency = 6> <II = 1> <Delay = 1.00> <Adapter> <Opcode : 'read' 'write' 'readreq' 'writereq' 'writeresp'>
ST_18 : Operation 132 [4/5] (4.81ns)   --->   "%out_V_addr_3_resp = call i1 @_ssdm_op_WriteResp.m_axi.i16P(i16* %out_V_addr_2)" [src/upsample.cpp:17]   --->   Operation 132 'writeresp' 'out_V_addr_3_resp' <Predicate = (!icmp_ln7)> <Delay = 4.81> <Core = "m_axi">   --->   Core 9 'm_axi' <Latency = 6> <II = 1> <Delay = 1.00> <Adapter> <Opcode : 'read' 'write' 'readreq' 'writereq' 'writeresp'>
ST_18 : Operation 133 [5/5] (4.81ns)   --->   "%out_V_addr_4_resp = call i1 @_ssdm_op_WriteResp.m_axi.i16P(i16* %out_V_addr_3)" [src/upsample.cpp:18]   --->   Operation 133 'writeresp' 'out_V_addr_4_resp' <Predicate = (!icmp_ln7)> <Delay = 4.81> <Core = "m_axi">   --->   Core 9 'm_axi' <Latency = 6> <II = 1> <Delay = 1.00> <Adapter> <Opcode : 'read' 'write' 'readreq' 'writereq' 'writeresp'>
ST_18 : Operation 134 [1/1] (4.81ns)   --->   "call void @_ssdm_op_Write.m_axi.i16P(i16* %out_V_addr_4, i16 %tmp_V, i2 -1)" [src/upsample.cpp:19]   --->   Operation 134 'write' <Predicate = (!icmp_ln7)> <Delay = 4.81> <Core = "m_axi">   --->   Core 9 'm_axi' <Latency = 6> <II = 1> <Delay = 1.00> <Adapter> <Opcode : 'read' 'write' 'readreq' 'writereq' 'writeresp'>

State 19 <SV = 18> <Delay = 4.81>
ST_19 : Operation 135 [2/5] (4.81ns)   --->   "%out_V_addr_2_resp = call i1 @_ssdm_op_WriteResp.m_axi.i16P(i16* %out_V_addr_1)" [src/upsample.cpp:16]   --->   Operation 135 'writeresp' 'out_V_addr_2_resp' <Predicate = (!icmp_ln7)> <Delay = 4.81> <Core = "m_axi">   --->   Core 9 'm_axi' <Latency = 6> <II = 1> <Delay = 1.00> <Adapter> <Opcode : 'read' 'write' 'readreq' 'writereq' 'writeresp'>
ST_19 : Operation 136 [3/5] (4.81ns)   --->   "%out_V_addr_3_resp = call i1 @_ssdm_op_WriteResp.m_axi.i16P(i16* %out_V_addr_2)" [src/upsample.cpp:17]   --->   Operation 136 'writeresp' 'out_V_addr_3_resp' <Predicate = (!icmp_ln7)> <Delay = 4.81> <Core = "m_axi">   --->   Core 9 'm_axi' <Latency = 6> <II = 1> <Delay = 1.00> <Adapter> <Opcode : 'read' 'write' 'readreq' 'writereq' 'writeresp'>
ST_19 : Operation 137 [4/5] (4.81ns)   --->   "%out_V_addr_4_resp = call i1 @_ssdm_op_WriteResp.m_axi.i16P(i16* %out_V_addr_3)" [src/upsample.cpp:18]   --->   Operation 137 'writeresp' 'out_V_addr_4_resp' <Predicate = (!icmp_ln7)> <Delay = 4.81> <Core = "m_axi">   --->   Core 9 'm_axi' <Latency = 6> <II = 1> <Delay = 1.00> <Adapter> <Opcode : 'read' 'write' 'readreq' 'writereq' 'writeresp'>
ST_19 : Operation 138 [5/5] (4.81ns)   --->   "%out_V_addr_5_resp = call i1 @_ssdm_op_WriteResp.m_axi.i16P(i16* %out_V_addr_4)" [src/upsample.cpp:19]   --->   Operation 138 'writeresp' 'out_V_addr_5_resp' <Predicate = (!icmp_ln7)> <Delay = 4.81> <Core = "m_axi">   --->   Core 9 'm_axi' <Latency = 6> <II = 1> <Delay = 1.00> <Adapter> <Opcode : 'read' 'write' 'readreq' 'writereq' 'writeresp'>

State 20 <SV = 19> <Delay = 4.81>
ST_20 : Operation 139 [1/5] (4.81ns)   --->   "%out_V_addr_2_resp = call i1 @_ssdm_op_WriteResp.m_axi.i16P(i16* %out_V_addr_1)" [src/upsample.cpp:16]   --->   Operation 139 'writeresp' 'out_V_addr_2_resp' <Predicate = (!icmp_ln7)> <Delay = 4.81> <Core = "m_axi">   --->   Core 9 'm_axi' <Latency = 6> <II = 1> <Delay = 1.00> <Adapter> <Opcode : 'read' 'write' 'readreq' 'writereq' 'writeresp'>
ST_20 : Operation 140 [2/5] (4.81ns)   --->   "%out_V_addr_3_resp = call i1 @_ssdm_op_WriteResp.m_axi.i16P(i16* %out_V_addr_2)" [src/upsample.cpp:17]   --->   Operation 140 'writeresp' 'out_V_addr_3_resp' <Predicate = (!icmp_ln7)> <Delay = 4.81> <Core = "m_axi">   --->   Core 9 'm_axi' <Latency = 6> <II = 1> <Delay = 1.00> <Adapter> <Opcode : 'read' 'write' 'readreq' 'writereq' 'writeresp'>
ST_20 : Operation 141 [3/5] (4.81ns)   --->   "%out_V_addr_4_resp = call i1 @_ssdm_op_WriteResp.m_axi.i16P(i16* %out_V_addr_3)" [src/upsample.cpp:18]   --->   Operation 141 'writeresp' 'out_V_addr_4_resp' <Predicate = (!icmp_ln7)> <Delay = 4.81> <Core = "m_axi">   --->   Core 9 'm_axi' <Latency = 6> <II = 1> <Delay = 1.00> <Adapter> <Opcode : 'read' 'write' 'readreq' 'writereq' 'writeresp'>
ST_20 : Operation 142 [4/5] (4.81ns)   --->   "%out_V_addr_5_resp = call i1 @_ssdm_op_WriteResp.m_axi.i16P(i16* %out_V_addr_4)" [src/upsample.cpp:19]   --->   Operation 142 'writeresp' 'out_V_addr_5_resp' <Predicate = (!icmp_ln7)> <Delay = 4.81> <Core = "m_axi">   --->   Core 9 'm_axi' <Latency = 6> <II = 1> <Delay = 1.00> <Adapter> <Opcode : 'read' 'write' 'readreq' 'writereq' 'writeresp'>

State 21 <SV = 20> <Delay = 4.81>
ST_21 : Operation 143 [1/5] (4.81ns)   --->   "%out_V_addr_3_resp = call i1 @_ssdm_op_WriteResp.m_axi.i16P(i16* %out_V_addr_2)" [src/upsample.cpp:17]   --->   Operation 143 'writeresp' 'out_V_addr_3_resp' <Predicate = (!icmp_ln7)> <Delay = 4.81> <Core = "m_axi">   --->   Core 9 'm_axi' <Latency = 6> <II = 1> <Delay = 1.00> <Adapter> <Opcode : 'read' 'write' 'readreq' 'writereq' 'writeresp'>
ST_21 : Operation 144 [2/5] (4.81ns)   --->   "%out_V_addr_4_resp = call i1 @_ssdm_op_WriteResp.m_axi.i16P(i16* %out_V_addr_3)" [src/upsample.cpp:18]   --->   Operation 144 'writeresp' 'out_V_addr_4_resp' <Predicate = (!icmp_ln7)> <Delay = 4.81> <Core = "m_axi">   --->   Core 9 'm_axi' <Latency = 6> <II = 1> <Delay = 1.00> <Adapter> <Opcode : 'read' 'write' 'readreq' 'writereq' 'writeresp'>
ST_21 : Operation 145 [3/5] (4.81ns)   --->   "%out_V_addr_5_resp = call i1 @_ssdm_op_WriteResp.m_axi.i16P(i16* %out_V_addr_4)" [src/upsample.cpp:19]   --->   Operation 145 'writeresp' 'out_V_addr_5_resp' <Predicate = (!icmp_ln7)> <Delay = 4.81> <Core = "m_axi">   --->   Core 9 'm_axi' <Latency = 6> <II = 1> <Delay = 1.00> <Adapter> <Opcode : 'read' 'write' 'readreq' 'writereq' 'writeresp'>

State 22 <SV = 21> <Delay = 4.81>
ST_22 : Operation 146 [1/5] (4.81ns)   --->   "%out_V_addr_4_resp = call i1 @_ssdm_op_WriteResp.m_axi.i16P(i16* %out_V_addr_3)" [src/upsample.cpp:18]   --->   Operation 146 'writeresp' 'out_V_addr_4_resp' <Predicate = (!icmp_ln7)> <Delay = 4.81> <Core = "m_axi">   --->   Core 9 'm_axi' <Latency = 6> <II = 1> <Delay = 1.00> <Adapter> <Opcode : 'read' 'write' 'readreq' 'writereq' 'writeresp'>
ST_22 : Operation 147 [2/5] (4.81ns)   --->   "%out_V_addr_5_resp = call i1 @_ssdm_op_WriteResp.m_axi.i16P(i16* %out_V_addr_4)" [src/upsample.cpp:19]   --->   Operation 147 'writeresp' 'out_V_addr_5_resp' <Predicate = (!icmp_ln7)> <Delay = 4.81> <Core = "m_axi">   --->   Core 9 'm_axi' <Latency = 6> <II = 1> <Delay = 1.00> <Adapter> <Opcode : 'read' 'write' 'readreq' 'writereq' 'writeresp'>

State 23 <SV = 22> <Delay = 4.81>
ST_23 : Operation 148 [1/1] (0.00ns)   --->   "call void (...)* @_ssdm_op_SpecLoopTripCount(i64 21632, i64 21632, i64 21632)"   --->   Operation 148 'speclooptripcount' <Predicate = (!icmp_ln7)> <Delay = 0.00>
ST_23 : Operation 149 [1/1] (0.00ns)   --->   "%tmp = call i32 (...)* @_ssdm_op_SpecRegionBegin([12 x i8]* @p_str)" [src/upsample.cpp:9]   --->   Operation 149 'specregionbegin' 'tmp' <Predicate = (!icmp_ln7)> <Delay = 0.00>
ST_23 : Operation 150 [1/1] (0.00ns)   --->   "call void (...)* @_ssdm_op_SpecPipeline(i32 -1, i32 1, i32 1, i32 0, [1 x i8]* @p_str1) nounwind" [src/upsample.cpp:10]   --->   Operation 150 'specpipeline' <Predicate = (!icmp_ln7)> <Delay = 0.00>
ST_23 : Operation 151 [1/5] (4.81ns)   --->   "%out_V_addr_5_resp = call i1 @_ssdm_op_WriteResp.m_axi.i16P(i16* %out_V_addr_4)" [src/upsample.cpp:19]   --->   Operation 151 'writeresp' 'out_V_addr_5_resp' <Predicate = (!icmp_ln7)> <Delay = 4.81> <Core = "m_axi">   --->   Core 9 'm_axi' <Latency = 6> <II = 1> <Delay = 1.00> <Adapter> <Opcode : 'read' 'write' 'readreq' 'writereq' 'writeresp'>
ST_23 : Operation 152 [1/1] (0.00ns)   --->   "%empty = call i32 (...)* @_ssdm_op_SpecRegionEnd([12 x i8]* @p_str, i32 %tmp)" [src/upsample.cpp:20]   --->   Operation 152 'specregionend' 'empty' <Predicate = (!icmp_ln7)> <Delay = 0.00>
ST_23 : Operation 153 [1/1] (0.00ns)   --->   "br label %.preheader" [src/upsample.cpp:9]   --->   Operation 153 'br' <Predicate = (!icmp_ln7)> <Delay = 0.00>

State 24 <SV = 12> <Delay = 0.00>
ST_24 : Operation 154 [1/1] (0.00ns)   --->   "ret void" [src/upsample.cpp:21]   --->   Operation 154 'ret' <Predicate = true> <Delay = 0.00>


============================================================
+ Verbose Summary: Timing violations
============================================================
Target clock period: 5.5ns, clock uncertainty: 0.688ns.

 <State 1>: 1.77ns
The critical path consists of the following:
	multiplexor before 'phi' operation ('indvar_flatten30', src/upsample.cpp:7) with incoming values : ('add_ln7', src/upsample.cpp:7) [12]  (1.77 ns)

 <State 2>: 4.35ns
The critical path consists of the following:
	'phi' operation ('n_0', src/upsample.cpp:13) with incoming values : ('select_ln13_1', src/upsample.cpp:13) [13]  (0 ns)
	'mul' operation ('mul_ln13', src/upsample.cpp:13) [18]  (4.35 ns)

 <State 3>: 4.35ns
The critical path consists of the following:
	'mul' operation ('mul_ln13_3', src/upsample.cpp:13) [37]  (4.35 ns)

 <State 4>: 3.02ns
The critical path consists of the following:
	'mul' operation of DSP[24] ('mul_ln13_1', src/upsample.cpp:13) [22]  (0 ns)
	'add' operation of DSP[24] ('rd_base_addr', src/upsample.cpp:13) [24]  (3.02 ns)

 <State 5>: 3.77ns
The critical path consists of the following:
	'select' operation ('select_ln13_2', src/upsample.cpp:13) [38]  (0.754 ns)
	'add' operation of DSP[54] ('add_ln13_1', src/upsample.cpp:13) [54]  (3.02 ns)

 <State 6>: 4.47ns
The critical path consists of the following:
	'select' operation ('select_ln13_4', src/upsample.cpp:13) [40]  (0 ns)
	'select' operation ('select_ln11_2', src/upsample.cpp:11) [55]  (0 ns)
	'add' operation ('add_ln15', src/upsample.cpp:15) [64]  (1.94 ns)
	'add' operation ('add_ln203', src/upsample.cpp:15) [66]  (2.52 ns)

 <State 7>: 4.81ns
The critical path consists of the following:
	bus request on port 'in_V' (src/upsample.cpp:15) [69]  (4.81 ns)

 <State 8>: 4.81ns
The critical path consists of the following:
	bus request on port 'in_V' (src/upsample.cpp:15) [69]  (4.81 ns)

 <State 9>: 4.81ns
The critical path consists of the following:
	bus request on port 'in_V' (src/upsample.cpp:15) [69]  (4.81 ns)

 <State 10>: 4.81ns
The critical path consists of the following:
	bus request on port 'in_V' (src/upsample.cpp:15) [69]  (4.81 ns)

 <State 11>: 4.81ns
The critical path consists of the following:
	bus request on port 'in_V' (src/upsample.cpp:15) [69]  (4.81 ns)

 <State 12>: 4.81ns
The critical path consists of the following:
	bus request on port 'in_V' (src/upsample.cpp:15) [69]  (4.81 ns)

 <State 13>: 4.81ns
The critical path consists of the following:
	bus request on port 'in_V' (src/upsample.cpp:15) [69]  (4.81 ns)

 <State 14>: 4.81ns
The critical path consists of the following:
	bus read on port 'in_V' (src/upsample.cpp:15) [70]  (4.81 ns)

 <State 15>: 4.81ns
The critical path consists of the following:
	bus write on port 'in_V' (src/upsample.cpp:16) [76]  (4.81 ns)

 <State 16>: 4.81ns
The critical path consists of the following:
	bus access on port 'in_V' (src/upsample.cpp:16) [77]  (4.81 ns)

 <State 17>: 4.81ns
The critical path consists of the following:
	bus access on port 'in_V' (src/upsample.cpp:16) [77]  (4.81 ns)

 <State 18>: 4.81ns
The critical path consists of the following:
	bus access on port 'in_V' (src/upsample.cpp:16) [77]  (4.81 ns)

 <State 19>: 4.81ns
The critical path consists of the following:
	bus access on port 'in_V' (src/upsample.cpp:16) [77]  (4.81 ns)

 <State 20>: 4.81ns
The critical path consists of the following:
	bus access on port 'in_V' (src/upsample.cpp:16) [77]  (4.81 ns)

 <State 21>: 4.81ns
The critical path consists of the following:
	bus access on port 'in_V' (src/upsample.cpp:17) [85]  (4.81 ns)

 <State 22>: 4.81ns
The critical path consists of the following:
	bus access on port 'in_V' (src/upsample.cpp:18) [93]  (4.81 ns)

 <State 23>: 4.81ns
The critical path consists of the following:
	bus access on port 'in_V' (src/upsample.cpp:19) [101]  (4.81 ns)

 <State 24>: 0ns
The critical path consists of the following:


============================================================
+ Verbose Summary: Binding
============================================================
N/A
* FSMD analyzer results:
  - Output states:
 - Input state : 
  - Chain level:
	State 1
	State 2
	State 3
	State 4
	State 5
	State 6
	State 7
	State 8
	State 9
	State 10
	State 11
	State 12
	State 13
	State 14
	State 15
	State 16
	State 17
	State 18
	State 19
	State 20
	State 21
	State 22
	State 23
	State 24


============================================================
+ Verbose Summary: Datapath Resource usage 
============================================================
N/A
