

================================================================
== Vivado HLS Report for 'compute_2'
================================================================
* Date:           Wed Aug 14 21:12:31 2024

* Version:        2019.2 (Build 2704478 on Wed Nov 06 22:10:23 MST 2019)
* Project:        yolov4
* Solution:       solution1
* Product family: zynq
* Target device:  xc7z020-clg484-1


================================================================
== Performance Estimates
================================================================
+ Timing: 
    * Summary: 
    +--------+---------+----------+------------+
    |  Clock |  Target | Estimated| Uncertainty|
    +--------+---------+----------+------------+
    |ap_clk  | 5.50 ns | 4.170 ns |   0.69 ns  |
    +--------+---------+----------+------------+

+ Latency: 
    * Summary: 
    +---------+---------+-----------+-----------+------+------+---------+
    |  Latency (cycles) |   Latency (absolute)  |   Interval  | Pipeline|
    |   min   |   max   |    min    |    max    |  min |  max |   Type  |
    +---------+---------+-----------+-----------+------+------+---------+
    |     2719|     2719| 14.954 us | 14.954 us |  2719|  2719|   none  |
    +---------+---------+-----------+-----------+------+------+---------+

    + Detail: 
        * Instance: 
        N/A

        * Loop: 
        +----------+---------+---------+----------+-----------+-----------+------+----------+
        |          |  Latency (cycles) | Iteration|  Initiation Interval  | Trip |          |
        | Loop Name|   min   |   max   |  Latency |  achieved |   target  | Count| Pipelined|
        +----------+---------+---------+----------+-----------+-----------+------+----------+
        |- Loop 1  |     2717|     2717|        18|          4|          1|   676|    yes   |
        +----------+---------+---------+----------+-----------+-----------+------+----------+



================================================================
== Utilization Estimates
================================================================
* Summary: 
+-----------------+---------+-------+--------+-------+-----+
|       Name      | BRAM_18K| DSP48E|   FF   |  LUT  | URAM|
+-----------------+---------+-------+--------+-------+-----+
|DSP              |        -|      2|       -|      -|    -|
|Expression       |        -|      0|       0|    446|    -|
|FIFO             |        -|      -|       -|      -|    -|
|Instance         |        -|      -|       -|      -|    -|
|Memory           |        -|      -|       -|      -|    -|
|Multiplexer      |        -|      -|       -|    203|    -|
|Register         |        0|      -|     443|     64|    -|
+-----------------+---------+-------+--------+-------+-----+
|Total            |        0|      2|     443|    713|    0|
+-----------------+---------+-------+--------+-------+-----+
|Available        |      280|    220|  106400|  53200|    0|
+-----------------+---------+-------+--------+-------+-----+
|Utilization (%)  |        0|   ~0  |   ~0   |      1|    0|
+-----------------+---------+-------+--------+-------+-----+

+ Detail: 
    * Instance: 
    N/A

    * DSP48E: 
    +--------------------------+----------------------+--------------+
    |         Instance         |        Module        |  Expression  |
    +--------------------------+----------------------+--------------+
    |conv_mac_muladd_3kbM_U33  |conv_mac_muladd_3kbM  | i0 + i1 * i2 |
    |conv_mac_muladd_7lbW_U34  |conv_mac_muladd_7lbW  | i0 + i1 * i2 |
    +--------------------------+----------------------+--------------+

    * Memory: 
    N/A

    * FIFO: 
    N/A

    * Expression: 
    +---------------------------+----------+-------+---+----+------------+------------+
    |       Variable Name       | Operation| DSP48E| FF| LUT| Bitwidth P0| Bitwidth P1|
    +---------------------------+----------+-------+---+----+------------+------------+
    |mul_ln203_5_fu_463_p2      |     *    |      0|  0|  41|           8|           5|
    |mul_ln203_6_fu_407_p2      |     *    |      0|  0|  41|           8|           5|
    |mul_ln203_fu_279_p2        |     *    |      0|  0|  17|           3|           5|
    |add_ln203_28_fu_387_p2     |     +    |      0|  0|  15|           8|           8|
    |add_ln203_30_fu_469_p2     |     +    |      0|  0|  17|          13|          13|
    |add_ln203_31_fu_432_p2     |     +    |      0|  0|  17|          13|          13|
    |add_ln203_32_fu_473_p2     |     +    |      0|  0|  17|          13|          13|
    |add_ln203_33_fu_447_p2     |     +    |      0|  0|  17|          13|          13|
    |add_ln203_34_fu_510_p2     |     +    |      0|  0|  17|          13|          13|
    |add_ln203_35_fu_487_p2     |     +    |      0|  0|  17|          13|          13|
    |add_ln203_fu_365_p2        |     +    |      0|  0|  15|           8|           8|
    |add_ln52_fu_239_p2         |     +    |      0|  0|  14|          10|           1|
    |add_ln53_1_fu_329_p2       |     +    |      0|  0|  15|           8|           1|
    |i_fu_302_p2                |     +    |      0|  0|  13|           4|           1|
    |j_fu_416_p2                |     +    |      0|  0|  13|           4|           1|
    |n_fu_245_p2                |     +    |      0|  0|  12|           3|           1|
    |and_ln56_fu_296_p2         |    and   |      0|  0|   2|           1|           1|
    |grp_fu_213_p2              |   icmp   |      0|  0|  13|          16|          16|
    |icmp_ln1494_2_fu_523_p2    |   icmp   |      0|  0|  13|          16|          16|
    |icmp_ln52_fu_233_p2        |   icmp   |      0|  0|  13|          10|          10|
    |icmp_ln53_fu_251_p2        |   icmp   |      0|  0|  11|           8|           8|
    |icmp_ln54_fu_290_p2        |   icmp   |      0|  0|   9|           4|           3|
    |or_ln56_fu_308_p2          |    or    |      0|  0|   2|           1|           1|
    |or_ln57_fu_437_p2          |    or    |      0|  0|   5|           5|           1|
    |or_ln58_2_fu_370_p2        |    or    |      0|  0|   5|           5|           1|
    |or_ln58_fu_227_p2          |    or    |      0|  0|   5|           5|           1|
    |select_ln203_14_fu_529_p3  |  select  |      0|  0|  13|           1|          13|
    |select_ln203_15_fu_477_p3  |  select  |      0|  0|   5|           1|           5|
    |select_ln203_fu_500_p3     |  select  |      0|  0|   5|           1|           5|
    |select_ln53_fu_398_p3      |  select  |      0|  0|   8|           1|           1|
    |select_ln56_1_fu_257_p3    |  select  |      0|  0|   3|           1|           3|
    |select_ln56_2_fu_335_p3    |  select  |      0|  0|   5|           1|           1|
    |select_ln56_3_fu_341_p3    |  select  |      0|  0|   5|           1|           1|
    |select_ln56_4_fu_313_p3    |  select  |      0|  0|   4|           1|           1|
    |select_ln56_5_fu_354_p3    |  select  |      0|  0|   5|           1|           5|
    |select_ln56_6_fu_376_p3    |  select  |      0|  0|   5|           1|           5|
    |select_ln56_7_fu_321_p3    |  select  |      0|  0|   4|           1|           4|
    |select_ln56_fu_269_p3      |  select  |      0|  0|   4|           1|           1|
    |ap_enable_pp0              |    xor   |      0|  0|   2|           1|           2|
    |xor_ln56_fu_285_p2         |    xor   |      0|  0|   2|           1|           2|
    +---------------------------+----------+-------+---+----+------------+------------+
    |Total                      |          |      0|  0| 446|         227|         221|
    +---------------------------+----------+-------+---+----+------------+------------+

    * Multiplexer: 
    +-------------------------------------------+----+-----------+-----+-----------+
    |                    Name                   | LUT| Input Size| Bits| Total Bits|
    +-------------------------------------------+----+-----------+-----+-----------+
    |ap_NS_fsm                                  |  38|          7|    1|          7|
    |ap_enable_reg_pp0_iter4                    |   9|          2|    1|          2|
    |ap_phi_mux_i_0_phi_fu_182_p4               |   9|          2|    4|          8|
    |ap_phi_mux_indvar_flatten23_phi_fu_148_p4  |   9|          2|   10|         20|
    |ap_phi_mux_indvar_flatten_phi_fu_170_p4    |   9|          2|    8|         16|
    |ap_phi_mux_j_0_phi_fu_194_p4               |   9|          2|    4|          8|
    |ap_phi_mux_n_0_phi_fu_159_p4               |   9|          2|    3|          6|
    |fm_in_buff_V_address0                      |  27|          5|   12|         60|
    |fm_in_buff_V_address1                      |  21|          4|   12|         48|
    |i_0_reg_178                                |   9|          2|    4|          8|
    |indvar_flatten23_reg_144                   |   9|          2|   10|         20|
    |indvar_flatten_reg_166                     |   9|          2|    8|         16|
    |j_0_reg_190                                |   9|          2|    4|          8|
    |n_0_reg_155                                |   9|          2|    3|          6|
    |reg_202                                    |   9|          2|   16|         32|
    |reg_207                                    |   9|          2|   16|         32|
    +-------------------------------------------+----+-----------+-----+-----------+
    |Total                                      | 203|         42|  116|        297|
    +-------------------------------------------+----+-----------+-----+-----------+

    * Register: 
    +------------------------------------+----+----+-----+-----------+
    |                Name                | FF | LUT| Bits| Const Bits|
    +------------------------------------+----+----+-----+-----------+
    |add_ln203_28_reg_640                |   7|   0|    8|          1|
    |add_ln203_30_reg_721                |  12|   0|   13|          1|
    |add_ln203_31_reg_683                |  12|   0|   13|          1|
    |add_ln203_32_reg_726                |  12|   0|   13|          1|
    |add_ln203_33_reg_699                |  12|   0|   13|          1|
    |add_ln203_34_reg_747                |  13|   0|   13|          0|
    |add_ln203_35_reg_731                |  13|   0|   13|          0|
    |add_ln203_35_reg_731_pp0_iter3_reg  |  13|   0|   13|          0|
    |add_ln203_36_reg_662                |  11|   0|   11|          0|
    |add_ln203_reg_635                   |   7|   0|    8|          1|
    |add_ln203_reg_635_pp0_iter1_reg     |   7|   0|    8|          1|
    |add_ln52_reg_574                    |  10|   0|   10|          0|
    |add_ln53_1_reg_630                  |   8|   0|    8|          0|
    |and_ln56_reg_606                    |   1|   0|    1|          0|
    |ap_CS_fsm                           |   6|   0|    6|          0|
    |ap_enable_reg_pp0_iter0             |   1|   0|    1|          0|
    |ap_enable_reg_pp0_iter1             |   1|   0|    1|          0|
    |ap_enable_reg_pp0_iter2             |   1|   0|    1|          0|
    |ap_enable_reg_pp0_iter3             |   1|   0|    1|          0|
    |ap_enable_reg_pp0_iter4             |   1|   0|    1|          0|
    |i_0_reg_178                         |   4|   0|    4|          0|
    |i_reg_612                           |   4|   0|    4|          0|
    |icmp_ln52_reg_570                   |   1|   0|    1|          0|
    |icmp_ln53_reg_579                   |   1|   0|    1|          0|
    |indvar_flatten23_reg_144            |  10|   0|   10|          0|
    |indvar_flatten_reg_166              |   8|   0|    8|          0|
    |j_0_reg_190                         |   4|   0|    4|          0|
    |j_reg_667                           |   4|   0|    4|          0|
    |mul_ln203_5_reg_714                 |  12|   0|   13|          1|
    |mul_ln203_6_reg_655                 |  12|   0|   13|          1|
    |mul_ln203_reg_600                   |   7|   0|    8|          1|
    |n_0_reg_155                         |   3|   0|    3|          0|
    |or_ln57_reg_688                     |   4|   0|    5|          1|
    |or_ln57_reg_688_pp0_iter2_reg       |   4|   0|    5|          1|
    |or_ln58_reg_565                     |   4|   0|    5|          1|
    |reg_202                             |  16|   0|   16|          0|
    |reg_207                             |  16|   0|   16|          0|
    |select_ln203_14_reg_763             |  13|   0|   13|          0|
    |select_ln53_reg_650                 |   8|   0|    8|          0|
    |select_ln56_1_reg_589               |   3|   0|    3|          0|
    |select_ln56_4_reg_617               |   4|   0|    4|          0|
    |select_ln56_7_reg_624               |   4|   0|    4|          0|
    |shl_ln56_1_reg_672                  |   4|   0|    5|          1|
    |shl_ln56_1_reg_672_pp0_iter2_reg    |   4|   0|    5|          1|
    |shl_ln_reg_560                      |   4|   0|    5|          1|
    |zext_ln203_44_reg_678               |   4|   0|   13|          9|
    |zext_ln203_45_reg_694               |   4|   0|   13|          9|
    |add_ln203_36_reg_662                |  64|  32|   11|          0|
    |icmp_ln52_reg_570                   |  64|  32|    1|          0|
    +------------------------------------+----+----+-----+-----------+
    |Total                               | 443|  64|  361|         34|
    +------------------------------------+----+----+-----+-----------+



================================================================
== Interface
================================================================
* Summary: 
+------------------------+-----+-----+------------+---------------+--------------+
|        RTL Ports       | Dir | Bits|  Protocol  | Source Object |    C Type    |
+------------------------+-----+-----+------------+---------------+--------------+
|ap_clk                  |  in |    1| ap_ctrl_hs |   compute.2   | return value |
|ap_rst                  |  in |    1| ap_ctrl_hs |   compute.2   | return value |
|ap_start                |  in |    1| ap_ctrl_hs |   compute.2   | return value |
|ap_done                 | out |    1| ap_ctrl_hs |   compute.2   | return value |
|ap_idle                 | out |    1| ap_ctrl_hs |   compute.2   | return value |
|ap_ready                | out |    1| ap_ctrl_hs |   compute.2   | return value |
|fm_in_buff_V_address0   | out |   12|  ap_memory |  fm_in_buff_V |     array    |
|fm_in_buff_V_ce0        | out |    1|  ap_memory |  fm_in_buff_V |     array    |
|fm_in_buff_V_q0         |  in |   16|  ap_memory |  fm_in_buff_V |     array    |
|fm_in_buff_V_address1   | out |   12|  ap_memory |  fm_in_buff_V |     array    |
|fm_in_buff_V_ce1        | out |    1|  ap_memory |  fm_in_buff_V |     array    |
|fm_in_buff_V_q1         |  in |   16|  ap_memory |  fm_in_buff_V |     array    |
|fm_out_buff_V_address0  | out |   10|  ap_memory | fm_out_buff_V |     array    |
|fm_out_buff_V_ce0       | out |    1|  ap_memory | fm_out_buff_V |     array    |
|fm_out_buff_V_we0       | out |    1|  ap_memory | fm_out_buff_V |     array    |
|fm_out_buff_V_d0        | out |   16|  ap_memory | fm_out_buff_V |     array    |
+------------------------+-----+-----+------------+---------------+--------------+

