

================================================================
== Vivado HLS Report for 'conv'
================================================================
* Date:           Wed Aug 14 21:13:51 2024

* Version:        2019.2 (Build 2704478 on Wed Nov 06 22:10:23 MST 2019)
* Project:        yolov4
* Solution:       solution1
* Product family: zynq
* Target device:  xc7z020-clg484-1


================================================================
== Performance Estimates
================================================================
+ Timing: 
    * Summary: 
    +--------+---------+----------+------------+
    |  Clock |  Target | Estimated| Uncertainty|
    +--------+---------+----------+------------+
    |ap_clk  | 5.50 ns | 9.275 ns |   0.69 ns  |
    +--------+---------+----------+------------+

+ Latency: 
    * Summary: 
    +---------+---------+----------+----------+-----+-----+---------+
    |  Latency (cycles) |  Latency (absolute) |  Interval | Pipeline|
    |   min   |   max   |    min   |    max   | min | max |   Type  |
    +---------+---------+----------+----------+-----+-----+---------+
    |        ?|        ?|         ?|         ?|    ?|    ?|   none  |
    +---------+---------+----------+----------+-----+-----+---------+

    + Detail: 
        * Instance: 
        +---------------------+----------+---------+---------+----------+----------+-------+-------+---------+
        |                     |          |  Latency (cycles) |  Latency (absolute) |    Interval   | Pipeline|
        |       Instance      |  Module  |   min   |   max   |    min   |    max   |  min  |  max  |   Type  |
        +---------------------+----------+---------+---------+----------+----------+-------+-------+---------+
        |grp_std_conv_fu_286  |std_conv  |        ?|        ?|         ?|         ?|      ?|      ?|   none  |
        |grp_pwconv_fu_324    |pwconv    |        ?|        ?|         ?|         ?|      ?|      ?|   none  |
        |grp_maxpool_fu_349   |maxpool   |        ?|        ?|         ?|         ?|      ?|      ?|   none  |
        |grp_upsample_fu_359  |upsample  |    86547|    86547| 0.803 ms | 0.803 ms |  86547|  86547|   none  |
        +---------------------+----------+---------+---------+----------+----------+-------+-------+---------+

        * Loop: 
        N/A



================================================================
== Utilization Estimates
================================================================
* Summary: 
+-----------------+---------+-------+--------+--------+-----+
|       Name      | BRAM_18K| DSP48E|   FF   |   LUT  | URAM|
+-----------------+---------+-------+--------+--------+-----+
|DSP              |        -|      -|       -|       -|    -|
|Expression       |        -|      -|       0|      60|    -|
|FIFO             |        -|      -|       -|       -|    -|
|Instance         |      161|    216|   85493|  104547|    0|
|Memory           |        -|      -|       -|       -|    -|
|Multiplexer      |        -|      -|       -|    1817|    -|
|Register         |        -|      -|     624|       -|    -|
+-----------------+---------+-------+--------+--------+-----+
|Total            |      161|    216|   86117|  106424|    0|
+-----------------+---------+-------+--------+--------+-----+
|Available        |      280|    220|  106400|   53200|    0|
+-----------------+---------+-------+--------+--------+-----+
|Utilization (%)  |       57|     98|      80|     200|    0|
+-----------------+---------+-------+--------+--------+-----+

+ Detail: 
    * Instance: 
    +---------------------+-----------------+---------+-------+-------+-------+-----+
    |       Instance      |      Module     | BRAM_18K| DSP48E|   FF  |  LUT  | URAM|
    +---------------------+-----------------+---------+-------+-------+-------+-----+
    |conv_CTRL_s_axi_U    |conv_CTRL_s_axi  |        0|      0|    758|   1256|    0|
    |conv_FM1_m_axi_U     |conv_FM1_m_axi   |        8|      0|    537|    677|    0|
    |conv_FM2_m_axi_U     |conv_FM2_m_axi   |        8|      0|    537|    677|    0|
    |conv_FM3_m_axi_U     |conv_FM3_m_axi   |        8|      0|    537|    677|    0|
    |conv_FM4_m_axi_U     |conv_FM4_m_axi   |        8|      0|    537|    677|    0|
    |conv_W1_m_axi_U      |conv_W1_m_axi    |        5|      0|    537|    677|    0|
    |conv_W2_m_axi_U      |conv_W2_m_axi    |        5|      0|    537|    677|    0|
    |conv_W3_m_axi_U      |conv_W3_m_axi    |        5|      0|    537|    677|    0|
    |conv_W4_m_axi_U      |conv_W4_m_axi    |        5|      0|    537|    677|    0|
    |grp_maxpool_fu_349   |maxpool          |        5|     17|   4068|   3453|    0|
    |grp_pwconv_fu_324    |pwconv           |       32|     41|  14344|  17295|    0|
    |grp_std_conv_fu_286  |std_conv         |       72|    155|  61289|  76095|    0|
    |grp_upsample_fu_359  |upsample         |        0|      3|    738|   1032|    0|
    +---------------------+-----------------+---------+-------+-------+-------+-----+
    |Total                |                 |      161|    216|  85493| 104547|    0|
    +---------------------+-----------------+---------+-------+-------+-------+-----+

    * DSP48E: 
    N/A

    * Memory: 
    N/A

    * FIFO: 
    N/A

    * Expression: 
    +---------------------------------+----------+-------+---+----+------------+------------+
    |          Variable Name          | Operation| DSP48E| FF| LUT| Bitwidth P0| Bitwidth P1|
    +---------------------------------+----------+-------+---+----+------------+------------+
    |ap_predicate_op93_call_state4    |    and   |      0|  0|   2|           1|           1|
    |ap_predicate_op96_call_state4    |    and   |      0|  0|   2|           1|           1|
    |icmp_ln30_fu_499_p2              |   icmp   |      0|  0|  18|          32|           2|
    |icmp_ln34_fu_505_p2              |   icmp   |      0|  0|  18|          32|           1|
    |icmp_ln37_fu_511_p2              |   icmp   |      0|  0|  18|          32|           2|
    |ap_block_state4_on_subcall_done  |    or    |      0|  0|   2|           1|           1|
    +---------------------------------+----------+-------+---+----+------------+------------+
    |Total                            |          |      0|  0|  60|          99|           8|
    +---------------------------------+----------+-------+---+----+------------+------------+

    * Multiplexer: 
    +--------------+----+-----------+-----+-----------+
    |     Name     | LUT| Input Size| Bits| Total Bits|
    +--------------+----+-----------+-----+-----------+
    |FM1_ARADDR    |  27|          5|   32|        160|
    |FM1_ARBURST   |  27|          5|    2|         10|
    |FM1_ARCACHE   |  27|          5|    4|         20|
    |FM1_ARID      |  27|          5|    1|          5|
    |FM1_ARLEN     |  27|          5|   32|        160|
    |FM1_ARLOCK    |  27|          5|    2|         10|
    |FM1_ARPROT    |  27|          5|    3|         15|
    |FM1_ARQOS     |  27|          5|    4|         20|
    |FM1_ARREGION  |  27|          5|    4|         20|
    |FM1_ARSIZE    |  27|          5|    3|         15|
    |FM1_ARUSER    |  27|          5|    1|          5|
    |FM1_ARVALID   |  27|          5|    1|          5|
    |FM1_AWADDR    |  27|          5|   32|        160|
    |FM1_AWBURST   |  27|          5|    2|         10|
    |FM1_AWCACHE   |  27|          5|    4|         20|
    |FM1_AWID      |  27|          5|    1|          5|
    |FM1_AWLEN     |  27|          5|   32|        160|
    |FM1_AWLOCK    |  27|          5|    2|         10|
    |FM1_AWPROT    |  27|          5|    3|         15|
    |FM1_AWQOS     |  27|          5|    4|         20|
    |FM1_AWREGION  |  27|          5|    4|         20|
    |FM1_AWSIZE    |  27|          5|    3|         15|
    |FM1_AWUSER    |  27|          5|    1|          5|
    |FM1_AWVALID   |  27|          5|    1|          5|
    |FM1_BREADY    |  27|          5|    1|          5|
    |FM1_RREADY    |  27|          5|    1|          5|
    |FM1_WDATA     |  27|          5|   16|         80|
    |FM1_WID       |  27|          5|    1|          5|
    |FM1_WLAST     |  27|          5|    1|          5|
    |FM1_WSTRB     |  27|          5|    2|         10|
    |FM1_WUSER     |  27|          5|    1|          5|
    |FM1_WVALID    |  27|          5|    1|          5|
    |FM2_ARADDR    |  15|          3|   32|         96|
    |FM2_ARBURST   |  15|          3|    2|          6|
    |FM2_ARCACHE   |  15|          3|    4|         12|
    |FM2_ARID      |  15|          3|    1|          3|
    |FM2_ARLEN     |  15|          3|   32|         96|
    |FM2_ARLOCK    |  15|          3|    2|          6|
    |FM2_ARPROT    |  15|          3|    3|          9|
    |FM2_ARQOS     |  15|          3|    4|         12|
    |FM2_ARREGION  |  15|          3|    4|         12|
    |FM2_ARSIZE    |  15|          3|    3|          9|
    |FM2_ARUSER    |  15|          3|    1|          3|
    |FM2_ARVALID   |  15|          3|    1|          3|
    |FM2_AWVALID   |   9|          2|    1|          2|
    |FM2_BREADY    |   9|          2|    1|          2|
    |FM2_RREADY    |  15|          3|    1|          3|
    |FM2_WVALID    |   9|          2|    1|          2|
    |FM3_ARADDR    |  15|          3|   32|         96|
    |FM3_ARBURST   |  15|          3|    2|          6|
    |FM3_ARCACHE   |  15|          3|    4|         12|
    |FM3_ARID      |  15|          3|    1|          3|
    |FM3_ARLEN     |  15|          3|   32|         96|
    |FM3_ARLOCK    |  15|          3|    2|          6|
    |FM3_ARPROT    |  15|          3|    3|          9|
    |FM3_ARQOS     |  15|          3|    4|         12|
    |FM3_ARREGION  |  15|          3|    4|         12|
    |FM3_ARSIZE    |  15|          3|    3|          9|
    |FM3_ARUSER    |  15|          3|    1|          3|
    |FM3_ARVALID   |  15|          3|    1|          3|
    |FM3_AWVALID   |   9|          2|    1|          2|
    |FM3_BREADY    |   9|          2|    1|          2|
    |FM3_RREADY    |  15|          3|    1|          3|
    |FM3_WVALID    |   9|          2|    1|          2|
    |FM4_ARADDR    |  15|          3|   32|         96|
    |FM4_ARBURST   |  15|          3|    2|          6|
    |FM4_ARCACHE   |  15|          3|    4|         12|
    |FM4_ARID      |  15|          3|    1|          3|
    |FM4_ARLEN     |  15|          3|   32|         96|
    |FM4_ARLOCK    |  15|          3|    2|          6|
    |FM4_ARPROT    |  15|          3|    3|          9|
    |FM4_ARQOS     |  15|          3|    4|         12|
    |FM4_ARREGION  |  15|          3|    4|         12|
    |FM4_ARSIZE    |  15|          3|    3|          9|
    |FM4_ARUSER    |  15|          3|    1|          3|
    |FM4_ARVALID   |  15|          3|    1|          3|
    |FM4_AWVALID   |   9|          2|    1|          2|
    |FM4_BREADY    |   9|          2|    1|          2|
    |FM4_RREADY    |  15|          3|    1|          3|
    |FM4_WVALID    |   9|          2|    1|          2|
    |W1_ARADDR     |  15|          3|   32|         96|
    |W1_ARBURST    |  15|          3|    2|          6|
    |W1_ARCACHE    |  15|          3|    4|         12|
    |W1_ARID       |  15|          3|    1|          3|
    |W1_ARLEN      |  15|          3|   32|         96|
    |W1_ARLOCK     |  15|          3|    2|          6|
    |W1_ARPROT     |  15|          3|    3|          9|
    |W1_ARQOS      |  15|          3|    4|         12|
    |W1_ARREGION   |  15|          3|    4|         12|
    |W1_ARSIZE     |  15|          3|    3|          9|
    |W1_ARUSER     |  15|          3|    1|          3|
    |W1_ARVALID    |  15|          3|    1|          3|
    |W1_RREADY     |  15|          3|    1|          3|
    |W2_ARVALID    |   9|          2|    1|          2|
    |W2_RREADY     |   9|          2|    1|          2|
    |W3_ARVALID    |   9|          2|    1|          2|
    |W3_RREADY     |   9|          2|    1|          2|
    |W4_ARVALID    |   9|          2|    1|          2|
    |W4_RREADY     |   9|          2|    1|          2|
    |ap_NS_fsm     |  38|          7|    1|          7|
    +--------------+----+-----------+-----+-----------+
    |Total         |1817|        353|  578|       2127|
    +--------------+----+-----------+-----+-----------+

    * Register: 
    +----------------------------------+----+----+-----+-----------+
    |               Name               | FF | LUT| Bits| Const Bits|
    +----------------------------------+----+----+-----+-----------+
    |act_read_reg_537                  |  32|   0|   32|          0|
    |ap_CS_fsm                         |   6|   0|    6|          0|
    |b_V1_reg_586                      |  31|   0|   31|          0|
    |ch_in_read_reg_556                |  32|   0|   32|          0|
    |ch_out_read_reg_550               |  32|   0|   32|          0|
    |fsize_read_reg_543                |  32|   0|   32|          0|
    |grp_maxpool_fu_349_ap_start_reg   |   1|   0|    1|          0|
    |grp_pwconv_fu_324_ap_start_reg    |   1|   0|    1|          0|
    |grp_std_conv_fu_286_ap_start_reg  |   1|   0|    1|          0|
    |grp_upsample_fu_359_ap_start_reg  |   1|   0|    1|          0|
    |icmp_ln30_reg_639                 |   1|   0|    1|          0|
    |icmp_ln34_reg_643                 |   1|   0|    1|          0|
    |icmp_ln37_reg_647                 |   1|   0|    1|          0|
    |in1_V1_reg_631                    |  31|   0|   31|          0|
    |in2_V3_reg_625                    |  31|   0|   31|          0|
    |in3_V5_reg_619                    |  31|   0|   31|          0|
    |in4_V7_reg_613                    |  31|   0|   31|          0|
    |out1_V1_reg_578                   |  31|   0|   31|          0|
    |out2_V1_reg_573                   |  31|   0|   31|          0|
    |out3_V1_reg_568                   |  31|   0|   31|          0|
    |out4_V1_reg_563                   |  31|   0|   31|          0|
    |trunc_ln32_1_reg_661              |  16|   0|   16|          0|
    |trunc_ln32_2_reg_666              |  16|   0|   16|          0|
    |trunc_ln32_3_reg_651              |  16|   0|   16|          0|
    |trunc_ln32_4_reg_671              |  16|   0|   16|          0|
    |trunc_ln32_reg_656                |  16|   0|   16|          0|
    |w1_V9_reg_607                     |  31|   0|   31|          0|
    |w2_V1_reg_602                     |  31|   0|   31|          0|
    |w3_V1_reg_597                     |  31|   0|   31|          0|
    |w4_V1_reg_592                     |  31|   0|   31|          0|
    +----------------------------------+----+----+-----+-----------+
    |Total                             | 624|   0|  624|          0|
    +----------------------------------+----+----+-----+-----------+



================================================================
== Interface
================================================================
* Summary: 
+--------------------+-----+-----+------------+--------------+--------------+
|      RTL Ports     | Dir | Bits|  Protocol  | Source Object|    C Type    |
+--------------------+-----+-----+------------+--------------+--------------+
|s_axi_CTRL_AWVALID  |  in |    1|    s_axi   |     CTRL     |    scalar    |
|s_axi_CTRL_AWREADY  | out |    1|    s_axi   |     CTRL     |    scalar    |
|s_axi_CTRL_AWADDR   |  in |    8|    s_axi   |     CTRL     |    scalar    |
|s_axi_CTRL_WVALID   |  in |    1|    s_axi   |     CTRL     |    scalar    |
|s_axi_CTRL_WREADY   | out |    1|    s_axi   |     CTRL     |    scalar    |
|s_axi_CTRL_WDATA    |  in |   32|    s_axi   |     CTRL     |    scalar    |
|s_axi_CTRL_WSTRB    |  in |    4|    s_axi   |     CTRL     |    scalar    |
|s_axi_CTRL_ARVALID  |  in |    1|    s_axi   |     CTRL     |    scalar    |
|s_axi_CTRL_ARREADY  | out |    1|    s_axi   |     CTRL     |    scalar    |
|s_axi_CTRL_ARADDR   |  in |    8|    s_axi   |     CTRL     |    scalar    |
|s_axi_CTRL_RVALID   | out |    1|    s_axi   |     CTRL     |    scalar    |
|s_axi_CTRL_RREADY   |  in |    1|    s_axi   |     CTRL     |    scalar    |
|s_axi_CTRL_RDATA    | out |   32|    s_axi   |     CTRL     |    scalar    |
|s_axi_CTRL_RRESP    | out |    2|    s_axi   |     CTRL     |    scalar    |
|s_axi_CTRL_BVALID   | out |    1|    s_axi   |     CTRL     |    scalar    |
|s_axi_CTRL_BREADY   |  in |    1|    s_axi   |     CTRL     |    scalar    |
|s_axi_CTRL_BRESP    | out |    2|    s_axi   |     CTRL     |    scalar    |
|ap_clk              |  in |    1| ap_ctrl_hs |     conv     | return value |
|ap_rst_n            |  in |    1| ap_ctrl_hs |     conv     | return value |
|interrupt           | out |    1| ap_ctrl_hs |     conv     | return value |
|m_axi_FM1_AWVALID   | out |    1|    m_axi   |      FM1     |    pointer   |
|m_axi_FM1_AWREADY   |  in |    1|    m_axi   |      FM1     |    pointer   |
|m_axi_FM1_AWADDR    | out |   32|    m_axi   |      FM1     |    pointer   |
|m_axi_FM1_AWID      | out |    1|    m_axi   |      FM1     |    pointer   |
|m_axi_FM1_AWLEN     | out |    8|    m_axi   |      FM1     |    pointer   |
|m_axi_FM1_AWSIZE    | out |    3|    m_axi   |      FM1     |    pointer   |
|m_axi_FM1_AWBURST   | out |    2|    m_axi   |      FM1     |    pointer   |
|m_axi_FM1_AWLOCK    | out |    2|    m_axi   |      FM1     |    pointer   |
|m_axi_FM1_AWCACHE   | out |    4|    m_axi   |      FM1     |    pointer   |
|m_axi_FM1_AWPROT    | out |    3|    m_axi   |      FM1     |    pointer   |
|m_axi_FM1_AWQOS     | out |    4|    m_axi   |      FM1     |    pointer   |
|m_axi_FM1_AWREGION  | out |    4|    m_axi   |      FM1     |    pointer   |
|m_axi_FM1_AWUSER    | out |    1|    m_axi   |      FM1     |    pointer   |
|m_axi_FM1_WVALID    | out |    1|    m_axi   |      FM1     |    pointer   |
|m_axi_FM1_WREADY    |  in |    1|    m_axi   |      FM1     |    pointer   |
|m_axi_FM1_WDATA     | out |   32|    m_axi   |      FM1     |    pointer   |
|m_axi_FM1_WSTRB     | out |    4|    m_axi   |      FM1     |    pointer   |
|m_axi_FM1_WLAST     | out |    1|    m_axi   |      FM1     |    pointer   |
|m_axi_FM1_WID       | out |    1|    m_axi   |      FM1     |    pointer   |
|m_axi_FM1_WUSER     | out |    1|    m_axi   |      FM1     |    pointer   |
|m_axi_FM1_ARVALID   | out |    1|    m_axi   |      FM1     |    pointer   |
|m_axi_FM1_ARREADY   |  in |    1|    m_axi   |      FM1     |    pointer   |
|m_axi_FM1_ARADDR    | out |   32|    m_axi   |      FM1     |    pointer   |
|m_axi_FM1_ARID      | out |    1|    m_axi   |      FM1     |    pointer   |
|m_axi_FM1_ARLEN     | out |    8|    m_axi   |      FM1     |    pointer   |
|m_axi_FM1_ARSIZE    | out |    3|    m_axi   |      FM1     |    pointer   |
|m_axi_FM1_ARBURST   | out |    2|    m_axi   |      FM1     |    pointer   |
|m_axi_FM1_ARLOCK    | out |    2|    m_axi   |      FM1     |    pointer   |
|m_axi_FM1_ARCACHE   | out |    4|    m_axi   |      FM1     |    pointer   |
|m_axi_FM1_ARPROT    | out |    3|    m_axi   |      FM1     |    pointer   |
|m_axi_FM1_ARQOS     | out |    4|    m_axi   |      FM1     |    pointer   |
|m_axi_FM1_ARREGION  | out |    4|    m_axi   |      FM1     |    pointer   |
|m_axi_FM1_ARUSER    | out |    1|    m_axi   |      FM1     |    pointer   |
|m_axi_FM1_RVALID    |  in |    1|    m_axi   |      FM1     |    pointer   |
|m_axi_FM1_RREADY    | out |    1|    m_axi   |      FM1     |    pointer   |
|m_axi_FM1_RDATA     |  in |   32|    m_axi   |      FM1     |    pointer   |
|m_axi_FM1_RLAST     |  in |    1|    m_axi   |      FM1     |    pointer   |
|m_axi_FM1_RID       |  in |    1|    m_axi   |      FM1     |    pointer   |
|m_axi_FM1_RUSER     |  in |    1|    m_axi   |      FM1     |    pointer   |
|m_axi_FM1_RRESP     |  in |    2|    m_axi   |      FM1     |    pointer   |
|m_axi_FM1_BVALID    |  in |    1|    m_axi   |      FM1     |    pointer   |
|m_axi_FM1_BREADY    | out |    1|    m_axi   |      FM1     |    pointer   |
|m_axi_FM1_BRESP     |  in |    2|    m_axi   |      FM1     |    pointer   |
|m_axi_FM1_BID       |  in |    1|    m_axi   |      FM1     |    pointer   |
|m_axi_FM1_BUSER     |  in |    1|    m_axi   |      FM1     |    pointer   |
|m_axi_FM2_AWVALID   | out |    1|    m_axi   |      FM2     |    pointer   |
|m_axi_FM2_AWREADY   |  in |    1|    m_axi   |      FM2     |    pointer   |
|m_axi_FM2_AWADDR    | out |   32|    m_axi   |      FM2     |    pointer   |
|m_axi_FM2_AWID      | out |    1|    m_axi   |      FM2     |    pointer   |
|m_axi_FM2_AWLEN     | out |    8|    m_axi   |      FM2     |    pointer   |
|m_axi_FM2_AWSIZE    | out |    3|    m_axi   |      FM2     |    pointer   |
|m_axi_FM2_AWBURST   | out |    2|    m_axi   |      FM2     |    pointer   |
|m_axi_FM2_AWLOCK    | out |    2|    m_axi   |      FM2     |    pointer   |
|m_axi_FM2_AWCACHE   | out |    4|    m_axi   |      FM2     |    pointer   |
|m_axi_FM2_AWPROT    | out |    3|    m_axi   |      FM2     |    pointer   |
|m_axi_FM2_AWQOS     | out |    4|    m_axi   |      FM2     |    pointer   |
|m_axi_FM2_AWREGION  | out |    4|    m_axi   |      FM2     |    pointer   |
|m_axi_FM2_AWUSER    | out |    1|    m_axi   |      FM2     |    pointer   |
|m_axi_FM2_WVALID    | out |    1|    m_axi   |      FM2     |    pointer   |
|m_axi_FM2_WREADY    |  in |    1|    m_axi   |      FM2     |    pointer   |
|m_axi_FM2_WDATA     | out |   32|    m_axi   |      FM2     |    pointer   |
|m_axi_FM2_WSTRB     | out |    4|    m_axi   |      FM2     |    pointer   |
|m_axi_FM2_WLAST     | out |    1|    m_axi   |      FM2     |    pointer   |
|m_axi_FM2_WID       | out |    1|    m_axi   |      FM2     |    pointer   |
|m_axi_FM2_WUSER     | out |    1|    m_axi   |      FM2     |    pointer   |
|m_axi_FM2_ARVALID   | out |    1|    m_axi   |      FM2     |    pointer   |
|m_axi_FM2_ARREADY   |  in |    1|    m_axi   |      FM2     |    pointer   |
|m_axi_FM2_ARADDR    | out |   32|    m_axi   |      FM2     |    pointer   |
|m_axi_FM2_ARID      | out |    1|    m_axi   |      FM2     |    pointer   |
|m_axi_FM2_ARLEN     | out |    8|    m_axi   |      FM2     |    pointer   |
|m_axi_FM2_ARSIZE    | out |    3|    m_axi   |      FM2     |    pointer   |
|m_axi_FM2_ARBURST   | out |    2|    m_axi   |      FM2     |    pointer   |
|m_axi_FM2_ARLOCK    | out |    2|    m_axi   |      FM2     |    pointer   |
|m_axi_FM2_ARCACHE   | out |    4|    m_axi   |      FM2     |    pointer   |
|m_axi_FM2_ARPROT    | out |    3|    m_axi   |      FM2     |    pointer   |
|m_axi_FM2_ARQOS     | out |    4|    m_axi   |      FM2     |    pointer   |
|m_axi_FM2_ARREGION  | out |    4|    m_axi   |      FM2     |    pointer   |
|m_axi_FM2_ARUSER    | out |    1|    m_axi   |      FM2     |    pointer   |
|m_axi_FM2_RVALID    |  in |    1|    m_axi   |      FM2     |    pointer   |
|m_axi_FM2_RREADY    | out |    1|    m_axi   |      FM2     |    pointer   |
|m_axi_FM2_RDATA     |  in |   32|    m_axi   |      FM2     |    pointer   |
|m_axi_FM2_RLAST     |  in |    1|    m_axi   |      FM2     |    pointer   |
|m_axi_FM2_RID       |  in |    1|    m_axi   |      FM2     |    pointer   |
|m_axi_FM2_RUSER     |  in |    1|    m_axi   |      FM2     |    pointer   |
|m_axi_FM2_RRESP     |  in |    2|    m_axi   |      FM2     |    pointer   |
|m_axi_FM2_BVALID    |  in |    1|    m_axi   |      FM2     |    pointer   |
|m_axi_FM2_BREADY    | out |    1|    m_axi   |      FM2     |    pointer   |
|m_axi_FM2_BRESP     |  in |    2|    m_axi   |      FM2     |    pointer   |
|m_axi_FM2_BID       |  in |    1|    m_axi   |      FM2     |    pointer   |
|m_axi_FM2_BUSER     |  in |    1|    m_axi   |      FM2     |    pointer   |
|m_axi_FM3_AWVALID   | out |    1|    m_axi   |      FM3     |    pointer   |
|m_axi_FM3_AWREADY   |  in |    1|    m_axi   |      FM3     |    pointer   |
|m_axi_FM3_AWADDR    | out |   32|    m_axi   |      FM3     |    pointer   |
|m_axi_FM3_AWID      | out |    1|    m_axi   |      FM3     |    pointer   |
|m_axi_FM3_AWLEN     | out |    8|    m_axi   |      FM3     |    pointer   |
|m_axi_FM3_AWSIZE    | out |    3|    m_axi   |      FM3     |    pointer   |
|m_axi_FM3_AWBURST   | out |    2|    m_axi   |      FM3     |    pointer   |
|m_axi_FM3_AWLOCK    | out |    2|    m_axi   |      FM3     |    pointer   |
|m_axi_FM3_AWCACHE   | out |    4|    m_axi   |      FM3     |    pointer   |
|m_axi_FM3_AWPROT    | out |    3|    m_axi   |      FM3     |    pointer   |
|m_axi_FM3_AWQOS     | out |    4|    m_axi   |      FM3     |    pointer   |
|m_axi_FM3_AWREGION  | out |    4|    m_axi   |      FM3     |    pointer   |
|m_axi_FM3_AWUSER    | out |    1|    m_axi   |      FM3     |    pointer   |
|m_axi_FM3_WVALID    | out |    1|    m_axi   |      FM3     |    pointer   |
|m_axi_FM3_WREADY    |  in |    1|    m_axi   |      FM3     |    pointer   |
|m_axi_FM3_WDATA     | out |   32|    m_axi   |      FM3     |    pointer   |
|m_axi_FM3_WSTRB     | out |    4|    m_axi   |      FM3     |    pointer   |
|m_axi_FM3_WLAST     | out |    1|    m_axi   |      FM3     |    pointer   |
|m_axi_FM3_WID       | out |    1|    m_axi   |      FM3     |    pointer   |
|m_axi_FM3_WUSER     | out |    1|    m_axi   |      FM3     |    pointer   |
|m_axi_FM3_ARVALID   | out |    1|    m_axi   |      FM3     |    pointer   |
|m_axi_FM3_ARREADY   |  in |    1|    m_axi   |      FM3     |    pointer   |
|m_axi_FM3_ARADDR    | out |   32|    m_axi   |      FM3     |    pointer   |
|m_axi_FM3_ARID      | out |    1|    m_axi   |      FM3     |    pointer   |
|m_axi_FM3_ARLEN     | out |    8|    m_axi   |      FM3     |    pointer   |
|m_axi_FM3_ARSIZE    | out |    3|    m_axi   |      FM3     |    pointer   |
|m_axi_FM3_ARBURST   | out |    2|    m_axi   |      FM3     |    pointer   |
|m_axi_FM3_ARLOCK    | out |    2|    m_axi   |      FM3     |    pointer   |
|m_axi_FM3_ARCACHE   | out |    4|    m_axi   |      FM3     |    pointer   |
|m_axi_FM3_ARPROT    | out |    3|    m_axi   |      FM3     |    pointer   |
|m_axi_FM3_ARQOS     | out |    4|    m_axi   |      FM3     |    pointer   |
|m_axi_FM3_ARREGION  | out |    4|    m_axi   |      FM3     |    pointer   |
|m_axi_FM3_ARUSER    | out |    1|    m_axi   |      FM3     |    pointer   |
|m_axi_FM3_RVALID    |  in |    1|    m_axi   |      FM3     |    pointer   |
|m_axi_FM3_RREADY    | out |    1|    m_axi   |      FM3     |    pointer   |
|m_axi_FM3_RDATA     |  in |   32|    m_axi   |      FM3     |    pointer   |
|m_axi_FM3_RLAST     |  in |    1|    m_axi   |      FM3     |    pointer   |
|m_axi_FM3_RID       |  in |    1|    m_axi   |      FM3     |    pointer   |
|m_axi_FM3_RUSER     |  in |    1|    m_axi   |      FM3     |    pointer   |
|m_axi_FM3_RRESP     |  in |    2|    m_axi   |      FM3     |    pointer   |
|m_axi_FM3_BVALID    |  in |    1|    m_axi   |      FM3     |    pointer   |
|m_axi_FM3_BREADY    | out |    1|    m_axi   |      FM3     |    pointer   |
|m_axi_FM3_BRESP     |  in |    2|    m_axi   |      FM3     |    pointer   |
|m_axi_FM3_BID       |  in |    1|    m_axi   |      FM3     |    pointer   |
|m_axi_FM3_BUSER     |  in |    1|    m_axi   |      FM3     |    pointer   |
|m_axi_FM4_AWVALID   | out |    1|    m_axi   |      FM4     |    pointer   |
|m_axi_FM4_AWREADY   |  in |    1|    m_axi   |      FM4     |    pointer   |
|m_axi_FM4_AWADDR    | out |   32|    m_axi   |      FM4     |    pointer   |
|m_axi_FM4_AWID      | out |    1|    m_axi   |      FM4     |    pointer   |
|m_axi_FM4_AWLEN     | out |    8|    m_axi   |      FM4     |    pointer   |
|m_axi_FM4_AWSIZE    | out |    3|    m_axi   |      FM4     |    pointer   |
|m_axi_FM4_AWBURST   | out |    2|    m_axi   |      FM4     |    pointer   |
|m_axi_FM4_AWLOCK    | out |    2|    m_axi   |      FM4     |    pointer   |
|m_axi_FM4_AWCACHE   | out |    4|    m_axi   |      FM4     |    pointer   |
|m_axi_FM4_AWPROT    | out |    3|    m_axi   |      FM4     |    pointer   |
|m_axi_FM4_AWQOS     | out |    4|    m_axi   |      FM4     |    pointer   |
|m_axi_FM4_AWREGION  | out |    4|    m_axi   |      FM4     |    pointer   |
|m_axi_FM4_AWUSER    | out |    1|    m_axi   |      FM4     |    pointer   |
|m_axi_FM4_WVALID    | out |    1|    m_axi   |      FM4     |    pointer   |
|m_axi_FM4_WREADY    |  in |    1|    m_axi   |      FM4     |    pointer   |
|m_axi_FM4_WDATA     | out |   32|    m_axi   |      FM4     |    pointer   |
|m_axi_FM4_WSTRB     | out |    4|    m_axi   |      FM4     |    pointer   |
|m_axi_FM4_WLAST     | out |    1|    m_axi   |      FM4     |    pointer   |
|m_axi_FM4_WID       | out |    1|    m_axi   |      FM4     |    pointer   |
|m_axi_FM4_WUSER     | out |    1|    m_axi   |      FM4     |    pointer   |
|m_axi_FM4_ARVALID   | out |    1|    m_axi   |      FM4     |    pointer   |
|m_axi_FM4_ARREADY   |  in |    1|    m_axi   |      FM4     |    pointer   |
|m_axi_FM4_ARADDR    | out |   32|    m_axi   |      FM4     |    pointer   |
|m_axi_FM4_ARID      | out |    1|    m_axi   |      FM4     |    pointer   |
|m_axi_FM4_ARLEN     | out |    8|    m_axi   |      FM4     |    pointer   |
|m_axi_FM4_ARSIZE    | out |    3|    m_axi   |      FM4     |    pointer   |
|m_axi_FM4_ARBURST   | out |    2|    m_axi   |      FM4     |    pointer   |
|m_axi_FM4_ARLOCK    | out |    2|    m_axi   |      FM4     |    pointer   |
|m_axi_FM4_ARCACHE   | out |    4|    m_axi   |      FM4     |    pointer   |
|m_axi_FM4_ARPROT    | out |    3|    m_axi   |      FM4     |    pointer   |
|m_axi_FM4_ARQOS     | out |    4|    m_axi   |      FM4     |    pointer   |
|m_axi_FM4_ARREGION  | out |    4|    m_axi   |      FM4     |    pointer   |
|m_axi_FM4_ARUSER    | out |    1|    m_axi   |      FM4     |    pointer   |
|m_axi_FM4_RVALID    |  in |    1|    m_axi   |      FM4     |    pointer   |
|m_axi_FM4_RREADY    | out |    1|    m_axi   |      FM4     |    pointer   |
|m_axi_FM4_RDATA     |  in |   32|    m_axi   |      FM4     |    pointer   |
|m_axi_FM4_RLAST     |  in |    1|    m_axi   |      FM4     |    pointer   |
|m_axi_FM4_RID       |  in |    1|    m_axi   |      FM4     |    pointer   |
|m_axi_FM4_RUSER     |  in |    1|    m_axi   |      FM4     |    pointer   |
|m_axi_FM4_RRESP     |  in |    2|    m_axi   |      FM4     |    pointer   |
|m_axi_FM4_BVALID    |  in |    1|    m_axi   |      FM4     |    pointer   |
|m_axi_FM4_BREADY    | out |    1|    m_axi   |      FM4     |    pointer   |
|m_axi_FM4_BRESP     |  in |    2|    m_axi   |      FM4     |    pointer   |
|m_axi_FM4_BID       |  in |    1|    m_axi   |      FM4     |    pointer   |
|m_axi_FM4_BUSER     |  in |    1|    m_axi   |      FM4     |    pointer   |
|m_axi_W1_AWVALID    | out |    1|    m_axi   |      W1      |    pointer   |
|m_axi_W1_AWREADY    |  in |    1|    m_axi   |      W1      |    pointer   |
|m_axi_W1_AWADDR     | out |   32|    m_axi   |      W1      |    pointer   |
|m_axi_W1_AWID       | out |    1|    m_axi   |      W1      |    pointer   |
|m_axi_W1_AWLEN      | out |    8|    m_axi   |      W1      |    pointer   |
|m_axi_W1_AWSIZE     | out |    3|    m_axi   |      W1      |    pointer   |
|m_axi_W1_AWBURST    | out |    2|    m_axi   |      W1      |    pointer   |
|m_axi_W1_AWLOCK     | out |    2|    m_axi   |      W1      |    pointer   |
|m_axi_W1_AWCACHE    | out |    4|    m_axi   |      W1      |    pointer   |
|m_axi_W1_AWPROT     | out |    3|    m_axi   |      W1      |    pointer   |
|m_axi_W1_AWQOS      | out |    4|    m_axi   |      W1      |    pointer   |
|m_axi_W1_AWREGION   | out |    4|    m_axi   |      W1      |    pointer   |
|m_axi_W1_AWUSER     | out |    1|    m_axi   |      W1      |    pointer   |
|m_axi_W1_WVALID     | out |    1|    m_axi   |      W1      |    pointer   |
|m_axi_W1_WREADY     |  in |    1|    m_axi   |      W1      |    pointer   |
|m_axi_W1_WDATA      | out |   32|    m_axi   |      W1      |    pointer   |
|m_axi_W1_WSTRB      | out |    4|    m_axi   |      W1      |    pointer   |
|m_axi_W1_WLAST      | out |    1|    m_axi   |      W1      |    pointer   |
|m_axi_W1_WID        | out |    1|    m_axi   |      W1      |    pointer   |
|m_axi_W1_WUSER      | out |    1|    m_axi   |      W1      |    pointer   |
|m_axi_W1_ARVALID    | out |    1|    m_axi   |      W1      |    pointer   |
|m_axi_W1_ARREADY    |  in |    1|    m_axi   |      W1      |    pointer   |
|m_axi_W1_ARADDR     | out |   32|    m_axi   |      W1      |    pointer   |
|m_axi_W1_ARID       | out |    1|    m_axi   |      W1      |    pointer   |
|m_axi_W1_ARLEN      | out |    8|    m_axi   |      W1      |    pointer   |
|m_axi_W1_ARSIZE     | out |    3|    m_axi   |      W1      |    pointer   |
|m_axi_W1_ARBURST    | out |    2|    m_axi   |      W1      |    pointer   |
|m_axi_W1_ARLOCK     | out |    2|    m_axi   |      W1      |    pointer   |
|m_axi_W1_ARCACHE    | out |    4|    m_axi   |      W1      |    pointer   |
|m_axi_W1_ARPROT     | out |    3|    m_axi   |      W1      |    pointer   |
|m_axi_W1_ARQOS      | out |    4|    m_axi   |      W1      |    pointer   |
|m_axi_W1_ARREGION   | out |    4|    m_axi   |      W1      |    pointer   |
|m_axi_W1_ARUSER     | out |    1|    m_axi   |      W1      |    pointer   |
|m_axi_W1_RVALID     |  in |    1|    m_axi   |      W1      |    pointer   |
|m_axi_W1_RREADY     | out |    1|    m_axi   |      W1      |    pointer   |
|m_axi_W1_RDATA      |  in |   32|    m_axi   |      W1      |    pointer   |
|m_axi_W1_RLAST      |  in |    1|    m_axi   |      W1      |    pointer   |
|m_axi_W1_RID        |  in |    1|    m_axi   |      W1      |    pointer   |
|m_axi_W1_RUSER      |  in |    1|    m_axi   |      W1      |    pointer   |
|m_axi_W1_RRESP      |  in |    2|    m_axi   |      W1      |    pointer   |
|m_axi_W1_BVALID     |  in |    1|    m_axi   |      W1      |    pointer   |
|m_axi_W1_BREADY     | out |    1|    m_axi   |      W1      |    pointer   |
|m_axi_W1_BRESP      |  in |    2|    m_axi   |      W1      |    pointer   |
|m_axi_W1_BID        |  in |    1|    m_axi   |      W1      |    pointer   |
|m_axi_W1_BUSER      |  in |    1|    m_axi   |      W1      |    pointer   |
|m_axi_W2_AWVALID    | out |    1|    m_axi   |      W2      |    pointer   |
|m_axi_W2_AWREADY    |  in |    1|    m_axi   |      W2      |    pointer   |
|m_axi_W2_AWADDR     | out |   32|    m_axi   |      W2      |    pointer   |
|m_axi_W2_AWID       | out |    1|    m_axi   |      W2      |    pointer   |
|m_axi_W2_AWLEN      | out |    8|    m_axi   |      W2      |    pointer   |
|m_axi_W2_AWSIZE     | out |    3|    m_axi   |      W2      |    pointer   |
|m_axi_W2_AWBURST    | out |    2|    m_axi   |      W2      |    pointer   |
|m_axi_W2_AWLOCK     | out |    2|    m_axi   |      W2      |    pointer   |
|m_axi_W2_AWCACHE    | out |    4|    m_axi   |      W2      |    pointer   |
|m_axi_W2_AWPROT     | out |    3|    m_axi   |      W2      |    pointer   |
|m_axi_W2_AWQOS      | out |    4|    m_axi   |      W2      |    pointer   |
|m_axi_W2_AWREGION   | out |    4|    m_axi   |      W2      |    pointer   |
|m_axi_W2_AWUSER     | out |    1|    m_axi   |      W2      |    pointer   |
|m_axi_W2_WVALID     | out |    1|    m_axi   |      W2      |    pointer   |
|m_axi_W2_WREADY     |  in |    1|    m_axi   |      W2      |    pointer   |
|m_axi_W2_WDATA      | out |   32|    m_axi   |      W2      |    pointer   |
|m_axi_W2_WSTRB      | out |    4|    m_axi   |      W2      |    pointer   |
|m_axi_W2_WLAST      | out |    1|    m_axi   |      W2      |    pointer   |
|m_axi_W2_WID        | out |    1|    m_axi   |      W2      |    pointer   |
|m_axi_W2_WUSER      | out |    1|    m_axi   |      W2      |    pointer   |
|m_axi_W2_ARVALID    | out |    1|    m_axi   |      W2      |    pointer   |
|m_axi_W2_ARREADY    |  in |    1|    m_axi   |      W2      |    pointer   |
|m_axi_W2_ARADDR     | out |   32|    m_axi   |      W2      |    pointer   |
|m_axi_W2_ARID       | out |    1|    m_axi   |      W2      |    pointer   |
|m_axi_W2_ARLEN      | out |    8|    m_axi   |      W2      |    pointer   |
|m_axi_W2_ARSIZE     | out |    3|    m_axi   |      W2      |    pointer   |
|m_axi_W2_ARBURST    | out |    2|    m_axi   |      W2      |    pointer   |
|m_axi_W2_ARLOCK     | out |    2|    m_axi   |      W2      |    pointer   |
|m_axi_W2_ARCACHE    | out |    4|    m_axi   |      W2      |    pointer   |
|m_axi_W2_ARPROT     | out |    3|    m_axi   |      W2      |    pointer   |
|m_axi_W2_ARQOS      | out |    4|    m_axi   |      W2      |    pointer   |
|m_axi_W2_ARREGION   | out |    4|    m_axi   |      W2      |    pointer   |
|m_axi_W2_ARUSER     | out |    1|    m_axi   |      W2      |    pointer   |
|m_axi_W2_RVALID     |  in |    1|    m_axi   |      W2      |    pointer   |
|m_axi_W2_RREADY     | out |    1|    m_axi   |      W2      |    pointer   |
|m_axi_W2_RDATA      |  in |   32|    m_axi   |      W2      |    pointer   |
|m_axi_W2_RLAST      |  in |    1|    m_axi   |      W2      |    pointer   |
|m_axi_W2_RID        |  in |    1|    m_axi   |      W2      |    pointer   |
|m_axi_W2_RUSER      |  in |    1|    m_axi   |      W2      |    pointer   |
|m_axi_W2_RRESP      |  in |    2|    m_axi   |      W2      |    pointer   |
|m_axi_W2_BVALID     |  in |    1|    m_axi   |      W2      |    pointer   |
|m_axi_W2_BREADY     | out |    1|    m_axi   |      W2      |    pointer   |
|m_axi_W2_BRESP      |  in |    2|    m_axi   |      W2      |    pointer   |
|m_axi_W2_BID        |  in |    1|    m_axi   |      W2      |    pointer   |
|m_axi_W2_BUSER      |  in |    1|    m_axi   |      W2      |    pointer   |
|m_axi_W3_AWVALID    | out |    1|    m_axi   |      W3      |    pointer   |
|m_axi_W3_AWREADY    |  in |    1|    m_axi   |      W3      |    pointer   |
|m_axi_W3_AWADDR     | out |   32|    m_axi   |      W3      |    pointer   |
|m_axi_W3_AWID       | out |    1|    m_axi   |      W3      |    pointer   |
|m_axi_W3_AWLEN      | out |    8|    m_axi   |      W3      |    pointer   |
|m_axi_W3_AWSIZE     | out |    3|    m_axi   |      W3      |    pointer   |
|m_axi_W3_AWBURST    | out |    2|    m_axi   |      W3      |    pointer   |
|m_axi_W3_AWLOCK     | out |    2|    m_axi   |      W3      |    pointer   |
|m_axi_W3_AWCACHE    | out |    4|    m_axi   |      W3      |    pointer   |
|m_axi_W3_AWPROT     | out |    3|    m_axi   |      W3      |    pointer   |
|m_axi_W3_AWQOS      | out |    4|    m_axi   |      W3      |    pointer   |
|m_axi_W3_AWREGION   | out |    4|    m_axi   |      W3      |    pointer   |
|m_axi_W3_AWUSER     | out |    1|    m_axi   |      W3      |    pointer   |
|m_axi_W3_WVALID     | out |    1|    m_axi   |      W3      |    pointer   |
|m_axi_W3_WREADY     |  in |    1|    m_axi   |      W3      |    pointer   |
|m_axi_W3_WDATA      | out |   32|    m_axi   |      W3      |    pointer   |
|m_axi_W3_WSTRB      | out |    4|    m_axi   |      W3      |    pointer   |
|m_axi_W3_WLAST      | out |    1|    m_axi   |      W3      |    pointer   |
|m_axi_W3_WID        | out |    1|    m_axi   |      W3      |    pointer   |
|m_axi_W3_WUSER      | out |    1|    m_axi   |      W3      |    pointer   |
|m_axi_W3_ARVALID    | out |    1|    m_axi   |      W3      |    pointer   |
|m_axi_W3_ARREADY    |  in |    1|    m_axi   |      W3      |    pointer   |
|m_axi_W3_ARADDR     | out |   32|    m_axi   |      W3      |    pointer   |
|m_axi_W3_ARID       | out |    1|    m_axi   |      W3      |    pointer   |
|m_axi_W3_ARLEN      | out |    8|    m_axi   |      W3      |    pointer   |
|m_axi_W3_ARSIZE     | out |    3|    m_axi   |      W3      |    pointer   |
|m_axi_W3_ARBURST    | out |    2|    m_axi   |      W3      |    pointer   |
|m_axi_W3_ARLOCK     | out |    2|    m_axi   |      W3      |    pointer   |
|m_axi_W3_ARCACHE    | out |    4|    m_axi   |      W3      |    pointer   |
|m_axi_W3_ARPROT     | out |    3|    m_axi   |      W3      |    pointer   |
|m_axi_W3_ARQOS      | out |    4|    m_axi   |      W3      |    pointer   |
|m_axi_W3_ARREGION   | out |    4|    m_axi   |      W3      |    pointer   |
|m_axi_W3_ARUSER     | out |    1|    m_axi   |      W3      |    pointer   |
|m_axi_W3_RVALID     |  in |    1|    m_axi   |      W3      |    pointer   |
|m_axi_W3_RREADY     | out |    1|    m_axi   |      W3      |    pointer   |
|m_axi_W3_RDATA      |  in |   32|    m_axi   |      W3      |    pointer   |
|m_axi_W3_RLAST      |  in |    1|    m_axi   |      W3      |    pointer   |
|m_axi_W3_RID        |  in |    1|    m_axi   |      W3      |    pointer   |
|m_axi_W3_RUSER      |  in |    1|    m_axi   |      W3      |    pointer   |
|m_axi_W3_RRESP      |  in |    2|    m_axi   |      W3      |    pointer   |
|m_axi_W3_BVALID     |  in |    1|    m_axi   |      W3      |    pointer   |
|m_axi_W3_BREADY     | out |    1|    m_axi   |      W3      |    pointer   |
|m_axi_W3_BRESP      |  in |    2|    m_axi   |      W3      |    pointer   |
|m_axi_W3_BID        |  in |    1|    m_axi   |      W3      |    pointer   |
|m_axi_W3_BUSER      |  in |    1|    m_axi   |      W3      |    pointer   |
|m_axi_W4_AWVALID    | out |    1|    m_axi   |      W4      |    pointer   |
|m_axi_W4_AWREADY    |  in |    1|    m_axi   |      W4      |    pointer   |
|m_axi_W4_AWADDR     | out |   32|    m_axi   |      W4      |    pointer   |
|m_axi_W4_AWID       | out |    1|    m_axi   |      W4      |    pointer   |
|m_axi_W4_AWLEN      | out |    8|    m_axi   |      W4      |    pointer   |
|m_axi_W4_AWSIZE     | out |    3|    m_axi   |      W4      |    pointer   |
|m_axi_W4_AWBURST    | out |    2|    m_axi   |      W4      |    pointer   |
|m_axi_W4_AWLOCK     | out |    2|    m_axi   |      W4      |    pointer   |
|m_axi_W4_AWCACHE    | out |    4|    m_axi   |      W4      |    pointer   |
|m_axi_W4_AWPROT     | out |    3|    m_axi   |      W4      |    pointer   |
|m_axi_W4_AWQOS      | out |    4|    m_axi   |      W4      |    pointer   |
|m_axi_W4_AWREGION   | out |    4|    m_axi   |      W4      |    pointer   |
|m_axi_W4_AWUSER     | out |    1|    m_axi   |      W4      |    pointer   |
|m_axi_W4_WVALID     | out |    1|    m_axi   |      W4      |    pointer   |
|m_axi_W4_WREADY     |  in |    1|    m_axi   |      W4      |    pointer   |
|m_axi_W4_WDATA      | out |   32|    m_axi   |      W4      |    pointer   |
|m_axi_W4_WSTRB      | out |    4|    m_axi   |      W4      |    pointer   |
|m_axi_W4_WLAST      | out |    1|    m_axi   |      W4      |    pointer   |
|m_axi_W4_WID        | out |    1|    m_axi   |      W4      |    pointer   |
|m_axi_W4_WUSER      | out |    1|    m_axi   |      W4      |    pointer   |
|m_axi_W4_ARVALID    | out |    1|    m_axi   |      W4      |    pointer   |
|m_axi_W4_ARREADY    |  in |    1|    m_axi   |      W4      |    pointer   |
|m_axi_W4_ARADDR     | out |   32|    m_axi   |      W4      |    pointer   |
|m_axi_W4_ARID       | out |    1|    m_axi   |      W4      |    pointer   |
|m_axi_W4_ARLEN      | out |    8|    m_axi   |      W4      |    pointer   |
|m_axi_W4_ARSIZE     | out |    3|    m_axi   |      W4      |    pointer   |
|m_axi_W4_ARBURST    | out |    2|    m_axi   |      W4      |    pointer   |
|m_axi_W4_ARLOCK     | out |    2|    m_axi   |      W4      |    pointer   |
|m_axi_W4_ARCACHE    | out |    4|    m_axi   |      W4      |    pointer   |
|m_axi_W4_ARPROT     | out |    3|    m_axi   |      W4      |    pointer   |
|m_axi_W4_ARQOS      | out |    4|    m_axi   |      W4      |    pointer   |
|m_axi_W4_ARREGION   | out |    4|    m_axi   |      W4      |    pointer   |
|m_axi_W4_ARUSER     | out |    1|    m_axi   |      W4      |    pointer   |
|m_axi_W4_RVALID     |  in |    1|    m_axi   |      W4      |    pointer   |
|m_axi_W4_RREADY     | out |    1|    m_axi   |      W4      |    pointer   |
|m_axi_W4_RDATA      |  in |   32|    m_axi   |      W4      |    pointer   |
|m_axi_W4_RLAST      |  in |    1|    m_axi   |      W4      |    pointer   |
|m_axi_W4_RID        |  in |    1|    m_axi   |      W4      |    pointer   |
|m_axi_W4_RUSER      |  in |    1|    m_axi   |      W4      |    pointer   |
|m_axi_W4_RRESP      |  in |    2|    m_axi   |      W4      |    pointer   |
|m_axi_W4_BVALID     |  in |    1|    m_axi   |      W4      |    pointer   |
|m_axi_W4_BREADY     | out |    1|    m_axi   |      W4      |    pointer   |
|m_axi_W4_BRESP      |  in |    2|    m_axi   |      W4      |    pointer   |
|m_axi_W4_BID        |  in |    1|    m_axi   |      W4      |    pointer   |
|m_axi_W4_BUSER      |  in |    1|    m_axi   |      W4      |    pointer   |
+--------------------+-----+-----+------------+--------------+--------------+

