

================================================================
== Vivado HLS Report for 'maxpool'
================================================================
* Date:           Wed Aug 14 21:12:32 2024

* Version:        2019.2 (Build 2704478 on Wed Nov 06 22:10:23 MST 2019)
* Project:        yolov4
* Solution:       solution1
* Product family: zynq
* Target device:  xc7z020-clg484-1


================================================================
== Performance Estimates
================================================================
+ Timing: 
    * Summary: 
    +--------+---------+----------+------------+
    |  Clock |  Target | Estimated| Uncertainty|
    +--------+---------+----------+------------+
    |ap_clk  | 5.50 ns | 5.337 ns |   0.69 ns  |
    +--------+---------+----------+------------+

+ Latency: 
    * Summary: 
    +---------+---------+----------+----------+-----+-----+---------+
    |  Latency (cycles) |  Latency (absolute) |  Interval | Pipeline|
    |   min   |   max   |    min   |    max   | min | max |   Type  |
    +---------+---------+----------+----------+-----+-----+---------+
    |        ?|        ?|         ?|         ?|    ?|    ?|   none  |
    +---------+---------+----------+----------+-----+-----+---------+

    + Detail: 
        * Instance: 
        +---------------------------+----------------+---------+---------+-----------+-----------+------+------+---------+
        |                           |                |  Latency (cycles) |   Latency (absolute)  |   Interval  | Pipeline|
        |          Instance         |     Module     |   min   |   max   |    min    |    max    |  min |  max |   Type  |
        +---------------------------+----------------+---------+---------+-----------+-----------+------+------+---------+
        |grp_store_output_2_fu_128  |store_output_2  |      701|      701|  3.856 us |  3.856 us |   701|   701|   none  |
        |grp_load_input_2_fu_144    |load_input_2    |     2732|     2732| 15.026 us | 15.026 us |  2732|  2732|   none  |
        |grp_compute_2_fu_160       |compute_2       |     2719|     2719| 14.954 us | 14.954 us |  2719|  2719|   none  |
        +---------------------------+----------------+---------+---------+-----------+-----------+------+------+---------+

        * Loop: 
        +-----------------+---------+---------+----------+-----------+-----------+------+----------+
        |                 |  Latency (cycles) | Iteration|  Initiation Interval  | Trip |          |
        |    Loop Name    |   min   |   max   |  Latency |  achieved |   target  | Count| Pipelined|
        +-----------------+---------+---------+----------+-----------+-----------+------+----------+
        |- Loop 1         |        ?|        ?|         ?|          -|          -|     ?|    no    |
        | + Loop 1.1      |        ?|        ?|         ?|          -|          -|     ?|    no    |
        |  ++ Loop 1.1.1  |        ?|        ?|      6158|          -|          -|     ?|    no    |
        +-----------------+---------+---------+----------+-----------+-----------+------+----------+



================================================================
== Utilization Estimates
================================================================
* Summary: 
+-----------------+---------+-------+--------+-------+-----+
|       Name      | BRAM_18K| DSP48E|   FF   |  LUT  | URAM|
+-----------------+---------+-------+--------+-------+-----+
|DSP              |        -|      -|       -|      -|    -|
|Expression       |        -|      -|       0|    233|    -|
|FIFO             |        -|      -|       -|      -|    -|
|Instance         |        0|     17|    3847|   3002|    -|
|Memory           |        5|      -|       0|      0|    0|
|Multiplexer      |        -|      -|       -|    218|    -|
|Register         |        -|      -|     221|      -|    -|
+-----------------+---------+-------+--------+-------+-----+
|Total            |        5|     17|    4068|   3453|    0|
+-----------------+---------+-------+--------+-------+-----+
|Available        |      280|    220|  106400|  53200|    0|
+-----------------+---------+-------+--------+-------+-----+
|Utilization (%)  |        1|      7|       3|      6|    0|
+-----------------+---------+-------+--------+-------+-----+

+ Detail: 
    * Instance: 
    +---------------------------+----------------------+---------+-------+------+------+-----+
    |          Instance         |        Module        | BRAM_18K| DSP48E|  FF  |  LUT | URAM|
    +---------------------------+----------------------+---------+-------+------+------+-----+
    |grp_compute_2_fu_160       |compute_2             |        0|      2|   443|   713|    0|
    |conv_mul_32s_32s_tde_U62   |conv_mul_32s_32s_tde  |        0|      1|   215|     1|    0|
    |grp_load_input_2_fu_144    |load_input_2          |        0|      8|  1414|  1054|    0|
    |grp_store_output_2_fu_128  |store_output_2        |        0|      6|  1775|  1234|    0|
    +---------------------------+----------------------+---------+-------+------+------+-----+
    |Total                      |                      |        0|     17|  3847|  3002|    0|
    +---------------------------+----------------------+---------+-------+------+------+-----+

    * DSP48E: 
    N/A

    * Memory: 
    +-----------------+----------------------+---------+---+----+-----+------+-----+------+-------------+
    |      Memory     |        Module        | BRAM_18K| FF| LUT| URAM| Words| Bits| Banks| W*Bits*Banks|
    +-----------------+----------------------+---------+---+----+-----+------+-----+------+-------------+
    |fm_in_buff_V_U   |maxpool_fm_in_bufrcU  |        4|  0|   0|    0|  2704|   16|     1|        43264|
    |fm_out_buff_V_U  |maxpool_fm_out_busc4  |        1|  0|   0|    0|   676|   16|     1|        10816|
    +-----------------+----------------------+---------+---+----+-----+------+-----+------+-------------+
    |Total            |                      |        5|  0|   0|    0|  3380|   32|     2|        54080|
    +-----------------+----------------------+---------+---+----+-----+------+-----+------+-------------+

    * FIFO: 
    N/A

    * Expression: 
    +-----------------------+----------+-------+---+----+------------+------------+
    |     Variable Name     | Operation| DSP48E| FF| LUT| Bitwidth P0| Bitwidth P1|
    +-----------------------+----------+-------+---+----+------------+------------+
    |i_fu_276_p2            |     +    |      0|  0|  23|          16|           4|
    |j_fu_282_p2            |     +    |      0|  0|  23|          16|           4|
    |n_fu_261_p2            |     +    |      0|  0|  23|          16|           3|
    |sub_ln79_1_fu_213_p2   |     -    |      0|  0|  39|           1|          32|
    |sub_ln79_fu_180_p2     |     -    |      0|  0|  39|           1|          32|
    |icmp_ln78_fu_247_p2    |   icmp   |      0|  0|  18|          32|          32|
    |icmp_ln79_fu_256_p2    |   icmp   |      0|  0|  18|          32|          32|
    |icmp_ln80_fu_271_p2    |   icmp   |      0|  0|  18|          32|          32|
    |select_ln79_fu_222_p3  |  select  |      0|  0|  32|           1|          32|
    +-----------------------+----------+-------+---+----+------------+------------+
    |Total                  |          |      0|  0| 233|         147|         203|
    +-----------------------+----------+-------+---+----+------------+------------+

    * Multiplexer: 
    +------------------------+----+-----------+-----+-----------+
    |          Name          | LUT| Input Size| Bits| Total Bits|
    +------------------------+----+-----------+-----+-----------+
    |ap_NS_fsm               |  59|         14|    1|         14|
    |fm_in_buff_V_address0   |  15|          3|   12|         36|
    |fm_in_buff_V_ce0        |  15|          3|    1|          3|
    |fm_in_buff_V_ce1        |   9|          2|    1|          2|
    |fm_in_buff_V_we0        |   9|          2|    1|          2|
    |fm_out_buff_V_address0  |  15|          3|   10|         30|
    |fm_out_buff_V_ce0       |  15|          3|    1|          3|
    |fm_out_buff_V_we0       |   9|          2|    1|          2|
    |i_0_reg_104             |   9|          2|   16|         32|
    |j_0_reg_116             |   9|          2|   16|         32|
    |m_axi_in_V_ARVALID      |   9|          2|    1|          2|
    |m_axi_in_V_AWVALID      |   9|          2|    1|          2|
    |m_axi_in_V_BREADY       |   9|          2|    1|          2|
    |m_axi_in_V_RREADY       |   9|          2|    1|          2|
    |m_axi_in_V_WVALID       |   9|          2|    1|          2|
    |n_0_reg_92              |   9|          2|   16|         32|
    +------------------------+----+-----------+-----+-----------+
    |Total                   | 218|         48|   81|        198|
    +------------------------+----+-----------+-----+-----------+

    * Register: 
    +----------------------------------------+----+----+-----+-----------+
    |                  Name                  | FF | LUT| Bits| Const Bits|
    +----------------------------------------+----+----+-----+-----------+
    |ap_CS_fsm                               |  13|   0|   13|          0|
    |grp_compute_2_fu_160_ap_start_reg       |   1|   0|    1|          0|
    |grp_load_input_2_fu_144_ap_start_reg    |   1|   0|    1|          0|
    |grp_store_output_2_fu_128_ap_start_reg  |   1|   0|    1|          0|
    |i_0_reg_104                             |  16|   0|   16|          0|
    |j_0_reg_116                             |  16|   0|   16|          0|
    |j_reg_365                               |  16|   0|   16|          0|
    |lshr_ln79_1_reg_299                     |  31|   0|   31|          0|
    |lshr_ln79_2_reg_304                     |  31|   0|   31|          0|
    |n_0_reg_92                              |  16|   0|   16|          0|
    |select_ln79_reg_315                     |  32|   0|   32|          0|
    |size_reg_336                            |  16|   0|   16|          0|
    |tmp_reg_294                             |   1|   0|    1|          0|
    |trunc_ln6_reg_341                       |  14|   0|   14|          0|
    |trunc_ln81_reg_309                      |  16|   0|   16|          0|
    +----------------------------------------+----+----+-----+-----------+
    |Total                                   | 221|   0|  221|          0|
    +----------------------------------------+----+----+-----+-----------+



================================================================
== Interface
================================================================
* Summary: 
+---------------------+-----+-----+------------+--------------+--------------+
|      RTL Ports      | Dir | Bits|  Protocol  | Source Object|    C Type    |
+---------------------+-----+-----+------------+--------------+--------------+
|ap_clk               |  in |    1| ap_ctrl_hs |    maxpool   | return value |
|ap_rst               |  in |    1| ap_ctrl_hs |    maxpool   | return value |
|ap_start             |  in |    1| ap_ctrl_hs |    maxpool   | return value |
|ap_done              | out |    1| ap_ctrl_hs |    maxpool   | return value |
|ap_idle              | out |    1| ap_ctrl_hs |    maxpool   | return value |
|ap_ready             | out |    1| ap_ctrl_hs |    maxpool   | return value |
|m_axi_in_V_AWVALID   | out |    1|    m_axi   |     in_V     |    pointer   |
|m_axi_in_V_AWREADY   |  in |    1|    m_axi   |     in_V     |    pointer   |
|m_axi_in_V_AWADDR    | out |   32|    m_axi   |     in_V     |    pointer   |
|m_axi_in_V_AWID      | out |    1|    m_axi   |     in_V     |    pointer   |
|m_axi_in_V_AWLEN     | out |   32|    m_axi   |     in_V     |    pointer   |
|m_axi_in_V_AWSIZE    | out |    3|    m_axi   |     in_V     |    pointer   |
|m_axi_in_V_AWBURST   | out |    2|    m_axi   |     in_V     |    pointer   |
|m_axi_in_V_AWLOCK    | out |    2|    m_axi   |     in_V     |    pointer   |
|m_axi_in_V_AWCACHE   | out |    4|    m_axi   |     in_V     |    pointer   |
|m_axi_in_V_AWPROT    | out |    3|    m_axi   |     in_V     |    pointer   |
|m_axi_in_V_AWQOS     | out |    4|    m_axi   |     in_V     |    pointer   |
|m_axi_in_V_AWREGION  | out |    4|    m_axi   |     in_V     |    pointer   |
|m_axi_in_V_AWUSER    | out |    1|    m_axi   |     in_V     |    pointer   |
|m_axi_in_V_WVALID    | out |    1|    m_axi   |     in_V     |    pointer   |
|m_axi_in_V_WREADY    |  in |    1|    m_axi   |     in_V     |    pointer   |
|m_axi_in_V_WDATA     | out |   16|    m_axi   |     in_V     |    pointer   |
|m_axi_in_V_WSTRB     | out |    2|    m_axi   |     in_V     |    pointer   |
|m_axi_in_V_WLAST     | out |    1|    m_axi   |     in_V     |    pointer   |
|m_axi_in_V_WID       | out |    1|    m_axi   |     in_V     |    pointer   |
|m_axi_in_V_WUSER     | out |    1|    m_axi   |     in_V     |    pointer   |
|m_axi_in_V_ARVALID   | out |    1|    m_axi   |     in_V     |    pointer   |
|m_axi_in_V_ARREADY   |  in |    1|    m_axi   |     in_V     |    pointer   |
|m_axi_in_V_ARADDR    | out |   32|    m_axi   |     in_V     |    pointer   |
|m_axi_in_V_ARID      | out |    1|    m_axi   |     in_V     |    pointer   |
|m_axi_in_V_ARLEN     | out |   32|    m_axi   |     in_V     |    pointer   |
|m_axi_in_V_ARSIZE    | out |    3|    m_axi   |     in_V     |    pointer   |
|m_axi_in_V_ARBURST   | out |    2|    m_axi   |     in_V     |    pointer   |
|m_axi_in_V_ARLOCK    | out |    2|    m_axi   |     in_V     |    pointer   |
|m_axi_in_V_ARCACHE   | out |    4|    m_axi   |     in_V     |    pointer   |
|m_axi_in_V_ARPROT    | out |    3|    m_axi   |     in_V     |    pointer   |
|m_axi_in_V_ARQOS     | out |    4|    m_axi   |     in_V     |    pointer   |
|m_axi_in_V_ARREGION  | out |    4|    m_axi   |     in_V     |    pointer   |
|m_axi_in_V_ARUSER    | out |    1|    m_axi   |     in_V     |    pointer   |
|m_axi_in_V_RVALID    |  in |    1|    m_axi   |     in_V     |    pointer   |
|m_axi_in_V_RREADY    | out |    1|    m_axi   |     in_V     |    pointer   |
|m_axi_in_V_RDATA     |  in |   16|    m_axi   |     in_V     |    pointer   |
|m_axi_in_V_RLAST     |  in |    1|    m_axi   |     in_V     |    pointer   |
|m_axi_in_V_RID       |  in |    1|    m_axi   |     in_V     |    pointer   |
|m_axi_in_V_RUSER     |  in |    1|    m_axi   |     in_V     |    pointer   |
|m_axi_in_V_RRESP     |  in |    2|    m_axi   |     in_V     |    pointer   |
|m_axi_in_V_BVALID    |  in |    1|    m_axi   |     in_V     |    pointer   |
|m_axi_in_V_BREADY    | out |    1|    m_axi   |     in_V     |    pointer   |
|m_axi_in_V_BRESP     |  in |    2|    m_axi   |     in_V     |    pointer   |
|m_axi_in_V_BID       |  in |    1|    m_axi   |     in_V     |    pointer   |
|m_axi_in_V_BUSER     |  in |    1|    m_axi   |     in_V     |    pointer   |
|in_V_offset          |  in |   31|   ap_none  |  in_V_offset |    scalar    |
|out_V_offset         |  in |   31|   ap_none  | out_V_offset |    scalar    |
|ch                   |  in |   32|   ap_none  |      ch      |    scalar    |
|h                    |  in |   32|   ap_none  |       h      |    scalar    |
+---------------------+-----+-----+------------+--------------+--------------+

