

================================================================
== Vivado HLS Report for 'store_output_1'
================================================================
* Date:           Wed Aug 14 21:12:43 2024

* Version:        2019.2 (Build 2704478 on Wed Nov 06 22:10:23 MST 2019)
* Project:        yolov4
* Solution:       solution1
* Product family: zynq
* Target device:  xc7z020-clg484-1


================================================================
== Performance Estimates
================================================================
+ Timing: 
    * Summary: 
    +--------+---------+----------+------------+
    |  Clock |  Target | Estimated| Uncertainty|
    +--------+---------+----------+------------+
    |ap_clk  | 5.50 ns | 4.812 ns |   0.69 ns  |
    +--------+---------+----------+------------+

+ Latency: 
    * Summary: 
    +---------+---------+----------+----------+-----+-----+---------+
    |  Latency (cycles) |  Latency (absolute) |  Interval | Pipeline|
    |   min   |   max   |    min   |    max   | min | max |   Type  |
    +---------+---------+----------+----------+-----+-----+---------+
    |        ?|        ?|         ?|         ?|    ?|    ?|   none  |
    +---------+---------+----------+----------+-----+-----+---------+

    + Detail: 
        * Instance: 
        N/A

        * Loop: 
        +----------+---------+---------+----------+-----------+-----------+------+----------+
        |          |  Latency (cycles) | Iteration|  Initiation Interval  | Trip |          |
        | Loop Name|   min   |   max   |  Latency |  achieved |   target  | Count| Pipelined|
        +----------+---------+---------+----------+-----------+-----------+------+----------+
        |- Loop 1  |        ?|        ?|        36|          1|          1|     ?|    yes   |
        +----------+---------+---------+----------+-----------+-----------+------+----------+



================================================================
== Utilization Estimates
================================================================
* Summary: 
+-----------------+---------+-------+--------+-------+-----+
|       Name      | BRAM_18K| DSP48E|   FF   |  LUT  | URAM|
+-----------------+---------+-------+--------+-------+-----+
|DSP              |        -|      4|       -|      -|    -|
|Expression       |        -|      -|       0|    474|    -|
|FIFO             |        -|      -|       -|      -|    -|
|Instance         |        -|      -|    2918|   2273|    -|
|Memory           |        -|      -|       -|      -|    -|
|Multiplexer      |        -|      -|       -|    146|    -|
|Register         |        0|      -|    1453|    208|    -|
+-----------------+---------+-------+--------+-------+-----+
|Total            |        0|      4|    4371|   3101|    0|
+-----------------+---------+-------+--------+-------+-----+
|Available        |      280|    220|  106400|  53200|    0|
+-----------------+---------+-------+--------+-------+-----+
|Utilization (%)  |        0|      1|       4|      5|    0|
+-----------------+---------+-------+--------+-------+-----+

+ Detail: 
    * Instance: 
    +---------------------------+----------------------+---------+-------+------+------+-----+
    |          Instance         |        Module        | BRAM_18K| DSP48E|  FF  |  LUT | URAM|
    +---------------------------+----------------------+---------+-------+------+------+-----+
    |conv_mux_83_16_1_1_U258    |conv_mux_83_16_1_1    |        0|      0|     0|    45|    0|
    |conv_urem_24ns_9nGfk_U256  |conv_urem_24ns_9nGfk  |        0|      0|  1459|  1114|    0|
    |conv_urem_24ns_9nGfk_U257  |conv_urem_24ns_9nGfk  |        0|      0|  1459|  1114|    0|
    +---------------------------+----------------------+---------+-------+------+------+-----+
    |Total                      |                      |        0|      0|  2918|  2273|    0|
    +---------------------------+----------------------+---------+-------+------+------+-----+

    * DSP48E: 
    +---------------------------+----------------------+--------------+
    |          Instance         |        Module        |  Expression  |
    +---------------------------+----------------------+--------------+
    |conv_mac_muladd_1IfE_U261  |conv_mac_muladd_1IfE  | i0 * i1 + i2 |
    |conv_mul_mul_16nsHfu_U260  |conv_mul_mul_16nsHfu  |    i0 * i1   |
    |conv_mul_mul_16nsudo_U259  |conv_mul_mul_16nsudo  |    i0 * i0   |
    |conv_mul_mul_7ns_JfO_U262  |conv_mul_mul_7ns_JfO  |    i0 * i1   |
    +---------------------------+----------------------+--------------+

    * Memory: 
    N/A

    * FIFO: 
    N/A

    * Expression: 
    +------------------------------------+----------+-------+---+----+------------+------------+
    |            Variable Name           | Operation| DSP48E| FF| LUT| Bitwidth P0| Bitwidth P1|
    +------------------------------------+----------+-------+---+----+------------+------------+
    |add_ln203_fu_468_p2                 |     +    |      0|  0|  43|          36|          36|
    |add_ln85_fu_398_p2                  |     +    |      0|  0|  31|          24|           1|
    |add_ln96_fu_451_p2                  |     +    |      0|  0|  24|          17|          17|
    |i_fu_442_p2                         |     +    |      0|  0|  15|           8|           1|
    |mm_fu_404_p2                        |     +    |      0|  0|  23|           1|          16|
    |p_Val2_1_fu_558_p2                  |     +    |      0|  0|  21|          15|          15|
    |sub_ln84_1_fu_356_p2                |     -    |      0|  0|  23|          16|          16|
    |sub_ln84_fu_334_p2                  |     -    |      0|  0|  24|          17|          17|
    |and_ln340_fu_723_p2                 |    and   |      0|  0|   2|           1|           1|
    |and_ln781_fu_626_p2                 |    and   |      0|  0|   2|           1|           1|
    |and_ln786_fu_631_p2                 |    and   |      0|  0|   2|           1|           1|
    |ap_block_pp0_stage0_01001           |    and   |      0|  0|   2|           1|           1|
    |ap_block_state34_io                 |    and   |      0|  0|   2|           1|           1|
    |ap_block_state35_io                 |    and   |      0|  0|   2|           1|           1|
    |ap_block_state40_pp0_stage0_iter35  |    and   |      0|  0|   2|           1|           1|
    |carry_1_fu_578_p2                   |    and   |      0|  0|   2|           1|           1|
    |deleted_ones_fu_621_p2              |    and   |      0|  0|   2|           1|           1|
    |overflow_fu_659_p2                  |    and   |      0|  0|   2|           1|           1|
    |underflow_fu_675_p2                 |    and   |      0|  0|   2|           1|           1|
    |empty_23_fu_637_p2                  |   icmp   |      0|  0|  18|          24|           1|
    |empty_26_fu_737_p2                  |   icmp   |      0|  0|  18|          24|           1|
    |icmp_ln1494_fu_547_p2               |   icmp   |      0|  0|  13|          16|           1|
    |icmp_ln84_fu_350_p2                 |   icmp   |      0|  0|  13|          14|           1|
    |icmp_ln85_fu_393_p2                 |   icmp   |      0|  0|  18|          24|          24|
    |icmp_ln86_fu_410_p2                 |   icmp   |      0|  0|  11|           8|           8|
    |icmp_ln90_fu_376_p2                 |   icmp   |      0|  0|  18|          32|           1|
    |ap_block_pp0_stage0_11001           |    or    |      0|  0|   2|           1|           1|
    |or_ln340_1_fu_686_p2                |    or    |      0|  0|   2|           1|           1|
    |or_ln340_2_fu_691_p2                |    or    |      0|  0|   2|           1|           1|
    |or_ln340_fu_680_p2                  |    or    |      0|  0|   2|           1|           1|
    |or_ln416_1_fu_609_p2                |    or    |      0|  0|   2|           1|           1|
    |or_ln416_fu_615_p2                  |    or    |      0|  0|   2|           1|           1|
    |or_ln785_fu_649_p2                  |    or    |      0|  0|   2|           1|           1|
    |or_ln786_fu_665_p2                  |    or    |      0|  0|   2|           1|           1|
    |num_fu_366_p3                       |  select  |      0|  0|  16|           1|          16|
    |select_ln1494_fu_712_p3             |  select  |      0|  0|  16|           1|          16|
    |select_ln340_fu_696_p3              |  select  |      0|  0|  16|           1|          15|
    |select_ln388_fu_704_p3              |  select  |      0|  0|  17|           1|          17|
    |select_ln96_1_fu_424_p3             |  select  |      0|  0|  16|           1|          16|
    |select_ln96_fu_416_p3               |  select  |      0|  0|   8|           1|           1|
    |tmp2_V_fu_729_p3                    |  select  |      0|  0|  16|           1|          16|
    |ap_enable_pp0                       |    xor   |      0|  0|   2|           1|           2|
    |ap_enable_reg_pp0_iter1             |    xor   |      0|  0|   2|           2|           1|
    |xor_ln1494_fu_718_p2                |    xor   |      0|  0|   2|           1|           2|
    |xor_ln416_1_fu_572_p2               |    xor   |      0|  0|   2|           1|           2|
    |xor_ln416_2_fu_604_p2               |    xor   |      0|  0|   2|           1|           2|
    |xor_ln779_fu_598_p2                 |    xor   |      0|  0|   2|           1|           2|
    |xor_ln785_1_fu_654_p2               |    xor   |      0|  0|   2|           1|           2|
    |xor_ln785_fu_645_p2                 |    xor   |      0|  0|   2|           1|           1|
    |xor_ln786_fu_669_p2                 |    xor   |      0|  0|   2|           1|           2|
    +------------------------------------+----------+-------+---+----+------------+------------+
    |Total                               |          |      0|  0| 474|         312|         288|
    +------------------------------------+----------+-------+---+----+------------+------------+

    * Multiplexer: 
    +-----------------------------------------+----+-----------+-----+-----------+
    |                   Name                  | LUT| Input Size| Bits| Total Bits|
    +-----------------------------------------+----+-----------+-----+-----------+
    |ap_NS_fsm                                |  38|          7|    1|          7|
    |ap_enable_reg_pp0_iter1                  |   9|          2|    1|          2|
    |ap_enable_reg_pp0_iter35                 |   9|          2|    1|          2|
    |ap_phi_mux_indvar_flatten_phi_fu_286_p4  |   9|          2|   24|         48|
    |ap_phi_mux_mm_0_phi_fu_298_p4            |   9|          2|   16|         32|
    |ap_phi_reg_pp0_iter25_p_051_0_reg_316    |   9|          2|   16|         32|
    |ap_phi_reg_pp0_iter30_p_051_0_reg_316    |   9|          2|   16|         32|
    |fm_out_V_blk_n_AW                        |   9|          2|    1|          2|
    |fm_out_V_blk_n_B                         |   9|          2|    1|          2|
    |fm_out_V_blk_n_W                         |   9|          2|    1|          2|
    |i_0_reg_305                              |   9|          2|    8|         16|
    |indvar_flatten_reg_282                   |   9|          2|   24|         48|
    |mm_0_reg_294                             |   9|          2|   16|         32|
    +-----------------------------------------+----+-----------+-----+-----------+
    |Total                                    | 146|         31|  126|        257|
    +-----------------------------------------+----+-----------+-----+-----------+

    * Register: 
    +----------------------------------------+----+----+-----+-----------+
    |                  Name                  | FF | LUT| Bits| Const Bits|
    +----------------------------------------+----+----+-----+-----------+
    |Range2_all_ones_reg_989                 |   1|   0|    1|          0|
    |Range2_all_ones_reg_989_pp0_iter28_reg  |   1|   0|    1|          0|
    |add_ln85_reg_826                        |  24|   0|   24|          0|
    |add_ln96_1_reg_858                      |  35|   0|   35|          0|
    |and_ln781_reg_1022                      |   1|   0|    1|          0|
    |and_ln786_reg_1028                      |   1|   0|    1|          0|
    |ap_CS_fsm                               |   6|   0|    6|          0|
    |ap_enable_reg_pp0_iter0                 |   1|   0|    1|          0|
    |ap_enable_reg_pp0_iter1                 |   1|   0|    1|          0|
    |ap_enable_reg_pp0_iter10                |   1|   0|    1|          0|
    |ap_enable_reg_pp0_iter11                |   1|   0|    1|          0|
    |ap_enable_reg_pp0_iter12                |   1|   0|    1|          0|
    |ap_enable_reg_pp0_iter13                |   1|   0|    1|          0|
    |ap_enable_reg_pp0_iter14                |   1|   0|    1|          0|
    |ap_enable_reg_pp0_iter15                |   1|   0|    1|          0|
    |ap_enable_reg_pp0_iter16                |   1|   0|    1|          0|
    |ap_enable_reg_pp0_iter17                |   1|   0|    1|          0|
    |ap_enable_reg_pp0_iter18                |   1|   0|    1|          0|
    |ap_enable_reg_pp0_iter19                |   1|   0|    1|          0|
    |ap_enable_reg_pp0_iter2                 |   1|   0|    1|          0|
    |ap_enable_reg_pp0_iter20                |   1|   0|    1|          0|
    |ap_enable_reg_pp0_iter21                |   1|   0|    1|          0|
    |ap_enable_reg_pp0_iter22                |   1|   0|    1|          0|
    |ap_enable_reg_pp0_iter23                |   1|   0|    1|          0|
    |ap_enable_reg_pp0_iter24                |   1|   0|    1|          0|
    |ap_enable_reg_pp0_iter25                |   1|   0|    1|          0|
    |ap_enable_reg_pp0_iter26                |   1|   0|    1|          0|
    |ap_enable_reg_pp0_iter27                |   1|   0|    1|          0|
    |ap_enable_reg_pp0_iter28                |   1|   0|    1|          0|
    |ap_enable_reg_pp0_iter29                |   1|   0|    1|          0|
    |ap_enable_reg_pp0_iter3                 |   1|   0|    1|          0|
    |ap_enable_reg_pp0_iter30                |   1|   0|    1|          0|
    |ap_enable_reg_pp0_iter31                |   1|   0|    1|          0|
    |ap_enable_reg_pp0_iter32                |   1|   0|    1|          0|
    |ap_enable_reg_pp0_iter33                |   1|   0|    1|          0|
    |ap_enable_reg_pp0_iter34                |   1|   0|    1|          0|
    |ap_enable_reg_pp0_iter35                |   1|   0|    1|          0|
    |ap_enable_reg_pp0_iter4                 |   1|   0|    1|          0|
    |ap_enable_reg_pp0_iter5                 |   1|   0|    1|          0|
    |ap_enable_reg_pp0_iter6                 |   1|   0|    1|          0|
    |ap_enable_reg_pp0_iter7                 |   1|   0|    1|          0|
    |ap_enable_reg_pp0_iter8                 |   1|   0|    1|          0|
    |ap_enable_reg_pp0_iter9                 |   1|   0|    1|          0|
    |ap_phi_reg_pp0_iter10_p_051_0_reg_316   |  16|   0|   16|          0|
    |ap_phi_reg_pp0_iter11_p_051_0_reg_316   |  16|   0|   16|          0|
    |ap_phi_reg_pp0_iter12_p_051_0_reg_316   |  16|   0|   16|          0|
    |ap_phi_reg_pp0_iter13_p_051_0_reg_316   |  16|   0|   16|          0|
    |ap_phi_reg_pp0_iter14_p_051_0_reg_316   |  16|   0|   16|          0|
    |ap_phi_reg_pp0_iter15_p_051_0_reg_316   |  16|   0|   16|          0|
    |ap_phi_reg_pp0_iter16_p_051_0_reg_316   |  16|   0|   16|          0|
    |ap_phi_reg_pp0_iter17_p_051_0_reg_316   |  16|   0|   16|          0|
    |ap_phi_reg_pp0_iter18_p_051_0_reg_316   |  16|   0|   16|          0|
    |ap_phi_reg_pp0_iter19_p_051_0_reg_316   |  16|   0|   16|          0|
    |ap_phi_reg_pp0_iter1_p_051_0_reg_316    |  16|   0|   16|          0|
    |ap_phi_reg_pp0_iter20_p_051_0_reg_316   |  16|   0|   16|          0|
    |ap_phi_reg_pp0_iter21_p_051_0_reg_316   |  16|   0|   16|          0|
    |ap_phi_reg_pp0_iter22_p_051_0_reg_316   |  16|   0|   16|          0|
    |ap_phi_reg_pp0_iter23_p_051_0_reg_316   |  16|   0|   16|          0|
    |ap_phi_reg_pp0_iter24_p_051_0_reg_316   |  16|   0|   16|          0|
    |ap_phi_reg_pp0_iter25_p_051_0_reg_316   |  16|   0|   16|          0|
    |ap_phi_reg_pp0_iter26_p_051_0_reg_316   |  16|   0|   16|          0|
    |ap_phi_reg_pp0_iter27_p_051_0_reg_316   |  16|   0|   16|          0|
    |ap_phi_reg_pp0_iter28_p_051_0_reg_316   |  16|   0|   16|          0|
    |ap_phi_reg_pp0_iter29_p_051_0_reg_316   |  16|   0|   16|          0|
    |ap_phi_reg_pp0_iter2_p_051_0_reg_316    |  16|   0|   16|          0|
    |ap_phi_reg_pp0_iter30_p_051_0_reg_316   |  16|   0|   16|          0|
    |ap_phi_reg_pp0_iter3_p_051_0_reg_316    |  16|   0|   16|          0|
    |ap_phi_reg_pp0_iter4_p_051_0_reg_316    |  16|   0|   16|          0|
    |ap_phi_reg_pp0_iter5_p_051_0_reg_316    |  16|   0|   16|          0|
    |ap_phi_reg_pp0_iter6_p_051_0_reg_316    |  16|   0|   16|          0|
    |ap_phi_reg_pp0_iter7_p_051_0_reg_316    |  16|   0|   16|          0|
    |ap_phi_reg_pp0_iter8_p_051_0_reg_316    |  16|   0|   16|          0|
    |ap_phi_reg_pp0_iter9_p_051_0_reg_316    |  16|   0|   16|          0|
    |bound_reg_812                           |  24|   0|   24|          0|
    |carry_1_reg_1012                        |   1|   0|    1|          0|
    |empty_23_reg_1034                       |   1|   0|    1|          0|
    |empty_25_reg_1038                       |  24|   0|   24|          0|
    |empty_26_reg_1048                       |   1|   0|    1|          0|
    |empty_reg_996                           |  24|   0|   24|          0|
    |fm_out_V_addr_reg_863                   |  32|   0|   32|          0|
    |fm_out_buff_0_V_loa_reg_909             |  16|   0|   16|          0|
    |fm_out_buff_1_V_loa_reg_914             |  16|   0|   16|          0|
    |fm_out_buff_2_V_loa_reg_919             |  16|   0|   16|          0|
    |fm_out_buff_3_V_loa_reg_924             |  16|   0|   16|          0|
    |fm_out_buff_4_V_loa_reg_929             |  16|   0|   16|          0|
    |fm_out_buff_5_V_loa_reg_934             |  16|   0|   16|          0|
    |fm_out_buff_6_V_loa_reg_939             |  16|   0|   16|          0|
    |fm_out_buff_7_V_loa_reg_944             |  16|   0|   16|          0|
    |i_0_reg_305                             |   8|   0|    8|          0|
    |icmp_ln1494_reg_1001                    |   1|   0|    1|          0|
    |icmp_ln84_reg_777                       |   1|   0|    1|          0|
    |icmp_ln85_reg_822                       |   1|   0|    1|          0|
    |icmp_ln90_reg_798                       |   1|   0|    1|          0|
    |indvar_flatten_reg_282                  |  24|   0|   24|          0|
    |mm_0_reg_294                            |  16|   0|   16|          0|
    |p_Result_1_reg_978                      |   1|   0|    1|          0|
    |p_Result_2_reg_1017                     |   1|   0|    1|          0|
    |p_Result_s_reg_967                      |   1|   0|    1|          0|
    |p_Result_s_reg_967_pp0_iter28_reg       |   1|   0|    1|          0|
    |p_Val2_1_reg_1007                       |  15|   0|   15|          0|
    |r_V_reg_962                             |  23|   0|   23|          0|
    |select_ln96_1_reg_837                   |  16|   0|   16|          0|
    |select_ln96_reg_832                     |   8|   0|    8|          0|
    |sub_ln84_1_reg_782                      |  16|   0|   16|          0|
    |tmp2_V_2_reg_949                        |  16|   0|   16|          0|
    |tmp_6_reg_984                           |   1|   0|    1|          0|
    |trunc_ln1_reg_973                       |  14|   0|   14|          0|
    |trunc_ln96_reg_843                      |   3|   0|    3|          0|
    |zext_ln84_1_reg_772                     |  16|   0|   17|          1|
    |zext_ln85_reg_817                       |  31|   0|   36|          5|
    |zext_ln96_1_reg_807                     |  16|   0|   35|         19|
    |zext_ln96_reg_802                       |  18|   0|   35|         17|
    |empty_26_reg_1048                       |  64|  32|    1|          0|
    |fm_out_V_addr_reg_863                   |  64|  32|   32|          0|
    |icmp_ln85_reg_822                       |  64|  48|    1|          0|
    |select_ln96_reg_832                     |  64|  32|    8|          0|
    |tmp2_V_2_reg_949                        |  64|  32|   16|          0|
    |trunc_ln96_reg_843                      |  64|  32|    3|          0|
    +----------------------------------------+----+----+-----+-----------+
    |Total                                   |1453| 208| 1172|         42|
    +----------------------------------------+----+----+-----+-----------+



================================================================
== Interface
================================================================
* Summary: 
+--------------------------+-----+-----+------------+-----------------+--------------+
|         RTL Ports        | Dir | Bits|  Protocol  |  Source Object  |    C Type    |
+--------------------------+-----+-----+------------+-----------------+--------------+
|ap_clk                    |  in |    1| ap_ctrl_hs |  store_output.1 | return value |
|ap_rst                    |  in |    1| ap_ctrl_hs |  store_output.1 | return value |
|ap_start                  |  in |    1| ap_ctrl_hs |  store_output.1 | return value |
|ap_done                   | out |    1| ap_ctrl_hs |  store_output.1 | return value |
|ap_idle                   | out |    1| ap_ctrl_hs |  store_output.1 | return value |
|ap_ready                  | out |    1| ap_ctrl_hs |  store_output.1 | return value |
|fm_out_buff_0_V_address0  | out |    8|  ap_memory | fm_out_buff_0_V |     array    |
|fm_out_buff_0_V_ce0       | out |    1|  ap_memory | fm_out_buff_0_V |     array    |
|fm_out_buff_0_V_q0        |  in |   16|  ap_memory | fm_out_buff_0_V |     array    |
|fm_out_buff_1_V_address0  | out |    8|  ap_memory | fm_out_buff_1_V |     array    |
|fm_out_buff_1_V_ce0       | out |    1|  ap_memory | fm_out_buff_1_V |     array    |
|fm_out_buff_1_V_q0        |  in |   16|  ap_memory | fm_out_buff_1_V |     array    |
|fm_out_buff_2_V_address0  | out |    8|  ap_memory | fm_out_buff_2_V |     array    |
|fm_out_buff_2_V_ce0       | out |    1|  ap_memory | fm_out_buff_2_V |     array    |
|fm_out_buff_2_V_q0        |  in |   16|  ap_memory | fm_out_buff_2_V |     array    |
|fm_out_buff_3_V_address0  | out |    8|  ap_memory | fm_out_buff_3_V |     array    |
|fm_out_buff_3_V_ce0       | out |    1|  ap_memory | fm_out_buff_3_V |     array    |
|fm_out_buff_3_V_q0        |  in |   16|  ap_memory | fm_out_buff_3_V |     array    |
|fm_out_buff_4_V_address0  | out |    8|  ap_memory | fm_out_buff_4_V |     array    |
|fm_out_buff_4_V_ce0       | out |    1|  ap_memory | fm_out_buff_4_V |     array    |
|fm_out_buff_4_V_q0        |  in |   16|  ap_memory | fm_out_buff_4_V |     array    |
|fm_out_buff_5_V_address0  | out |    8|  ap_memory | fm_out_buff_5_V |     array    |
|fm_out_buff_5_V_ce0       | out |    1|  ap_memory | fm_out_buff_5_V |     array    |
|fm_out_buff_5_V_q0        |  in |   16|  ap_memory | fm_out_buff_5_V |     array    |
|fm_out_buff_6_V_address0  | out |    8|  ap_memory | fm_out_buff_6_V |     array    |
|fm_out_buff_6_V_ce0       | out |    1|  ap_memory | fm_out_buff_6_V |     array    |
|fm_out_buff_6_V_q0        |  in |   16|  ap_memory | fm_out_buff_6_V |     array    |
|fm_out_buff_7_V_address0  | out |    8|  ap_memory | fm_out_buff_7_V |     array    |
|fm_out_buff_7_V_ce0       | out |    1|  ap_memory | fm_out_buff_7_V |     array    |
|fm_out_buff_7_V_q0        |  in |   16|  ap_memory | fm_out_buff_7_V |     array    |
|m_axi_fm_out_V_AWVALID    | out |    1|    m_axi   |     fm_out_V    |    pointer   |
|m_axi_fm_out_V_AWREADY    |  in |    1|    m_axi   |     fm_out_V    |    pointer   |
|m_axi_fm_out_V_AWADDR     | out |   32|    m_axi   |     fm_out_V    |    pointer   |
|m_axi_fm_out_V_AWID       | out |    1|    m_axi   |     fm_out_V    |    pointer   |
|m_axi_fm_out_V_AWLEN      | out |   32|    m_axi   |     fm_out_V    |    pointer   |
|m_axi_fm_out_V_AWSIZE     | out |    3|    m_axi   |     fm_out_V    |    pointer   |
|m_axi_fm_out_V_AWBURST    | out |    2|    m_axi   |     fm_out_V    |    pointer   |
|m_axi_fm_out_V_AWLOCK     | out |    2|    m_axi   |     fm_out_V    |    pointer   |
|m_axi_fm_out_V_AWCACHE    | out |    4|    m_axi   |     fm_out_V    |    pointer   |
|m_axi_fm_out_V_AWPROT     | out |    3|    m_axi   |     fm_out_V    |    pointer   |
|m_axi_fm_out_V_AWQOS      | out |    4|    m_axi   |     fm_out_V    |    pointer   |
|m_axi_fm_out_V_AWREGION   | out |    4|    m_axi   |     fm_out_V    |    pointer   |
|m_axi_fm_out_V_AWUSER     | out |    1|    m_axi   |     fm_out_V    |    pointer   |
|m_axi_fm_out_V_WVALID     | out |    1|    m_axi   |     fm_out_V    |    pointer   |
|m_axi_fm_out_V_WREADY     |  in |    1|    m_axi   |     fm_out_V    |    pointer   |
|m_axi_fm_out_V_WDATA      | out |   16|    m_axi   |     fm_out_V    |    pointer   |
|m_axi_fm_out_V_WSTRB      | out |    2|    m_axi   |     fm_out_V    |    pointer   |
|m_axi_fm_out_V_WLAST      | out |    1|    m_axi   |     fm_out_V    |    pointer   |
|m_axi_fm_out_V_WID        | out |    1|    m_axi   |     fm_out_V    |    pointer   |
|m_axi_fm_out_V_WUSER      | out |    1|    m_axi   |     fm_out_V    |    pointer   |
|m_axi_fm_out_V_ARVALID    | out |    1|    m_axi   |     fm_out_V    |    pointer   |
|m_axi_fm_out_V_ARREADY    |  in |    1|    m_axi   |     fm_out_V    |    pointer   |
|m_axi_fm_out_V_ARADDR     | out |   32|    m_axi   |     fm_out_V    |    pointer   |
|m_axi_fm_out_V_ARID       | out |    1|    m_axi   |     fm_out_V    |    pointer   |
|m_axi_fm_out_V_ARLEN      | out |   32|    m_axi   |     fm_out_V    |    pointer   |
|m_axi_fm_out_V_ARSIZE     | out |    3|    m_axi   |     fm_out_V    |    pointer   |
|m_axi_fm_out_V_ARBURST    | out |    2|    m_axi   |     fm_out_V    |    pointer   |
|m_axi_fm_out_V_ARLOCK     | out |    2|    m_axi   |     fm_out_V    |    pointer   |
|m_axi_fm_out_V_ARCACHE    | out |    4|    m_axi   |     fm_out_V    |    pointer   |
|m_axi_fm_out_V_ARPROT     | out |    3|    m_axi   |     fm_out_V    |    pointer   |
|m_axi_fm_out_V_ARQOS      | out |    4|    m_axi   |     fm_out_V    |    pointer   |
|m_axi_fm_out_V_ARREGION   | out |    4|    m_axi   |     fm_out_V    |    pointer   |
|m_axi_fm_out_V_ARUSER     | out |    1|    m_axi   |     fm_out_V    |    pointer   |
|m_axi_fm_out_V_RVALID     |  in |    1|    m_axi   |     fm_out_V    |    pointer   |
|m_axi_fm_out_V_RREADY     | out |    1|    m_axi   |     fm_out_V    |    pointer   |
|m_axi_fm_out_V_RDATA      |  in |   16|    m_axi   |     fm_out_V    |    pointer   |
|m_axi_fm_out_V_RLAST      |  in |    1|    m_axi   |     fm_out_V    |    pointer   |
|m_axi_fm_out_V_RID        |  in |    1|    m_axi   |     fm_out_V    |    pointer   |
|m_axi_fm_out_V_RUSER      |  in |    1|    m_axi   |     fm_out_V    |    pointer   |
|m_axi_fm_out_V_RRESP      |  in |    2|    m_axi   |     fm_out_V    |    pointer   |
|m_axi_fm_out_V_BVALID     |  in |    1|    m_axi   |     fm_out_V    |    pointer   |
|m_axi_fm_out_V_BREADY     | out |    1|    m_axi   |     fm_out_V    |    pointer   |
|m_axi_fm_out_V_BRESP      |  in |    2|    m_axi   |     fm_out_V    |    pointer   |
|m_axi_fm_out_V_BID        |  in |    1|    m_axi   |     fm_out_V    |    pointer   |
|m_axi_fm_out_V_BUSER      |  in |    1|    m_axi   |     fm_out_V    |    pointer   |
|fm_out_V_offset           |  in |   31|   ap_none  | fm_out_V_offset |    scalar    |
|basePixAddr               |  in |   16|   ap_none  |   basePixAddr   |    scalar    |
|m                         |  in |   16|   ap_none  |        m        |    scalar    |
|fm_size                   |  in |   16|   ap_none  |     fm_size     |    scalar    |
|ch_out                    |  in |   16|   ap_none  |      ch_out     |    scalar    |
|ACT                       |  in |   32|   ap_none  |       ACT       |    scalar    |
+--------------------------+-----+-----+------------+-----------------+--------------+

