

================================================================
== Vivado HLS Report for 'store_output_2'
================================================================
* Date:           Wed Aug 14 21:12:32 2024

* Version:        2019.2 (Build 2704478 on Wed Nov 06 22:10:23 MST 2019)
* Project:        yolov4
* Solution:       solution1
* Product family: zynq
* Target device:  xc7z020-clg484-1


================================================================
== Performance Estimates
================================================================
+ Timing: 
    * Summary: 
    +--------+---------+----------+------------+
    |  Clock |  Target | Estimated| Uncertainty|
    +--------+---------+----------+------------+
    |ap_clk  | 5.50 ns | 5.039 ns |   0.69 ns  |
    +--------+---------+----------+------------+

+ Latency: 
    * Summary: 
    +---------+---------+----------+----------+-----+-----+---------+
    |  Latency (cycles) |  Latency (absolute) |  Interval | Pipeline|
    |   min   |   max   |    min   |    max   | min | max |   Type  |
    +---------+---------+----------+----------+-----+-----+---------+
    |      701|      701| 3.856 us | 3.856 us |  701|  701|   none  |
    +---------+---------+----------+----------+-----+-----+---------+

    + Detail: 
        * Instance: 
        N/A

        * Loop: 
        +----------+---------+---------+----------+-----------+-----------+------+----------+
        |          |  Latency (cycles) | Iteration|  Initiation Interval  | Trip |          |
        | Loop Name|   min   |   max   |  Latency |  achieved |   target  | Count| Pipelined|
        +----------+---------+---------+----------+-----------+-----------+------+----------+
        |- Loop 1  |      695|      695|        21|          1|          1|   676|    yes   |
        +----------+---------+---------+----------+-----------+-----------+------+----------+



================================================================
== Utilization Estimates
================================================================
* Summary: 
+-----------------+---------+-------+--------+-------+-----+
|       Name      | BRAM_18K| DSP48E|   FF   |  LUT  | URAM|
+-----------------+---------+-------+--------+-------+-----+
|DSP              |        -|      6|       -|      -|    -|
|Expression       |        -|      -|       0|    419|    -|
|FIFO             |        -|      -|       -|      -|    -|
|Instance         |        -|      0|     698|    392|    -|
|Memory           |        -|      -|       -|      -|    -|
|Multiplexer      |        -|      -|       -|    167|    -|
|Register         |        0|      -|    1077|    256|    -|
+-----------------+---------+-------+--------+-------+-----+
|Total            |        0|      6|    1775|   1234|    0|
+-----------------+---------+-------+--------+-------+-----+
|Available        |      280|    220|  106400|  53200|    0|
+-----------------+---------+-------+--------+-------+-----+
|Utilization (%)  |        0|      2|       1|      2|    0|
+-----------------+---------+-------+--------+-------+-----+

+ Detail: 
    * Instance: 
    +--------------------------+----------------------+---------+-------+-----+-----+-----+
    |         Instance         |        Module        | BRAM_18K| DSP48E|  FF | LUT | URAM|
    +--------------------------+----------------------+---------+-------+-----+-----+-----+
    |conv_mul_4ns_16nsncg_U40  |conv_mul_4ns_16nsncg  |        0|      0|   67|    2|    0|
    |conv_mul_4ns_16nsncg_U42  |conv_mul_4ns_16nsncg  |        0|      0|   67|    2|    0|
    |conv_urem_10ns_5nmb6_U39  |conv_urem_10ns_5nmb6  |        0|      0|  282|  194|    0|
    |conv_urem_10ns_5nmb6_U41  |conv_urem_10ns_5nmb6  |        0|      0|  282|  194|    0|
    +--------------------------+----------------------+---------+-------+-----+-----+-----+
    |Total                     |                      |        0|      0|  698|  392|    0|
    +--------------------------+----------------------+---------+-------+-----+-----+-----+

    * DSP48E: 
    +--------------------------+----------------------+--------------+
    |         Instance         |        Module        |  Expression  |
    +--------------------------+----------------------+--------------+
    |conv_mac_muladd_1pcA_U44  |conv_mac_muladd_1pcA  | i0 + i1 * i2 |
    |conv_mac_muladd_3kbM_U47  |conv_mac_muladd_3kbM  | i0 * i1 + i2 |
    |conv_mac_muladd_3qcK_U45  |conv_mac_muladd_3qcK  | i0 * i1 + i2 |
    |conv_mac_muladd_3qcK_U46  |conv_mac_muladd_3qcK  | i0 * i1 + i2 |
    |conv_mac_muladd_7lbW_U48  |conv_mac_muladd_7lbW  | i0 * i1 + i2 |
    |conv_mul_mul_16nsocq_U43  |conv_mul_mul_16nsocq  |    i0 * i1   |
    +--------------------------+----------------------+--------------+

    * Memory: 
    N/A

    * FIFO: 
    N/A

    * Expression: 
    +------------------------------------+----------+-------+---+----+------------+------------+
    |            Variable Name           | Operation| DSP48E| FF| LUT| Bitwidth P0| Bitwidth P1|
    +------------------------------------+----------+-------+---+----+------------+------------+
    |add_ln203_6_fu_471_p2               |     +    |      0|  0|  40|          33|          33|
    |add_ln35_fu_257_p2                  |     +    |      0|  0|  38|          31|          31|
    |add_ln37_fu_286_p2                  |     +    |      0|  0|  14|          10|           1|
    |add_ln38_1_fu_350_p2                |     +    |      0|  0|  15|           8|           1|
    |add_ln45_1_fu_427_p2                |     +    |      0|  0|  39|          32|          32|
    |add_ln45_3_fu_450_p2                |     +    |      0|  0|  39|          32|          32|
    |ii_fu_383_p2                        |     +    |      0|  0|  13|           4|           1|
    |jj_fu_396_p2                        |     +    |      0|  0|  13|           4|           1|
    |nn_fu_292_p2                        |     +    |      0|  0|  12|           3|           1|
    |and_ln41_fu_324_p2                  |    and   |      0|  0|   2|           1|           1|
    |ap_block_pp0_stage0_01001           |    and   |      0|  0|   2|           1|           1|
    |ap_block_state20_io                 |    and   |      0|  0|   2|           1|           1|
    |ap_block_state21_io                 |    and   |      0|  0|   2|           1|           1|
    |ap_block_state26_pp0_stage0_iter20  |    and   |      0|  0|   2|           1|           1|
    |empty_19_fu_502_p2                  |   icmp   |      0|  0|  13|          10|           1|
    |empty_22_fu_508_p2                  |   icmp   |      0|  0|  13|          10|           1|
    |icmp_ln37_fu_280_p2                 |   icmp   |      0|  0|  13|          10|          10|
    |icmp_ln38_fu_298_p2                 |   icmp   |      0|  0|  11|           8|           8|
    |icmp_ln39_fu_318_p2                 |   icmp   |      0|  0|   9|           4|           3|
    |ap_block_pp0_stage0_11001           |    or    |      0|  0|   2|           1|           1|
    |or_ln43_fu_330_p2                   |    or    |      0|  0|   2|           1|           1|
    |select_ln38_fu_356_p3               |  select  |      0|  0|   8|           1|           1|
    |select_ln41_1_fu_304_p3             |  select  |      0|  0|   3|           1|           3|
    |select_ln41_2_fu_432_p3             |  select  |      0|  0|  32|           1|          32|
    |select_ln41_3_fu_456_p3             |  select  |      0|  0|  32|           1|          32|
    |select_ln41_fu_373_p3               |  select  |      0|  0|   4|           1|           1|
    |select_ln43_1_fu_389_p3             |  select  |      0|  0|   4|           1|           4|
    |select_ln43_2_fu_461_p3             |  select  |      0|  0|  32|           1|          32|
    |select_ln43_fu_336_p3               |  select  |      0|  0|   4|           1|           1|
    |ap_enable_pp0                       |    xor   |      0|  0|   2|           1|           2|
    |xor_ln41_fu_312_p2                  |    xor   |      0|  0|   2|           1|           2|
    +------------------------------------+----------+-------+---+----+------------+------------+
    |Total                               |          |      0|  0| 419|         216|         273|
    +------------------------------------+----------+-------+---+----+------------+------------+

    * Multiplexer: 
    +-------------------------------------------+----+-----------+-----+-----------+
    |                    Name                   | LUT| Input Size| Bits| Total Bits|
    +-------------------------------------------+----+-----------+-----+-----------+
    |ap_NS_fsm                                  |  41|          8|    1|          8|
    |ap_enable_reg_pp0_iter20                   |   9|          2|    1|          2|
    |ap_enable_reg_pp0_iter4                    |   9|          2|    1|          2|
    |ap_phi_mux_ii_0_phi_fu_218_p4              |   9|          2|    4|          8|
    |ap_phi_mux_indvar_flatten30_phi_fu_173_p4  |   9|          2|   10|         20|
    |ap_phi_mux_jj_0_phi_fu_207_p4              |   9|          2|    4|          8|
    |ap_phi_mux_nn_0_phi_fu_185_p4              |   9|          2|    3|          6|
    |ii_0_reg_214                               |   9|          2|    4|          8|
    |indvar_flatten30_reg_169                   |   9|          2|   10|         20|
    |indvar_flatten_reg_192                     |   9|          2|    8|         16|
    |jj_0_reg_203                               |   9|          2|    4|          8|
    |nn_0_reg_181                               |   9|          2|    3|          6|
    |out_V_blk_n_AW                             |   9|          2|    1|          2|
    |out_V_blk_n_B                              |   9|          2|    1|          2|
    |out_V_blk_n_W                              |   9|          2|    1|          2|
    +-------------------------------------------+----+-----------+-----+-----------+
    |Total                                      | 167|         36|   56|        118|
    +-------------------------------------------+----+-----------+-----+-----------+

    * Register: 
    +----------------------------------+----+----+-----+-----------+
    |               Name               | FF | LUT| Bits| Const Bits|
    +----------------------------------+----+----+-----+-----------+
    |add_ln203_5_reg_750               |  11|   0|   11|          0|
    |add_ln35_reg_593                  |  31|   0|   31|          0|
    |add_ln37_reg_630                  |  10|   0|   10|          0|
    |add_ln45_1_reg_713                |  32|   0|   32|          0|
    |add_ln45_1_reg_713_pp0_iter4_reg  |  32|   0|   32|          0|
    |add_ln45_2_reg_718                |  32|   0|   32|          0|
    |add_ln45_2_reg_718_pp0_iter4_reg  |  32|   0|   32|          0|
    |add_ln45_3_reg_729                |  32|   0|   32|          0|
    |add_ln45_reg_697                  |  32|   0|   32|          0|
    |add_ln45_reg_697_pp0_iter3_reg    |  32|   0|   32|          0|
    |and_ln41_reg_654                  |   1|   0|    1|          0|
    |ap_CS_fsm                         |   7|   0|    7|          0|
    |ap_enable_reg_pp0_iter0           |   1|   0|    1|          0|
    |ap_enable_reg_pp0_iter1           |   1|   0|    1|          0|
    |ap_enable_reg_pp0_iter10          |   1|   0|    1|          0|
    |ap_enable_reg_pp0_iter11          |   1|   0|    1|          0|
    |ap_enable_reg_pp0_iter12          |   1|   0|    1|          0|
    |ap_enable_reg_pp0_iter13          |   1|   0|    1|          0|
    |ap_enable_reg_pp0_iter14          |   1|   0|    1|          0|
    |ap_enable_reg_pp0_iter15          |   1|   0|    1|          0|
    |ap_enable_reg_pp0_iter16          |   1|   0|    1|          0|
    |ap_enable_reg_pp0_iter17          |   1|   0|    1|          0|
    |ap_enable_reg_pp0_iter18          |   1|   0|    1|          0|
    |ap_enable_reg_pp0_iter19          |   1|   0|    1|          0|
    |ap_enable_reg_pp0_iter2           |   1|   0|    1|          0|
    |ap_enable_reg_pp0_iter20          |   1|   0|    1|          0|
    |ap_enable_reg_pp0_iter3           |   1|   0|    1|          0|
    |ap_enable_reg_pp0_iter4           |   1|   0|    1|          0|
    |ap_enable_reg_pp0_iter5           |   1|   0|    1|          0|
    |ap_enable_reg_pp0_iter6           |   1|   0|    1|          0|
    |ap_enable_reg_pp0_iter7           |   1|   0|    1|          0|
    |ap_enable_reg_pp0_iter8           |   1|   0|    1|          0|
    |ap_enable_reg_pp0_iter9           |   1|   0|    1|          0|
    |empty_19_reg_760                  |   1|   0|    1|          0|
    |empty_22_reg_769                  |   1|   0|    1|          0|
    |fm_out_buff_V_load_reg_764        |  16|   0|   16|          0|
    |icmp_ln37_reg_626                 |   1|   0|    1|          0|
    |icmp_ln38_reg_641                 |   1|   0|    1|          0|
    |ii_0_reg_214                      |   4|   0|    4|          0|
    |ii_reg_681                        |   4|   0|    4|          0|
    |indvar_flatten30_reg_169          |  10|   0|   10|          0|
    |indvar_flatten_reg_192            |   8|   0|    8|          0|
    |jj_0_reg_203                      |   4|   0|    4|          0|
    |lshr_ln_reg_588                   |  30|   0|   30|          0|
    |mul_ln43_1_reg_724                |  20|   0|   20|          0|
    |nn_0_reg_181                      |   3|   0|    3|          0|
    |nn_reg_636                        |   3|   0|    3|          0|
    |out_V_addr_reg_734                |  32|   0|   32|          0|
    |select_ln41_1_reg_648             |   3|   0|    3|          0|
    |select_ln43_1_reg_686             |   4|   0|    4|          0|
    |select_ln43_reg_660               |   4|   0|    4|          0|
    |tmp_1_reg_703                     |  19|   0|   19|          0|
    |zext_ln33_1_reg_598               |  14|   0|   17|          3|
    |zext_ln34_2_reg_604               |  16|   0|   20|          4|
    |zext_ln35_1_reg_610               |  31|   0|   32|          1|
    |zext_ln37_reg_616                 |  31|   0|   33|          2|
    |and_ln41_reg_654                  |  64|  32|    1|          0|
    |empty_22_reg_769                  |  64|  32|    1|          0|
    |icmp_ln37_reg_626                 |  64|  32|    1|          0|
    |icmp_ln38_reg_641                 |  64|  32|    1|          0|
    |out_V_addr_reg_734                |  64|  32|   32|          0|
    |select_ln41_1_reg_648             |  64|  32|    3|          0|
    |select_ln43_1_reg_686             |  64|  32|    4|          0|
    |select_ln43_reg_660               |  64|  32|    4|          0|
    +----------------------------------+----+----+-----+-----------+
    |Total                             |1077| 256|  622|         10|
    +----------------------------------+----+----+-----+-----------+



================================================================
== Interface
================================================================
* Summary: 
+------------------------+-----+-----+------------+----------------+--------------+
|        RTL Ports       | Dir | Bits|  Protocol  |  Source Object |    C Type    |
+------------------------+-----+-----+------------+----------------+--------------+
|ap_clk                  |  in |    1| ap_ctrl_hs | store_output.2 | return value |
|ap_rst                  |  in |    1| ap_ctrl_hs | store_output.2 | return value |
|ap_start                |  in |    1| ap_ctrl_hs | store_output.2 | return value |
|ap_done                 | out |    1| ap_ctrl_hs | store_output.2 | return value |
|ap_idle                 | out |    1| ap_ctrl_hs | store_output.2 | return value |
|ap_ready                | out |    1| ap_ctrl_hs | store_output.2 | return value |
|m_axi_out_V_AWVALID     | out |    1|    m_axi   |      out_V     |    pointer   |
|m_axi_out_V_AWREADY     |  in |    1|    m_axi   |      out_V     |    pointer   |
|m_axi_out_V_AWADDR      | out |   32|    m_axi   |      out_V     |    pointer   |
|m_axi_out_V_AWID        | out |    1|    m_axi   |      out_V     |    pointer   |
|m_axi_out_V_AWLEN       | out |   32|    m_axi   |      out_V     |    pointer   |
|m_axi_out_V_AWSIZE      | out |    3|    m_axi   |      out_V     |    pointer   |
|m_axi_out_V_AWBURST     | out |    2|    m_axi   |      out_V     |    pointer   |
|m_axi_out_V_AWLOCK      | out |    2|    m_axi   |      out_V     |    pointer   |
|m_axi_out_V_AWCACHE     | out |    4|    m_axi   |      out_V     |    pointer   |
|m_axi_out_V_AWPROT      | out |    3|    m_axi   |      out_V     |    pointer   |
|m_axi_out_V_AWQOS       | out |    4|    m_axi   |      out_V     |    pointer   |
|m_axi_out_V_AWREGION    | out |    4|    m_axi   |      out_V     |    pointer   |
|m_axi_out_V_AWUSER      | out |    1|    m_axi   |      out_V     |    pointer   |
|m_axi_out_V_WVALID      | out |    1|    m_axi   |      out_V     |    pointer   |
|m_axi_out_V_WREADY      |  in |    1|    m_axi   |      out_V     |    pointer   |
|m_axi_out_V_WDATA       | out |   16|    m_axi   |      out_V     |    pointer   |
|m_axi_out_V_WSTRB       | out |    2|    m_axi   |      out_V     |    pointer   |
|m_axi_out_V_WLAST       | out |    1|    m_axi   |      out_V     |    pointer   |
|m_axi_out_V_WID         | out |    1|    m_axi   |      out_V     |    pointer   |
|m_axi_out_V_WUSER       | out |    1|    m_axi   |      out_V     |    pointer   |
|m_axi_out_V_ARVALID     | out |    1|    m_axi   |      out_V     |    pointer   |
|m_axi_out_V_ARREADY     |  in |    1|    m_axi   |      out_V     |    pointer   |
|m_axi_out_V_ARADDR      | out |   32|    m_axi   |      out_V     |    pointer   |
|m_axi_out_V_ARID        | out |    1|    m_axi   |      out_V     |    pointer   |
|m_axi_out_V_ARLEN       | out |   32|    m_axi   |      out_V     |    pointer   |
|m_axi_out_V_ARSIZE      | out |    3|    m_axi   |      out_V     |    pointer   |
|m_axi_out_V_ARBURST     | out |    2|    m_axi   |      out_V     |    pointer   |
|m_axi_out_V_ARLOCK      | out |    2|    m_axi   |      out_V     |    pointer   |
|m_axi_out_V_ARCACHE     | out |    4|    m_axi   |      out_V     |    pointer   |
|m_axi_out_V_ARPROT      | out |    3|    m_axi   |      out_V     |    pointer   |
|m_axi_out_V_ARQOS       | out |    4|    m_axi   |      out_V     |    pointer   |
|m_axi_out_V_ARREGION    | out |    4|    m_axi   |      out_V     |    pointer   |
|m_axi_out_V_ARUSER      | out |    1|    m_axi   |      out_V     |    pointer   |
|m_axi_out_V_RVALID      |  in |    1|    m_axi   |      out_V     |    pointer   |
|m_axi_out_V_RREADY      | out |    1|    m_axi   |      out_V     |    pointer   |
|m_axi_out_V_RDATA       |  in |   16|    m_axi   |      out_V     |    pointer   |
|m_axi_out_V_RLAST       |  in |    1|    m_axi   |      out_V     |    pointer   |
|m_axi_out_V_RID         |  in |    1|    m_axi   |      out_V     |    pointer   |
|m_axi_out_V_RUSER       |  in |    1|    m_axi   |      out_V     |    pointer   |
|m_axi_out_V_RRESP       |  in |    2|    m_axi   |      out_V     |    pointer   |
|m_axi_out_V_BVALID      |  in |    1|    m_axi   |      out_V     |    pointer   |
|m_axi_out_V_BREADY      | out |    1|    m_axi   |      out_V     |    pointer   |
|m_axi_out_V_BRESP       |  in |    2|    m_axi   |      out_V     |    pointer   |
|m_axi_out_V_BID         |  in |    1|    m_axi   |      out_V     |    pointer   |
|m_axi_out_V_BUSER       |  in |    1|    m_axi   |      out_V     |    pointer   |
|out_V_offset            |  in |   31|   ap_none  |  out_V_offset  |    scalar    |
|fm_out_buff_V_address0  | out |   10|  ap_memory |  fm_out_buff_V |     array    |
|fm_out_buff_V_ce0       | out |    1|  ap_memory |  fm_out_buff_V |     array    |
|fm_out_buff_V_q0        |  in |   16|  ap_memory |  fm_out_buff_V |     array    |
|n                       |  in |   16|   ap_none  |        n       |    scalar    |
|r                       |  in |   16|   ap_none  |        r       |    scalar    |
|c                       |  in |   16|   ap_none  |        c       |    scalar    |
|fsize                   |  in |   16|   ap_none  |      fsize     |    scalar    |
|size                    |  in |   14|   ap_none  |      size      |    scalar    |
+------------------------+-----+-----+------------+----------------+--------------+

