

================================================================
== Vivado HLS Report for 'upsample'
================================================================
* Date:           Wed Aug 14 21:12:30 2024

* Version:        2019.2 (Build 2704478 on Wed Nov 06 22:10:23 MST 2019)
* Project:        yolov4
* Solution:       solution1
* Product family: zynq
* Target device:  xc7z020-clg484-1


================================================================
== Performance Estimates
================================================================
+ Timing: 
    * Summary: 
    +--------+---------+----------+------------+
    |  Clock |  Target | Estimated| Uncertainty|
    +--------+---------+----------+------------+
    |ap_clk  | 5.50 ns | 4.812 ns |   0.69 ns  |
    +--------+---------+----------+------------+

+ Latency: 
    * Summary: 
    +---------+---------+----------+----------+-------+-------+---------+
    |  Latency (cycles) |  Latency (absolute) |    Interval   | Pipeline|
    |   min   |   max   |    min   |    max   |  min  |  max  |   Type  |
    +---------+---------+----------+----------+-------+-------+---------+
    |    86547|    86547| 0.476 ms | 0.476 ms |  86547|  86547|   none  |
    +---------+---------+----------+----------+-------+-------+---------+

    + Detail: 
        * Instance: 
        N/A

        * Loop: 
        +----------+---------+---------+----------+-----------+-----------+-------+----------+
        |          |  Latency (cycles) | Iteration|  Initiation Interval  |  Trip |          |
        | Loop Name|   min   |   max   |  Latency |  achieved |   target  | Count | Pipelined|
        +----------+---------+---------+----------+-----------+-----------+-------+----------+
        |- Loop 1  |    86545|    86545|        22|          4|          1|  21632|    yes   |
        +----------+---------+---------+----------+-----------+-----------+-------+----------+



================================================================
== Utilization Estimates
================================================================
* Summary: 
+-----------------+---------+-------+--------+-------+-----+
|       Name      | BRAM_18K| DSP48E|   FF   |  LUT  | URAM|
+-----------------+---------+-------+--------+-------+-----+
|DSP              |        -|      3|       -|      -|    -|
|Expression       |        -|      0|       0|    686|    -|
|FIFO             |        -|      -|       -|      -|    -|
|Instance         |        -|      -|       -|      -|    -|
|Memory           |        -|      -|       -|      -|    -|
|Multiplexer      |        -|      -|       -|    218|    -|
|Register         |        0|      -|     738|    128|    -|
+-----------------+---------+-------+--------+-------+-----+
|Total            |        0|      3|     738|   1032|    0|
+-----------------+---------+-------+--------+-------+-----+
|Available        |      280|    220|  106400|  53200|    0|
+-----------------+---------+-------+--------+-------+-----+
|Utilization (%)  |        0|      1|   ~0   |      1|    0|
+-----------------+---------+-------+--------+-------+-----+

+ Detail: 
    * Instance: 
    N/A

    * DSP48E: 
    +-------------------------+----------------------+--------------+
    |         Instance        |        Module        |  Expression  |
    +-------------------------+----------------------+--------------+
    |conv_mac_muladd_4bkb_U1  |conv_mac_muladd_4bkb  | i0 + i1 * i2 |
    |conv_mac_muladd_4bkb_U2  |conv_mac_muladd_4bkb  | i0 + i1 * i2 |
    |conv_mac_muladd_8cud_U3  |conv_mac_muladd_8cud  | i0 * i1 + i2 |
    +-------------------------+----------------------+--------------+

    * Memory: 
    N/A

    * FIFO: 
    N/A

    * Expression: 
    +-----------------------------------+----------+-------+---+----+------------+------------+
    |           Variable Name           | Operation| DSP48E| FF| LUT| Bitwidth P0| Bitwidth P1|
    +-----------------------------------+----------+-------+---+----+------------+------------+
    |mul_ln11_fu_438_p2                 |     *    |      0|  0|  26|           4|           6|
    |mul_ln13_3_fu_312_p2               |     *    |      0|  0|  41|           8|           8|
    |mul_ln13_5_fu_448_p2               |     *    |      0|  0|  26|           4|           6|
    |mul_ln13_fu_256_p2                 |     *    |      0|  0|  41|           8|           8|
    |add_ln15_fu_410_p2                 |     +    |      0|  0|  21|          15|          15|
    |add_ln18_fu_518_p2                 |     +    |      0|  0|  24|          17|           5|
    |add_ln19_fu_542_p2                 |     +    |      0|  0|  24|          17|           5|
    |add_ln203_1_fu_479_p2              |     +    |      0|  0|  39|          32|          32|
    |add_ln203_2_fu_503_p2              |     +    |      0|  0|  39|          32|          32|
    |add_ln203_3_fu_527_p2              |     +    |      0|  0|  39|          32|          32|
    |add_ln203_4_fu_551_p2              |     +    |      0|  0|  39|          32|          32|
    |add_ln203_fu_420_p2                |     +    |      0|  0|  39|          32|          32|
    |add_ln7_fu_338_p2                  |     +    |      0|  0|  21|          15|           1|
    |add_ln8_1_fu_372_p2                |     +    |      0|  0|  15|           8|           1|
    |i_fu_318_p2                        |     +    |      0|  0|  13|           4|           1|
    |j_fu_366_p2                        |     +    |      0|  0|  13|           4|           1|
    |n_fu_272_p2                        |     +    |      0|  0|  15|           8|           1|
    |wr_base_addr_fu_470_p2             |     +    |      0|  0|  24|          17|          17|
    |and_ln13_fu_296_p2                 |    and   |      0|  0|   2|           1|           1|
    |ap_block_pp0_stage1_01001          |    and   |      0|  0|   2|           1|           1|
    |ap_block_pp0_stage2_01001          |    and   |      0|  0|   2|           1|           1|
    |ap_block_state14_io                |    and   |      0|  0|   2|           1|           1|
    |ap_block_state14_pp0_stage0_iter3  |    and   |      0|  0|   2|           1|           1|
    |ap_block_state18_io                |    and   |      0|  0|   2|           1|           1|
    |ap_block_state20_pp0_stage2_iter4  |    and   |      0|  0|   2|           1|           1|
    |ap_block_state23_pp0_stage1_iter5  |    and   |      0|  0|   2|           1|           1|
    |ap_block_state7_io                 |    and   |      0|  0|   2|           1|           1|
    |ap_condition_374                   |    and   |      0|  0|   2|           1|           1|
    |ap_condition_825                   |    and   |      0|  0|   2|           1|           1|
    |ap_condition_829                   |    and   |      0|  0|   2|           1|           1|
    |ap_condition_833                   |    and   |      0|  0|   2|           1|           1|
    |icmp_ln7_fu_266_p2                 |   icmp   |      0|  0|  13|          15|          15|
    |icmp_ln8_fu_278_p2                 |   icmp   |      0|  0|  11|           8|           8|
    |icmp_ln9_fu_290_p2                 |   icmp   |      0|  0|   9|           4|           3|
    |ap_block_pp0_stage0_01001          |    or    |      0|  0|   2|           1|           1|
    |ap_block_pp0_stage0_11001          |    or    |      0|  0|   2|           1|           1|
    |ap_block_pp0_stage1_11001          |    or    |      0|  0|   2|           1|           1|
    |ap_block_pp0_stage2_11001          |    or    |      0|  0|   2|           1|           1|
    |ap_block_pp0_stage3_11001          |    or    |      0|  0|   2|           1|           1|
    |ap_block_state15_io                |    or    |      0|  0|   2|           1|           1|
    |or_ln11_fu_349_p2                  |    or    |      0|  0|   2|           1|           1|
    |or_ln17_fu_494_p2                  |    or    |      0|  0|  17|          17|           1|
    |grp_fu_573_p2                      |  select  |      0|  0|  15|           1|          15|
    |select_ln11_1_fu_460_p3            |  select  |      0|  0|  10|           1|          10|
    |select_ln11_2_fu_390_p3            |  select  |      0|  0|  15|           1|          15|
    |select_ln11_fu_353_p3              |  select  |      0|  0|   4|           1|           1|
    |select_ln13_1_fu_328_p3            |  select  |      0|  0|   8|           1|           8|
    |select_ln13_3_fu_454_p3            |  select  |      0|  0|  10|           1|           1|
    |select_ln13_4_fu_385_p3            |  select  |      0|  0|  15|           1|          15|
    |select_ln13_fu_302_p3              |  select  |      0|  0|   4|           1|           1|
    |select_ln8_1_fu_378_p3             |  select  |      0|  0|   8|           1|           1|
    |select_ln8_fu_361_p3               |  select  |      0|  0|   4|           1|           4|
    |ap_enable_pp0                      |    xor   |      0|  0|   2|           1|           2|
    |xor_ln13_fu_284_p2                 |    xor   |      0|  0|   2|           1|           2|
    +-----------------------------------+----------+-------+---+----+------------+------------+
    |Total                              |          |      0|  0| 686|         365|         357|
    +-----------------------------------+----------+-------+---+----+------------+------------+

    * Multiplexer: 
    +-------------------------------------------+----+-----------+-----+-----------+
    |                    Name                   | LUT| Input Size| Bits| Total Bits|
    +-------------------------------------------+----+-----------+-----+-----------+
    |ap_NS_fsm                                  |  38|          7|    1|          7|
    |ap_enable_reg_pp0_iter3                    |   9|          2|    1|          2|
    |ap_enable_reg_pp0_iter5                    |   9|          2|    1|          2|
    |ap_phi_mux_i_0_phi_fu_224_p4               |   9|          2|    4|          8|
    |ap_phi_mux_indvar_flatten30_phi_fu_188_p4  |   9|          2|   15|         30|
    |ap_phi_mux_indvar_flatten_phi_fu_212_p4    |   9|          2|    8|         16|
    |ap_phi_mux_j_0_phi_fu_236_p4               |   9|          2|    4|          8|
    |ap_phi_mux_n_0_phi_fu_200_p4               |   9|          2|    8|         16|
    |i_0_reg_220                                |   9|          2|    4|          8|
    |in_V_blk_n_AR                              |   9|          2|    1|          2|
    |in_V_blk_n_AW                              |   9|          2|    1|          2|
    |in_V_blk_n_B                               |   9|          2|    1|          2|
    |in_V_blk_n_R                               |   9|          2|    1|          2|
    |in_V_blk_n_W                               |   9|          2|    1|          2|
    |indvar_flatten30_reg_184                   |   9|          2|   15|         30|
    |indvar_flatten_reg_208                     |   9|          2|    8|         16|
    |j_0_reg_232                                |   9|          2|    4|          8|
    |m_axi_in_V_AWADDR                          |  27|          5|   32|        160|
    |n_0_reg_196                                |   9|          2|    8|         16|
    +-------------------------------------------+----+-----------+-----+-----------+
    |Total                                      | 218|         46|  118|        337|
    +-------------------------------------------+----+-----------+-----+-----------+

    * Register: 
    +--------------------------------+----+----+-----+-----------+
    |              Name              | FF | LUT| Bits| Const Bits|
    +--------------------------------+----+----+-----+-----------+
    |add_ln11_reg_710                |  17|   0|   17|          0|
    |add_ln11_reg_710_pp0_iter2_reg  |  17|   0|   17|          0|
    |add_ln13_1_reg_690              |  15|   0|   15|          0|
    |add_ln7_reg_679                 |  15|   0|   15|          0|
    |and_ln13_reg_634                |   1|   0|    1|          0|
    |ap_CS_fsm                       |   6|   0|    6|          0|
    |ap_enable_reg_pp0_iter0         |   1|   0|    1|          0|
    |ap_enable_reg_pp0_iter1         |   1|   0|    1|          0|
    |ap_enable_reg_pp0_iter2         |   1|   0|    1|          0|
    |ap_enable_reg_pp0_iter3         |   1|   0|    1|          0|
    |ap_enable_reg_pp0_iter4         |   1|   0|    1|          0|
    |ap_enable_reg_pp0_iter5         |   1|   0|    1|          0|
    |i_0_reg_220                     |   4|   0|    4|          0|
    |i_reg_653                       |   4|   0|    4|          0|
    |i_reg_653_pp0_iter1_reg         |   4|   0|    4|          0|
    |icmp_ln7_reg_613                |   1|   0|    1|          0|
    |icmp_ln8_reg_623                |   1|   0|    1|          0|
    |in_V_offset_cast_reg_597        |  31|   0|   32|          1|
    |indvar_flatten30_reg_184        |  15|   0|   15|          0|
    |indvar_flatten_reg_208          |   8|   0|    8|          0|
    |j_0_reg_232                     |   4|   0|    4|          0|
    |j_reg_700                       |   4|   0|    4|          0|
    |mul_ln11_reg_721                |   8|   0|   10|          2|
    |mul_ln13_3_reg_647              |  15|   0|   15|          0|
    |mul_ln13_5_reg_726              |   8|   0|   10|          2|
    |mul_ln13_reg_602                |  15|   0|   15|          0|
    |n_0_reg_196                     |   8|   0|    8|          0|
    |n_reg_617                       |   8|   0|    8|          0|
    |out_V_addr_1_reg_738            |  32|   0|   32|          0|
    |out_V_addr_2_reg_752            |  32|   0|   32|          0|
    |out_V_addr_3_reg_758            |  32|   0|   32|          0|
    |out_V_addr_4_reg_764            |  32|   0|   32|          0|
    |out_V_addr_reg_715              |  32|   0|   32|          0|
    |out_V_offset_cast_reg_589       |  31|   0|   32|          1|
    |rd_base_addr_reg_664            |  15|   0|   15|          0|
    |select_ln11_reg_684             |   4|   0|    4|          0|
    |select_ln13_1_reg_669           |   8|   0|    8|          0|
    |select_ln13_reg_642             |   4|   0|    4|          0|
    |select_ln8_1_reg_705            |   8|   0|    8|          0|
    |select_ln8_reg_695              |   4|   0|    4|          0|
    |tmp_V_reg_744                   |  16|   0|   16|          0|
    |wr_base_addr_reg_731            |  17|   0|   17|          0|
    |and_ln13_reg_634                |  64|  32|    1|          0|
    |i_0_reg_220                     |  64|  32|    4|          0|
    |icmp_ln7_reg_613                |  64|  32|    1|          0|
    |icmp_ln8_reg_623                |  64|  32|    1|          0|
    +--------------------------------+----+----+-----+-----------+
    |Total                           | 738| 128|  495|          6|
    +--------------------------------+----+----+-----+-----------+



================================================================
== Interface
================================================================
* Summary: 
+---------------------+-----+-----+------------+--------------+--------------+
|      RTL Ports      | Dir | Bits|  Protocol  | Source Object|    C Type    |
+---------------------+-----+-----+------------+--------------+--------------+
|ap_clk               |  in |    1| ap_ctrl_hs |   upsample   | return value |
|ap_rst               |  in |    1| ap_ctrl_hs |   upsample   | return value |
|ap_start             |  in |    1| ap_ctrl_hs |   upsample   | return value |
|ap_done              | out |    1| ap_ctrl_hs |   upsample   | return value |
|ap_idle              | out |    1| ap_ctrl_hs |   upsample   | return value |
|ap_ready             | out |    1| ap_ctrl_hs |   upsample   | return value |
|m_axi_in_V_AWVALID   | out |    1|    m_axi   |     in_V     |    pointer   |
|m_axi_in_V_AWREADY   |  in |    1|    m_axi   |     in_V     |    pointer   |
|m_axi_in_V_AWADDR    | out |   32|    m_axi   |     in_V     |    pointer   |
|m_axi_in_V_AWID      | out |    1|    m_axi   |     in_V     |    pointer   |
|m_axi_in_V_AWLEN     | out |   32|    m_axi   |     in_V     |    pointer   |
|m_axi_in_V_AWSIZE    | out |    3|    m_axi   |     in_V     |    pointer   |
|m_axi_in_V_AWBURST   | out |    2|    m_axi   |     in_V     |    pointer   |
|m_axi_in_V_AWLOCK    | out |    2|    m_axi   |     in_V     |    pointer   |
|m_axi_in_V_AWCACHE   | out |    4|    m_axi   |     in_V     |    pointer   |
|m_axi_in_V_AWPROT    | out |    3|    m_axi   |     in_V     |    pointer   |
|m_axi_in_V_AWQOS     | out |    4|    m_axi   |     in_V     |    pointer   |
|m_axi_in_V_AWREGION  | out |    4|    m_axi   |     in_V     |    pointer   |
|m_axi_in_V_AWUSER    | out |    1|    m_axi   |     in_V     |    pointer   |
|m_axi_in_V_WVALID    | out |    1|    m_axi   |     in_V     |    pointer   |
|m_axi_in_V_WREADY    |  in |    1|    m_axi   |     in_V     |    pointer   |
|m_axi_in_V_WDATA     | out |   16|    m_axi   |     in_V     |    pointer   |
|m_axi_in_V_WSTRB     | out |    2|    m_axi   |     in_V     |    pointer   |
|m_axi_in_V_WLAST     | out |    1|    m_axi   |     in_V     |    pointer   |
|m_axi_in_V_WID       | out |    1|    m_axi   |     in_V     |    pointer   |
|m_axi_in_V_WUSER     | out |    1|    m_axi   |     in_V     |    pointer   |
|m_axi_in_V_ARVALID   | out |    1|    m_axi   |     in_V     |    pointer   |
|m_axi_in_V_ARREADY   |  in |    1|    m_axi   |     in_V     |    pointer   |
|m_axi_in_V_ARADDR    | out |   32|    m_axi   |     in_V     |    pointer   |
|m_axi_in_V_ARID      | out |    1|    m_axi   |     in_V     |    pointer   |
|m_axi_in_V_ARLEN     | out |   32|    m_axi   |     in_V     |    pointer   |
|m_axi_in_V_ARSIZE    | out |    3|    m_axi   |     in_V     |    pointer   |
|m_axi_in_V_ARBURST   | out |    2|    m_axi   |     in_V     |    pointer   |
|m_axi_in_V_ARLOCK    | out |    2|    m_axi   |     in_V     |    pointer   |
|m_axi_in_V_ARCACHE   | out |    4|    m_axi   |     in_V     |    pointer   |
|m_axi_in_V_ARPROT    | out |    3|    m_axi   |     in_V     |    pointer   |
|m_axi_in_V_ARQOS     | out |    4|    m_axi   |     in_V     |    pointer   |
|m_axi_in_V_ARREGION  | out |    4|    m_axi   |     in_V     |    pointer   |
|m_axi_in_V_ARUSER    | out |    1|    m_axi   |     in_V     |    pointer   |
|m_axi_in_V_RVALID    |  in |    1|    m_axi   |     in_V     |    pointer   |
|m_axi_in_V_RREADY    | out |    1|    m_axi   |     in_V     |    pointer   |
|m_axi_in_V_RDATA     |  in |   16|    m_axi   |     in_V     |    pointer   |
|m_axi_in_V_RLAST     |  in |    1|    m_axi   |     in_V     |    pointer   |
|m_axi_in_V_RID       |  in |    1|    m_axi   |     in_V     |    pointer   |
|m_axi_in_V_RUSER     |  in |    1|    m_axi   |     in_V     |    pointer   |
|m_axi_in_V_RRESP     |  in |    2|    m_axi   |     in_V     |    pointer   |
|m_axi_in_V_BVALID    |  in |    1|    m_axi   |     in_V     |    pointer   |
|m_axi_in_V_BREADY    | out |    1|    m_axi   |     in_V     |    pointer   |
|m_axi_in_V_BRESP     |  in |    2|    m_axi   |     in_V     |    pointer   |
|m_axi_in_V_BID       |  in |    1|    m_axi   |     in_V     |    pointer   |
|m_axi_in_V_BUSER     |  in |    1|    m_axi   |     in_V     |    pointer   |
|in_V_offset          |  in |   31|   ap_none  |  in_V_offset |    scalar    |
|out_V_offset         |  in |   31|   ap_none  | out_V_offset |    scalar    |
+---------------------+-----+-----+------------+--------------+--------------+

