

================================================================
== Vivado HLS Report for 'load_bias'
================================================================
* Date:           Sun Apr 16 12:49:58 2023

* Version:        2019.2 (Build 2704478 on Wed Nov 06 22:10:23 MST 2019)
* Project:        top
* Solution:       solution1
* Product family: zynq
* Target device:  xc7z020-clg484-1


================================================================
== Performance Estimates
================================================================
+ Timing: 
    * Summary: 
    +--------+---------+----------+------------+
    |  Clock |  Target | Estimated| Uncertainty|
    +--------+---------+----------+------------+
    |ap_clk  | 5.50 ns | 4.061 ns |   0.69 ns  |
    +--------+---------+----------+------------+

+ Latency: 
    * Summary: 
    +---------+---------+----------+----------+-----+-----+---------+
    |  Latency (cycles) |  Latency (absolute) |  Interval | Pipeline|
    |   min   |   max   |    min   |    max   | min | max |   Type  |
    +---------+---------+----------+----------+-----+-----+---------+
    |      173|      173| 0.952 us | 0.952 us |  173|  173|   none  |
    +---------+---------+----------+----------+-----+-----+---------+

    + Detail: 
        * Instance: 
        N/A

        * Loop: 
        +----------+---------+---------+----------+-----------+-----------+------+----------+
        |          |  Latency (cycles) | Iteration|  Initiation Interval  | Trip |          |
        | Loop Name|   min   |   max   |  Latency |  achieved |   target  | Count| Pipelined|
        +----------+---------+---------+----------+-----------+-----------+------+----------+
        |- Loop 1  |      171|      171|         4|          1|          1|   169|    yes   |
        +----------+---------+---------+----------+-----------+-----------+------+----------+



================================================================
== Utilization Estimates
================================================================
* Summary: 
+-----------------+---------+-------+--------+-------+-----+
|       Name      | BRAM_18K| DSP48E|   FF   |  LUT  | URAM|
+-----------------+---------+-------+--------+-------+-----+
|DSP              |        -|      1|       -|      -|    -|
|Expression       |        -|      -|       0|     73|    -|
|FIFO             |        -|      -|       -|      -|    -|
|Instance         |        -|      -|       -|      -|    -|
|Memory           |        -|      -|       -|      -|    -|
|Multiplexer      |        -|      -|       -|     75|    -|
|Register         |        0|      -|     748|     32|    -|
+-----------------+---------+-------+--------+-------+-----+
|Total            |        0|      1|     748|    180|    0|
+-----------------+---------+-------+--------+-------+-----+
|Available        |      280|    220|  106400|  53200|    0|
+-----------------+---------+-------+--------+-------+-----+
|Utilization (%)  |        0|   ~0  |   ~0   |   ~0  |    0|
+-----------------+---------+-------+--------+-------+-----+

+ Detail: 
    * Instance: 
    N/A

    * DSP48E: 
    +---------------------------+----------------------+--------------+
    |          Instance         |        Module        |  Expression  |
    +---------------------------+----------------------+--------------+
    |conv_mac_muladd_4Thq_U304  |conv_mac_muladd_4Thq  | i0 * i1 + i2 |
    +---------------------------+----------------------+--------------+

    * Memory: 
    N/A

    * FIFO: 
    N/A

    * Expression: 
    +---------------------------+----------+-------+---+----+------------+------------+
    |       Variable Name       | Operation| DSP48E| FF| LUT| Bitwidth P0| Bitwidth P1|
    +---------------------------+----------+-------+---+----+------------+------------+
    |add_ln134_fu_1063_p2       |     +    |      0|  0|  15|           8|           1|
    |cc_fu_1101_p2              |     +    |      0|  0|  13|           4|           1|
    |rr_fu_1069_p2              |     +    |      0|  0|  13|           4|           1|
    |icmp_ln134_fu_1057_p2      |   icmp   |      0|  0|  11|           8|           8|
    |icmp_ln135_fu_1075_p2      |   icmp   |      0|  0|   9|           4|           3|
    |select_ln139_1_fu_1089_p3  |  select  |      0|  0|   4|           1|           4|
    |select_ln139_fu_1081_p3    |  select  |      0|  0|   4|           1|           1|
    |ap_enable_pp0              |    xor   |      0|  0|   2|           1|           2|
    |ap_enable_reg_pp0_iter1    |    xor   |      0|  0|   2|           2|           1|
    +---------------------------+----------+-------+---+----+------------+------------+
    |Total                      |          |      0|  0|  73|          33|          22|
    +---------------------------+----------+-------+---+----+------------+------------+

    * Multiplexer: 
    +-------------------------------+----+-----------+-----+-----------+
    |              Name             | LUT| Input Size| Bits| Total Bits|
    +-------------------------------+----+-----------+-----+-----------+
    |ap_NS_fsm                      |  21|          4|    1|          4|
    |ap_enable_reg_pp0_iter1        |   9|          2|    1|          2|
    |ap_enable_reg_pp0_iter3        |   9|          2|    1|          2|
    |ap_phi_mux_rr_0_phi_fu_993_p4  |   9|          2|    4|          8|
    |cc_0_reg_1000                  |   9|          2|    4|          8|
    |indvar_flatten_reg_978         |   9|          2|    8|         16|
    |rr_0_reg_989                   |   9|          2|    4|          8|
    +-------------------------------+----+-----------+-----+-----------+
    |Total                          |  75|         16|   23|         48|
    +-------------------------------+----+-----------+-----+-----------+

    * Register: 
    +-------------------------------------+----+----+-----+-----------+
    |                 Name                | FF | LUT| Bits| Const Bits|
    +-------------------------------------+----+----+-----+-----------+
    |add_ln203_reg_1342                   |   8|   0|    8|          0|
    |ap_CS_fsm                            |   3|   0|    3|          0|
    |ap_enable_reg_pp0_iter0              |   1|   0|    1|          0|
    |ap_enable_reg_pp0_iter1              |   1|   0|    1|          0|
    |ap_enable_reg_pp0_iter2              |   1|   0|    1|          0|
    |ap_enable_reg_pp0_iter3              |   1|   0|    1|          0|
    |bias_buff_0_V_addr_reg_1153          |   4|   0|    4|          0|
    |bias_buff_0_V_load_reg_1347          |  16|   0|   16|          0|
    |bias_buff_10_V_addr_reg_1203         |   4|   0|    4|          0|
    |bias_buff_10_V_load_reg_1397         |  16|   0|   16|          0|
    |bias_buff_11_V_addr_reg_1208         |   4|   0|    4|          0|
    |bias_buff_11_V_load_reg_1402         |  16|   0|   16|          0|
    |bias_buff_12_V_addr_reg_1213         |   4|   0|    4|          0|
    |bias_buff_12_V_load_reg_1407         |  16|   0|   16|          0|
    |bias_buff_13_V_addr_reg_1218         |   4|   0|    4|          0|
    |bias_buff_13_V_load_reg_1412         |  16|   0|   16|          0|
    |bias_buff_14_V_addr_reg_1223         |   4|   0|    4|          0|
    |bias_buff_14_V_load_reg_1417         |  16|   0|   16|          0|
    |bias_buff_15_V_addr_reg_1228         |   4|   0|    4|          0|
    |bias_buff_15_V_load_reg_1422         |  16|   0|   16|          0|
    |bias_buff_16_V_addr_reg_1233         |   4|   0|    4|          0|
    |bias_buff_16_V_load_reg_1427         |  16|   0|   16|          0|
    |bias_buff_17_V_addr_reg_1238         |   4|   0|    4|          0|
    |bias_buff_17_V_load_reg_1432         |  16|   0|   16|          0|
    |bias_buff_18_V_addr_reg_1243         |   4|   0|    4|          0|
    |bias_buff_18_V_load_reg_1437         |  16|   0|   16|          0|
    |bias_buff_19_V_addr_reg_1248         |   4|   0|    4|          0|
    |bias_buff_19_V_load_reg_1442         |  16|   0|   16|          0|
    |bias_buff_1_V_addr_reg_1158          |   4|   0|    4|          0|
    |bias_buff_1_V_load_reg_1352          |  16|   0|   16|          0|
    |bias_buff_20_V_addr_reg_1253         |   4|   0|    4|          0|
    |bias_buff_20_V_load_reg_1447         |  16|   0|   16|          0|
    |bias_buff_21_V_addr_reg_1258         |   4|   0|    4|          0|
    |bias_buff_21_V_load_reg_1452         |  16|   0|   16|          0|
    |bias_buff_22_V_addr_reg_1263         |   4|   0|    4|          0|
    |bias_buff_22_V_load_reg_1457         |  16|   0|   16|          0|
    |bias_buff_23_V_addr_reg_1268         |   4|   0|    4|          0|
    |bias_buff_23_V_load_reg_1462         |  16|   0|   16|          0|
    |bias_buff_24_V_addr_reg_1273         |   4|   0|    4|          0|
    |bias_buff_24_V_load_reg_1467         |  16|   0|   16|          0|
    |bias_buff_25_V_addr_reg_1278         |   4|   0|    4|          0|
    |bias_buff_25_V_load_reg_1472         |  16|   0|   16|          0|
    |bias_buff_26_V_addr_reg_1283         |   4|   0|    4|          0|
    |bias_buff_26_V_load_reg_1477         |  16|   0|   16|          0|
    |bias_buff_27_V_addr_reg_1288         |   4|   0|    4|          0|
    |bias_buff_27_V_load_reg_1482         |  16|   0|   16|          0|
    |bias_buff_28_V_addr_reg_1293         |   4|   0|    4|          0|
    |bias_buff_28_V_load_reg_1487         |  16|   0|   16|          0|
    |bias_buff_29_V_addr_reg_1298         |   4|   0|    4|          0|
    |bias_buff_29_V_load_reg_1492         |  16|   0|   16|          0|
    |bias_buff_2_V_addr_reg_1163          |   4|   0|    4|          0|
    |bias_buff_2_V_load_reg_1357          |  16|   0|   16|          0|
    |bias_buff_30_V_addr_reg_1303         |   4|   0|    4|          0|
    |bias_buff_30_V_load_reg_1497         |  16|   0|   16|          0|
    |bias_buff_31_V_addr_reg_1308         |   4|   0|    4|          0|
    |bias_buff_31_V_load_reg_1502         |  16|   0|   16|          0|
    |bias_buff_3_V_addr_reg_1168          |   4|   0|    4|          0|
    |bias_buff_3_V_load_reg_1362          |  16|   0|   16|          0|
    |bias_buff_4_V_addr_reg_1173          |   4|   0|    4|          0|
    |bias_buff_4_V_load_reg_1367          |  16|   0|   16|          0|
    |bias_buff_5_V_addr_reg_1178          |   4|   0|    4|          0|
    |bias_buff_5_V_load_reg_1372          |  16|   0|   16|          0|
    |bias_buff_6_V_addr_reg_1183          |   4|   0|    4|          0|
    |bias_buff_6_V_load_reg_1377          |  16|   0|   16|          0|
    |bias_buff_7_V_addr_reg_1188          |   4|   0|    4|          0|
    |bias_buff_7_V_load_reg_1382          |  16|   0|   16|          0|
    |bias_buff_8_V_addr_reg_1193          |   4|   0|    4|          0|
    |bias_buff_8_V_load_reg_1387          |  16|   0|   16|          0|
    |bias_buff_9_V_addr_reg_1198          |   4|   0|    4|          0|
    |bias_buff_9_V_load_reg_1392          |  16|   0|   16|          0|
    |cc_0_reg_1000                        |   4|   0|    4|          0|
    |icmp_ln134_reg_1313                  |   1|   0|    1|          0|
    |indvar_flatten_reg_978               |   8|   0|    8|          0|
    |rr_0_reg_989                         |   4|   0|    4|          0|
    |select_ln139_1_reg_1327              |   4|   0|    4|          0|
    |select_ln139_reg_1322                |   4|   0|    4|          0|
    |select_ln139_reg_1322_pp0_iter1_reg  |   4|   0|    4|          0|
    |icmp_ln134_reg_1313                  |  64|  32|    1|          0|
    +-------------------------------------+----+----+-----+-----------+
    |Total                                | 748|  32|  685|          0|
    +-------------------------------------+----+----+-----+-----------+



================================================================
== Interface
================================================================
* Summary: 
+---------------------------+-----+-----+------------+------------------+--------------+
|         RTL Ports         | Dir | Bits|  Protocol  |   Source Object  |    C Type    |
+---------------------------+-----+-----+------------+------------------+--------------+
|ap_clk                     |  in |    1| ap_ctrl_hs |     load_bias    | return value |
|ap_rst                     |  in |    1| ap_ctrl_hs |     load_bias    | return value |
|ap_start                   |  in |    1| ap_ctrl_hs |     load_bias    | return value |
|ap_done                    | out |    1| ap_ctrl_hs |     load_bias    | return value |
|ap_idle                    | out |    1| ap_ctrl_hs |     load_bias    | return value |
|ap_ready                   | out |    1| ap_ctrl_hs |     load_bias    | return value |
|fm_out_buff_0_V_address0   | out |    8|  ap_memory |  fm_out_buff_0_V |     array    |
|fm_out_buff_0_V_ce0        | out |    1|  ap_memory |  fm_out_buff_0_V |     array    |
|fm_out_buff_0_V_we0        | out |    1|  ap_memory |  fm_out_buff_0_V |     array    |
|fm_out_buff_0_V_d0         | out |   16|  ap_memory |  fm_out_buff_0_V |     array    |
|fm_out_buff_1_V_address0   | out |    8|  ap_memory |  fm_out_buff_1_V |     array    |
|fm_out_buff_1_V_ce0        | out |    1|  ap_memory |  fm_out_buff_1_V |     array    |
|fm_out_buff_1_V_we0        | out |    1|  ap_memory |  fm_out_buff_1_V |     array    |
|fm_out_buff_1_V_d0         | out |   16|  ap_memory |  fm_out_buff_1_V |     array    |
|fm_out_buff_2_V_address0   | out |    8|  ap_memory |  fm_out_buff_2_V |     array    |
|fm_out_buff_2_V_ce0        | out |    1|  ap_memory |  fm_out_buff_2_V |     array    |
|fm_out_buff_2_V_we0        | out |    1|  ap_memory |  fm_out_buff_2_V |     array    |
|fm_out_buff_2_V_d0         | out |   16|  ap_memory |  fm_out_buff_2_V |     array    |
|fm_out_buff_3_V_address0   | out |    8|  ap_memory |  fm_out_buff_3_V |     array    |
|fm_out_buff_3_V_ce0        | out |    1|  ap_memory |  fm_out_buff_3_V |     array    |
|fm_out_buff_3_V_we0        | out |    1|  ap_memory |  fm_out_buff_3_V |     array    |
|fm_out_buff_3_V_d0         | out |   16|  ap_memory |  fm_out_buff_3_V |     array    |
|fm_out_buff_4_V_address0   | out |    8|  ap_memory |  fm_out_buff_4_V |     array    |
|fm_out_buff_4_V_ce0        | out |    1|  ap_memory |  fm_out_buff_4_V |     array    |
|fm_out_buff_4_V_we0        | out |    1|  ap_memory |  fm_out_buff_4_V |     array    |
|fm_out_buff_4_V_d0         | out |   16|  ap_memory |  fm_out_buff_4_V |     array    |
|fm_out_buff_5_V_address0   | out |    8|  ap_memory |  fm_out_buff_5_V |     array    |
|fm_out_buff_5_V_ce0        | out |    1|  ap_memory |  fm_out_buff_5_V |     array    |
|fm_out_buff_5_V_we0        | out |    1|  ap_memory |  fm_out_buff_5_V |     array    |
|fm_out_buff_5_V_d0         | out |   16|  ap_memory |  fm_out_buff_5_V |     array    |
|fm_out_buff_6_V_address0   | out |    8|  ap_memory |  fm_out_buff_6_V |     array    |
|fm_out_buff_6_V_ce0        | out |    1|  ap_memory |  fm_out_buff_6_V |     array    |
|fm_out_buff_6_V_we0        | out |    1|  ap_memory |  fm_out_buff_6_V |     array    |
|fm_out_buff_6_V_d0         | out |   16|  ap_memory |  fm_out_buff_6_V |     array    |
|fm_out_buff_7_V_address0   | out |    8|  ap_memory |  fm_out_buff_7_V |     array    |
|fm_out_buff_7_V_ce0        | out |    1|  ap_memory |  fm_out_buff_7_V |     array    |
|fm_out_buff_7_V_we0        | out |    1|  ap_memory |  fm_out_buff_7_V |     array    |
|fm_out_buff_7_V_d0         | out |   16|  ap_memory |  fm_out_buff_7_V |     array    |
|fm_out_buff_8_V_address0   | out |    8|  ap_memory |  fm_out_buff_8_V |     array    |
|fm_out_buff_8_V_ce0        | out |    1|  ap_memory |  fm_out_buff_8_V |     array    |
|fm_out_buff_8_V_we0        | out |    1|  ap_memory |  fm_out_buff_8_V |     array    |
|fm_out_buff_8_V_d0         | out |   16|  ap_memory |  fm_out_buff_8_V |     array    |
|fm_out_buff_9_V_address0   | out |    8|  ap_memory |  fm_out_buff_9_V |     array    |
|fm_out_buff_9_V_ce0        | out |    1|  ap_memory |  fm_out_buff_9_V |     array    |
|fm_out_buff_9_V_we0        | out |    1|  ap_memory |  fm_out_buff_9_V |     array    |
|fm_out_buff_9_V_d0         | out |   16|  ap_memory |  fm_out_buff_9_V |     array    |
|fm_out_buff_10_V_address0  | out |    8|  ap_memory | fm_out_buff_10_V |     array    |
|fm_out_buff_10_V_ce0       | out |    1|  ap_memory | fm_out_buff_10_V |     array    |
|fm_out_buff_10_V_we0       | out |    1|  ap_memory | fm_out_buff_10_V |     array    |
|fm_out_buff_10_V_d0        | out |   16|  ap_memory | fm_out_buff_10_V |     array    |
|fm_out_buff_11_V_address0  | out |    8|  ap_memory | fm_out_buff_11_V |     array    |
|fm_out_buff_11_V_ce0       | out |    1|  ap_memory | fm_out_buff_11_V |     array    |
|fm_out_buff_11_V_we0       | out |    1|  ap_memory | fm_out_buff_11_V |     array    |
|fm_out_buff_11_V_d0        | out |   16|  ap_memory | fm_out_buff_11_V |     array    |
|fm_out_buff_12_V_address0  | out |    8|  ap_memory | fm_out_buff_12_V |     array    |
|fm_out_buff_12_V_ce0       | out |    1|  ap_memory | fm_out_buff_12_V |     array    |
|fm_out_buff_12_V_we0       | out |    1|  ap_memory | fm_out_buff_12_V |     array    |
|fm_out_buff_12_V_d0        | out |   16|  ap_memory | fm_out_buff_12_V |     array    |
|fm_out_buff_13_V_address0  | out |    8|  ap_memory | fm_out_buff_13_V |     array    |
|fm_out_buff_13_V_ce0       | out |    1|  ap_memory | fm_out_buff_13_V |     array    |
|fm_out_buff_13_V_we0       | out |    1|  ap_memory | fm_out_buff_13_V |     array    |
|fm_out_buff_13_V_d0        | out |   16|  ap_memory | fm_out_buff_13_V |     array    |
|fm_out_buff_14_V_address0  | out |    8|  ap_memory | fm_out_buff_14_V |     array    |
|fm_out_buff_14_V_ce0       | out |    1|  ap_memory | fm_out_buff_14_V |     array    |
|fm_out_buff_14_V_we0       | out |    1|  ap_memory | fm_out_buff_14_V |     array    |
|fm_out_buff_14_V_d0        | out |   16|  ap_memory | fm_out_buff_14_V |     array    |
|fm_out_buff_15_V_address0  | out |    8|  ap_memory | fm_out_buff_15_V |     array    |
|fm_out_buff_15_V_ce0       | out |    1|  ap_memory | fm_out_buff_15_V |     array    |
|fm_out_buff_15_V_we0       | out |    1|  ap_memory | fm_out_buff_15_V |     array    |
|fm_out_buff_15_V_d0        | out |   16|  ap_memory | fm_out_buff_15_V |     array    |
|fm_out_buff_16_V_address0  | out |    8|  ap_memory | fm_out_buff_16_V |     array    |
|fm_out_buff_16_V_ce0       | out |    1|  ap_memory | fm_out_buff_16_V |     array    |
|fm_out_buff_16_V_we0       | out |    1|  ap_memory | fm_out_buff_16_V |     array    |
|fm_out_buff_16_V_d0        | out |   16|  ap_memory | fm_out_buff_16_V |     array    |
|fm_out_buff_17_V_address0  | out |    8|  ap_memory | fm_out_buff_17_V |     array    |
|fm_out_buff_17_V_ce0       | out |    1|  ap_memory | fm_out_buff_17_V |     array    |
|fm_out_buff_17_V_we0       | out |    1|  ap_memory | fm_out_buff_17_V |     array    |
|fm_out_buff_17_V_d0        | out |   16|  ap_memory | fm_out_buff_17_V |     array    |
|fm_out_buff_18_V_address0  | out |    8|  ap_memory | fm_out_buff_18_V |     array    |
|fm_out_buff_18_V_ce0       | out |    1|  ap_memory | fm_out_buff_18_V |     array    |
|fm_out_buff_18_V_we0       | out |    1|  ap_memory | fm_out_buff_18_V |     array    |
|fm_out_buff_18_V_d0        | out |   16|  ap_memory | fm_out_buff_18_V |     array    |
|fm_out_buff_19_V_address0  | out |    8|  ap_memory | fm_out_buff_19_V |     array    |
|fm_out_buff_19_V_ce0       | out |    1|  ap_memory | fm_out_buff_19_V |     array    |
|fm_out_buff_19_V_we0       | out |    1|  ap_memory | fm_out_buff_19_V |     array    |
|fm_out_buff_19_V_d0        | out |   16|  ap_memory | fm_out_buff_19_V |     array    |
|fm_out_buff_20_V_address0  | out |    8|  ap_memory | fm_out_buff_20_V |     array    |
|fm_out_buff_20_V_ce0       | out |    1|  ap_memory | fm_out_buff_20_V |     array    |
|fm_out_buff_20_V_we0       | out |    1|  ap_memory | fm_out_buff_20_V |     array    |
|fm_out_buff_20_V_d0        | out |   16|  ap_memory | fm_out_buff_20_V |     array    |
|fm_out_buff_21_V_address0  | out |    8|  ap_memory | fm_out_buff_21_V |     array    |
|fm_out_buff_21_V_ce0       | out |    1|  ap_memory | fm_out_buff_21_V |     array    |
|fm_out_buff_21_V_we0       | out |    1|  ap_memory | fm_out_buff_21_V |     array    |
|fm_out_buff_21_V_d0        | out |   16|  ap_memory | fm_out_buff_21_V |     array    |
|fm_out_buff_22_V_address0  | out |    8|  ap_memory | fm_out_buff_22_V |     array    |
|fm_out_buff_22_V_ce0       | out |    1|  ap_memory | fm_out_buff_22_V |     array    |
|fm_out_buff_22_V_we0       | out |    1|  ap_memory | fm_out_buff_22_V |     array    |
|fm_out_buff_22_V_d0        | out |   16|  ap_memory | fm_out_buff_22_V |     array    |
|fm_out_buff_23_V_address0  | out |    8|  ap_memory | fm_out_buff_23_V |     array    |
|fm_out_buff_23_V_ce0       | out |    1|  ap_memory | fm_out_buff_23_V |     array    |
|fm_out_buff_23_V_we0       | out |    1|  ap_memory | fm_out_buff_23_V |     array    |
|fm_out_buff_23_V_d0        | out |   16|  ap_memory | fm_out_buff_23_V |     array    |
|fm_out_buff_24_V_address0  | out |    8|  ap_memory | fm_out_buff_24_V |     array    |
|fm_out_buff_24_V_ce0       | out |    1|  ap_memory | fm_out_buff_24_V |     array    |
|fm_out_buff_24_V_we0       | out |    1|  ap_memory | fm_out_buff_24_V |     array    |
|fm_out_buff_24_V_d0        | out |   16|  ap_memory | fm_out_buff_24_V |     array    |
|fm_out_buff_25_V_address0  | out |    8|  ap_memory | fm_out_buff_25_V |     array    |
|fm_out_buff_25_V_ce0       | out |    1|  ap_memory | fm_out_buff_25_V |     array    |
|fm_out_buff_25_V_we0       | out |    1|  ap_memory | fm_out_buff_25_V |     array    |
|fm_out_buff_25_V_d0        | out |   16|  ap_memory | fm_out_buff_25_V |     array    |
|fm_out_buff_26_V_address0  | out |    8|  ap_memory | fm_out_buff_26_V |     array    |
|fm_out_buff_26_V_ce0       | out |    1|  ap_memory | fm_out_buff_26_V |     array    |
|fm_out_buff_26_V_we0       | out |    1|  ap_memory | fm_out_buff_26_V |     array    |
|fm_out_buff_26_V_d0        | out |   16|  ap_memory | fm_out_buff_26_V |     array    |
|fm_out_buff_27_V_address0  | out |    8|  ap_memory | fm_out_buff_27_V |     array    |
|fm_out_buff_27_V_ce0       | out |    1|  ap_memory | fm_out_buff_27_V |     array    |
|fm_out_buff_27_V_we0       | out |    1|  ap_memory | fm_out_buff_27_V |     array    |
|fm_out_buff_27_V_d0        | out |   16|  ap_memory | fm_out_buff_27_V |     array    |
|fm_out_buff_28_V_address0  | out |    8|  ap_memory | fm_out_buff_28_V |     array    |
|fm_out_buff_28_V_ce0       | out |    1|  ap_memory | fm_out_buff_28_V |     array    |
|fm_out_buff_28_V_we0       | out |    1|  ap_memory | fm_out_buff_28_V |     array    |
|fm_out_buff_28_V_d0        | out |   16|  ap_memory | fm_out_buff_28_V |     array    |
|fm_out_buff_29_V_address0  | out |    8|  ap_memory | fm_out_buff_29_V |     array    |
|fm_out_buff_29_V_ce0       | out |    1|  ap_memory | fm_out_buff_29_V |     array    |
|fm_out_buff_29_V_we0       | out |    1|  ap_memory | fm_out_buff_29_V |     array    |
|fm_out_buff_29_V_d0        | out |   16|  ap_memory | fm_out_buff_29_V |     array    |
|fm_out_buff_30_V_address0  | out |    8|  ap_memory | fm_out_buff_30_V |     array    |
|fm_out_buff_30_V_ce0       | out |    1|  ap_memory | fm_out_buff_30_V |     array    |
|fm_out_buff_30_V_we0       | out |    1|  ap_memory | fm_out_buff_30_V |     array    |
|fm_out_buff_30_V_d0        | out |   16|  ap_memory | fm_out_buff_30_V |     array    |
|fm_out_buff_31_V_address0  | out |    8|  ap_memory | fm_out_buff_31_V |     array    |
|fm_out_buff_31_V_ce0       | out |    1|  ap_memory | fm_out_buff_31_V |     array    |
|fm_out_buff_31_V_we0       | out |    1|  ap_memory | fm_out_buff_31_V |     array    |
|fm_out_buff_31_V_d0        | out |   16|  ap_memory | fm_out_buff_31_V |     array    |
|bias_buff_0_V_address0     | out |    4|  ap_memory |   bias_buff_0_V  |     array    |
|bias_buff_0_V_ce0          | out |    1|  ap_memory |   bias_buff_0_V  |     array    |
|bias_buff_0_V_q0           |  in |   16|  ap_memory |   bias_buff_0_V  |     array    |
|bias_buff_1_V_address0     | out |    4|  ap_memory |   bias_buff_1_V  |     array    |
|bias_buff_1_V_ce0          | out |    1|  ap_memory |   bias_buff_1_V  |     array    |
|bias_buff_1_V_q0           |  in |   16|  ap_memory |   bias_buff_1_V  |     array    |
|bias_buff_2_V_address0     | out |    4|  ap_memory |   bias_buff_2_V  |     array    |
|bias_buff_2_V_ce0          | out |    1|  ap_memory |   bias_buff_2_V  |     array    |
|bias_buff_2_V_q0           |  in |   16|  ap_memory |   bias_buff_2_V  |     array    |
|bias_buff_3_V_address0     | out |    4|  ap_memory |   bias_buff_3_V  |     array    |
|bias_buff_3_V_ce0          | out |    1|  ap_memory |   bias_buff_3_V  |     array    |
|bias_buff_3_V_q0           |  in |   16|  ap_memory |   bias_buff_3_V  |     array    |
|bias_buff_4_V_address0     | out |    4|  ap_memory |   bias_buff_4_V  |     array    |
|bias_buff_4_V_ce0          | out |    1|  ap_memory |   bias_buff_4_V  |     array    |
|bias_buff_4_V_q0           |  in |   16|  ap_memory |   bias_buff_4_V  |     array    |
|bias_buff_5_V_address0     | out |    4|  ap_memory |   bias_buff_5_V  |     array    |
|bias_buff_5_V_ce0          | out |    1|  ap_memory |   bias_buff_5_V  |     array    |
|bias_buff_5_V_q0           |  in |   16|  ap_memory |   bias_buff_5_V  |     array    |
|bias_buff_6_V_address0     | out |    4|  ap_memory |   bias_buff_6_V  |     array    |
|bias_buff_6_V_ce0          | out |    1|  ap_memory |   bias_buff_6_V  |     array    |
|bias_buff_6_V_q0           |  in |   16|  ap_memory |   bias_buff_6_V  |     array    |
|bias_buff_7_V_address0     | out |    4|  ap_memory |   bias_buff_7_V  |     array    |
|bias_buff_7_V_ce0          | out |    1|  ap_memory |   bias_buff_7_V  |     array    |
|bias_buff_7_V_q0           |  in |   16|  ap_memory |   bias_buff_7_V  |     array    |
|bias_buff_8_V_address0     | out |    4|  ap_memory |   bias_buff_8_V  |     array    |
|bias_buff_8_V_ce0          | out |    1|  ap_memory |   bias_buff_8_V  |     array    |
|bias_buff_8_V_q0           |  in |   16|  ap_memory |   bias_buff_8_V  |     array    |
|bias_buff_9_V_address0     | out |    4|  ap_memory |   bias_buff_9_V  |     array    |
|bias_buff_9_V_ce0          | out |    1|  ap_memory |   bias_buff_9_V  |     array    |
|bias_buff_9_V_q0           |  in |   16|  ap_memory |   bias_buff_9_V  |     array    |
|bias_buff_10_V_address0    | out |    4|  ap_memory |  bias_buff_10_V  |     array    |
|bias_buff_10_V_ce0         | out |    1|  ap_memory |  bias_buff_10_V  |     array    |
|bias_buff_10_V_q0          |  in |   16|  ap_memory |  bias_buff_10_V  |     array    |
|bias_buff_11_V_address0    | out |    4|  ap_memory |  bias_buff_11_V  |     array    |
|bias_buff_11_V_ce0         | out |    1|  ap_memory |  bias_buff_11_V  |     array    |
|bias_buff_11_V_q0          |  in |   16|  ap_memory |  bias_buff_11_V  |     array    |
|bias_buff_12_V_address0    | out |    4|  ap_memory |  bias_buff_12_V  |     array    |
|bias_buff_12_V_ce0         | out |    1|  ap_memory |  bias_buff_12_V  |     array    |
|bias_buff_12_V_q0          |  in |   16|  ap_memory |  bias_buff_12_V  |     array    |
|bias_buff_13_V_address0    | out |    4|  ap_memory |  bias_buff_13_V  |     array    |
|bias_buff_13_V_ce0         | out |    1|  ap_memory |  bias_buff_13_V  |     array    |
|bias_buff_13_V_q0          |  in |   16|  ap_memory |  bias_buff_13_V  |     array    |
|bias_buff_14_V_address0    | out |    4|  ap_memory |  bias_buff_14_V  |     array    |
|bias_buff_14_V_ce0         | out |    1|  ap_memory |  bias_buff_14_V  |     array    |
|bias_buff_14_V_q0          |  in |   16|  ap_memory |  bias_buff_14_V  |     array    |
|bias_buff_15_V_address0    | out |    4|  ap_memory |  bias_buff_15_V  |     array    |
|bias_buff_15_V_ce0         | out |    1|  ap_memory |  bias_buff_15_V  |     array    |
|bias_buff_15_V_q0          |  in |   16|  ap_memory |  bias_buff_15_V  |     array    |
|bias_buff_16_V_address0    | out |    4|  ap_memory |  bias_buff_16_V  |     array    |
|bias_buff_16_V_ce0         | out |    1|  ap_memory |  bias_buff_16_V  |     array    |
|bias_buff_16_V_q0          |  in |   16|  ap_memory |  bias_buff_16_V  |     array    |
|bias_buff_17_V_address0    | out |    4|  ap_memory |  bias_buff_17_V  |     array    |
|bias_buff_17_V_ce0         | out |    1|  ap_memory |  bias_buff_17_V  |     array    |
|bias_buff_17_V_q0          |  in |   16|  ap_memory |  bias_buff_17_V  |     array    |
|bias_buff_18_V_address0    | out |    4|  ap_memory |  bias_buff_18_V  |     array    |
|bias_buff_18_V_ce0         | out |    1|  ap_memory |  bias_buff_18_V  |     array    |
|bias_buff_18_V_q0          |  in |   16|  ap_memory |  bias_buff_18_V  |     array    |
|bias_buff_19_V_address0    | out |    4|  ap_memory |  bias_buff_19_V  |     array    |
|bias_buff_19_V_ce0         | out |    1|  ap_memory |  bias_buff_19_V  |     array    |
|bias_buff_19_V_q0          |  in |   16|  ap_memory |  bias_buff_19_V  |     array    |
|bias_buff_20_V_address0    | out |    4|  ap_memory |  bias_buff_20_V  |     array    |
|bias_buff_20_V_ce0         | out |    1|  ap_memory |  bias_buff_20_V  |     array    |
|bias_buff_20_V_q0          |  in |   16|  ap_memory |  bias_buff_20_V  |     array    |
|bias_buff_21_V_address0    | out |    4|  ap_memory |  bias_buff_21_V  |     array    |
|bias_buff_21_V_ce0         | out |    1|  ap_memory |  bias_buff_21_V  |     array    |
|bias_buff_21_V_q0          |  in |   16|  ap_memory |  bias_buff_21_V  |     array    |
|bias_buff_22_V_address0    | out |    4|  ap_memory |  bias_buff_22_V  |     array    |
|bias_buff_22_V_ce0         | out |    1|  ap_memory |  bias_buff_22_V  |     array    |
|bias_buff_22_V_q0          |  in |   16|  ap_memory |  bias_buff_22_V  |     array    |
|bias_buff_23_V_address0    | out |    4|  ap_memory |  bias_buff_23_V  |     array    |
|bias_buff_23_V_ce0         | out |    1|  ap_memory |  bias_buff_23_V  |     array    |
|bias_buff_23_V_q0          |  in |   16|  ap_memory |  bias_buff_23_V  |     array    |
|bias_buff_24_V_address0    | out |    4|  ap_memory |  bias_buff_24_V  |     array    |
|bias_buff_24_V_ce0         | out |    1|  ap_memory |  bias_buff_24_V  |     array    |
|bias_buff_24_V_q0          |  in |   16|  ap_memory |  bias_buff_24_V  |     array    |
|bias_buff_25_V_address0    | out |    4|  ap_memory |  bias_buff_25_V  |     array    |
|bias_buff_25_V_ce0         | out |    1|  ap_memory |  bias_buff_25_V  |     array    |
|bias_buff_25_V_q0          |  in |   16|  ap_memory |  bias_buff_25_V  |     array    |
|bias_buff_26_V_address0    | out |    4|  ap_memory |  bias_buff_26_V  |     array    |
|bias_buff_26_V_ce0         | out |    1|  ap_memory |  bias_buff_26_V  |     array    |
|bias_buff_26_V_q0          |  in |   16|  ap_memory |  bias_buff_26_V  |     array    |
|bias_buff_27_V_address0    | out |    4|  ap_memory |  bias_buff_27_V  |     array    |
|bias_buff_27_V_ce0         | out |    1|  ap_memory |  bias_buff_27_V  |     array    |
|bias_buff_27_V_q0          |  in |   16|  ap_memory |  bias_buff_27_V  |     array    |
|bias_buff_28_V_address0    | out |    4|  ap_memory |  bias_buff_28_V  |     array    |
|bias_buff_28_V_ce0         | out |    1|  ap_memory |  bias_buff_28_V  |     array    |
|bias_buff_28_V_q0          |  in |   16|  ap_memory |  bias_buff_28_V  |     array    |
|bias_buff_29_V_address0    | out |    4|  ap_memory |  bias_buff_29_V  |     array    |
|bias_buff_29_V_ce0         | out |    1|  ap_memory |  bias_buff_29_V  |     array    |
|bias_buff_29_V_q0          |  in |   16|  ap_memory |  bias_buff_29_V  |     array    |
|bias_buff_30_V_address0    | out |    4|  ap_memory |  bias_buff_30_V  |     array    |
|bias_buff_30_V_ce0         | out |    1|  ap_memory |  bias_buff_30_V  |     array    |
|bias_buff_30_V_q0          |  in |   16|  ap_memory |  bias_buff_30_V  |     array    |
|bias_buff_31_V_address0    | out |    4|  ap_memory |  bias_buff_31_V  |     array    |
|bias_buff_31_V_ce0         | out |    1|  ap_memory |  bias_buff_31_V  |     array    |
|bias_buff_31_V_q0          |  in |   16|  ap_memory |  bias_buff_31_V  |     array    |
|m                          |  in |   16|   ap_none  |         m        |    scalar    |
+---------------------------+-----+-----+------------+------------------+--------------+

