

================================================================
== Vivado HLS Report for 'load_input_2'
================================================================
* Date:           Sun Apr 16 12:49:36 2023

* Version:        2019.2 (Build 2704478 on Wed Nov 06 22:10:23 MST 2019)
* Project:        top
* Solution:       solution1
* Product family: zynq
* Target device:  xc7z020-clg484-1


================================================================
== Performance Estimates
================================================================
+ Timing: 
    * Summary: 
    +--------+---------+----------+------------+
    |  Clock |  Target | Estimated| Uncertainty|
    +--------+---------+----------+------------+
    |ap_clk  | 5.50 ns | 5.337 ns |   0.69 ns  |
    +--------+---------+----------+------------+

+ Latency: 
    * Summary: 
    +---------+---------+-----------+-----------+------+------+---------+
    |  Latency (cycles) |   Latency (absolute)  |   Interval  | Pipeline|
    |   min   |   max   |    min    |    max    |  min |  max |   Type  |
    +---------+---------+-----------+-----------+------+------+---------+
    |     2732|     2732| 15.026 us | 15.026 us |  2732|  2732|   none  |
    +---------+---------+-----------+-----------+------+------+---------+

    + Detail: 
        * Instance: 
        N/A

        * Loop: 
        +----------+---------+---------+----------+-----------+-----------+------+----------+
        |          |  Latency (cycles) | Iteration|  Initiation Interval  | Trip |          |
        | Loop Name|   min   |   max   |  Latency |  achieved |   target  | Count| Pipelined|
        +----------+---------+---------+----------+-----------+-----------+------+----------+
        |- Loop 1  |     2727|     2727|        25|          1|          1|  2704|    yes   |
        +----------+---------+---------+----------+-----------+-----------+------+----------+



================================================================
== Utilization Estimates
================================================================
* Summary: 
+-----------------+---------+-------+--------+-------+-----+
|       Name      | BRAM_18K| DSP48E|   FF   |  LUT  | URAM|
+-----------------+---------+-------+--------+-------+-----+
|DSP              |        -|      8|       -|      -|    -|
|Expression       |        -|      -|       0|    380|    -|
|FIFO             |        -|      -|       -|      -|    -|
|Instance         |        -|      -|     403|    295|    -|
|Memory           |        -|      -|       -|      -|    -|
|Multiplexer      |        -|      -|       -|    155|    -|
|Register         |        0|      -|    1011|    224|    -|
+-----------------+---------+-------+--------+-------+-----+
|Total            |        0|      8|    1414|   1054|    0|
+-----------------+---------+-------+--------+-------+-----+
|Available        |      280|    220|  106400|  53200|    0|
+-----------------+---------+-------+--------+-------+-----+
|Utilization (%)  |        0|      3|       1|      1|    0|
+-----------------+---------+-------+--------+-------+-----+

+ Detail: 
    * Instance: 
    +-------------------------+----------------------+---------+-------+-----+-----+-----+
    |         Instance        |        Module        | BRAM_18K| DSP48E|  FF | LUT | URAM|
    +-------------------------+----------------------+---------+-------+-----+-----+-----+
    |conv_urem_12ns_6ndEe_U9  |conv_urem_12ns_6ndEe  |        0|      0|  403|  295|    0|
    +-------------------------+----------------------+---------+-------+-----+-----+-----+
    |Total                    |                      |        0|      0|  403|  295|    0|
    +-------------------------+----------------------+---------+-------+-----+-----+-----+

    * DSP48E: 
    +--------------------------+----------------------+--------------+
    |         Instance         |        Module        |  Expression  |
    +--------------------------+----------------------+--------------+
    |conv_mac_muladd_1eOg_U10  |conv_mac_muladd_1eOg  | i0 * i1 + i2 |
    |conv_mac_muladd_1fYi_U11  |conv_mac_muladd_1fYi  | i0 * i1 + i2 |
    |conv_mac_muladd_1g8j_U12  |conv_mac_muladd_1g8j  | i0 * i1 + i2 |
    |conv_mac_muladd_1g8j_U14  |conv_mac_muladd_1g8j  | i0 * i1 + i2 |
    |conv_mac_muladd_3ibs_U15  |conv_mac_muladd_3ibs  | i0 + i1 * i2 |
    |conv_mac_muladd_8jbC_U17  |conv_mac_muladd_8jbC  | i0 + i1 * i2 |
    |conv_mul_mul_16nshbi_U13  |conv_mul_mul_16nshbi  |    i0 * i1   |
    |conv_mul_mul_16nshbi_U16  |conv_mul_mul_16nshbi  |    i0 * i1   |
    +--------------------------+----------------------+--------------+

    * Memory: 
    N/A

    * FIFO: 
    N/A

    * Expression: 
    +------------------------------------+----------+-------+---+----+------------+------------+
    |            Variable Name           | Operation| DSP48E| FF| LUT| Bitwidth P0| Bitwidth P1|
    +------------------------------------+----------+-------+---+----+------------+------------+
    |add_ln16_fu_266_p2                  |     +    |      0|  0|  12|          12|           1|
    |add_ln17_1_fu_284_p2                |     +    |      0|  0|  14|          10|           1|
    |add_ln203_15_fu_446_p2              |     +    |      0|  0|  41|          34|          34|
    |add_ln24_1_fu_387_p2                |     +    |      0|  0|  40|          33|          33|
    |add_ln24_3_fu_418_p2                |     +    |      0|  0|  40|          33|          33|
    |ii_fu_343_p2                        |     +    |      0|  0|  15|           5|           1|
    |jj_fu_379_p2                        |     +    |      0|  0|  15|           5|           1|
    |nn_fu_306_p2                        |     +    |      0|  0|  12|           3|           1|
    |and_ln20_fu_337_p2                  |    and   |      0|  0|   2|           1|           1|
    |ap_block_state21_io                 |    and   |      0|  0|   2|           1|           1|
    |ap_block_state28_pp0_stage0_iter23  |    and   |      0|  0|   2|           1|           1|
    |empty_37_fu_461_p2                  |   icmp   |      0|  0|  13|          12|           1|
    |icmp_ln16_fu_260_p2                 |   icmp   |      0|  0|  13|          12|          12|
    |icmp_ln17_fu_272_p2                 |   icmp   |      0|  0|  13|          10|          10|
    |icmp_ln18_fu_331_p2                 |   icmp   |      0|  0|  11|           5|           4|
    |ap_block_pp0_stage0_11001           |    or    |      0|  0|   2|           1|           1|
    |or_ln22_fu_349_p2                   |    or    |      0|  0|   2|           1|           1|
    |select_ln17_fu_290_p3               |  select  |      0|  0|  10|           1|           1|
    |select_ln20_1_fu_319_p3             |  select  |      0|  0|   3|           1|           3|
    |select_ln20_2_fu_398_p3             |  select  |      0|  0|  33|           1|          33|
    |select_ln20_4_fu_424_p3             |  select  |      0|  0|  33|           1|          33|
    |select_ln20_fu_312_p3               |  select  |      0|  0|   5|           1|           1|
    |select_ln22_2_fu_362_p3             |  select  |      0|  0|   5|           1|           5|
    |select_ln22_3_fu_429_p3             |  select  |      0|  0|  33|           1|          33|
    |select_ln22_fu_354_p3               |  select  |      0|  0|   5|           1|           1|
    |ap_enable_pp0                       |    xor   |      0|  0|   2|           1|           2|
    |xor_ln20_fu_326_p2                  |    xor   |      0|  0|   2|           1|           2|
    +------------------------------------+----------+-------+---+----+------------+------------+
    |Total                               |          |      0|  0| 380|         189|         251|
    +------------------------------------+----------+-------+---+----+------------+------------+

    * Multiplexer: 
    +-------------------------------------------+----+-----------+-----+-----------+
    |                    Name                   | LUT| Input Size| Bits| Total Bits|
    +-------------------------------------------+----+-----------+-----+-----------+
    |ap_NS_fsm                                  |  38|          7|    1|          7|
    |ap_enable_reg_pp0_iter24                   |   9|          2|    1|          2|
    |ap_enable_reg_pp0_iter5                    |   9|          2|    1|          2|
    |ap_phi_mux_ii_0_phi_fu_202_p4              |   9|          2|    5|         10|
    |ap_phi_mux_indvar_flatten26_phi_fu_168_p4  |   9|          2|   12|         24|
    |ap_phi_mux_jj_0_phi_fu_213_p4              |   9|          2|    5|         10|
    |ap_phi_mux_nn_0_phi_fu_191_p4              |   9|          2|    3|          6|
    |ii_0_reg_198                               |   9|          2|    5|         10|
    |in_V_blk_n_AR                              |   9|          2|    1|          2|
    |in_V_blk_n_R                               |   9|          2|    1|          2|
    |indvar_flatten26_reg_164                   |   9|          2|   12|         24|
    |indvar_flatten_reg_176                     |   9|          2|   10|         20|
    |jj_0_reg_209                               |   9|          2|    5|         10|
    |nn_0_reg_187                               |   9|          2|    3|          6|
    +-------------------------------------------+----+-----------+-----+-----------+
    |Total                                      | 155|         33|   65|        135|
    +-------------------------------------------+----+-----------+-----+-----------+

    * Register: 
    +----------------------------------+----+----+-----+-----------+
    |               Name               | FF | LUT| Bits| Const Bits|
    +----------------------------------+----+----+-----+-----------+
    |add_ln16_reg_586                  |  12|   0|   12|          0|
    |add_ln24_1_reg_683                |  33|   0|   33|          0|
    |add_ln24_1_reg_683_pp0_iter5_reg  |  33|   0|   33|          0|
    |add_ln24_2_reg_688                |  33|   0|   33|          0|
    |add_ln24_2_reg_688_pp0_iter5_reg  |  33|   0|   33|          0|
    |add_ln24_3_reg_705                |  33|   0|   33|          0|
    |add_ln24_reg_671                  |  33|   0|   33|          0|
    |add_ln24_reg_671_pp0_iter4_reg    |  33|   0|   33|          0|
    |and_ln20_reg_628                  |   1|   0|    1|          0|
    |ap_CS_fsm                         |   6|   0|    6|          0|
    |ap_enable_reg_pp0_iter0           |   1|   0|    1|          0|
    |ap_enable_reg_pp0_iter1           |   1|   0|    1|          0|
    |ap_enable_reg_pp0_iter10          |   1|   0|    1|          0|
    |ap_enable_reg_pp0_iter11          |   1|   0|    1|          0|
    |ap_enable_reg_pp0_iter12          |   1|   0|    1|          0|
    |ap_enable_reg_pp0_iter13          |   1|   0|    1|          0|
    |ap_enable_reg_pp0_iter14          |   1|   0|    1|          0|
    |ap_enable_reg_pp0_iter15          |   1|   0|    1|          0|
    |ap_enable_reg_pp0_iter16          |   1|   0|    1|          0|
    |ap_enable_reg_pp0_iter17          |   1|   0|    1|          0|
    |ap_enable_reg_pp0_iter18          |   1|   0|    1|          0|
    |ap_enable_reg_pp0_iter19          |   1|   0|    1|          0|
    |ap_enable_reg_pp0_iter2           |   1|   0|    1|          0|
    |ap_enable_reg_pp0_iter20          |   1|   0|    1|          0|
    |ap_enable_reg_pp0_iter21          |   1|   0|    1|          0|
    |ap_enable_reg_pp0_iter22          |   1|   0|    1|          0|
    |ap_enable_reg_pp0_iter23          |   1|   0|    1|          0|
    |ap_enable_reg_pp0_iter24          |   1|   0|    1|          0|
    |ap_enable_reg_pp0_iter3           |   1|   0|    1|          0|
    |ap_enable_reg_pp0_iter4           |   1|   0|    1|          0|
    |ap_enable_reg_pp0_iter5           |   1|   0|    1|          0|
    |ap_enable_reg_pp0_iter6           |   1|   0|    1|          0|
    |ap_enable_reg_pp0_iter7           |   1|   0|    1|          0|
    |ap_enable_reg_pp0_iter8           |   1|   0|    1|          0|
    |ap_enable_reg_pp0_iter9           |   1|   0|    1|          0|
    |empty_37_reg_721                  |   1|   0|    1|          0|
    |fm_in_buff_V_addr_reg_710         |  12|   0|   12|          0|
    |icmp_ln16_reg_582                 |   1|   0|    1|          0|
    |icmp_ln17_reg_591                 |   1|   0|    1|          0|
    |ii_0_reg_198                      |   5|   0|    5|          0|
    |ii_fsize_reg_677                  |  21|   0|   21|          0|
    |ii_reg_634                        |   5|   0|    5|          0|
    |in_V_addr_read_reg_725            |  16|   0|   16|          0|
    |in_V_addr_reg_715                 |  32|   0|   32|          0|
    |indvar_flatten26_reg_164          |  12|   0|   12|          0|
    |indvar_flatten_reg_176            |  10|   0|   10|          0|
    |jj_0_reg_209                      |   5|   0|    5|          0|
    |mul_ln22_1_reg_694                |  21|   0|   21|          0|
    |nn_0_reg_187                      |   3|   0|    3|          0|
    |nn_reg_617                        |   3|   0|    3|          0|
    |select_ln20_1_reg_622             |   3|   0|    3|          0|
    |select_ln22_2_reg_645             |   5|   0|    5|          0|
    |select_ln22_reg_639               |   5|   0|    5|          0|
    |sext_ln16_reg_571                 |  33|   0|   33|          0|
    |tmp2_reg_554                      |  31|   0|   31|          0|
    |zext_ln10_reg_565                 |  16|   0|   21|          5|
    |zext_ln16_reg_577                 |  31|   0|   34|          3|
    |zext_ln9_2_reg_559                |  16|   0|   19|          3|
    |and_ln20_reg_628                  |  64|  32|    1|          0|
    |fm_in_buff_V_addr_reg_710         |  64|  32|   12|          0|
    |icmp_ln16_reg_582                 |  64|  32|    1|          0|
    |icmp_ln17_reg_591                 |  64|  32|    1|          0|
    |in_V_addr_reg_715                 |  64|  32|   32|          0|
    |select_ln22_2_reg_645             |  64|  32|    5|          0|
    |select_ln22_reg_639               |  64|  32|    5|          0|
    +----------------------------------+----+----+-----+-----------+
    |Total                             |1011| 224|  631|         11|
    +----------------------------------+----+----+-----+-----------+



================================================================
== Interface
================================================================
* Summary: 
+-----------------------+-----+-----+------------+--------------+--------------+
|       RTL Ports       | Dir | Bits|  Protocol  | Source Object|    C Type    |
+-----------------------+-----+-----+------------+--------------+--------------+
|ap_clk                 |  in |    1| ap_ctrl_hs | load_input.2 | return value |
|ap_rst                 |  in |    1| ap_ctrl_hs | load_input.2 | return value |
|ap_start               |  in |    1| ap_ctrl_hs | load_input.2 | return value |
|ap_done                | out |    1| ap_ctrl_hs | load_input.2 | return value |
|ap_idle                | out |    1| ap_ctrl_hs | load_input.2 | return value |
|ap_ready               | out |    1| ap_ctrl_hs | load_input.2 | return value |
|m_axi_in_V_AWVALID     | out |    1|    m_axi   |     in_V     |    pointer   |
|m_axi_in_V_AWREADY     |  in |    1|    m_axi   |     in_V     |    pointer   |
|m_axi_in_V_AWADDR      | out |   32|    m_axi   |     in_V     |    pointer   |
|m_axi_in_V_AWID        | out |    1|    m_axi   |     in_V     |    pointer   |
|m_axi_in_V_AWLEN       | out |   32|    m_axi   |     in_V     |    pointer   |
|m_axi_in_V_AWSIZE      | out |    3|    m_axi   |     in_V     |    pointer   |
|m_axi_in_V_AWBURST     | out |    2|    m_axi   |     in_V     |    pointer   |
|m_axi_in_V_AWLOCK      | out |    2|    m_axi   |     in_V     |    pointer   |
|m_axi_in_V_AWCACHE     | out |    4|    m_axi   |     in_V     |    pointer   |
|m_axi_in_V_AWPROT      | out |    3|    m_axi   |     in_V     |    pointer   |
|m_axi_in_V_AWQOS       | out |    4|    m_axi   |     in_V     |    pointer   |
|m_axi_in_V_AWREGION    | out |    4|    m_axi   |     in_V     |    pointer   |
|m_axi_in_V_AWUSER      | out |    1|    m_axi   |     in_V     |    pointer   |
|m_axi_in_V_WVALID      | out |    1|    m_axi   |     in_V     |    pointer   |
|m_axi_in_V_WREADY      |  in |    1|    m_axi   |     in_V     |    pointer   |
|m_axi_in_V_WDATA       | out |   16|    m_axi   |     in_V     |    pointer   |
|m_axi_in_V_WSTRB       | out |    2|    m_axi   |     in_V     |    pointer   |
|m_axi_in_V_WLAST       | out |    1|    m_axi   |     in_V     |    pointer   |
|m_axi_in_V_WID         | out |    1|    m_axi   |     in_V     |    pointer   |
|m_axi_in_V_WUSER       | out |    1|    m_axi   |     in_V     |    pointer   |
|m_axi_in_V_ARVALID     | out |    1|    m_axi   |     in_V     |    pointer   |
|m_axi_in_V_ARREADY     |  in |    1|    m_axi   |     in_V     |    pointer   |
|m_axi_in_V_ARADDR      | out |   32|    m_axi   |     in_V     |    pointer   |
|m_axi_in_V_ARID        | out |    1|    m_axi   |     in_V     |    pointer   |
|m_axi_in_V_ARLEN       | out |   32|    m_axi   |     in_V     |    pointer   |
|m_axi_in_V_ARSIZE      | out |    3|    m_axi   |     in_V     |    pointer   |
|m_axi_in_V_ARBURST     | out |    2|    m_axi   |     in_V     |    pointer   |
|m_axi_in_V_ARLOCK      | out |    2|    m_axi   |     in_V     |    pointer   |
|m_axi_in_V_ARCACHE     | out |    4|    m_axi   |     in_V     |    pointer   |
|m_axi_in_V_ARPROT      | out |    3|    m_axi   |     in_V     |    pointer   |
|m_axi_in_V_ARQOS       | out |    4|    m_axi   |     in_V     |    pointer   |
|m_axi_in_V_ARREGION    | out |    4|    m_axi   |     in_V     |    pointer   |
|m_axi_in_V_ARUSER      | out |    1|    m_axi   |     in_V     |    pointer   |
|m_axi_in_V_RVALID      |  in |    1|    m_axi   |     in_V     |    pointer   |
|m_axi_in_V_RREADY      | out |    1|    m_axi   |     in_V     |    pointer   |
|m_axi_in_V_RDATA       |  in |   16|    m_axi   |     in_V     |    pointer   |
|m_axi_in_V_RLAST       |  in |    1|    m_axi   |     in_V     |    pointer   |
|m_axi_in_V_RID         |  in |    1|    m_axi   |     in_V     |    pointer   |
|m_axi_in_V_RUSER       |  in |    1|    m_axi   |     in_V     |    pointer   |
|m_axi_in_V_RRESP       |  in |    2|    m_axi   |     in_V     |    pointer   |
|m_axi_in_V_BVALID      |  in |    1|    m_axi   |     in_V     |    pointer   |
|m_axi_in_V_BREADY      | out |    1|    m_axi   |     in_V     |    pointer   |
|m_axi_in_V_BRESP       |  in |    2|    m_axi   |     in_V     |    pointer   |
|m_axi_in_V_BID         |  in |    1|    m_axi   |     in_V     |    pointer   |
|m_axi_in_V_BUSER       |  in |    1|    m_axi   |     in_V     |    pointer   |
|in_V_offset            |  in |   31|   ap_none  |  in_V_offset |    scalar    |
|fm_in_buff_V_address0  | out |   12|  ap_memory | fm_in_buff_V |     array    |
|fm_in_buff_V_ce0       | out |    1|  ap_memory | fm_in_buff_V |     array    |
|fm_in_buff_V_we0       | out |    1|  ap_memory | fm_in_buff_V |     array    |
|fm_in_buff_V_d0        | out |   16|  ap_memory | fm_in_buff_V |     array    |
|n                      |  in |   16|   ap_none  |       n      |    scalar    |
|r                      |  in |   16|   ap_none  |       r      |    scalar    |
|c                      |  in |   16|   ap_none  |       c      |    scalar    |
|fsize                  |  in |   16|   ap_none  |     fsize    |    scalar    |
|size                   |  in |   16|   ap_none  |     size     |    scalar    |
+-----------------------+-----+-----+------------+--------------+--------------+

