

================================================================
== Vivado HLS Report for 'load_bias_1'
================================================================
* Date:           Sun Apr 16 12:49:39 2023

* Version:        2019.2 (Build 2704478 on Wed Nov 06 22:10:23 MST 2019)
* Project:        top
* Solution:       solution1
* Product family: zynq
* Target device:  xc7z020-clg484-1


================================================================
== Performance Estimates
================================================================
+ Timing: 
    * Summary: 
    +--------+---------+----------+------------+
    |  Clock |  Target | Estimated| Uncertainty|
    +--------+---------+----------+------------+
    |ap_clk  | 5.50 ns | 3.254 ns |   0.69 ns  |
    +--------+---------+----------+------------+

+ Latency: 
    * Summary: 
    +---------+---------+----------+----------+-----+-----+---------+
    |  Latency (cycles) |  Latency (absolute) |  Interval | Pipeline|
    |   min   |   max   |    min   |    max   | min | max |   Type  |
    +---------+---------+----------+----------+-----+-----+---------+
    |      172|      172| 0.946 us | 0.946 us |  172|  172|   none  |
    +---------+---------+----------+----------+-----+-----+---------+

    + Detail: 
        * Instance: 
        N/A

        * Loop: 
        +----------+---------+---------+----------+-----------+-----------+------+----------+
        |          |  Latency (cycles) | Iteration|  Initiation Interval  | Trip |          |
        | Loop Name|   min   |   max   |  Latency |  achieved |   target  | Count| Pipelined|
        +----------+---------+---------+----------+-----------+-----------+------+----------+
        |- Loop 1  |      170|      170|         3|          1|          1|   169|    yes   |
        +----------+---------+---------+----------+-----------+-----------+------+----------+



================================================================
== Utilization Estimates
================================================================
* Summary: 
+-----------------+---------+-------+--------+-------+-----+
|       Name      | BRAM_18K| DSP48E|   FF   |  LUT  | URAM|
+-----------------+---------+-------+--------+-------+-----+
|DSP              |        -|      -|       -|      -|    -|
|Expression       |        -|      -|       0|     30|    -|
|FIFO             |        -|      -|       -|      -|    -|
|Instance         |        -|      -|       -|      -|    -|
|Memory           |        -|      -|       -|      -|    -|
|Multiplexer      |        -|      -|       -|     57|    -|
|Register         |        -|      -|     216|      -|    -|
+-----------------+---------+-------+--------+-------+-----+
|Total            |        0|      0|     216|     87|    0|
+-----------------+---------+-------+--------+-------+-----+
|Available        |      280|    220|  106400|  53200|    0|
+-----------------+---------+-------+--------+-------+-----+
|Utilization (%)  |        0|      0|   ~0   |   ~0  |    0|
+-----------------+---------+-------+--------+-------+-----+

+ Detail: 
    * Instance: 
    N/A

    * DSP48E: 
    N/A

    * Memory: 
    N/A

    * FIFO: 
    N/A

    * Expression: 
    +-------------------------+----------+-------+---+----+------------+------------+
    |      Variable Name      | Operation| DSP48E| FF| LUT| Bitwidth P0| Bitwidth P1|
    +-------------------------+----------+-------+---+----+------------+------------+
    |i_fu_314_p2              |     +    |      0|  0|  15|           8|           1|
    |icmp_ln70_fu_308_p2      |   icmp   |      0|  0|  11|           8|           8|
    |ap_enable_pp0            |    xor   |      0|  0|   2|           1|           2|
    |ap_enable_reg_pp0_iter1  |    xor   |      0|  0|   2|           2|           1|
    +-------------------------+----------+-------+---+----+------------+------------+
    |Total                    |          |      0|  0|  30|          19|          12|
    +-------------------------+----------+-------+---+----+------------+------------+

    * Multiplexer: 
    +------------------------------+----+-----------+-----+-----------+
    |             Name             | LUT| Input Size| Bits| Total Bits|
    +------------------------------+----+-----------+-----+-----------+
    |ap_NS_fsm                     |  21|          4|    1|          4|
    |ap_enable_reg_pp0_iter1       |   9|          2|    1|          2|
    |ap_enable_reg_pp0_iter2       |   9|          2|    1|          2|
    |ap_phi_mux_i_0_phi_fu_278_p4  |   9|          2|    8|         16|
    |i_0_reg_274                   |   9|          2|    8|         16|
    +------------------------------+----+-----------+-----+-----------+
    |Total                         |  57|         12|   19|         40|
    +------------------------------+----+-----------+-----+-----------+

    * Register: 
    +---------------------------------+----+----+-----+-----------+
    |               Name              | FF | LUT| Bits| Const Bits|
    +---------------------------------+----+----+-----+-----------+
    |ap_CS_fsm                        |   3|   0|    3|          0|
    |ap_enable_reg_pp0_iter0          |   1|   0|    1|          0|
    |ap_enable_reg_pp0_iter1          |   1|   0|    1|          0|
    |ap_enable_reg_pp0_iter2          |   1|   0|    1|          0|
    |bias_buff_0_V_addr_reg_332       |   7|   0|    7|          0|
    |bias_buff_0_V_load_reg_381       |  16|   0|   16|          0|
    |bias_buff_1_V_addr_reg_337       |   7|   0|    7|          0|
    |bias_buff_1_V_load_reg_386       |  16|   0|   16|          0|
    |bias_buff_2_V_addr_reg_342       |   7|   0|    7|          0|
    |bias_buff_2_V_load_reg_391       |  16|   0|   16|          0|
    |bias_buff_3_V_addr_reg_347       |   7|   0|    7|          0|
    |bias_buff_3_V_load_reg_396       |  16|   0|   16|          0|
    |bias_buff_4_V_addr_reg_352       |   7|   0|    7|          0|
    |bias_buff_4_V_load_reg_401       |  16|   0|   16|          0|
    |bias_buff_5_V_addr_reg_357       |   7|   0|    7|          0|
    |bias_buff_5_V_load_reg_406       |  16|   0|   16|          0|
    |bias_buff_6_V_addr_reg_362       |   7|   0|    7|          0|
    |bias_buff_6_V_load_reg_411       |  16|   0|   16|          0|
    |bias_buff_7_V_addr_reg_367       |   7|   0|    7|          0|
    |bias_buff_7_V_load_reg_416       |  16|   0|   16|          0|
    |i_0_reg_274                      |   8|   0|    8|          0|
    |i_0_reg_274_pp0_iter1_reg        |   8|   0|    8|          0|
    |i_reg_376                        |   8|   0|    8|          0|
    |icmp_ln70_reg_372                |   1|   0|    1|          0|
    |icmp_ln70_reg_372_pp0_iter1_reg  |   1|   0|    1|          0|
    +---------------------------------+----+----+-----+-----------+
    |Total                            | 216|   0|  216|          0|
    +---------------------------------+----+----+-----+-----------+



================================================================
== Interface
================================================================
* Summary: 
+--------------------------+-----+-----+------------+-----------------+--------------+
|         RTL Ports        | Dir | Bits|  Protocol  |  Source Object  |    C Type    |
+--------------------------+-----+-----+------------+-----------------+--------------+
|ap_clk                    |  in |    1| ap_ctrl_hs |   load_bias.1   | return value |
|ap_rst                    |  in |    1| ap_ctrl_hs |   load_bias.1   | return value |
|ap_start                  |  in |    1| ap_ctrl_hs |   load_bias.1   | return value |
|ap_done                   | out |    1| ap_ctrl_hs |   load_bias.1   | return value |
|ap_idle                   | out |    1| ap_ctrl_hs |   load_bias.1   | return value |
|ap_ready                  | out |    1| ap_ctrl_hs |   load_bias.1   | return value |
|fm_out_buff_0_V_address0  | out |    8|  ap_memory | fm_out_buff_0_V |     array    |
|fm_out_buff_0_V_ce0       | out |    1|  ap_memory | fm_out_buff_0_V |     array    |
|fm_out_buff_0_V_we0       | out |    1|  ap_memory | fm_out_buff_0_V |     array    |
|fm_out_buff_0_V_d0        | out |   16|  ap_memory | fm_out_buff_0_V |     array    |
|fm_out_buff_1_V_address0  | out |    8|  ap_memory | fm_out_buff_1_V |     array    |
|fm_out_buff_1_V_ce0       | out |    1|  ap_memory | fm_out_buff_1_V |     array    |
|fm_out_buff_1_V_we0       | out |    1|  ap_memory | fm_out_buff_1_V |     array    |
|fm_out_buff_1_V_d0        | out |   16|  ap_memory | fm_out_buff_1_V |     array    |
|fm_out_buff_2_V_address0  | out |    8|  ap_memory | fm_out_buff_2_V |     array    |
|fm_out_buff_2_V_ce0       | out |    1|  ap_memory | fm_out_buff_2_V |     array    |
|fm_out_buff_2_V_we0       | out |    1|  ap_memory | fm_out_buff_2_V |     array    |
|fm_out_buff_2_V_d0        | out |   16|  ap_memory | fm_out_buff_2_V |     array    |
|fm_out_buff_3_V_address0  | out |    8|  ap_memory | fm_out_buff_3_V |     array    |
|fm_out_buff_3_V_ce0       | out |    1|  ap_memory | fm_out_buff_3_V |     array    |
|fm_out_buff_3_V_we0       | out |    1|  ap_memory | fm_out_buff_3_V |     array    |
|fm_out_buff_3_V_d0        | out |   16|  ap_memory | fm_out_buff_3_V |     array    |
|fm_out_buff_4_V_address0  | out |    8|  ap_memory | fm_out_buff_4_V |     array    |
|fm_out_buff_4_V_ce0       | out |    1|  ap_memory | fm_out_buff_4_V |     array    |
|fm_out_buff_4_V_we0       | out |    1|  ap_memory | fm_out_buff_4_V |     array    |
|fm_out_buff_4_V_d0        | out |   16|  ap_memory | fm_out_buff_4_V |     array    |
|fm_out_buff_5_V_address0  | out |    8|  ap_memory | fm_out_buff_5_V |     array    |
|fm_out_buff_5_V_ce0       | out |    1|  ap_memory | fm_out_buff_5_V |     array    |
|fm_out_buff_5_V_we0       | out |    1|  ap_memory | fm_out_buff_5_V |     array    |
|fm_out_buff_5_V_d0        | out |   16|  ap_memory | fm_out_buff_5_V |     array    |
|fm_out_buff_6_V_address0  | out |    8|  ap_memory | fm_out_buff_6_V |     array    |
|fm_out_buff_6_V_ce0       | out |    1|  ap_memory | fm_out_buff_6_V |     array    |
|fm_out_buff_6_V_we0       | out |    1|  ap_memory | fm_out_buff_6_V |     array    |
|fm_out_buff_6_V_d0        | out |   16|  ap_memory | fm_out_buff_6_V |     array    |
|fm_out_buff_7_V_address0  | out |    8|  ap_memory | fm_out_buff_7_V |     array    |
|fm_out_buff_7_V_ce0       | out |    1|  ap_memory | fm_out_buff_7_V |     array    |
|fm_out_buff_7_V_we0       | out |    1|  ap_memory | fm_out_buff_7_V |     array    |
|fm_out_buff_7_V_d0        | out |   16|  ap_memory | fm_out_buff_7_V |     array    |
|bias_buff_0_V_address0    | out |    7|  ap_memory |  bias_buff_0_V  |     array    |
|bias_buff_0_V_ce0         | out |    1|  ap_memory |  bias_buff_0_V  |     array    |
|bias_buff_0_V_q0          |  in |   16|  ap_memory |  bias_buff_0_V  |     array    |
|bias_buff_1_V_address0    | out |    7|  ap_memory |  bias_buff_1_V  |     array    |
|bias_buff_1_V_ce0         | out |    1|  ap_memory |  bias_buff_1_V  |     array    |
|bias_buff_1_V_q0          |  in |   16|  ap_memory |  bias_buff_1_V  |     array    |
|bias_buff_2_V_address0    | out |    7|  ap_memory |  bias_buff_2_V  |     array    |
|bias_buff_2_V_ce0         | out |    1|  ap_memory |  bias_buff_2_V  |     array    |
|bias_buff_2_V_q0          |  in |   16|  ap_memory |  bias_buff_2_V  |     array    |
|bias_buff_3_V_address0    | out |    7|  ap_memory |  bias_buff_3_V  |     array    |
|bias_buff_3_V_ce0         | out |    1|  ap_memory |  bias_buff_3_V  |     array    |
|bias_buff_3_V_q0          |  in |   16|  ap_memory |  bias_buff_3_V  |     array    |
|bias_buff_4_V_address0    | out |    7|  ap_memory |  bias_buff_4_V  |     array    |
|bias_buff_4_V_ce0         | out |    1|  ap_memory |  bias_buff_4_V  |     array    |
|bias_buff_4_V_q0          |  in |   16|  ap_memory |  bias_buff_4_V  |     array    |
|bias_buff_5_V_address0    | out |    7|  ap_memory |  bias_buff_5_V  |     array    |
|bias_buff_5_V_ce0         | out |    1|  ap_memory |  bias_buff_5_V  |     array    |
|bias_buff_5_V_q0          |  in |   16|  ap_memory |  bias_buff_5_V  |     array    |
|bias_buff_6_V_address0    | out |    7|  ap_memory |  bias_buff_6_V  |     array    |
|bias_buff_6_V_ce0         | out |    1|  ap_memory |  bias_buff_6_V  |     array    |
|bias_buff_6_V_q0          |  in |   16|  ap_memory |  bias_buff_6_V  |     array    |
|bias_buff_7_V_address0    | out |    7|  ap_memory |  bias_buff_7_V  |     array    |
|bias_buff_7_V_ce0         | out |    1|  ap_memory |  bias_buff_7_V  |     array    |
|bias_buff_7_V_q0          |  in |   16|  ap_memory |  bias_buff_7_V  |     array    |
|m                         |  in |   16|   ap_none  |        m        |    scalar    |
+--------------------------+-----+-----+------------+-----------------+--------------+

